<html>
<head>
<title>TestNG:  Default test</title>
<link href="../testng.css" rel="stylesheet" type="text/css" />
<link href="../my-testng.css" rel="stylesheet" type="text/css" />

<style type="text/css">
.log { display: none;} 
.stack-trace { display: none;} 
</style>
<script type="text/javascript">
<!--
function flip(e) {
  current = e.style.display;
  if (current == 'block') {
    e.style.display = 'none';
    return 0;
  }
  else {
    e.style.display = 'block';
    return 1;
  }
}

function toggleBox(szDivId, elem, msg1, msg2)
{
  var res = -1;  if (document.getElementById) {
    res = flip(document.getElementById(szDivId));
  }
  else if (document.all) {
    // this is the way old msie versions work
    res = flip(document.all[szDivId]);
  }
  if(elem) {
    if(res == 0) elem.innerHTML = msg1; else elem.innerHTML = msg2;
  }

}

function toggleAllBoxes() {
  if (document.getElementsByTagName) {
    d = document.getElementsByTagName('div');
    for (i = 0; i < d.length; i++) {
      if (d[i].className == 'log') {
        flip(d[i]);
      }
    }
  }
}

// -->
</script>

</head>
<body>
<h2 align='center'>Default test</h2><table border='1' align="center">
<tr>
<td>Tests passed/Failed/Skipped:</td><td>12/0/2</td>
</tr><tr>
<td>Started on:</td><td>Mon May 27 13:47:27 IST 2024</td>
</tr>
<tr><td>Total time:</td><td>918 seconds (918699 ms)</td>
</tr><tr>
<td>Included groups:</td><td></td>
</tr><tr>
<td>Excluded groups:</td><td></td>
</tr>
</table><p/>
<small><i>(Hover the method name to see the test class name)</i></small><p/>
<table width='100%' border='1' class='invocation-passed'>
<tr><td colspan='4' align='center'><b>PASSED TESTS</b></td></tr>
<tr><td><b>Test method</b></td>
<td width="30%"><b>Exception</b></td>
<td width="10%"><b>Time (seconds)</b></td>
<td><b>Instance</b></td>
</tr>
<tr>
<td title='prescribed_Event_Test.PrescribedEvent_A218.Approval_By_WashingtonSecondSponsorA218()'><b>Approval_By_WashingtonSecondSponsorA218</b><br>Test class: prescribed_Event_Test.PrescribedEvent_A218<br/>
<a href="#Output-1875304119" onClick='toggleBox("Output-1875304119", this, "Show output", "Hide output");'>Show output</a>

<a href="#Output-1875304119" onClick="toggleAllBoxes();">Show all outputs</a>
<div class='log' id="Output-1875304119">
Chrome launched<br/>
Navigated to BaseUrl: https://www.qa-wci-auction.org<br/>
</div>
</td>
<td></td>
<td>43</td>
<td>prescribed_Event_Test.PrescribedEvent_A218@1da2cb77</td></tr>
<tr>
<td title='prescribed_Event_Test.PrescribedEvent_A218.Approval_By_WashingtonSponsor2_For_Edit_BiddingWindow_CloseTime()'><b>Approval_By_WashingtonSponsor2_For_Edit_BiddingWindow_CloseTime</b><br>Test class: prescribed_Event_Test.PrescribedEvent_A218<br/>
<a href="#Output-476583777" onClick='toggleBox("Output-476583777", this, "Show output", "Hide output");'>Show output</a>

<a href="#Output-476583777" onClick="toggleAllBoxes();">Show all outputs</a>
<div class='log' id="Output-476583777">
Chrome launched<br/>
Navigated to BaseUrl: https://www.qa-wci-auction.org<br/>
</div>
</td>
<td></td>
<td>48</td>
<td>prescribed_Event_Test.PrescribedEvent_A218@1da2cb77</td></tr>
<tr>
<td title='prescribed_Event_Test.PrescribedEvent_A218.Closing_Bidding_Window()'><b>Closing_Bidding_Window</b><br>Test class: prescribed_Event_Test.PrescribedEvent_A218<br/>
<a href="#Output-46092193" onClick='toggleBox("Output-46092193", this, "Show output", "Hide output");'>Show output</a>

<a href="#Output-46092193" onClick="toggleAllBoxes();">Show all outputs</a>
<div class='log' id="Output-46092193">
Chrome launched<br/>
Navigated to BaseUrl: https://www.qa-wci-auction.org<br/>
</div>
</td>
<td></td>
<td>99</td>
<td>prescribed_Event_Test.PrescribedEvent_A218@1da2cb77</td></tr>
<tr>
<td title='prescribed_Event_Test.PrescribedEvent_A218.CreateNewEvent_A218()'><b>CreateNewEvent_A218</b><br>Test class: prescribed_Event_Test.PrescribedEvent_A218<br/>
<a href="#Output-2090991873" onClick='toggleBox("Output-2090991873", this, "Show output", "Hide output");'>Show output</a>

<a href="#Output-2090991873" onClick="toggleAllBoxes();">Show all outputs</a>
<div class='log' id="Output-2090991873">
Chrome launched<br/>
Navigated to BaseUrl: https://www.qa-wci-auction.org<br/>
</div>
</td>
<td></td>
<td>66</td>
<td>prescribed_Event_Test.PrescribedEvent_A218@1da2cb77</td></tr>
<tr>
<td title='prescribed_Event_Test.PrescribedEvent_A218.EventCertification_WashingtonFirstSponsor()'><b>EventCertification_WashingtonFirstSponsor</b><br>Test class: prescribed_Event_Test.PrescribedEvent_A218<br/>
<a href="#Output-1143034321" onClick='toggleBox("Output-1143034321", this, "Show output", "Hide output");'>Show output</a>

<a href="#Output-1143034321" onClick="toggleAllBoxes();">Show all outputs</a>
<div class='log' id="Output-1143034321">
Chrome launched<br/>
Navigated to BaseUrl: https://www.qa-wci-auction.org<br/>
</div>
</td>
<td></td>
<td>37</td>
<td>prescribed_Event_Test.PrescribedEvent_A218@1da2cb77</td></tr>
<tr>
<td title='prescribed_Event_Test.PrescribedEvent_A218.EventCertification_WashingtonSecondSponsor()'><b>EventCertification_WashingtonSecondSponsor</b><br>Test class: prescribed_Event_Test.PrescribedEvent_A218<br/>
<a href="#Output-1000347057" onClick='toggleBox("Output-1000347057", this, "Show output", "Hide output");'>Show output</a>

<a href="#Output-1000347057" onClick="toggleAllBoxes();">Show all outputs</a>
<div class='log' id="Output-1000347057">
Chrome launched<br/>
Navigated to BaseUrl: https://www.qa-wci-auction.org<br/>
</div>
</td>
<td></td>
<td>29</td>
<td>prescribed_Event_Test.PrescribedEvent_A218@1da2cb77</td></tr>
<tr>
<td title='prescribed_Event_Test.PrescribedEvent_A218.Execute_API()'><b>Execute_API</b><br>Test class: prescribed_Event_Test.PrescribedEvent_A218<br/>
<a href="#Output-293108580" onClick='toggleBox("Output-293108580", this, "Show output", "Hide output");'>Show output</a>

<a href="#Output-293108580" onClick="toggleAllBoxes();">Show all outputs</a>
<div class='log' id="Output-293108580">
Chrome launched<br/>
Navigated to BaseUrl: https://www.qa-wci-auction.org<br/>
</div>
</td>
<td></td>
<td>60</td>
<td>prescribed_Event_Test.PrescribedEvent_A218@1da2cb77</td></tr>
<tr>
<td title='prescribed_Event_Test.PrescribedEvent_A218.Placing_Bids_FirstEntity_A218()'><b>Placing_Bids_FirstEntity_A218</b><br>Test class: prescribed_Event_Test.PrescribedEvent_A218<br/>
<a href="#Output-560165559" onClick='toggleBox("Output-560165559", this, "Show output", "Hide output");'>Show output</a>

<a href="#Output-560165559" onClick="toggleAllBoxes();">Show all outputs</a>
<div class='log' id="Output-560165559">
Chrome launched<br/>
Navigated to BaseUrl: https://www.qa-wci-auction.org<br/>
</div>
</td>
<td></td>
<td>119</td>
<td>prescribed_Event_Test.PrescribedEvent_A218@1da2cb77</td></tr>
<tr>
<td title='prescribed_Event_Test.PrescribedEvent_A218.Placing_Bids_SecondEntity_A218()'><b>Placing_Bids_SecondEntity_A218</b><br>Test class: prescribed_Event_Test.PrescribedEvent_A218<br/>
<a href="#Output-1474607212" onClick='toggleBox("Output-1474607212", this, "Show output", "Hide output");'>Show output</a>

<a href="#Output-1474607212" onClick="toggleAllBoxes();">Show all outputs</a>
<div class='log' id="Output-1474607212">
Chrome launched<br/>
Navigated to BaseUrl: https://www.qa-wci-auction.org<br/>
</div>
</td>
<td></td>
<td>95</td>
<td>prescribed_Event_Test.PrescribedEvent_A218@1da2cb77</td></tr>
<tr>
<td title='prescribed_Event_Test.PrescribedEvent_A218.Placing_Bids_ThirdEntity_A218()'><b>Placing_Bids_ThirdEntity_A218</b><br>Test class: prescribed_Event_Test.PrescribedEvent_A218<br/>
<a href="#Output-45681857" onClick='toggleBox("Output-45681857", this, "Show output", "Hide output");'>Show output</a>

<a href="#Output-45681857" onClick="toggleAllBoxes();">Show all outputs</a>
<div class='log' id="Output-45681857">
Chrome launched<br/>
Navigated to BaseUrl: https://www.qa-wci-auction.org<br/>
</div>
</td>
<td></td>
<td>92</td>
<td>prescribed_Event_Test.PrescribedEvent_A218@1da2cb77</td></tr>
<tr>
<td title='prescribed_Event_Test.PrescribedEvent_A218.Run_Algorithm_WashingtonFirstSponsor()'><b>Run_Algorithm_WashingtonFirstSponsor</b><br>Test class: prescribed_Event_Test.PrescribedEvent_A218<br/>
<a href="#Output-1340714491" onClick='toggleBox("Output-1340714491", this, "Show output", "Hide output");'>Show output</a>

<a href="#Output-1340714491" onClick="toggleAllBoxes();">Show all outputs</a>
<div class='log' id="Output-1340714491">
Chrome launched<br/>
Navigated to BaseUrl: https://www.qa-wci-auction.org<br/>
</div>
</td>
<td></td>
<td>42</td>
<td>prescribed_Event_Test.PrescribedEvent_A218@1da2cb77</td></tr>
<tr>
<td title='prescribed_Event_Test.PrescribedEvent_A218.Run_Algorithm_WashingtonSecondSponsor()'><b>Run_Algorithm_WashingtonSecondSponsor</b><br>Test class: prescribed_Event_Test.PrescribedEvent_A218<br/>
<a href="#Output-1011254112" onClick='toggleBox("Output-1011254112", this, "Show output", "Hide output");'>Show output</a>

<a href="#Output-1011254112" onClick="toggleAllBoxes();">Show all outputs</a>
<div class='log' id="Output-1011254112">
Chrome launched<br/>
Navigated to BaseUrl: https://www.qa-wci-auction.org<br/>
</div>
</td>
<td></td>
<td>40</td>
<td>prescribed_Event_Test.PrescribedEvent_A218@1da2cb77</td></tr>
</table><p>
<table width='100%' border='1' class='invocation-skipped'>
<tr><td colspan='4' align='center'><b>SKIPPED TESTS</b></td></tr>
<tr><td><b>Test method</b></td>
<td width="30%"><b>Exception</b></td>
<td width="10%"><b>Time (seconds)</b></td>
<td><b>Instance</b></td>
</tr>
<tr>
<td title='prescribed_Event_Test.PrescribedEvent_A218.Execute_API()'><b>Execute_API</b><br>Test class: prescribed_Event_Test.PrescribedEvent_A218<br/>
<a href="#Output-25916650" onClick='toggleBox("Output-25916650", this, "Show output", "Hide output");'>Show output</a>

<a href="#Output-25916650" onClick="toggleAllBoxes();">Show all outputs</a>
<div class='log' id="Output-25916650">
Chrome launched<br/>
Navigated to BaseUrl: https://www.qa-wci-auction.org<br/>
</div>
</td>
<td><div><pre>org.openqa.selenium.ElementClickInterceptedException: element click intercepted: Element &lt;span class=&quot;MuiButton-label&quot;&gt;...&lt;/span&gt; is not clickable at point (1423, 194). Other element would receive the click: &lt;td class=&quot;MuiTableCell-root MuiTableCell-body&quot;&gt;...&lt;/td&gt;
  (Session info: chrome=125.0.6422.112)
Build info: version: &apos;4.18.1&apos;, revision: &apos;b1d3319b48&apos;
System info: os.name: &apos;Windows 11&apos;, os.arch: &apos;amd64&apos;, os.version: &apos;10.0&apos;, java.version: &apos;20.0.1&apos;
Driver info: org.openqa.selenium.chrome.ChromeDriver
Command: [6ecb32e874e3ec31f260e068fe3ca89c, clickElement {id=f.B038B86F9A2510EAE1C381ECF2211689.d.7734E117CF933ADA53274720B8261C94.e.165}]
Capabilities {acceptInsecureCerts: false, browserName: chrome, browserVersion: 125.0.6422.112, chrome: {chromedriverVersion: 125.0.6422.78 (14db42ec38ad..., userDataDir: C:\Users\ROHITV~1\AppData\L...}, fedcm:accounts: true, goog:chromeOptions: {debuggerAddress: localhost:59881}, networkConnectionEnabled: false, pageLoadStrategy: normal, platformName: windows, proxy: Proxy(), se:cdp: ws://localhost:59881/devtoo..., se:cdpVersion: 125.0.6422.112, setWindowRect: true, strictFileInteractability: false, timeouts: {implicit: 0, pageLoad: 300000, script: 30000}, unhandledPromptBehavior: dismiss and notify, webauthn:extension:credBlob: true, webauthn:extension:largeBlob: true, webauthn:extension:minPinLength: true, webauthn:extension:prf: true, webauthn:virtualAuthenticators: true}
Element: [[ChromeDriver: chrome on windows (6ecb32e874e3ec31f260e068fe3ca89c)] -&gt; xpath: (//*[text()=&apos;Execute&apos;])[3]]
Session ID: 6ecb32e874e3ec31f260e068fe3ca89c
	at java.base/jdk.internal.reflect.DirectConstructorHandleAccessor.newInstance(DirectConstructorHandleAccessor.java:67)
	at java.base/java.lang.reflect.Constructor.newInstanceWithCaller(Constructor.java:500)
	at java.base/java.lang.reflect.Constructor.newInstance(Constructor.java:484)
	at org.openqa.selenium.remote.ErrorCodec.decode(ErrorCodec.java:167)
	at org.openqa.selenium.remote.codec.w3c.W3CHttpResponseCodec.decode(W3CHttpResponseCodec.java:138)
	at org.openqa.selenium.remote.codec.w3c.W3CHttpResponseCodec.decode(W3CHttpResponseCodec.java:50)
	at org.openqa.selenium.remote.HttpCommandExecutor.execute(HttpCommandExecutor.java:190)
	at org.openqa.selenium.remote.service.DriverCommandExecutor.invokeExecute(DriverCommandExecutor.java:216)
	at org.openqa.selenium.remote.service.DriverCommandExecutor.execute(DriverCommandExecutor.java:174)
	at org.openqa.selenium.remote.RemoteWebDriver.execute(RemoteWebDriver.java:519)
	at org.openqa.selenium.remote.RemoteWebElement.execute(RemoteWebElement.java:223)
	at org.openqa.selenium.remote.RemoteWebElement.click(RemoteWebElement.java:76)
	at java.base/jdk.internal.reflect.DirectMethodHandleAccessor.invoke(DirectMethodHandleAccessor.java:104)
	at java.base/java.lang.reflect.Method.invoke(Method.java:578)
	at org.openqa.selenium.support.pagefactory.internal.LocatingElementHandler.invoke(LocatingElementHandler.java:51)
	at jdk.proxy2/jdk.proxy2.$Proxy13.click(Unknown Source)
	at pageObjects.com_pomClassForJointAuctionTieBreaker.executeAPIGetBidLimitations(com_pomClassForJointAuctionTieBreaker.java:8559)
	at prescribed_Event_Test.PrescribedEvent_A218.Execute_API(PrescribedEvent_A218.java:67)
	at java.base/jdk.internal.reflect.DirectMethodHandleAccessor.invoke(DirectMethodHandleAccessor.java:104)
	at java.base/java.lang.reflect.Method.invoke(Method.java:578)
	at org.testng.internal.MethodInvocationHelper.invokeMethod(MethodInvocationHelper.java:132)
	at org.testng.internal.TestInvoker.invokeMethod(TestInvoker.java:599)
	at org.testng.internal.TestInvoker.invokeTestMethod(TestInvoker.java:174)
	at org.testng.internal.MethodRunner.runInSequence(MethodRunner.java:46)
	at org.testng.internal.TestInvoker$MethodInvocationAgent.invoke(TestInvoker.java:822)
	at org.testng.internal.TestInvoker.invokeTestMethods(TestInvoker.java:147)
	at org.testng.internal.TestMethodWorker.invokeTestMethods(TestMethodWorker.java:146)
	at org.testng.internal.TestMethodWorker.run(TestMethodWorker.java:128)
	at java.base/java.util.ArrayList.forEach(ArrayList.java:1511)
	at org.testng.TestRunner.privateRun(TestRunner.java:764)
	at org.testng.TestRunner.run(TestRunner.java:585)
	at org.testng.SuiteRunner.runTest(SuiteRunner.java:384)
	at org.testng.SuiteRunner.runSequentially(SuiteRunner.java:378)
	at org.testng.SuiteRunner.privateRun(SuiteRunner.java:337)
	at org.testng.SuiteRunner.run(SuiteRunner.java:286)
	at org.testng.SuiteRunnerWorker.runSuite(SuiteRunnerWorker.java:53)
	at org.testng.SuiteRunnerWorker.run(SuiteRunnerWorker.java:96)
	at org.testng.TestNG.runSuitesSequentially(TestNG.java:1218)
	at org.testng.TestNG.runSuitesLocally(TestNG.java:1140)
	at org.testng.TestNG.runSuites(TestNG.java:1069)
	at org.testng.TestNG.run(TestNG.java:1037)
	at org.testng.remote.AbstractRemoteTestNG.run(AbstractRemoteTestNG.java:115)
	at org.testng.remote.RemoteTestNG.initAndRun(RemoteTestNG.java:251)
	at org.testng.remote.RemoteTestNG.main(RemoteTestNG.java:77)
</pre></div><a href='#' onClick='toggleBox("stack-trace25916650", this, "Click to show all stack frames", "Click to hide stack frames")'>Click to show all stack frames</a>
<div class='stack-trace' id='stack-trace25916650'><pre>org.openqa.selenium.ElementClickInterceptedException: element click intercepted: Element &lt;span class=&quot;MuiButton-label&quot;&gt;...&lt;/span&gt; is not clickable at point (1423, 194). Other element would receive the click: &lt;td class=&quot;MuiTableCell-root MuiTableCell-body&quot;&gt;...&lt;/td&gt;
  (Session info: chrome=125.0.6422.112)
Build info: version: &apos;4.18.1&apos;, revision: &apos;b1d3319b48&apos;
System info: os.name: &apos;Windows 11&apos;, os.arch: &apos;amd64&apos;, os.version: &apos;10.0&apos;, java.version: &apos;20.0.1&apos;
Driver info: org.openqa.selenium.chrome.ChromeDriver
Command: [6ecb32e874e3ec31f260e068fe3ca89c, clickElement {id=f.B038B86F9A2510EAE1C381ECF2211689.d.7734E117CF933ADA53274720B8261C94.e.165}]
Capabilities {acceptInsecureCerts: false, browserName: chrome, browserVersion: 125.0.6422.112, chrome: {chromedriverVersion: 125.0.6422.78 (14db42ec38ad..., userDataDir: C:\Users\ROHITV~1\AppData\L...}, fedcm:accounts: true, goog:chromeOptions: {debuggerAddress: localhost:59881}, networkConnectionEnabled: false, pageLoadStrategy: normal, platformName: windows, proxy: Proxy(), se:cdp: ws://localhost:59881/devtoo..., se:cdpVersion: 125.0.6422.112, setWindowRect: true, strictFileInteractability: false, timeouts: {implicit: 0, pageLoad: 300000, script: 30000}, unhandledPromptBehavior: dismiss and notify, webauthn:extension:credBlob: true, webauthn:extension:largeBlob: true, webauthn:extension:minPinLength: true, webauthn:extension:prf: true, webauthn:virtualAuthenticators: true}
Element: [[ChromeDriver: chrome on windows (6ecb32e874e3ec31f260e068fe3ca89c)] -&gt; xpath: (//*[text()=&apos;Execute&apos;])[3]]
Session ID: 6ecb32e874e3ec31f260e068fe3ca89c
	at java.base/jdk.internal.reflect.DirectConstructorHandleAccessor.newInstance(DirectConstructorHandleAccessor.java:67)
	at java.base/java.lang.reflect.Constructor.newInstanceWithCaller(Constructor.java:500)
	at java.base/java.lang.reflect.Constructor.newInstance(Constructor.java:484)
	at org.openqa.selenium.remote.ErrorCodec.decode(ErrorCodec.java:167)
	at org.openqa.selenium.remote.codec.w3c.W3CHttpResponseCodec.decode(W3CHttpResponseCodec.java:138)
	at org.openqa.selenium.remote.codec.w3c.W3CHttpResponseCodec.decode(W3CHttpResponseCodec.java:50)
	at org.openqa.selenium.remote.HttpCommandExecutor.execute(HttpCommandExecutor.java:190)
	at org.openqa.selenium.remote.service.DriverCommandExecutor.invokeExecute(DriverCommandExecutor.java:216)
	at org.openqa.selenium.remote.service.DriverCommandExecutor.execute(DriverCommandExecutor.java:174)
	at org.openqa.selenium.remote.RemoteWebDriver.execute(RemoteWebDriver.java:519)
	at org.openqa.selenium.remote.RemoteWebElement.execute(RemoteWebElement.java:223)
	at org.openqa.selenium.remote.RemoteWebElement.click(RemoteWebElement.java:76)
	at java.base/jdk.internal.reflect.DirectMethodHandleAccessor.invoke(DirectMethodHandleAccessor.java:104)
	at java.base/java.lang.reflect.Method.invoke(Method.java:578)
	at org.openqa.selenium.support.pagefactory.internal.LocatingElementHandler.invoke(LocatingElementHandler.java:51)
	at jdk.proxy2/jdk.proxy2.$Proxy13.click(Unknown Source)
	at pageObjects.com_pomClassForJointAuctionTieBreaker.executeAPIGetBidLimitations(com_pomClassForJointAuctionTieBreaker.java:8559)
	at prescribed_Event_Test.PrescribedEvent_A218.Execute_API(PrescribedEvent_A218.java:67)
	at java.base/jdk.internal.reflect.DirectMethodHandleAccessor.invoke(DirectMethodHandleAccessor.java:104)
	at java.base/java.lang.reflect.Method.invoke(Method.java:578)
	at org.testng.internal.MethodInvocationHelper.invokeMethod(MethodInvocationHelper.java:132)
	at org.testng.internal.TestInvoker.invokeMethod(TestInvoker.java:599)
	at org.testng.internal.TestInvoker.invokeTestMethod(TestInvoker.java:174)
	at org.testng.internal.MethodRunner.runInSequence(MethodRunner.java:46)
	at org.testng.internal.TestInvoker$MethodInvocationAgent.invoke(TestInvoker.java:822)
	at org.testng.internal.TestInvoker.invokeTestMethods(TestInvoker.java:147)
	at org.testng.internal.TestMethodWorker.invokeTestMethods(TestMethodWorker.java:146)
	at org.testng.internal.TestMethodWorker.run(TestMethodWorker.java:128)
	at java.base/java.util.ArrayList.forEach(ArrayList.java:1511)
	at org.testng.TestRunner.privateRun(TestRunner.java:764)
	at org.testng.TestRunner.run(TestRunner.java:585)
	at org.testng.SuiteRunner.runTest(SuiteRunner.java:384)
	at org.testng.SuiteRunner.runSequentially(SuiteRunner.java:378)
	at org.testng.SuiteRunner.privateRun(SuiteRunner.java:337)
	at org.testng.SuiteRunner.run(SuiteRunner.java:286)
	at org.testng.SuiteRunnerWorker.runSuite(SuiteRunnerWorker.java:53)
	at org.testng.SuiteRunnerWorker.run(SuiteRunnerWorker.java:96)
	at org.testng.TestNG.runSuitesSequentially(TestNG.java:1218)
	at org.testng.TestNG.runSuitesLocally(TestNG.java:1140)
	at org.testng.TestNG.runSuites(TestNG.java:1069)
	at org.testng.TestNG.run(TestNG.java:1037)
	at org.testng.remote.AbstractRemoteTestNG.run(AbstractRemoteTestNG.java:115)
	at org.testng.remote.RemoteTestNG.initAndRun(RemoteTestNG.java:251)
	at org.testng.remote.RemoteTestNG.main(RemoteTestNG.java:77)
</pre></div></td>
<td>44</td>
<td>prescribed_Event_Test.PrescribedEvent_A218@1da2cb77</td></tr>
<tr>
<td title='prescribed_Event_Test.PrescribedEvent_A218.Placing_Bids_ThirdEntity_A218()'><b>Placing_Bids_ThirdEntity_A218</b><br>Test class: prescribed_Event_Test.PrescribedEvent_A218<br/>
<a href="#Output-1708650148" onClick='toggleBox("Output-1708650148", this, "Show output", "Hide output");'>Show output</a>

<a href="#Output-1708650148" onClick="toggleAllBoxes();">Show all outputs</a>
<div class='log' id="Output-1708650148">
Chrome launched<br/>
Navigated to BaseUrl: https://www.qa-wci-auction.org<br/>
</div>
</td>
<td><div><pre>org.openqa.selenium.ElementClickInterceptedException: element click intercepted: Element &lt;span class=&quot;MuiButton-label&quot;&gt;...&lt;/span&gt; is not clickable at point (1025, 356). Other element would receive the click: &lt;div class=&quot;MuiGrid-root MuiGrid-item&quot;&gt;...&lt;/div&gt;
  (Session info: chrome=125.0.6422.112)
Build info: version: &apos;4.18.1&apos;, revision: &apos;b1d3319b48&apos;
System info: os.name: &apos;Windows 11&apos;, os.arch: &apos;amd64&apos;, os.version: &apos;10.0&apos;, java.version: &apos;20.0.1&apos;
Driver info: org.openqa.selenium.chrome.ChromeDriver
Command: [bcec5a94cc545fee343b6951629021e5, clickElement {id=f.3E9527D8385D5A607313C9E43193FDBA.d.D6C39B5A1EE4B3BA625561887CCCC512.e.203}]
Capabilities {acceptInsecureCerts: false, browserName: chrome, browserVersion: 125.0.6422.112, chrome: {chromedriverVersion: 125.0.6422.78 (14db42ec38ad..., userDataDir: C:\Users\ROHITV~1\AppData\L...}, fedcm:accounts: true, goog:chromeOptions: {debuggerAddress: localhost:60242}, networkConnectionEnabled: false, pageLoadStrategy: normal, platformName: windows, proxy: Proxy(), se:cdp: ws://localhost:60242/devtoo..., se:cdpVersion: 125.0.6422.112, setWindowRect: true, strictFileInteractability: false, timeouts: {implicit: 0, pageLoad: 300000, script: 30000}, unhandledPromptBehavior: dismiss and notify, webauthn:extension:credBlob: true, webauthn:extension:largeBlob: true, webauthn:extension:minPinLength: true, webauthn:extension:prf: true, webauthn:virtualAuthenticators: true}
Element: [[ChromeDriver: chrome on windows (bcec5a94cc545fee343b6951629021e5)] -&gt; xpath: //*[text()=&apos;ADD BID&apos;]]
Session ID: bcec5a94cc545fee343b6951629021e5
	at java.base/jdk.internal.reflect.DirectConstructorHandleAccessor.newInstance(DirectConstructorHandleAccessor.java:67)
	at java.base/java.lang.reflect.Constructor.newInstanceWithCaller(Constructor.java:500)
	at java.base/java.lang.reflect.Constructor.newInstance(Constructor.java:484)
	at org.openqa.selenium.remote.ErrorCodec.decode(ErrorCodec.java:167)
	at org.openqa.selenium.remote.codec.w3c.W3CHttpResponseCodec.decode(W3CHttpResponseCodec.java:138)
	at org.openqa.selenium.remote.codec.w3c.W3CHttpResponseCodec.decode(W3CHttpResponseCodec.java:50)
	at org.openqa.selenium.remote.HttpCommandExecutor.execute(HttpCommandExecutor.java:190)
	at org.openqa.selenium.remote.service.DriverCommandExecutor.invokeExecute(DriverCommandExecutor.java:216)
	at org.openqa.selenium.remote.service.DriverCommandExecutor.execute(DriverCommandExecutor.java:174)
	at org.openqa.selenium.remote.RemoteWebDriver.execute(RemoteWebDriver.java:519)
	at org.openqa.selenium.remote.RemoteWebElement.execute(RemoteWebElement.java:223)
	at org.openqa.selenium.remote.RemoteWebElement.click(RemoteWebElement.java:76)
	at java.base/jdk.internal.reflect.DirectMethodHandleAccessor.invoke(DirectMethodHandleAccessor.java:104)
	at java.base/java.lang.reflect.Method.invoke(Method.java:578)
	at org.openqa.selenium.support.pagefactory.internal.LocatingElementHandler.invoke(LocatingElementHandler.java:51)
	at jdk.proxy2/jdk.proxy2.$Proxy13.click(Unknown Source)
	at pageObjects.com_pomClassForJointAuctionTieBreaker.BiddingByARforTestData6_PEWa(com_pomClassForJointAuctionTieBreaker.java:12628)
	at prescribed_Event_Test.PrescribedEvent_A218.Placing_Bids_ThirdEntity_A218(PrescribedEvent_A218.java:114)
	at java.base/jdk.internal.reflect.DirectMethodHandleAccessor.invoke(DirectMethodHandleAccessor.java:104)
	at java.base/java.lang.reflect.Method.invoke(Method.java:578)
	at org.testng.internal.MethodInvocationHelper.invokeMethod(MethodInvocationHelper.java:132)
	at org.testng.internal.TestInvoker.invokeMethod(TestInvoker.java:599)
	at org.testng.internal.TestInvoker.invokeTestMethod(TestInvoker.java:174)
	at org.testng.internal.MethodRunner.runInSequence(MethodRunner.java:46)
	at org.testng.internal.TestInvoker$MethodInvocationAgent.invoke(TestInvoker.java:822)
	at org.testng.internal.TestInvoker.invokeTestMethods(TestInvoker.java:147)
	at org.testng.internal.TestMethodWorker.invokeTestMethods(TestMethodWorker.java:146)
	at org.testng.internal.TestMethodWorker.run(TestMethodWorker.java:128)
	at java.base/java.util.ArrayList.forEach(ArrayList.java:1511)
	at org.testng.TestRunner.privateRun(TestRunner.java:764)
	at org.testng.TestRunner.run(TestRunner.java:585)
	at org.testng.SuiteRunner.runTest(SuiteRunner.java:384)
	at org.testng.SuiteRunner.runSequentially(SuiteRunner.java:378)
	at org.testng.SuiteRunner.privateRun(SuiteRunner.java:337)
	at org.testng.SuiteRunner.run(SuiteRunner.java:286)
	at org.testng.SuiteRunnerWorker.runSuite(SuiteRunnerWorker.java:53)
	at org.testng.SuiteRunnerWorker.run(SuiteRunnerWorker.java:96)
	at org.testng.TestNG.runSuitesSequentially(TestNG.java:1218)
	at org.testng.TestNG.runSuitesLocally(TestNG.java:1140)
	at org.testng.TestNG.runSuites(TestNG.java:1069)
	at org.testng.TestNG.run(TestNG.java:1037)
	at org.testng.remote.AbstractRemoteTestNG.run(AbstractRemoteTestNG.java:115)
	at org.testng.remote.RemoteTestNG.initAndRun(RemoteTestNG.java:251)
	at org.testng.remote.RemoteTestNG.main(RemoteTestNG.java:77)
</pre></div><a href='#' onClick='toggleBox("stack-trace1708650148", this, "Click to show all stack frames", "Click to hide stack frames")'>Click to show all stack frames</a>
<div class='stack-trace' id='stack-trace1708650148'><pre>org.openqa.selenium.ElementClickInterceptedException: element click intercepted: Element &lt;span class=&quot;MuiButton-label&quot;&gt;...&lt;/span&gt; is not clickable at point (1025, 356). Other element would receive the click: &lt;div class=&quot;MuiGrid-root MuiGrid-item&quot;&gt;...&lt;/div&gt;
  (Session info: chrome=125.0.6422.112)
Build info: version: &apos;4.18.1&apos;, revision: &apos;b1d3319b48&apos;
System info: os.name: &apos;Windows 11&apos;, os.arch: &apos;amd64&apos;, os.version: &apos;10.0&apos;, java.version: &apos;20.0.1&apos;
Driver info: org.openqa.selenium.chrome.ChromeDriver
Command: [bcec5a94cc545fee343b6951629021e5, clickElement {id=f.3E9527D8385D5A607313C9E43193FDBA.d.D6C39B5A1EE4B3BA625561887CCCC512.e.203}]
Capabilities {acceptInsecureCerts: false, browserName: chrome, browserVersion: 125.0.6422.112, chrome: {chromedriverVersion: 125.0.6422.78 (14db42ec38ad..., userDataDir: C:\Users\ROHITV~1\AppData\L...}, fedcm:accounts: true, goog:chromeOptions: {debuggerAddress: localhost:60242}, networkConnectionEnabled: false, pageLoadStrategy: normal, platformName: windows, proxy: Proxy(), se:cdp: ws://localhost:60242/devtoo..., se:cdpVersion: 125.0.6422.112, setWindowRect: true, strictFileInteractability: false, timeouts: {implicit: 0, pageLoad: 300000, script: 30000}, unhandledPromptBehavior: dismiss and notify, webauthn:extension:credBlob: true, webauthn:extension:largeBlob: true, webauthn:extension:minPinLength: true, webauthn:extension:prf: true, webauthn:virtualAuthenticators: true}
Element: [[ChromeDriver: chrome on windows (bcec5a94cc545fee343b6951629021e5)] -&gt; xpath: //*[text()=&apos;ADD BID&apos;]]
Session ID: bcec5a94cc545fee343b6951629021e5
	at java.base/jdk.internal.reflect.DirectConstructorHandleAccessor.newInstance(DirectConstructorHandleAccessor.java:67)
	at java.base/java.lang.reflect.Constructor.newInstanceWithCaller(Constructor.java:500)
	at java.base/java.lang.reflect.Constructor.newInstance(Constructor.java:484)
	at org.openqa.selenium.remote.ErrorCodec.decode(ErrorCodec.java:167)
	at org.openqa.selenium.remote.codec.w3c.W3CHttpResponseCodec.decode(W3CHttpResponseCodec.java:138)
	at org.openqa.selenium.remote.codec.w3c.W3CHttpResponseCodec.decode(W3CHttpResponseCodec.java:50)
	at org.openqa.selenium.remote.HttpCommandExecutor.execute(HttpCommandExecutor.java:190)
	at org.openqa.selenium.remote.service.DriverCommandExecutor.invokeExecute(DriverCommandExecutor.java:216)
	at org.openqa.selenium.remote.service.DriverCommandExecutor.execute(DriverCommandExecutor.java:174)
	at org.openqa.selenium.remote.RemoteWebDriver.execute(RemoteWebDriver.java:519)
	at org.openqa.selenium.remote.RemoteWebElement.execute(RemoteWebElement.java:223)
	at org.openqa.selenium.remote.RemoteWebElement.click(RemoteWebElement.java:76)
	at java.base/jdk.internal.reflect.DirectMethodHandleAccessor.invoke(DirectMethodHandleAccessor.java:104)
	at java.base/java.lang.reflect.Method.invoke(Method.java:578)
	at org.openqa.selenium.support.pagefactory.internal.LocatingElementHandler.invoke(LocatingElementHandler.java:51)
	at jdk.proxy2/jdk.proxy2.$Proxy13.click(Unknown Source)
	at pageObjects.com_pomClassForJointAuctionTieBreaker.BiddingByARforTestData6_PEWa(com_pomClassForJointAuctionTieBreaker.java:12628)
	at prescribed_Event_Test.PrescribedEvent_A218.Placing_Bids_ThirdEntity_A218(PrescribedEvent_A218.java:114)
	at java.base/jdk.internal.reflect.DirectMethodHandleAccessor.invoke(DirectMethodHandleAccessor.java:104)
	at java.base/java.lang.reflect.Method.invoke(Method.java:578)
	at org.testng.internal.MethodInvocationHelper.invokeMethod(MethodInvocationHelper.java:132)
	at org.testng.internal.TestInvoker.invokeMethod(TestInvoker.java:599)
	at org.testng.internal.TestInvoker.invokeTestMethod(TestInvoker.java:174)
	at org.testng.internal.MethodRunner.runInSequence(MethodRunner.java:46)
	at org.testng.internal.TestInvoker$MethodInvocationAgent.invoke(TestInvoker.java:822)
	at org.testng.internal.TestInvoker.invokeTestMethods(TestInvoker.java:147)
	at org.testng.internal.TestMethodWorker.invokeTestMethods(TestMethodWorker.java:146)
	at org.testng.internal.TestMethodWorker.run(TestMethodWorker.java:128)
	at java.base/java.util.ArrayList.forEach(ArrayList.java:1511)
	at org.testng.TestRunner.privateRun(TestRunner.java:764)
	at org.testng.TestRunner.run(TestRunner.java:585)
	at org.testng.SuiteRunner.runTest(SuiteRunner.java:384)
	at org.testng.SuiteRunner.runSequentially(SuiteRunner.java:378)
	at org.testng.SuiteRunner.privateRun(SuiteRunner.java:337)
	at org.testng.SuiteRunner.run(SuiteRunner.java:286)
	at org.testng.SuiteRunnerWorker.runSuite(SuiteRunnerWorker.java:53)
	at org.testng.SuiteRunnerWorker.run(SuiteRunnerWorker.java:96)
	at org.testng.TestNG.runSuitesSequentially(TestNG.java:1218)
	at org.testng.TestNG.runSuitesLocally(TestNG.java:1140)
	at org.testng.TestNG.runSuites(TestNG.java:1069)
	at org.testng.TestNG.run(TestNG.java:1037)
	at org.testng.remote.AbstractRemoteTestNG.run(AbstractRemoteTestNG.java:115)
	at org.testng.remote.RemoteTestNG.initAndRun(RemoteTestNG.java:251)
	at org.testng.remote.RemoteTestNG.main(RemoteTestNG.java:77)
</pre></div></td>
<td>89</td>
<td>prescribed_Event_Test.PrescribedEvent_A218@1da2cb77</td></tr>
</table><p>
</body>
</html>