<html>
<head>
<title>TestNG:  Test</title>
<link href="../testng.css" rel="stylesheet" type="text/css" />
<link href="../my-testng.css" rel="stylesheet" type="text/css" />

<style type="text/css">
.log { display: none;} 
.stack-trace { display: none;} 
</style>
<script type="text/javascript">
<!--
function flip(e) {
  current = e.style.display;
  if (current == 'block') {
    e.style.display = 'none';
    return 0;
  }
  else {
    e.style.display = 'block';
    return 1;
  }
}

function toggleBox(szDivId, elem, msg1, msg2)
{
  var res = -1;  if (document.getElementById) {
    res = flip(document.getElementById(szDivId));
  }
  else if (document.all) {
    // this is the way old msie versions work
    res = flip(document.all[szDivId]);
  }
  if(elem) {
    if(res == 0) elem.innerHTML = msg1; else elem.innerHTML = msg2;
  }

}

function toggleAllBoxes() {
  if (document.getElementsByTagName) {
    d = document.getElementsByTagName('div');
    for (i = 0; i < d.length; i++) {
      if (d[i].className == 'log') {
        flip(d[i]);
      }
    }
  }
}

// -->
</script>

</head>
<body>
<h2 align='center'>Test</h2><table border='1' align="center">
<tr>
<td>Tests passed/Failed/Skipped:</td><td>108/0/19</td>
</tr><tr>
<td>Started on:</td><td>Mon May 27 14:12:00 IST 2024</td>
</tr>
<tr><td>Total time:</td><td>8927 seconds (8927362 ms)</td>
</tr><tr>
<td>Included groups:</td><td></td>
</tr><tr>
<td>Excluded groups:</td><td></td>
</tr>
</table><p/>
<small><i>(Hover the method name to see the test class name)</i></small><p/>
<table width='100%' border='1' class='invocation-passed'>
<tr><td colspan='4' align='center'><b>PASSED TESTS</b></td></tr>
<tr><td><b>Test method</b></td>
<td width="30%"><b>Exception</b></td>
<td width="10%"><b>Time (seconds)</b></td>
<td><b>Instance</b></td>
</tr>
<tr>
<td title='prescribed_Event_Test.PrescribedEvent_A47.Approval_By_QuebecSponsor_A47()'><b>Approval_By_QuebecSponsor_A47</b><br>Test class: prescribed_Event_Test.PrescribedEvent_A47<br/>
<a href="#Output-2009165703" onClick='toggleBox("Output-2009165703", this, "Show output", "Hide output");'>Show output</a>

<a href="#Output-2009165703" onClick="toggleAllBoxes();">Show all outputs</a>
<div class='log' id="Output-2009165703">
Chrome launched<br/>
Navigated to BaseUrl: https://www.qa-wci-auction.org<br/>
</div>
</td>
<td></td>
<td>58</td>
<td>prescribed_Event_Test.PrescribedEvent_A47@957e06</td></tr>
<tr>
<td title='prescribed_Event_Test.PrescribedEvent_A49.Approval_By_QuebecSponsor_A49()'><b>Approval_By_QuebecSponsor_A49</b><br>Test class: prescribed_Event_Test.PrescribedEvent_A49<br/>
<a href="#Output-198078631" onClick='toggleBox("Output-198078631", this, "Show output", "Hide output");'>Show output</a>

<a href="#Output-198078631" onClick="toggleAllBoxes();">Show all outputs</a>
<div class='log' id="Output-198078631">
Chrome launched<br/>
Navigated to BaseUrl: https://www.qa-wci-auction.org<br/>
</div>
</td>
<td></td>
<td>57</td>
<td>prescribed_Event_Test.PrescribedEvent_A49@4dbb42b7</td></tr>
<tr>
<td title='prescribed_Event_Test.PrescribedEvent_A50.Approval_By_QuebecSponsor_A50()'><b>Approval_By_QuebecSponsor_A50</b><br>Test class: prescribed_Event_Test.PrescribedEvent_A50<br/>
<a href="#Output-430119837" onClick='toggleBox("Output-430119837", this, "Show output", "Hide output");'>Show output</a>

<a href="#Output-430119837" onClick="toggleAllBoxes();">Show all outputs</a>
<div class='log' id="Output-430119837">
Chrome launched<br/>
Navigated to BaseUrl: https://www.qa-wci-auction.org<br/>
</div>
</td>
<td></td>
<td>69</td>
<td>prescribed_Event_Test.PrescribedEvent_A50@1de5f259</td></tr>
<tr>
<td title='prescribed_Event_Test.PrescribedEvent_A51.Approval_By_QuebecSponsor_A51()'><b>Approval_By_QuebecSponsor_A51</b><br>Test class: prescribed_Event_Test.PrescribedEvent_A51<br/>
<a href="#Output-821500720" onClick='toggleBox("Output-821500720", this, "Show output", "Hide output");'>Show output</a>

<a href="#Output-821500720" onClick="toggleAllBoxes();">Show all outputs</a>
<div class='log' id="Output-821500720">
Chrome launched<br/>
Navigated to BaseUrl: https://www.qa-wci-auction.org<br/>
</div>
</td>
<td></td>
<td>56</td>
<td>prescribed_Event_Test.PrescribedEvent_A51@31fa1761</td></tr>
<tr>
<td title='prescribed_Event_Test.PrescribedEvent_A56.Approval_By_QuebecSponsor_A56()'><b>Approval_By_QuebecSponsor_A56</b><br>Test class: prescribed_Event_Test.PrescribedEvent_A56<br/>
<a href="#Output-2102498992" onClick='toggleBox("Output-2102498992", this, "Show output", "Hide output");'>Show output</a>

<a href="#Output-2102498992" onClick="toggleAllBoxes();">Show all outputs</a>
<div class='log' id="Output-2102498992">
Chrome launched<br/>
Navigated to BaseUrl: https://www.qa-wci-auction.org<br/>
</div>
</td>
<td></td>
<td>54</td>
<td>prescribed_Event_Test.PrescribedEvent_A56@2c1b194a</td></tr>
<tr>
<td title='prescribed_Event_Test.PrescribedEvent_A57.Approval_By_QuebecSponsor_A57()'><b>Approval_By_QuebecSponsor_A57</b><br>Test class: prescribed_Event_Test.PrescribedEvent_A57<br/>
<a href="#Output-1153272171" onClick='toggleBox("Output-1153272171", this, "Show output", "Hide output");'>Show output</a>

<a href="#Output-1153272171" onClick="toggleAllBoxes();">Show all outputs</a>
<div class='log' id="Output-1153272171">
Chrome launched<br/>
Navigated to BaseUrl: https://www.qa-wci-auction.org<br/>
</div>
</td>
<td></td>
<td>56</td>
<td>prescribed_Event_Test.PrescribedEvent_A57@32502377</td></tr>
<tr>
<td title='prescribed_Event_Test.PrescribedEvent_A50.Approval_By_QuebecSponsor_For_Edit_BiddingWindow_CloseTime()'><b>Approval_By_QuebecSponsor_For_Edit_BiddingWindow_CloseTime</b><br>Test class: prescribed_Event_Test.PrescribedEvent_A50<br/>
<a href="#Output-1880223456" onClick='toggleBox("Output-1880223456", this, "Show output", "Hide output");'>Show output</a>

<a href="#Output-1880223456" onClick="toggleAllBoxes();">Show all outputs</a>
<div class='log' id="Output-1880223456">
Chrome launched<br/>
Navigated to BaseUrl: https://www.qa-wci-auction.org<br/>
</div>
</td>
<td></td>
<td>60</td>
<td>prescribed_Event_Test.PrescribedEvent_A50@1de5f259</td></tr>
<tr>
<td title='prescribed_Event_Test.PrescribedEvent_A51.Approval_By_QuebecSponsor_For_Edit_BiddingWindow_CloseTime()'><b>Approval_By_QuebecSponsor_For_Edit_BiddingWindow_CloseTime</b><br>Test class: prescribed_Event_Test.PrescribedEvent_A51<br/>
<a href="#Output-2105769670" onClick='toggleBox("Output-2105769670", this, "Show output", "Hide output");'>Show output</a>

<a href="#Output-2105769670" onClick="toggleAllBoxes();">Show all outputs</a>
<div class='log' id="Output-2105769670">
Chrome launched<br/>
Navigated to BaseUrl: https://www.qa-wci-auction.org<br/>
</div>
</td>
<td></td>
<td>61</td>
<td>prescribed_Event_Test.PrescribedEvent_A51@31fa1761</td></tr>
<tr>
<td title='prescribed_Event_Test.PrescribedEvent_A47.Approval_By_QuebecSponsor_For_Edit_BiddingWindow_CloseTime()'><b>Approval_By_QuebecSponsor_For_Edit_BiddingWindow_CloseTime</b><br>Test class: prescribed_Event_Test.PrescribedEvent_A47<br/>
<a href="#Output-208512327" onClick='toggleBox("Output-208512327", this, "Show output", "Hide output");'>Show output</a>

<a href="#Output-208512327" onClick="toggleAllBoxes();">Show all outputs</a>
<div class='log' id="Output-208512327">
Chrome launched<br/>
Navigated to BaseUrl: https://www.qa-wci-auction.org<br/>
</div>
</td>
<td></td>
<td>56</td>
<td>prescribed_Event_Test.PrescribedEvent_A47@957e06</td></tr>
<tr>
<td title='prescribed_Event_Test.PrescribedEvent_A57.Approval_By_QuebecSponsor_For_Edit_BiddingWindow_CloseTime()'><b>Approval_By_QuebecSponsor_For_Edit_BiddingWindow_CloseTime</b><br>Test class: prescribed_Event_Test.PrescribedEvent_A57<br/>
<a href="#Output-5305192" onClick='toggleBox("Output-5305192", this, "Show output", "Hide output");'>Show output</a>

<a href="#Output-5305192" onClick="toggleAllBoxes();">Show all outputs</a>
<div class='log' id="Output-5305192">
Chrome launched<br/>
Navigated to BaseUrl: https://www.qa-wci-auction.org<br/>
</div>
</td>
<td></td>
<td>57</td>
<td>prescribed_Event_Test.PrescribedEvent_A57@32502377</td></tr>
<tr>
<td title='prescribed_Event_Test.PrescribedEvent_A56.Approval_By_QuebecSponsor_For_Edit_BiddingWindow_CloseTime()'><b>Approval_By_QuebecSponsor_For_Edit_BiddingWindow_CloseTime</b><br>Test class: prescribed_Event_Test.PrescribedEvent_A56<br/>
<a href="#Output-73927828" onClick='toggleBox("Output-73927828", this, "Show output", "Hide output");'>Show output</a>

<a href="#Output-73927828" onClick="toggleAllBoxes();">Show all outputs</a>
<div class='log' id="Output-73927828">
Chrome launched<br/>
Navigated to BaseUrl: https://www.qa-wci-auction.org<br/>
</div>
</td>
<td></td>
<td>57</td>
<td>prescribed_Event_Test.PrescribedEvent_A56@2c1b194a</td></tr>
<tr>
<td title='prescribed_Event_Test.PrescribedEvent_A49.Approval_By_QuebecSponsor_For_Edit_BiddingWindow_CloseTime()'><b>Approval_By_QuebecSponsor_For_Edit_BiddingWindow_CloseTime</b><br>Test class: prescribed_Event_Test.PrescribedEvent_A49<br/>
<a href="#Output-1112967382" onClick='toggleBox("Output-1112967382", this, "Show output", "Hide output");'>Show output</a>

<a href="#Output-1112967382" onClick="toggleAllBoxes();">Show all outputs</a>
<div class='log' id="Output-1112967382">
Chrome launched<br/>
Navigated to BaseUrl: https://www.qa-wci-auction.org<br/>
</div>
</td>
<td></td>
<td>56</td>
<td>prescribed_Event_Test.PrescribedEvent_A49@4dbb42b7</td></tr>
<tr>
<td title='prescribed_Event_Test.PrescribedEvent_A218.Approval_By_WashingtonSecondSponsorA218()'><b>Approval_By_WashingtonSecondSponsorA218</b><br>Test class: prescribed_Event_Test.PrescribedEvent_A218<br/>
<a href="#Output-1187198484" onClick='toggleBox("Output-1187198484", this, "Show output", "Hide output");'>Show output</a>

<a href="#Output-1187198484" onClick="toggleAllBoxes();">Show all outputs</a>
<div class='log' id="Output-1187198484">
Chrome launched<br/>
Navigated to BaseUrl: https://www.qa-wci-auction.org<br/>
</div>
</td>
<td></td>
<td>38</td>
<td>prescribed_Event_Test.PrescribedEvent_A218@729d991e</td></tr>
<tr>
<td title='prescribed_Event_Test.PrescribedEvent_A218.Approval_By_WashingtonSponsor2_For_Edit_BiddingWindow_CloseTime()'><b>Approval_By_WashingtonSponsor2_For_Edit_BiddingWindow_CloseTime</b><br>Test class: prescribed_Event_Test.PrescribedEvent_A218<br/>
<a href="#Output-442606276" onClick='toggleBox("Output-442606276", this, "Show output", "Hide output");'>Show output</a>

<a href="#Output-442606276" onClick="toggleAllBoxes();">Show all outputs</a>
<div class='log' id="Output-442606276">
Chrome launched<br/>
Navigated to BaseUrl: https://www.qa-wci-auction.org<br/>
</div>
</td>
<td></td>
<td>43</td>
<td>prescribed_Event_Test.PrescribedEvent_A218@729d991e</td></tr>
<tr>
<td title='prescribed_Event_Test.PrescribedEvent_A50.Closing_Bidding_Window()'><b>Closing_Bidding_Window</b><br>Test class: prescribed_Event_Test.PrescribedEvent_A50<br/>
<a href="#Output-1455659337" onClick='toggleBox("Output-1455659337", this, "Show output", "Hide output");'>Show output</a>

<a href="#Output-1455659337" onClick="toggleAllBoxes();">Show all outputs</a>
<div class='log' id="Output-1455659337">
Chrome launched<br/>
Navigated to BaseUrl: https://www.qa-wci-auction.org<br/>
</div>
</td>
<td></td>
<td>82</td>
<td>prescribed_Event_Test.PrescribedEvent_A50@1de5f259</td></tr>
<tr>
<td title='prescribed_Event_Test.PrescribedEvent_A218.Closing_Bidding_Window()'><b>Closing_Bidding_Window</b><br>Test class: prescribed_Event_Test.PrescribedEvent_A218<br/>
<a href="#Output-1464734593" onClick='toggleBox("Output-1464734593", this, "Show output", "Hide output");'>Show output</a>

<a href="#Output-1464734593" onClick="toggleAllBoxes();">Show all outputs</a>
<div class='log' id="Output-1464734593">
Chrome launched<br/>
Navigated to BaseUrl: https://www.qa-wci-auction.org<br/>
</div>
</td>
<td></td>
<td>77</td>
<td>prescribed_Event_Test.PrescribedEvent_A218@729d991e</td></tr>
<tr>
<td title='prescribed_Event_Test.PrescribedEvent_A51.Closing_Bidding_Window()'><b>Closing_Bidding_Window</b><br>Test class: prescribed_Event_Test.PrescribedEvent_A51<br/>
<a href="#Output-887361104" onClick='toggleBox("Output-887361104", this, "Show output", "Hide output");'>Show output</a>

<a href="#Output-887361104" onClick="toggleAllBoxes();">Show all outputs</a>
<div class='log' id="Output-887361104">
Chrome launched<br/>
Navigated to BaseUrl: https://www.qa-wci-auction.org<br/>
</div>
</td>
<td></td>
<td>95</td>
<td>prescribed_Event_Test.PrescribedEvent_A51@31fa1761</td></tr>
<tr>
<td title='prescribed_Event_Test.PrescribedEvent_A47.Closing_Bidding_Window()'><b>Closing_Bidding_Window</b><br>Test class: prescribed_Event_Test.PrescribedEvent_A47<br/>
<a href="#Output-205601406" onClick='toggleBox("Output-205601406", this, "Show output", "Hide output");'>Show output</a>

<a href="#Output-205601406" onClick="toggleAllBoxes();">Show all outputs</a>
<div class='log' id="Output-205601406">
Chrome launched<br/>
Navigated to BaseUrl: https://www.qa-wci-auction.org<br/>
</div>
</td>
<td></td>
<td>91</td>
<td>prescribed_Event_Test.PrescribedEvent_A47@957e06</td></tr>
<tr>
<td title='prescribed_Event_Test.PrescribedEvent_A57.Closing_Bidding_Window()'><b>Closing_Bidding_Window</b><br>Test class: prescribed_Event_Test.PrescribedEvent_A57<br/>
<a href="#Output-1588561520" onClick='toggleBox("Output-1588561520", this, "Show output", "Hide output");'>Show output</a>

<a href="#Output-1588561520" onClick="toggleAllBoxes();">Show all outputs</a>
<div class='log' id="Output-1588561520">
Chrome launched<br/>
Navigated to BaseUrl: https://www.qa-wci-auction.org<br/>
</div>
</td>
<td></td>
<td>80</td>
<td>prescribed_Event_Test.PrescribedEvent_A57@32502377</td></tr>
<tr>
<td title='prescribed_Event_Test.PrescribedEvent_A56.Closing_Bidding_Window()'><b>Closing_Bidding_Window</b><br>Test class: prescribed_Event_Test.PrescribedEvent_A56<br/>
<a href="#Output-1244503709" onClick='toggleBox("Output-1244503709", this, "Show output", "Hide output");'>Show output</a>

<a href="#Output-1244503709" onClick="toggleAllBoxes();">Show all outputs</a>
<div class='log' id="Output-1244503709">
Chrome launched<br/>
Navigated to BaseUrl: https://www.qa-wci-auction.org<br/>
</div>
</td>
<td></td>
<td>88</td>
<td>prescribed_Event_Test.PrescribedEvent_A56@2c1b194a</td></tr>
<tr>
<td title='prescribed_Event_Test.PrescribedEvent_A49.Closing_Bidding_Window()'><b>Closing_Bidding_Window</b><br>Test class: prescribed_Event_Test.PrescribedEvent_A49<br/>
<a href="#Output-1246485302" onClick='toggleBox("Output-1246485302", this, "Show output", "Hide output");'>Show output</a>

<a href="#Output-1246485302" onClick="toggleAllBoxes();">Show all outputs</a>
<div class='log' id="Output-1246485302">
Chrome launched<br/>
Navigated to BaseUrl: https://www.qa-wci-auction.org<br/>
</div>
</td>
<td></td>
<td>75</td>
<td>prescribed_Event_Test.PrescribedEvent_A49@4dbb42b7</td></tr>
<tr>
<td title='prescribed_Event_Test.PrescribedEvent_A218.CreateNewEvent_A218()'><b>CreateNewEvent_A218</b><br>Test class: prescribed_Event_Test.PrescribedEvent_A218<br/>
<a href="#Output-1203408444" onClick='toggleBox("Output-1203408444", this, "Show output", "Hide output");'>Show output</a>

<a href="#Output-1203408444" onClick="toggleAllBoxes();">Show all outputs</a>
<div class='log' id="Output-1203408444">
Chrome launched<br/>
Navigated to BaseUrl: https://www.qa-wci-auction.org<br/>
</div>
</td>
<td></td>
<td>55</td>
<td>prescribed_Event_Test.PrescribedEvent_A218@729d991e</td></tr>
<tr>
<td title='prescribed_Event_Test.PrescribedEvent_A47.CreateNewEvent_A47()'><b>CreateNewEvent_A47</b><br>Test class: prescribed_Event_Test.PrescribedEvent_A47<br/>
<a href="#Output-1011284745" onClick='toggleBox("Output-1011284745", this, "Show output", "Hide output");'>Show output</a>

<a href="#Output-1011284745" onClick="toggleAllBoxes();">Show all outputs</a>
<div class='log' id="Output-1011284745">
Chrome launched<br/>
Navigated to BaseUrl: https://www.qa-wci-auction.org<br/>
</div>
</td>
<td></td>
<td>53</td>
<td>prescribed_Event_Test.PrescribedEvent_A47@957e06</td></tr>
<tr>
<td title='prescribed_Event_Test.PrescribedEvent_A49.CreateNewEvent_A49()'><b>CreateNewEvent_A49</b><br>Test class: prescribed_Event_Test.PrescribedEvent_A49<br/>
<a href="#Output-971052747" onClick='toggleBox("Output-971052747", this, "Show output", "Hide output");'>Show output</a>

<a href="#Output-971052747" onClick="toggleAllBoxes();">Show all outputs</a>
<div class='log' id="Output-971052747">
Chrome launched<br/>
Navigated to BaseUrl: https://www.qa-wci-auction.org<br/>
</div>
</td>
<td></td>
<td>54</td>
<td>prescribed_Event_Test.PrescribedEvent_A49@4dbb42b7</td></tr>
<tr>
<td title='prescribed_Event_Test.PrescribedEvent_A50.CreateNewEvent_A50()'><b>CreateNewEvent_A50</b><br>Test class: prescribed_Event_Test.PrescribedEvent_A50<br/>
<a href="#Output-369333979" onClick='toggleBox("Output-369333979", this, "Show output", "Hide output");'>Show output</a>

<a href="#Output-369333979" onClick="toggleAllBoxes();">Show all outputs</a>
<div class='log' id="Output-369333979">
Chrome launched<br/>
Navigated to BaseUrl: https://www.qa-wci-auction.org<br/>
</div>
</td>
<td></td>
<td>90</td>
<td>prescribed_Event_Test.PrescribedEvent_A50@1de5f259</td></tr>
<tr>
<td title='prescribed_Event_Test.PrescribedEvent_A51.CreateNewEvent_A51()'><b>CreateNewEvent_A51</b><br>Test class: prescribed_Event_Test.PrescribedEvent_A51<br/>
<a href="#Output-1156583433" onClick='toggleBox("Output-1156583433", this, "Show output", "Hide output");'>Show output</a>

<a href="#Output-1156583433" onClick="toggleAllBoxes();">Show all outputs</a>
<div class='log' id="Output-1156583433">
Chrome launched<br/>
Navigated to BaseUrl: https://www.qa-wci-auction.org<br/>
</div>
</td>
<td></td>
<td>60</td>
<td>prescribed_Event_Test.PrescribedEvent_A51@31fa1761</td></tr>
<tr>
<td title='prescribed_Event_Test.PrescribedEvent_A56.CreateNewEvent_A56()'><b>CreateNewEvent_A56</b><br>Test class: prescribed_Event_Test.PrescribedEvent_A56<br/>
<a href="#Output-1559530772" onClick='toggleBox("Output-1559530772", this, "Show output", "Hide output");'>Show output</a>

<a href="#Output-1559530772" onClick="toggleAllBoxes();">Show all outputs</a>
<div class='log' id="Output-1559530772">
Chrome launched<br/>
Navigated to BaseUrl: https://www.qa-wci-auction.org<br/>
</div>
</td>
<td></td>
<td>54</td>
<td>prescribed_Event_Test.PrescribedEvent_A56@2c1b194a</td></tr>
<tr>
<td title='prescribed_Event_Test.PrescribedEvent_A57.CreateNewEvent_A57()'><b>CreateNewEvent_A57</b><br>Test class: prescribed_Event_Test.PrescribedEvent_A57<br/>
<a href="#Output-1307115502" onClick='toggleBox("Output-1307115502", this, "Show output", "Hide output");'>Show output</a>

<a href="#Output-1307115502" onClick="toggleAllBoxes();">Show all outputs</a>
<div class='log' id="Output-1307115502">
Chrome launched<br/>
Navigated to BaseUrl: https://www.qa-wci-auction.org<br/>
</div>
</td>
<td></td>
<td>55</td>
<td>prescribed_Event_Test.PrescribedEvent_A57@32502377</td></tr>
<tr>
<td title='prescribed_Event_Test.PrescribedEvent_A50.EventCertification_California()'><b>EventCertification_California</b><br>Test class: prescribed_Event_Test.PrescribedEvent_A50<br/>
<a href="#Output-1873480981" onClick='toggleBox("Output-1873480981", this, "Show output", "Hide output");'>Show output</a>

<a href="#Output-1873480981" onClick="toggleAllBoxes();">Show all outputs</a>
<div class='log' id="Output-1873480981">
Chrome launched<br/>
Navigated to BaseUrl: https://www.qa-wci-auction.org<br/>
</div>
</td>
<td></td>
<td>35</td>
<td>prescribed_Event_Test.PrescribedEvent_A50@1de5f259</td></tr>
<tr>
<td title='prescribed_Event_Test.PrescribedEvent_A51.EventCertification_California()'><b>EventCertification_California</b><br>Test class: prescribed_Event_Test.PrescribedEvent_A51<br/>
<a href="#Output-1902868636" onClick='toggleBox("Output-1902868636", this, "Show output", "Hide output");'>Show output</a>

<a href="#Output-1902868636" onClick="toggleAllBoxes();">Show all outputs</a>
<div class='log' id="Output-1902868636">
Chrome launched<br/>
Navigated to BaseUrl: https://www.qa-wci-auction.org<br/>
</div>
</td>
<td></td>
<td>35</td>
<td>prescribed_Event_Test.PrescribedEvent_A51@31fa1761</td></tr>
<tr>
<td title='prescribed_Event_Test.PrescribedEvent_A47.EventCertification_California()'><b>EventCertification_California</b><br>Test class: prescribed_Event_Test.PrescribedEvent_A47<br/>
<a href="#Output-1046533670" onClick='toggleBox("Output-1046533670", this, "Show output", "Hide output");'>Show output</a>

<a href="#Output-1046533670" onClick="toggleAllBoxes();">Show all outputs</a>
<div class='log' id="Output-1046533670">
Chrome launched<br/>
Navigated to BaseUrl: https://www.qa-wci-auction.org<br/>
</div>
</td>
<td></td>
<td>35</td>
<td>prescribed_Event_Test.PrescribedEvent_A47@957e06</td></tr>
<tr>
<td title='prescribed_Event_Test.PrescribedEvent_A57.EventCertification_California()'><b>EventCertification_California</b><br>Test class: prescribed_Event_Test.PrescribedEvent_A57<br/>
<a href="#Output-192119444" onClick='toggleBox("Output-192119444", this, "Show output", "Hide output");'>Show output</a>

<a href="#Output-192119444" onClick="toggleAllBoxes();">Show all outputs</a>
<div class='log' id="Output-192119444">
Chrome launched<br/>
Navigated to BaseUrl: https://www.qa-wci-auction.org<br/>
</div>
</td>
<td></td>
<td>36</td>
<td>prescribed_Event_Test.PrescribedEvent_A57@32502377</td></tr>
<tr>
<td title='prescribed_Event_Test.PrescribedEvent_A56.EventCertification_California()'><b>EventCertification_California</b><br>Test class: prescribed_Event_Test.PrescribedEvent_A56<br/>
<a href="#Output-249265996" onClick='toggleBox("Output-249265996", this, "Show output", "Hide output");'>Show output</a>

<a href="#Output-249265996" onClick="toggleAllBoxes();">Show all outputs</a>
<div class='log' id="Output-249265996">
Chrome launched<br/>
Navigated to BaseUrl: https://www.qa-wci-auction.org<br/>
</div>
</td>
<td></td>
<td>38</td>
<td>prescribed_Event_Test.PrescribedEvent_A56@2c1b194a</td></tr>
<tr>
<td title='prescribed_Event_Test.PrescribedEvent_A49.EventCertification_California()'><b>EventCertification_California</b><br>Test class: prescribed_Event_Test.PrescribedEvent_A49<br/>
<a href="#Output-1587911194" onClick='toggleBox("Output-1587911194", this, "Show output", "Hide output");'>Show output</a>

<a href="#Output-1587911194" onClick="toggleAllBoxes();">Show all outputs</a>
<div class='log' id="Output-1587911194">
Chrome launched<br/>
Navigated to BaseUrl: https://www.qa-wci-auction.org<br/>
</div>
</td>
<td></td>
<td>36</td>
<td>prescribed_Event_Test.PrescribedEvent_A49@4dbb42b7</td></tr>
<tr>
<td title='prescribed_Event_Test.PrescribedEvent_A50.EventCertification_DualApproval_Quebec()'><b>EventCertification_DualApproval_Quebec</b><br>Test class: prescribed_Event_Test.PrescribedEvent_A50<br/>
<a href="#Output-949292363" onClick='toggleBox("Output-949292363", this, "Show output", "Hide output");'>Show output</a>

<a href="#Output-949292363" onClick="toggleAllBoxes();">Show all outputs</a>
<div class='log' id="Output-949292363">
Chrome launched<br/>
Navigated to BaseUrl: https://www.qa-wci-auction.org<br/>
</div>
</td>
<td></td>
<td>61</td>
<td>prescribed_Event_Test.PrescribedEvent_A50@1de5f259</td></tr>
<tr>
<td title='prescribed_Event_Test.PrescribedEvent_A51.EventCertification_DualApproval_Quebec()'><b>EventCertification_DualApproval_Quebec</b><br>Test class: prescribed_Event_Test.PrescribedEvent_A51<br/>
<a href="#Output-463336995" onClick='toggleBox("Output-463336995", this, "Show output", "Hide output");'>Show output</a>

<a href="#Output-463336995" onClick="toggleAllBoxes();">Show all outputs</a>
<div class='log' id="Output-463336995">
Chrome launched<br/>
Navigated to BaseUrl: https://www.qa-wci-auction.org<br/>
</div>
</td>
<td></td>
<td>59</td>
<td>prescribed_Event_Test.PrescribedEvent_A51@31fa1761</td></tr>
<tr>
<td title='prescribed_Event_Test.PrescribedEvent_A47.EventCertification_DualApproval_Quebec()'><b>EventCertification_DualApproval_Quebec</b><br>Test class: prescribed_Event_Test.PrescribedEvent_A47<br/>
<a href="#Output-869360259" onClick='toggleBox("Output-869360259", this, "Show output", "Hide output");'>Show output</a>

<a href="#Output-869360259" onClick="toggleAllBoxes();">Show all outputs</a>
<div class='log' id="Output-869360259">
Chrome launched<br/>
Navigated to BaseUrl: https://www.qa-wci-auction.org<br/>
</div>
</td>
<td></td>
<td>65</td>
<td>prescribed_Event_Test.PrescribedEvent_A47@957e06</td></tr>
<tr>
<td title='prescribed_Event_Test.PrescribedEvent_A57.EventCertification_DualApproval_Quebec()'><b>EventCertification_DualApproval_Quebec</b><br>Test class: prescribed_Event_Test.PrescribedEvent_A57<br/>
<a href="#Output-1148323160" onClick='toggleBox("Output-1148323160", this, "Show output", "Hide output");'>Show output</a>

<a href="#Output-1148323160" onClick="toggleAllBoxes();">Show all outputs</a>
<div class='log' id="Output-1148323160">
Chrome launched<br/>
Navigated to BaseUrl: https://www.qa-wci-auction.org<br/>
</div>
</td>
<td></td>
<td>63</td>
<td>prescribed_Event_Test.PrescribedEvent_A57@32502377</td></tr>
<tr>
<td title='prescribed_Event_Test.PrescribedEvent_A56.EventCertification_DualApproval_Quebec()'><b>EventCertification_DualApproval_Quebec</b><br>Test class: prescribed_Event_Test.PrescribedEvent_A56<br/>
<a href="#Output-1435990963" onClick='toggleBox("Output-1435990963", this, "Show output", "Hide output");'>Show output</a>

<a href="#Output-1435990963" onClick="toggleAllBoxes();">Show all outputs</a>
<div class='log' id="Output-1435990963">
Chrome launched<br/>
Navigated to BaseUrl: https://www.qa-wci-auction.org<br/>
</div>
</td>
<td></td>
<td>63</td>
<td>prescribed_Event_Test.PrescribedEvent_A56@2c1b194a</td></tr>
<tr>
<td title='prescribed_Event_Test.PrescribedEvent_A49.EventCertification_DualApproval_Quebec()'><b>EventCertification_DualApproval_Quebec</b><br>Test class: prescribed_Event_Test.PrescribedEvent_A49<br/>
<a href="#Output-475535988" onClick='toggleBox("Output-475535988", this, "Show output", "Hide output");'>Show output</a>

<a href="#Output-475535988" onClick="toggleAllBoxes();">Show all outputs</a>
<div class='log' id="Output-475535988">
Chrome launched<br/>
Navigated to BaseUrl: https://www.qa-wci-auction.org<br/>
</div>
</td>
<td></td>
<td>60</td>
<td>prescribed_Event_Test.PrescribedEvent_A49@4dbb42b7</td></tr>
<tr>
<td title='prescribed_Event_Test.PrescribedEvent_A218.EventCertification_WashingtonFirstSponsor()'><b>EventCertification_WashingtonFirstSponsor</b><br>Test class: prescribed_Event_Test.PrescribedEvent_A218<br/>
<a href="#Output-517248810" onClick='toggleBox("Output-517248810", this, "Show output", "Hide output");'>Show output</a>

<a href="#Output-517248810" onClick="toggleAllBoxes();">Show all outputs</a>
<div class='log' id="Output-517248810">
Chrome launched<br/>
Navigated to BaseUrl: https://www.qa-wci-auction.org<br/>
</div>
</td>
<td></td>
<td>38</td>
<td>prescribed_Event_Test.PrescribedEvent_A218@729d991e</td></tr>
<tr>
<td title='prescribed_Event_Test.PrescribedEvent_A218.EventCertification_WashingtonSecondSponsor()'><b>EventCertification_WashingtonSecondSponsor</b><br>Test class: prescribed_Event_Test.PrescribedEvent_A218<br/>
<a href="#Output-1578486078" onClick='toggleBox("Output-1578486078", this, "Show output", "Hide output");'>Show output</a>

<a href="#Output-1578486078" onClick="toggleAllBoxes();">Show all outputs</a>
<div class='log' id="Output-1578486078">
Chrome launched<br/>
Navigated to BaseUrl: https://www.qa-wci-auction.org<br/>
</div>
</td>
<td></td>
<td>30</td>
<td>prescribed_Event_Test.PrescribedEvent_A218@729d991e</td></tr>
<tr>
<td title='prescribed_Event_Test.PrescribedEvent_A50.Execute_API()'><b>Execute_API</b><br>Test class: prescribed_Event_Test.PrescribedEvent_A50<br/>
<a href="#Output-872917583" onClick='toggleBox("Output-872917583", this, "Show output", "Hide output");'>Show output</a>

<a href="#Output-872917583" onClick="toggleAllBoxes();">Show all outputs</a>
<div class='log' id="Output-872917583">
Chrome launched<br/>
Navigated to BaseUrl: https://www.qa-wci-auction.org<br/>
</div>
</td>
<td></td>
<td>59</td>
<td>prescribed_Event_Test.PrescribedEvent_A50@1de5f259</td></tr>
<tr>
<td title='prescribed_Event_Test.PrescribedEvent_A218.Execute_API()'><b>Execute_API</b><br>Test class: prescribed_Event_Test.PrescribedEvent_A218<br/>
<a href="#Output-1954641756" onClick='toggleBox("Output-1954641756", this, "Show output", "Hide output");'>Show output</a>

<a href="#Output-1954641756" onClick="toggleAllBoxes();">Show all outputs</a>
<div class='log' id="Output-1954641756">
Chrome launched<br/>
Navigated to BaseUrl: https://www.qa-wci-auction.org<br/>
</div>
</td>
<td></td>
<td>59</td>
<td>prescribed_Event_Test.PrescribedEvent_A218@729d991e</td></tr>
<tr>
<td title='prescribed_Event_Test.PrescribedEvent_A51.Execute_API()'><b>Execute_API</b><br>Test class: prescribed_Event_Test.PrescribedEvent_A51<br/>
<a href="#Output-1966919370" onClick='toggleBox("Output-1966919370", this, "Show output", "Hide output");'>Show output</a>

<a href="#Output-1966919370" onClick="toggleAllBoxes();">Show all outputs</a>
<div class='log' id="Output-1966919370">
Chrome launched<br/>
Navigated to BaseUrl: https://www.qa-wci-auction.org<br/>
</div>
</td>
<td></td>
<td>58</td>
<td>prescribed_Event_Test.PrescribedEvent_A51@31fa1761</td></tr>
<tr>
<td title='prescribed_Event_Test.PrescribedEvent_A47.Execute_API()'><b>Execute_API</b><br>Test class: prescribed_Event_Test.PrescribedEvent_A47<br/>
<a href="#Output-698611428" onClick='toggleBox("Output-698611428", this, "Show output", "Hide output");'>Show output</a>

<a href="#Output-698611428" onClick="toggleAllBoxes();">Show all outputs</a>
<div class='log' id="Output-698611428">
Chrome launched<br/>
Navigated to BaseUrl: https://www.qa-wci-auction.org<br/>
</div>
</td>
<td></td>
<td>58</td>
<td>prescribed_Event_Test.PrescribedEvent_A47@957e06</td></tr>
<tr>
<td title='prescribed_Event_Test.PrescribedEvent_A57.Execute_API()'><b>Execute_API</b><br>Test class: prescribed_Event_Test.PrescribedEvent_A57<br/>
<a href="#Output-1480070657" onClick='toggleBox("Output-1480070657", this, "Show output", "Hide output");'>Show output</a>

<a href="#Output-1480070657" onClick="toggleAllBoxes();">Show all outputs</a>
<div class='log' id="Output-1480070657">
Chrome launched<br/>
Navigated to BaseUrl: https://www.qa-wci-auction.org<br/>
</div>
</td>
<td></td>
<td>60</td>
<td>prescribed_Event_Test.PrescribedEvent_A57@32502377</td></tr>
<tr>
<td title='prescribed_Event_Test.PrescribedEvent_A56.Execute_API()'><b>Execute_API</b><br>Test class: prescribed_Event_Test.PrescribedEvent_A56<br/>
<a href="#Output-874839450" onClick='toggleBox("Output-874839450", this, "Show output", "Hide output");'>Show output</a>

<a href="#Output-874839450" onClick="toggleAllBoxes();">Show all outputs</a>
<div class='log' id="Output-874839450">
Chrome launched<br/>
Navigated to BaseUrl: https://www.qa-wci-auction.org<br/>
</div>
</td>
<td></td>
<td>59</td>
<td>prescribed_Event_Test.PrescribedEvent_A56@2c1b194a</td></tr>
<tr>
<td title='prescribed_Event_Test.PrescribedEvent_A49.Execute_API()'><b>Execute_API</b><br>Test class: prescribed_Event_Test.PrescribedEvent_A49<br/>
<a href="#Output-486174586" onClick='toggleBox("Output-486174586", this, "Show output", "Hide output");'>Show output</a>

<a href="#Output-486174586" onClick="toggleAllBoxes();">Show all outputs</a>
<div class='log' id="Output-486174586">
Chrome launched<br/>
Navigated to BaseUrl: https://www.qa-wci-auction.org<br/>
</div>
</td>
<td></td>
<td>60</td>
<td>prescribed_Event_Test.PrescribedEvent_A49@4dbb42b7</td></tr>
<tr>
<td title='prescribed_Event_Test.PrescribedEvent_A47.Placing_Bids_FifthEntity_A47()'><b>Placing_Bids_FifthEntity_A47</b><br>Test class: prescribed_Event_Test.PrescribedEvent_A47<br/>
<a href="#Output-1255821773" onClick='toggleBox("Output-1255821773", this, "Show output", "Hide output");'>Show output</a>

<a href="#Output-1255821773" onClick="toggleAllBoxes();">Show all outputs</a>
<div class='log' id="Output-1255821773">
Chrome launched<br/>
Navigated to BaseUrl: https://www.qa-wci-auction.org<br/>
</div>
</td>
<td></td>
<td>92</td>
<td>prescribed_Event_Test.PrescribedEvent_A47@957e06</td></tr>
<tr>
<td title='prescribed_Event_Test.PrescribedEvent_A49.Placing_Bids_FifthEntity_A49()'><b>Placing_Bids_FifthEntity_A49</b><br>Test class: prescribed_Event_Test.PrescribedEvent_A49<br/>
<a href="#Output-561718924" onClick='toggleBox("Output-561718924", this, "Show output", "Hide output");'>Show output</a>

<a href="#Output-561718924" onClick="toggleAllBoxes();">Show all outputs</a>
<div class='log' id="Output-561718924">
Chrome launched<br/>
Navigated to BaseUrl: https://www.qa-wci-auction.org<br/>
</div>
</td>
<td></td>
<td>79</td>
<td>prescribed_Event_Test.PrescribedEvent_A49@4dbb42b7</td></tr>
<tr>
<td title='prescribed_Event_Test.PrescribedEvent_A50.Placing_Bids_FifthEntity_A50()'><b>Placing_Bids_FifthEntity_A50</b><br>Test class: prescribed_Event_Test.PrescribedEvent_A50<br/>
<a href="#Output-1913827982" onClick='toggleBox("Output-1913827982", this, "Show output", "Hide output");'>Show output</a>

<a href="#Output-1913827982" onClick="toggleAllBoxes();">Show all outputs</a>
<div class='log' id="Output-1913827982">
Chrome launched<br/>
Navigated to BaseUrl: https://www.qa-wci-auction.org<br/>
</div>
</td>
<td></td>
<td>150</td>
<td>prescribed_Event_Test.PrescribedEvent_A50@1de5f259</td></tr>
<tr>
<td title='prescribed_Event_Test.PrescribedEvent_A51.Placing_Bids_FifthEntity_A51()'><b>Placing_Bids_FifthEntity_A51</b><br>Test class: prescribed_Event_Test.PrescribedEvent_A51<br/>
<a href="#Output-717592112" onClick='toggleBox("Output-717592112", this, "Show output", "Hide output");'>Show output</a>

<a href="#Output-717592112" onClick="toggleAllBoxes();">Show all outputs</a>
<div class='log' id="Output-717592112">
Chrome launched<br/>
Navigated to BaseUrl: https://www.qa-wci-auction.org<br/>
</div>
</td>
<td></td>
<td>151</td>
<td>prescribed_Event_Test.PrescribedEvent_A51@31fa1761</td></tr>
<tr>
<td title='prescribed_Event_Test.PrescribedEvent_A56.Placing_Bids_FifthEntity_A56()'><b>Placing_Bids_FifthEntity_A56</b><br>Test class: prescribed_Event_Test.PrescribedEvent_A56<br/>
<a href="#Output-184127925" onClick='toggleBox("Output-184127925", this, "Show output", "Hide output");'>Show output</a>

<a href="#Output-184127925" onClick="toggleAllBoxes();">Show all outputs</a>
<div class='log' id="Output-184127925">
Chrome launched<br/>
Navigated to BaseUrl: https://www.qa-wci-auction.org<br/>
</div>
</td>
<td></td>
<td>82</td>
<td>prescribed_Event_Test.PrescribedEvent_A56@2c1b194a</td></tr>
<tr>
<td title='prescribed_Event_Test.PrescribedEvent_A57.Placing_Bids_FifthEntity_A57()'><b>Placing_Bids_FifthEntity_A57</b><br>Test class: prescribed_Event_Test.PrescribedEvent_A57<br/>
<a href="#Output-1117046896" onClick='toggleBox("Output-1117046896", this, "Show output", "Hide output");'>Show output</a>

<a href="#Output-1117046896" onClick="toggleAllBoxes();">Show all outputs</a>
<div class='log' id="Output-1117046896">
Chrome launched<br/>
Navigated to BaseUrl: https://www.qa-wci-auction.org<br/>
</div>
</td>
<td></td>
<td>79</td>
<td>prescribed_Event_Test.PrescribedEvent_A57@32502377</td></tr>
<tr>
<td title='prescribed_Event_Test.PrescribedEvent_A218.Placing_Bids_FirstEntity_A218()'><b>Placing_Bids_FirstEntity_A218</b><br>Test class: prescribed_Event_Test.PrescribedEvent_A218<br/>
<a href="#Output-1893548402" onClick='toggleBox("Output-1893548402", this, "Show output", "Hide output");'>Show output</a>

<a href="#Output-1893548402" onClick="toggleAllBoxes();">Show all outputs</a>
<div class='log' id="Output-1893548402">
Chrome launched<br/>
Navigated to BaseUrl: https://www.qa-wci-auction.org<br/>
</div>
</td>
<td></td>
<td>109</td>
<td>prescribed_Event_Test.PrescribedEvent_A218@729d991e</td></tr>
<tr>
<td title='prescribed_Event_Test.PrescribedEvent_A47.Placing_Bids_FirstEntity_A47()'><b>Placing_Bids_FirstEntity_A47</b><br>Test class: prescribed_Event_Test.PrescribedEvent_A47<br/>
<a href="#Output-2012581637" onClick='toggleBox("Output-2012581637", this, "Show output", "Hide output");'>Show output</a>

<a href="#Output-2012581637" onClick="toggleAllBoxes();">Show all outputs</a>
<div class='log' id="Output-2012581637">
Chrome launched<br/>
Navigated to BaseUrl: https://www.qa-wci-auction.org<br/>
</div>
</td>
<td></td>
<td>94</td>
<td>prescribed_Event_Test.PrescribedEvent_A47@957e06</td></tr>
<tr>
<td title='prescribed_Event_Test.PrescribedEvent_A49.Placing_Bids_FirstEntity_A49()'><b>Placing_Bids_FirstEntity_A49</b><br>Test class: prescribed_Event_Test.PrescribedEvent_A49<br/>
<a href="#Output-1444597196" onClick='toggleBox("Output-1444597196", this, "Show output", "Hide output");'>Show output</a>

<a href="#Output-1444597196" onClick="toggleAllBoxes();">Show all outputs</a>
<div class='log' id="Output-1444597196">
Chrome launched<br/>
Navigated to BaseUrl: https://www.qa-wci-auction.org<br/>
</div>
</td>
<td></td>
<td>84</td>
<td>prescribed_Event_Test.PrescribedEvent_A49@4dbb42b7</td></tr>
<tr>
<td title='prescribed_Event_Test.PrescribedEvent_A50.Placing_Bids_FirstEntity_A50()'><b>Placing_Bids_FirstEntity_A50</b><br>Test class: prescribed_Event_Test.PrescribedEvent_A50<br/>
<a href="#Output-1662600404" onClick='toggleBox("Output-1662600404", this, "Show output", "Hide output");'>Show output</a>

<a href="#Output-1662600404" onClick="toggleAllBoxes();">Show all outputs</a>
<div class='log' id="Output-1662600404">
Chrome launched<br/>
Navigated to BaseUrl: https://www.qa-wci-auction.org<br/>
</div>
</td>
<td></td>
<td>155</td>
<td>prescribed_Event_Test.PrescribedEvent_A50@1de5f259</td></tr>
<tr>
<td title='prescribed_Event_Test.PrescribedEvent_A51.Placing_Bids_FirstEntity_A51()'><b>Placing_Bids_FirstEntity_A51</b><br>Test class: prescribed_Event_Test.PrescribedEvent_A51<br/>
<a href="#Output-341537411" onClick='toggleBox("Output-341537411", this, "Show output", "Hide output");'>Show output</a>

<a href="#Output-341537411" onClick="toggleAllBoxes();">Show all outputs</a>
<div class='log' id="Output-341537411">
Chrome launched<br/>
Navigated to BaseUrl: https://www.qa-wci-auction.org<br/>
</div>
</td>
<td></td>
<td>165</td>
<td>prescribed_Event_Test.PrescribedEvent_A51@31fa1761</td></tr>
<tr>
<td title='prescribed_Event_Test.PrescribedEvent_A56.Placing_Bids_FirstEntity_A56()'><b>Placing_Bids_FirstEntity_A56</b><br>Test class: prescribed_Event_Test.PrescribedEvent_A56<br/>
<a href="#Output-1946591900" onClick='toggleBox("Output-1946591900", this, "Show output", "Hide output");'>Show output</a>

<a href="#Output-1946591900" onClick="toggleAllBoxes();">Show all outputs</a>
<div class='log' id="Output-1946591900">
Chrome launched<br/>
Navigated to BaseUrl: https://www.qa-wci-auction.org<br/>
</div>
</td>
<td></td>
<td>101</td>
<td>prescribed_Event_Test.PrescribedEvent_A56@2c1b194a</td></tr>
<tr>
<td title='prescribed_Event_Test.PrescribedEvent_A57.Placing_Bids_FirstEntity_A57()'><b>Placing_Bids_FirstEntity_A57</b><br>Test class: prescribed_Event_Test.PrescribedEvent_A57<br/>
<a href="#Output-151337517" onClick='toggleBox("Output-151337517", this, "Show output", "Hide output");'>Show output</a>

<a href="#Output-151337517" onClick="toggleAllBoxes();">Show all outputs</a>
<div class='log' id="Output-151337517">
Chrome launched<br/>
Navigated to BaseUrl: https://www.qa-wci-auction.org<br/>
</div>
</td>
<td></td>
<td>123</td>
<td>prescribed_Event_Test.PrescribedEvent_A57@32502377</td></tr>
<tr>
<td title='prescribed_Event_Test.PrescribedEvent_A47.Placing_Bids_FourthEntity_A47()'><b>Placing_Bids_FourthEntity_A47</b><br>Test class: prescribed_Event_Test.PrescribedEvent_A47<br/>
<a href="#Output-2140360406" onClick='toggleBox("Output-2140360406", this, "Show output", "Hide output");'>Show output</a>

<a href="#Output-2140360406" onClick="toggleAllBoxes();">Show all outputs</a>
<div class='log' id="Output-2140360406">
Chrome launched<br/>
Navigated to BaseUrl: https://www.qa-wci-auction.org<br/>
</div>
</td>
<td></td>
<td>91</td>
<td>prescribed_Event_Test.PrescribedEvent_A47@957e06</td></tr>
<tr>
<td title='prescribed_Event_Test.PrescribedEvent_A49.Placing_Bids_FourthEntity_A49()'><b>Placing_Bids_FourthEntity_A49</b><br>Test class: prescribed_Event_Test.PrescribedEvent_A49<br/>
<a href="#Output-355465486" onClick='toggleBox("Output-355465486", this, "Show output", "Hide output");'>Show output</a>

<a href="#Output-355465486" onClick="toggleAllBoxes();">Show all outputs</a>
<div class='log' id="Output-355465486">
Chrome launched<br/>
Navigated to BaseUrl: https://www.qa-wci-auction.org<br/>
</div>
</td>
<td></td>
<td>75</td>
<td>prescribed_Event_Test.PrescribedEvent_A49@4dbb42b7</td></tr>
<tr>
<td title='prescribed_Event_Test.PrescribedEvent_A50.Placing_Bids_FourthEntity_A50()'><b>Placing_Bids_FourthEntity_A50</b><br>Test class: prescribed_Event_Test.PrescribedEvent_A50<br/>
<a href="#Output-1498370191" onClick='toggleBox("Output-1498370191", this, "Show output", "Hide output");'>Show output</a>

<a href="#Output-1498370191" onClick="toggleAllBoxes();">Show all outputs</a>
<div class='log' id="Output-1498370191">
Chrome launched<br/>
Navigated to BaseUrl: https://www.qa-wci-auction.org<br/>
</div>
</td>
<td></td>
<td>144</td>
<td>prescribed_Event_Test.PrescribedEvent_A50@1de5f259</td></tr>
<tr>
<td title='prescribed_Event_Test.PrescribedEvent_A51.Placing_Bids_FourthEntity_A51()'><b>Placing_Bids_FourthEntity_A51</b><br>Test class: prescribed_Event_Test.PrescribedEvent_A51<br/>
<a href="#Output-1142810111" onClick='toggleBox("Output-1142810111", this, "Show output", "Hide output");'>Show output</a>

<a href="#Output-1142810111" onClick="toggleAllBoxes();">Show all outputs</a>
<div class='log' id="Output-1142810111">
Chrome launched<br/>
Navigated to BaseUrl: https://www.qa-wci-auction.org<br/>
</div>
</td>
<td></td>
<td>148</td>
<td>prescribed_Event_Test.PrescribedEvent_A51@31fa1761</td></tr>
<tr>
<td title='prescribed_Event_Test.PrescribedEvent_A56.Placing_Bids_FourthEntity_A56()'><b>Placing_Bids_FourthEntity_A56</b><br>Test class: prescribed_Event_Test.PrescribedEvent_A56<br/>
<a href="#Output-1681123201" onClick='toggleBox("Output-1681123201", this, "Show output", "Hide output");'>Show output</a>

<a href="#Output-1681123201" onClick="toggleAllBoxes();">Show all outputs</a>
<div class='log' id="Output-1681123201">
Chrome launched<br/>
Navigated to BaseUrl: https://www.qa-wci-auction.org<br/>
</div>
</td>
<td></td>
<td>83</td>
<td>prescribed_Event_Test.PrescribedEvent_A56@2c1b194a</td></tr>
<tr>
<td title='prescribed_Event_Test.PrescribedEvent_A57.Placing_Bids_FourthEntity_A57()'><b>Placing_Bids_FourthEntity_A57</b><br>Test class: prescribed_Event_Test.PrescribedEvent_A57<br/>
<a href="#Output-994663070" onClick='toggleBox("Output-994663070", this, "Show output", "Hide output");'>Show output</a>

<a href="#Output-994663070" onClick="toggleAllBoxes();">Show all outputs</a>
<div class='log' id="Output-994663070">
Chrome launched<br/>
Navigated to BaseUrl: https://www.qa-wci-auction.org<br/>
</div>
</td>
<td></td>
<td>81</td>
<td>prescribed_Event_Test.PrescribedEvent_A57@32502377</td></tr>
<tr>
<td title='prescribed_Event_Test.PrescribedEvent_A218.Placing_Bids_SecondEntity_A218()'><b>Placing_Bids_SecondEntity_A218</b><br>Test class: prescribed_Event_Test.PrescribedEvent_A218<br/>
<a href="#Output-710137206" onClick='toggleBox("Output-710137206", this, "Show output", "Hide output");'>Show output</a>

<a href="#Output-710137206" onClick="toggleAllBoxes();">Show all outputs</a>
<div class='log' id="Output-710137206">
Chrome launched<br/>
Navigated to BaseUrl: https://www.qa-wci-auction.org<br/>
</div>
</td>
<td></td>
<td>106</td>
<td>prescribed_Event_Test.PrescribedEvent_A218@729d991e</td></tr>
<tr>
<td title='prescribed_Event_Test.PrescribedEvent_A47.Placing_Bids_SecondEntity_A47()'><b>Placing_Bids_SecondEntity_A47</b><br>Test class: prescribed_Event_Test.PrescribedEvent_A47<br/>
<a href="#Output-2053172591" onClick='toggleBox("Output-2053172591", this, "Show output", "Hide output");'>Show output</a>

<a href="#Output-2053172591" onClick="toggleAllBoxes();">Show all outputs</a>
<div class='log' id="Output-2053172591">
Chrome launched<br/>
Navigated to BaseUrl: https://www.qa-wci-auction.org<br/>
</div>
</td>
<td></td>
<td>91</td>
<td>prescribed_Event_Test.PrescribedEvent_A47@957e06</td></tr>
<tr>
<td title='prescribed_Event_Test.PrescribedEvent_A49.Placing_Bids_SecondEntity_A49()'><b>Placing_Bids_SecondEntity_A49</b><br>Test class: prescribed_Event_Test.PrescribedEvent_A49<br/>
<a href="#Output-467799500" onClick='toggleBox("Output-467799500", this, "Show output", "Hide output");'>Show output</a>

<a href="#Output-467799500" onClick="toggleAllBoxes();">Show all outputs</a>
<div class='log' id="Output-467799500">
Chrome launched<br/>
Navigated to BaseUrl: https://www.qa-wci-auction.org<br/>
</div>
</td>
<td></td>
<td>75</td>
<td>prescribed_Event_Test.PrescribedEvent_A49@4dbb42b7</td></tr>
<tr>
<td title='prescribed_Event_Test.PrescribedEvent_A50.Placing_Bids_SecondEntity_A50()'><b>Placing_Bids_SecondEntity_A50</b><br>Test class: prescribed_Event_Test.PrescribedEvent_A50<br/>
<a href="#Output-477655945" onClick='toggleBox("Output-477655945", this, "Show output", "Hide output");'>Show output</a>

<a href="#Output-477655945" onClick="toggleAllBoxes();">Show all outputs</a>
<div class='log' id="Output-477655945">
Chrome launched<br/>
Navigated to BaseUrl: https://www.qa-wci-auction.org<br/>
</div>
</td>
<td></td>
<td>148</td>
<td>prescribed_Event_Test.PrescribedEvent_A50@1de5f259</td></tr>
<tr>
<td title='prescribed_Event_Test.PrescribedEvent_A51.Placing_Bids_SecondEntity_A51()'><b>Placing_Bids_SecondEntity_A51</b><br>Test class: prescribed_Event_Test.PrescribedEvent_A51<br/>
<a href="#Output-1323830604" onClick='toggleBox("Output-1323830604", this, "Show output", "Hide output");'>Show output</a>

<a href="#Output-1323830604" onClick="toggleAllBoxes();">Show all outputs</a>
<div class='log' id="Output-1323830604">
Chrome launched<br/>
Navigated to BaseUrl: https://www.qa-wci-auction.org<br/>
</div>
</td>
<td></td>
<td>146</td>
<td>prescribed_Event_Test.PrescribedEvent_A51@31fa1761</td></tr>
<tr>
<td title='prescribed_Event_Test.PrescribedEvent_A56.Placing_Bids_SecondEntity_A56()'><b>Placing_Bids_SecondEntity_A56</b><br>Test class: prescribed_Event_Test.PrescribedEvent_A56<br/>
<a href="#Output-865072353" onClick='toggleBox("Output-865072353", this, "Show output", "Hide output");'>Show output</a>

<a href="#Output-865072353" onClick="toggleAllBoxes();">Show all outputs</a>
<div class='log' id="Output-865072353">
Chrome launched<br/>
Navigated to BaseUrl: https://www.qa-wci-auction.org<br/>
</div>
</td>
<td></td>
<td>75</td>
<td>prescribed_Event_Test.PrescribedEvent_A56@2c1b194a</td></tr>
<tr>
<td title='prescribed_Event_Test.PrescribedEvent_A57.Placing_Bids_SecondEntity_A57()'><b>Placing_Bids_SecondEntity_A57</b><br>Test class: prescribed_Event_Test.PrescribedEvent_A57<br/>
<a href="#Output-1070346095" onClick='toggleBox("Output-1070346095", this, "Show output", "Hide output");'>Show output</a>

<a href="#Output-1070346095" onClick="toggleAllBoxes();">Show all outputs</a>
<div class='log' id="Output-1070346095">
Chrome launched<br/>
Navigated to BaseUrl: https://www.qa-wci-auction.org<br/>
</div>
</td>
<td></td>
<td>79</td>
<td>prescribed_Event_Test.PrescribedEvent_A57@32502377</td></tr>
<tr>
<td title='prescribed_Event_Test.PrescribedEvent_A218.Placing_Bids_ThirdEntity_A218()'><b>Placing_Bids_ThirdEntity_A218</b><br>Test class: prescribed_Event_Test.PrescribedEvent_A218<br/>
<a href="#Output-1796975861" onClick='toggleBox("Output-1796975861", this, "Show output", "Hide output");'>Show output</a>

<a href="#Output-1796975861" onClick="toggleAllBoxes();">Show all outputs</a>
<div class='log' id="Output-1796975861">
Chrome launched<br/>
Navigated to BaseUrl: https://www.qa-wci-auction.org<br/>
</div>
</td>
<td></td>
<td>91</td>
<td>prescribed_Event_Test.PrescribedEvent_A218@729d991e</td></tr>
<tr>
<td title='prescribed_Event_Test.PrescribedEvent_A47.Placing_Bids_ThirdEntity_A47()'><b>Placing_Bids_ThirdEntity_A47</b><br>Test class: prescribed_Event_Test.PrescribedEvent_A47<br/>
<a href="#Output-556631286" onClick='toggleBox("Output-556631286", this, "Show output", "Hide output");'>Show output</a>

<a href="#Output-556631286" onClick="toggleAllBoxes();">Show all outputs</a>
<div class='log' id="Output-556631286">
Chrome launched<br/>
Navigated to BaseUrl: https://www.qa-wci-auction.org<br/>
</div>
</td>
<td></td>
<td>88</td>
<td>prescribed_Event_Test.PrescribedEvent_A47@957e06</td></tr>
<tr>
<td title='prescribed_Event_Test.PrescribedEvent_A49.Placing_Bids_ThirdEntity_A49()'><b>Placing_Bids_ThirdEntity_A49</b><br>Test class: prescribed_Event_Test.PrescribedEvent_A49<br/>
<a href="#Output-470587659" onClick='toggleBox("Output-470587659", this, "Show output", "Hide output");'>Show output</a>

<a href="#Output-470587659" onClick="toggleAllBoxes();">Show all outputs</a>
<div class='log' id="Output-470587659">
Chrome launched<br/>
Navigated to BaseUrl: https://www.qa-wci-auction.org<br/>
</div>
</td>
<td></td>
<td>77</td>
<td>prescribed_Event_Test.PrescribedEvent_A49@4dbb42b7</td></tr>
<tr>
<td title='prescribed_Event_Test.PrescribedEvent_A50.Placing_Bids_ThirdEntity_A50()'><b>Placing_Bids_ThirdEntity_A50</b><br>Test class: prescribed_Event_Test.PrescribedEvent_A50<br/>
<a href="#Output-1820750521" onClick='toggleBox("Output-1820750521", this, "Show output", "Hide output");'>Show output</a>

<a href="#Output-1820750521" onClick="toggleAllBoxes();">Show all outputs</a>
<div class='log' id="Output-1820750521">
Chrome launched<br/>
Navigated to BaseUrl: https://www.qa-wci-auction.org<br/>
</div>
</td>
<td></td>
<td>146</td>
<td>prescribed_Event_Test.PrescribedEvent_A50@1de5f259</td></tr>
<tr>
<td title='prescribed_Event_Test.PrescribedEvent_A51.Placing_Bids_ThirdEntity_A51()'><b>Placing_Bids_ThirdEntity_A51</b><br>Test class: prescribed_Event_Test.PrescribedEvent_A51<br/>
<a href="#Output-486312828" onClick='toggleBox("Output-486312828", this, "Show output", "Hide output");'>Show output</a>

<a href="#Output-486312828" onClick="toggleAllBoxes();">Show all outputs</a>
<div class='log' id="Output-486312828">
Chrome launched<br/>
Navigated to BaseUrl: https://www.qa-wci-auction.org<br/>
</div>
</td>
<td></td>
<td>143</td>
<td>prescribed_Event_Test.PrescribedEvent_A51@31fa1761</td></tr>
<tr>
<td title='prescribed_Event_Test.PrescribedEvent_A56.Placing_Bids_ThirdEntity_A56()'><b>Placing_Bids_ThirdEntity_A56</b><br>Test class: prescribed_Event_Test.PrescribedEvent_A56<br/>
<a href="#Output-134608943" onClick='toggleBox("Output-134608943", this, "Show output", "Hide output");'>Show output</a>

<a href="#Output-134608943" onClick="toggleAllBoxes();">Show all outputs</a>
<div class='log' id="Output-134608943">
Chrome launched<br/>
Navigated to BaseUrl: https://www.qa-wci-auction.org<br/>
</div>
</td>
<td></td>
<td>76</td>
<td>prescribed_Event_Test.PrescribedEvent_A56@2c1b194a</td></tr>
<tr>
<td title='prescribed_Event_Test.PrescribedEvent_A57.Placing_Bids_ThirdEntity_A57()'><b>Placing_Bids_ThirdEntity_A57</b><br>Test class: prescribed_Event_Test.PrescribedEvent_A57<br/>
<a href="#Output-250652885" onClick='toggleBox("Output-250652885", this, "Show output", "Hide output");'>Show output</a>

<a href="#Output-250652885" onClick="toggleAllBoxes();">Show all outputs</a>
<div class='log' id="Output-250652885">
Chrome launched<br/>
Navigated to BaseUrl: https://www.qa-wci-auction.org<br/>
</div>
</td>
<td></td>
<td>78</td>
<td>prescribed_Event_Test.PrescribedEvent_A57@32502377</td></tr>
<tr>
<td title='prescribed_Event_Test.PrescribedEvent_A50.Run_Algorithm_California()'><b>Run_Algorithm_California</b><br>Test class: prescribed_Event_Test.PrescribedEvent_A50<br/>
<a href="#Output-718511919" onClick='toggleBox("Output-718511919", this, "Show output", "Hide output");'>Show output</a>

<a href="#Output-718511919" onClick="toggleAllBoxes();">Show all outputs</a>
<div class='log' id="Output-718511919">
Chrome launched<br/>
Navigated to BaseUrl: https://www.qa-wci-auction.org<br/>
</div>
</td>
<td></td>
<td>41</td>
<td>prescribed_Event_Test.PrescribedEvent_A50@1de5f259</td></tr>
<tr>
<td title='prescribed_Event_Test.PrescribedEvent_A51.Run_Algorithm_California()'><b>Run_Algorithm_California</b><br>Test class: prescribed_Event_Test.PrescribedEvent_A51<br/>
<a href="#Output-1424173976" onClick='toggleBox("Output-1424173976", this, "Show output", "Hide output");'>Show output</a>

<a href="#Output-1424173976" onClick="toggleAllBoxes();">Show all outputs</a>
<div class='log' id="Output-1424173976">
Chrome launched<br/>
Navigated to BaseUrl: https://www.qa-wci-auction.org<br/>
</div>
</td>
<td></td>
<td>42</td>
<td>prescribed_Event_Test.PrescribedEvent_A51@31fa1761</td></tr>
<tr>
<td title='prescribed_Event_Test.PrescribedEvent_A47.Run_Algorithm_California()'><b>Run_Algorithm_California</b><br>Test class: prescribed_Event_Test.PrescribedEvent_A47<br/>
<a href="#Output-358448543" onClick='toggleBox("Output-358448543", this, "Show output", "Hide output");'>Show output</a>

<a href="#Output-358448543" onClick="toggleAllBoxes();">Show all outputs</a>
<div class='log' id="Output-358448543">
Chrome launched<br/>
Navigated to BaseUrl: https://www.qa-wci-auction.org<br/>
</div>
</td>
<td></td>
<td>43</td>
<td>prescribed_Event_Test.PrescribedEvent_A47@957e06</td></tr>
<tr>
<td title='prescribed_Event_Test.PrescribedEvent_A57.Run_Algorithm_California()'><b>Run_Algorithm_California</b><br>Test class: prescribed_Event_Test.PrescribedEvent_A57<br/>
<a href="#Output-731511455" onClick='toggleBox("Output-731511455", this, "Show output", "Hide output");'>Show output</a>

<a href="#Output-731511455" onClick="toggleAllBoxes();">Show all outputs</a>
<div class='log' id="Output-731511455">
Chrome launched<br/>
Navigated to BaseUrl: https://www.qa-wci-auction.org<br/>
</div>
</td>
<td></td>
<td>39</td>
<td>prescribed_Event_Test.PrescribedEvent_A57@32502377</td></tr>
<tr>
<td title='prescribed_Event_Test.PrescribedEvent_A56.Run_Algorithm_California()'><b>Run_Algorithm_California</b><br>Test class: prescribed_Event_Test.PrescribedEvent_A56<br/>
<a href="#Output-1878031668" onClick='toggleBox("Output-1878031668", this, "Show output", "Hide output");'>Show output</a>

<a href="#Output-1878031668" onClick="toggleAllBoxes();">Show all outputs</a>
<div class='log' id="Output-1878031668">
Chrome launched<br/>
Navigated to BaseUrl: https://www.qa-wci-auction.org<br/>
</div>
</td>
<td></td>
<td>43</td>
<td>prescribed_Event_Test.PrescribedEvent_A56@2c1b194a</td></tr>
<tr>
<td title='prescribed_Event_Test.PrescribedEvent_A49.Run_Algorithm_California()'><b>Run_Algorithm_California</b><br>Test class: prescribed_Event_Test.PrescribedEvent_A49<br/>
<a href="#Output-2110692114" onClick='toggleBox("Output-2110692114", this, "Show output", "Hide output");'>Show output</a>

<a href="#Output-2110692114" onClick="toggleAllBoxes();">Show all outputs</a>
<div class='log' id="Output-2110692114">
Chrome launched<br/>
Navigated to BaseUrl: https://www.qa-wci-auction.org<br/>
</div>
</td>
<td></td>
<td>39</td>
<td>prescribed_Event_Test.PrescribedEvent_A49@4dbb42b7</td></tr>
<tr>
<td title='prescribed_Event_Test.PrescribedEvent_A50.Run_Algorithm_Quebec()'><b>Run_Algorithm_Quebec</b><br>Test class: prescribed_Event_Test.PrescribedEvent_A50<br/>
<a href="#Output-843325140" onClick='toggleBox("Output-843325140", this, "Show output", "Hide output");'>Show output</a>

<a href="#Output-843325140" onClick="toggleAllBoxes();">Show all outputs</a>
<div class='log' id="Output-843325140">
Chrome launched<br/>
Navigated to BaseUrl: https://www.qa-wci-auction.org<br/>
</div>
</td>
<td></td>
<td>65</td>
<td>prescribed_Event_Test.PrescribedEvent_A50@1de5f259</td></tr>
<tr>
<td title='prescribed_Event_Test.PrescribedEvent_A51.Run_Algorithm_Quebec()'><b>Run_Algorithm_Quebec</b><br>Test class: prescribed_Event_Test.PrescribedEvent_A51<br/>
<a href="#Output-704916746" onClick='toggleBox("Output-704916746", this, "Show output", "Hide output");'>Show output</a>

<a href="#Output-704916746" onClick="toggleAllBoxes();">Show all outputs</a>
<div class='log' id="Output-704916746">
Chrome launched<br/>
Navigated to BaseUrl: https://www.qa-wci-auction.org<br/>
</div>
</td>
<td></td>
<td>64</td>
<td>prescribed_Event_Test.PrescribedEvent_A51@31fa1761</td></tr>
<tr>
<td title='prescribed_Event_Test.PrescribedEvent_A47.Run_Algorithm_Quebec()'><b>Run_Algorithm_Quebec</b><br>Test class: prescribed_Event_Test.PrescribedEvent_A47<br/>
<a href="#Output-1475734799" onClick='toggleBox("Output-1475734799", this, "Show output", "Hide output");'>Show output</a>

<a href="#Output-1475734799" onClick="toggleAllBoxes();">Show all outputs</a>
<div class='log' id="Output-1475734799">
Chrome launched<br/>
Navigated to BaseUrl: https://www.qa-wci-auction.org<br/>
</div>
</td>
<td></td>
<td>64</td>
<td>prescribed_Event_Test.PrescribedEvent_A47@957e06</td></tr>
<tr>
<td title='prescribed_Event_Test.PrescribedEvent_A57.Run_Algorithm_Quebec()'><b>Run_Algorithm_Quebec</b><br>Test class: prescribed_Event_Test.PrescribedEvent_A57<br/>
<a href="#Output-1429595529" onClick='toggleBox("Output-1429595529", this, "Show output", "Hide output");'>Show output</a>

<a href="#Output-1429595529" onClick="toggleAllBoxes();">Show all outputs</a>
<div class='log' id="Output-1429595529">
Chrome launched<br/>
Navigated to BaseUrl: https://www.qa-wci-auction.org<br/>
</div>
</td>
<td></td>
<td>65</td>
<td>prescribed_Event_Test.PrescribedEvent_A57@32502377</td></tr>
<tr>
<td title='prescribed_Event_Test.PrescribedEvent_A56.Run_Algorithm_Quebec()'><b>Run_Algorithm_Quebec</b><br>Test class: prescribed_Event_Test.PrescribedEvent_A56<br/>
<a href="#Output-1030375484" onClick='toggleBox("Output-1030375484", this, "Show output", "Hide output");'>Show output</a>

<a href="#Output-1030375484" onClick="toggleAllBoxes();">Show all outputs</a>
<div class='log' id="Output-1030375484">
Chrome launched<br/>
Navigated to BaseUrl: https://www.qa-wci-auction.org<br/>
</div>
</td>
<td></td>
<td>64</td>
<td>prescribed_Event_Test.PrescribedEvent_A56@2c1b194a</td></tr>
<tr>
<td title='prescribed_Event_Test.PrescribedEvent_A49.Run_Algorithm_Quebec()'><b>Run_Algorithm_Quebec</b><br>Test class: prescribed_Event_Test.PrescribedEvent_A49<br/>
<a href="#Output-1823406089" onClick='toggleBox("Output-1823406089", this, "Show output", "Hide output");'>Show output</a>

<a href="#Output-1823406089" onClick="toggleAllBoxes();">Show all outputs</a>
<div class='log' id="Output-1823406089">
Chrome launched<br/>
Navigated to BaseUrl: https://www.qa-wci-auction.org<br/>
</div>
</td>
<td></td>
<td>65</td>
<td>prescribed_Event_Test.PrescribedEvent_A49@4dbb42b7</td></tr>
<tr>
<td title='prescribed_Event_Test.PrescribedEvent_A218.Run_Algorithm_WashingtonFirstSponsor()'><b>Run_Algorithm_WashingtonFirstSponsor</b><br>Test class: prescribed_Event_Test.PrescribedEvent_A218<br/>
<a href="#Output-2094796150" onClick='toggleBox("Output-2094796150", this, "Show output", "Hide output");'>Show output</a>

<a href="#Output-2094796150" onClick="toggleAllBoxes();">Show all outputs</a>
<div class='log' id="Output-2094796150">
Chrome launched<br/>
Navigated to BaseUrl: https://www.qa-wci-auction.org<br/>
</div>
</td>
<td></td>
<td>44</td>
<td>prescribed_Event_Test.PrescribedEvent_A218@729d991e</td></tr>
<tr>
<td title='prescribed_Event_Test.PrescribedEvent_A218.Run_Algorithm_WashingtonSecondSponsor()'><b>Run_Algorithm_WashingtonSecondSponsor</b><br>Test class: prescribed_Event_Test.PrescribedEvent_A218<br/>
<a href="#Output-1493175013" onClick='toggleBox("Output-1493175013", this, "Show output", "Hide output");'>Show output</a>

<a href="#Output-1493175013" onClick="toggleAllBoxes();">Show all outputs</a>
<div class='log' id="Output-1493175013">
Chrome launched<br/>
Navigated to BaseUrl: https://www.qa-wci-auction.org<br/>
</div>
</td>
<td></td>
<td>39</td>
<td>prescribed_Event_Test.PrescribedEvent_A218@729d991e</td></tr>
<tr>
<td title='prescribed_Event_Test.PrescribedEvent_A47.SET_FXRATE_CA_A47()'><b>SET_FXRATE_CA_A47</b><br>Test class: prescribed_Event_Test.PrescribedEvent_A47<br/>
<a href="#Output-1235733873" onClick='toggleBox("Output-1235733873", this, "Show output", "Hide output");'>Show output</a>

<a href="#Output-1235733873" onClick="toggleAllBoxes();">Show all outputs</a>
<div class='log' id="Output-1235733873">
Chrome launched<br/>
Navigated to BaseUrl: https://www.qa-wci-auction.org<br/>
</div>
</td>
<td></td>
<td>39</td>
<td>prescribed_Event_Test.PrescribedEvent_A47@957e06</td></tr>
<tr>
<td title='prescribed_Event_Test.PrescribedEvent_A49.SET_FXRATE_CA_A49()'><b>SET_FXRATE_CA_A49</b><br>Test class: prescribed_Event_Test.PrescribedEvent_A49<br/>
<a href="#Output-264744265" onClick='toggleBox("Output-264744265", this, "Show output", "Hide output");'>Show output</a>

<a href="#Output-264744265" onClick="toggleAllBoxes();">Show all outputs</a>
<div class='log' id="Output-264744265">
Chrome launched<br/>
Navigated to BaseUrl: https://www.qa-wci-auction.org<br/>
</div>
</td>
<td></td>
<td>38</td>
<td>prescribed_Event_Test.PrescribedEvent_A49@4dbb42b7</td></tr>
<tr>
<td title='prescribed_Event_Test.PrescribedEvent_A50.SET_FXRATE_CA_A50()'><b>SET_FXRATE_CA_A50</b><br>Test class: prescribed_Event_Test.PrescribedEvent_A50<br/>
<a href="#Output-1529159609" onClick='toggleBox("Output-1529159609", this, "Show output", "Hide output");'>Show output</a>

<a href="#Output-1529159609" onClick="toggleAllBoxes();">Show all outputs</a>
<div class='log' id="Output-1529159609">
Chrome launched<br/>
Navigated to BaseUrl: https://www.qa-wci-auction.org<br/>
</div>
</td>
<td></td>
<td>37</td>
<td>prescribed_Event_Test.PrescribedEvent_A50@1de5f259</td></tr>
<tr>
<td title='prescribed_Event_Test.PrescribedEvent_A51.SET_FXRATE_CA_A51()'><b>SET_FXRATE_CA_A51</b><br>Test class: prescribed_Event_Test.PrescribedEvent_A51<br/>
<a href="#Output-2042638444" onClick='toggleBox("Output-2042638444", this, "Show output", "Hide output");'>Show output</a>

<a href="#Output-2042638444" onClick="toggleAllBoxes();">Show all outputs</a>
<div class='log' id="Output-2042638444">
Chrome launched<br/>
Navigated to BaseUrl: https://www.qa-wci-auction.org<br/>
</div>
</td>
<td></td>
<td>37</td>
<td>prescribed_Event_Test.PrescribedEvent_A51@31fa1761</td></tr>
<tr>
<td title='prescribed_Event_Test.PrescribedEvent_A56.SET_FXRATE_CA_A56()'><b>SET_FXRATE_CA_A56</b><br>Test class: prescribed_Event_Test.PrescribedEvent_A56<br/>
<a href="#Output-421830809" onClick='toggleBox("Output-421830809", this, "Show output", "Hide output");'>Show output</a>

<a href="#Output-421830809" onClick="toggleAllBoxes();">Show all outputs</a>
<div class='log' id="Output-421830809">
Chrome launched<br/>
Navigated to BaseUrl: https://www.qa-wci-auction.org<br/>
</div>
</td>
<td></td>
<td>36</td>
<td>prescribed_Event_Test.PrescribedEvent_A56@2c1b194a</td></tr>
<tr>
<td title='prescribed_Event_Test.PrescribedEvent_A57.SET_FXRATE_CA_A57()'><b>SET_FXRATE_CA_A57</b><br>Test class: prescribed_Event_Test.PrescribedEvent_A57<br/>
<a href="#Output-981294618" onClick='toggleBox("Output-981294618", this, "Show output", "Hide output");'>Show output</a>

<a href="#Output-981294618" onClick="toggleAllBoxes();">Show all outputs</a>
<div class='log' id="Output-981294618">
Chrome launched<br/>
Navigated to BaseUrl: https://www.qa-wci-auction.org<br/>
</div>
</td>
<td></td>
<td>37</td>
<td>prescribed_Event_Test.PrescribedEvent_A57@32502377</td></tr>
<tr>
<td title='prescribed_Event_Test.PrescribedEvent_A47.SET_FXRATE_QC_A47()'><b>SET_FXRATE_QC_A47</b><br>Test class: prescribed_Event_Test.PrescribedEvent_A47<br/>
<a href="#Output-1978562346" onClick='toggleBox("Output-1978562346", this, "Show output", "Hide output");'>Show output</a>

<a href="#Output-1978562346" onClick="toggleAllBoxes();">Show all outputs</a>
<div class='log' id="Output-1978562346">
Chrome launched<br/>
Navigated to BaseUrl: https://www.qa-wci-auction.org<br/>
</div>
</td>
<td></td>
<td>73</td>
<td>prescribed_Event_Test.PrescribedEvent_A47@957e06</td></tr>
<tr>
<td title='prescribed_Event_Test.PrescribedEvent_A49.SET_FXRATE_QC_A49()'><b>SET_FXRATE_QC_A49</b><br>Test class: prescribed_Event_Test.PrescribedEvent_A49<br/>
<a href="#Output-379750848" onClick='toggleBox("Output-379750848", this, "Show output", "Hide output");'>Show output</a>

<a href="#Output-379750848" onClick="toggleAllBoxes();">Show all outputs</a>
<div class='log' id="Output-379750848">
Chrome launched<br/>
Navigated to BaseUrl: https://www.qa-wci-auction.org<br/>
</div>
</td>
<td></td>
<td>68</td>
<td>prescribed_Event_Test.PrescribedEvent_A49@4dbb42b7</td></tr>
<tr>
<td title='prescribed_Event_Test.PrescribedEvent_A50.SET_FXRATE_QC_A50()'><b>SET_FXRATE_QC_A50</b><br>Test class: prescribed_Event_Test.PrescribedEvent_A50<br/>
<a href="#Output-1377992370" onClick='toggleBox("Output-1377992370", this, "Show output", "Hide output");'>Show output</a>

<a href="#Output-1377992370" onClick="toggleAllBoxes();">Show all outputs</a>
<div class='log' id="Output-1377992370">
Chrome launched<br/>
Navigated to BaseUrl: https://www.qa-wci-auction.org<br/>
</div>
</td>
<td></td>
<td>69</td>
<td>prescribed_Event_Test.PrescribedEvent_A50@1de5f259</td></tr>
<tr>
<td title='prescribed_Event_Test.PrescribedEvent_A51.SET_FXRATE_QC_A51()'><b>SET_FXRATE_QC_A51</b><br>Test class: prescribed_Event_Test.PrescribedEvent_A51<br/>
<a href="#Output-1918252650" onClick='toggleBox("Output-1918252650", this, "Show output", "Hide output");'>Show output</a>

<a href="#Output-1918252650" onClick="toggleAllBoxes();">Show all outputs</a>
<div class='log' id="Output-1918252650">
Chrome launched<br/>
Navigated to BaseUrl: https://www.qa-wci-auction.org<br/>
</div>
</td>
<td></td>
<td>69</td>
<td>prescribed_Event_Test.PrescribedEvent_A51@31fa1761</td></tr>
<tr>
<td title='prescribed_Event_Test.PrescribedEvent_A56.SET_FXRATE_QC_A56()'><b>SET_FXRATE_QC_A56</b><br>Test class: prescribed_Event_Test.PrescribedEvent_A56<br/>
<a href="#Output-345330137" onClick='toggleBox("Output-345330137", this, "Show output", "Hide output");'>Show output</a>

<a href="#Output-345330137" onClick="toggleAllBoxes();">Show all outputs</a>
<div class='log' id="Output-345330137">
Chrome launched<br/>
Navigated to BaseUrl: https://www.qa-wci-auction.org<br/>
</div>
</td>
<td></td>
<td>68</td>
<td>prescribed_Event_Test.PrescribedEvent_A56@2c1b194a</td></tr>
<tr>
<td title='prescribed_Event_Test.PrescribedEvent_A57.SET_FXRATE_QC_A57()'><b>SET_FXRATE_QC_A57</b><br>Test class: prescribed_Event_Test.PrescribedEvent_A57<br/>
<a href="#Output-2097091095" onClick='toggleBox("Output-2097091095", this, "Show output", "Hide output");'>Show output</a>

<a href="#Output-2097091095" onClick="toggleAllBoxes();">Show all outputs</a>
<div class='log' id="Output-2097091095">
Chrome launched<br/>
Navigated to BaseUrl: https://www.qa-wci-auction.org<br/>
</div>
</td>
<td></td>
<td>69</td>
<td>prescribed_Event_Test.PrescribedEvent_A57@32502377</td></tr>
</table><p>
<table width='100%' border='1' class='invocation-skipped'>
<tr><td colspan='4' align='center'><b>SKIPPED TESTS</b></td></tr>
<tr><td><b>Test method</b></td>
<td width="30%"><b>Exception</b></td>
<td width="10%"><b>Time (seconds)</b></td>
<td><b>Instance</b></td>
</tr>
<tr>
<td title='prescribed_Event_Test.PrescribedEvent_A50.CreateNewEvent_A50()'><b>CreateNewEvent_A50</b><br>Test class: prescribed_Event_Test.PrescribedEvent_A50<br/>
<a href="#Output-1367165453" onClick='toggleBox("Output-1367165453", this, "Show output", "Hide output");'>Show output</a>

<a href="#Output-1367165453" onClick="toggleAllBoxes();">Show all outputs</a>
<div class='log' id="Output-1367165453">
Chrome launched<br/>
Navigated to BaseUrl: https://www.qa-wci-auction.org<br/>
</div>
</td>
<td><div><pre>org.openqa.selenium.ElementClickInterceptedException: element click intercepted: Element &lt;span class=&quot;MuiButton-label&quot;&gt;...&lt;/span&gt; is not clickable at point (1440, 65). Other element would receive the click: &lt;div id=&quot;appSpinner&quot; class=&quot;jss379&quot;&gt;...&lt;/div&gt;
  (Session info: chrome=125.0.6422.112)
Build info: version: &apos;4.18.1&apos;, revision: &apos;b1d3319b48&apos;
System info: os.name: &apos;Windows 11&apos;, os.arch: &apos;amd64&apos;, os.version: &apos;10.0&apos;, java.version: &apos;20.0.1&apos;
Driver info: org.openqa.selenium.chrome.ChromeDriver
Command: [f2fea39edb5ee5ca0ad5ab4ce5559278, clickElement {id=f.D70D4E9E0FE523FE58AD24CED2B4168A.d.EC0442F827357A70AC62DFF9674612E9.e.22}]
Capabilities {acceptInsecureCerts: false, browserName: chrome, browserVersion: 125.0.6422.112, chrome: {chromedriverVersion: 125.0.6422.78 (14db42ec38ad..., userDataDir: C:\Users\ROHITV~1\AppData\L...}, fedcm:accounts: true, goog:chromeOptions: {debuggerAddress: localhost:61121}, networkConnectionEnabled: false, pageLoadStrategy: normal, platformName: windows, proxy: Proxy(), se:cdp: ws://localhost:61121/devtoo..., se:cdpVersion: 125.0.6422.112, setWindowRect: true, strictFileInteractability: false, timeouts: {implicit: 0, pageLoad: 300000, script: 30000}, unhandledPromptBehavior: dismiss and notify, webauthn:extension:credBlob: true, webauthn:extension:largeBlob: true, webauthn:extension:minPinLength: true, webauthn:extension:prf: true, webauthn:virtualAuthenticators: true}
Element: [[ChromeDriver: chrome on windows (f2fea39edb5ee5ca0ad5ab4ce5559278)] -&gt; xpath: //*[text()=&apos;Log in&apos;]]
Session ID: f2fea39edb5ee5ca0ad5ab4ce5559278
	at org.openqa.selenium.remote.ErrorCodec.decode(ErrorCodec.java:167)
	at org.openqa.selenium.remote.codec.w3c.W3CHttpResponseCodec.decode(W3CHttpResponseCodec.java:138)
	at org.openqa.selenium.remote.codec.w3c.W3CHttpResponseCodec.decode(W3CHttpResponseCodec.java:50)
	at org.openqa.selenium.remote.HttpCommandExecutor.execute(HttpCommandExecutor.java:190)
	at org.openqa.selenium.remote.service.DriverCommandExecutor.invokeExecute(DriverCommandExecutor.java:216)
	at org.openqa.selenium.remote.service.DriverCommandExecutor.execute(DriverCommandExecutor.java:174)
	at org.openqa.selenium.remote.RemoteWebDriver.execute(RemoteWebDriver.java:519)
	at org.openqa.selenium.remote.RemoteWebElement.execute(RemoteWebElement.java:223)
	at org.openqa.selenium.remote.RemoteWebElement.click(RemoteWebElement.java:76)
	at org.openqa.selenium.support.pagefactory.internal.LocatingElementHandler.invoke(LocatingElementHandler.java:51)
	at jdk.proxy2/jdk.proxy2.$Proxy13.click(Unknown Source)
	at pageObjects.com_pomClassForJointAuctionTieBreaker.sponsorLoginCa2(com_pomClassForJointAuctionTieBreaker.java:21319)
	at prescribed_Event_Test.PrescribedEvent_A50.CreateNewEvent_A50(PrescribedEvent_A50.java:31)
	at java.base/java.util.ArrayList.forEach(ArrayList.java:1511)
... Removed 30 stack frames</pre></div><a href='#' onClick='toggleBox("stack-trace1367165453", this, "Click to show all stack frames", "Click to hide stack frames")'>Click to show all stack frames</a>
<div class='stack-trace' id='stack-trace1367165453'><pre>org.openqa.selenium.ElementClickInterceptedException: element click intercepted: Element &lt;span class=&quot;MuiButton-label&quot;&gt;...&lt;/span&gt; is not clickable at point (1440, 65). Other element would receive the click: &lt;div id=&quot;appSpinner&quot; class=&quot;jss379&quot;&gt;...&lt;/div&gt;
  (Session info: chrome=125.0.6422.112)
Build info: version: &apos;4.18.1&apos;, revision: &apos;b1d3319b48&apos;
System info: os.name: &apos;Windows 11&apos;, os.arch: &apos;amd64&apos;, os.version: &apos;10.0&apos;, java.version: &apos;20.0.1&apos;
Driver info: org.openqa.selenium.chrome.ChromeDriver
Command: [f2fea39edb5ee5ca0ad5ab4ce5559278, clickElement {id=f.D70D4E9E0FE523FE58AD24CED2B4168A.d.EC0442F827357A70AC62DFF9674612E9.e.22}]
Capabilities {acceptInsecureCerts: false, browserName: chrome, browserVersion: 125.0.6422.112, chrome: {chromedriverVersion: 125.0.6422.78 (14db42ec38ad..., userDataDir: C:\Users\ROHITV~1\AppData\L...}, fedcm:accounts: true, goog:chromeOptions: {debuggerAddress: localhost:61121}, networkConnectionEnabled: false, pageLoadStrategy: normal, platformName: windows, proxy: Proxy(), se:cdp: ws://localhost:61121/devtoo..., se:cdpVersion: 125.0.6422.112, setWindowRect: true, strictFileInteractability: false, timeouts: {implicit: 0, pageLoad: 300000, script: 30000}, unhandledPromptBehavior: dismiss and notify, webauthn:extension:credBlob: true, webauthn:extension:largeBlob: true, webauthn:extension:minPinLength: true, webauthn:extension:prf: true, webauthn:virtualAuthenticators: true}
Element: [[ChromeDriver: chrome on windows (f2fea39edb5ee5ca0ad5ab4ce5559278)] -&gt; xpath: //*[text()=&apos;Log in&apos;]]
Session ID: f2fea39edb5ee5ca0ad5ab4ce5559278
	at java.base/jdk.internal.reflect.DirectConstructorHandleAccessor.newInstance(DirectConstructorHandleAccessor.java:67)
	at java.base/java.lang.reflect.Constructor.newInstanceWithCaller(Constructor.java:500)
	at java.base/java.lang.reflect.Constructor.newInstance(Constructor.java:484)
	at org.openqa.selenium.remote.ErrorCodec.decode(ErrorCodec.java:167)
	at org.openqa.selenium.remote.codec.w3c.W3CHttpResponseCodec.decode(W3CHttpResponseCodec.java:138)
	at org.openqa.selenium.remote.codec.w3c.W3CHttpResponseCodec.decode(W3CHttpResponseCodec.java:50)
	at org.openqa.selenium.remote.HttpCommandExecutor.execute(HttpCommandExecutor.java:190)
	at org.openqa.selenium.remote.service.DriverCommandExecutor.invokeExecute(DriverCommandExecutor.java:216)
	at org.openqa.selenium.remote.service.DriverCommandExecutor.execute(DriverCommandExecutor.java:174)
	at org.openqa.selenium.remote.RemoteWebDriver.execute(RemoteWebDriver.java:519)
	at org.openqa.selenium.remote.RemoteWebElement.execute(RemoteWebElement.java:223)
	at org.openqa.selenium.remote.RemoteWebElement.click(RemoteWebElement.java:76)
	at java.base/jdk.internal.reflect.DirectMethodHandleAccessor.invoke(DirectMethodHandleAccessor.java:104)
	at java.base/java.lang.reflect.Method.invoke(Method.java:578)
	at org.openqa.selenium.support.pagefactory.internal.LocatingElementHandler.invoke(LocatingElementHandler.java:51)
	at jdk.proxy2/jdk.proxy2.$Proxy13.click(Unknown Source)
	at pageObjects.com_pomClassForJointAuctionTieBreaker.sponsorLoginCa2(com_pomClassForJointAuctionTieBreaker.java:21319)
	at prescribed_Event_Test.PrescribedEvent_A50.CreateNewEvent_A50(PrescribedEvent_A50.java:31)
	at java.base/jdk.internal.reflect.DirectMethodHandleAccessor.invoke(DirectMethodHandleAccessor.java:104)
	at java.base/java.lang.reflect.Method.invoke(Method.java:578)
	at org.testng.internal.MethodInvocationHelper.invokeMethod(MethodInvocationHelper.java:132)
	at org.testng.internal.TestInvoker.invokeMethod(TestInvoker.java:599)
	at org.testng.internal.TestInvoker.invokeTestMethod(TestInvoker.java:174)
	at org.testng.internal.MethodRunner.runInSequence(MethodRunner.java:46)
	at org.testng.internal.TestInvoker$MethodInvocationAgent.invoke(TestInvoker.java:822)
	at org.testng.internal.TestInvoker.invokeTestMethods(TestInvoker.java:147)
	at org.testng.internal.TestMethodWorker.invokeTestMethods(TestMethodWorker.java:146)
	at org.testng.internal.TestMethodWorker.run(TestMethodWorker.java:128)
	at java.base/java.util.ArrayList.forEach(ArrayList.java:1511)
	at org.testng.TestRunner.privateRun(TestRunner.java:764)
	at org.testng.TestRunner.run(TestRunner.java:585)
	at org.testng.SuiteRunner.runTest(SuiteRunner.java:384)
	at org.testng.SuiteRunner.runSequentially(SuiteRunner.java:378)
	at org.testng.SuiteRunner.privateRun(SuiteRunner.java:337)
	at org.testng.SuiteRunner.run(SuiteRunner.java:286)
	at org.testng.SuiteRunnerWorker.runSuite(SuiteRunnerWorker.java:53)
	at org.testng.SuiteRunnerWorker.run(SuiteRunnerWorker.java:96)
	at org.testng.TestNG.runSuitesSequentially(TestNG.java:1218)
	at org.testng.TestNG.runSuitesLocally(TestNG.java:1140)
	at org.testng.TestNG.runSuites(TestNG.java:1069)
	at org.testng.TestNG.run(TestNG.java:1037)
	at org.testng.remote.AbstractRemoteTestNG.run(AbstractRemoteTestNG.java:115)
	at org.testng.remote.RemoteTestNG.initAndRun(RemoteTestNG.java:251)
	at org.testng.remote.RemoteTestNG.main(RemoteTestNG.java:77)
</pre></div></td>
<td>12</td>
<td>prescribed_Event_Test.PrescribedEvent_A50@1de5f259</td></tr>
<tr>
<td title='prescribed_Event_Test.PrescribedEvent_A50.Execute_API()'><b>Execute_API</b><br>Test class: prescribed_Event_Test.PrescribedEvent_A50<br/>
<a href="#Output-1568999973" onClick='toggleBox("Output-1568999973", this, "Show output", "Hide output");'>Show output</a>

<a href="#Output-1568999973" onClick="toggleAllBoxes();">Show all outputs</a>
<div class='log' id="Output-1568999973">
Chrome launched<br/>
Navigated to BaseUrl: https://www.qa-wci-auction.org<br/>
</div>
</td>
<td><div><pre>org.openqa.selenium.ElementClickInterceptedException: element click intercepted: Element &lt;span class=&quot;MuiButton-label&quot;&gt;...&lt;/span&gt; is not clickable at point (1423, 194). Other element would receive the click: &lt;td class=&quot;MuiTableCell-root MuiTableCell-body&quot;&gt;...&lt;/td&gt;
  (Session info: chrome=125.0.6422.112)
Build info: version: &apos;4.18.1&apos;, revision: &apos;b1d3319b48&apos;
System info: os.name: &apos;Windows 11&apos;, os.arch: &apos;amd64&apos;, os.version: &apos;10.0&apos;, java.version: &apos;20.0.1&apos;
Driver info: org.openqa.selenium.chrome.ChromeDriver
Command: [5cf76620075b5350c0e517b0c5483c76, clickElement {id=f.729CE458C1CF2F5805E3D24FD7B027B5.d.6221F79A1393FD4757660F88401CAB60.e.163}]
Capabilities {acceptInsecureCerts: false, browserName: chrome, browserVersion: 125.0.6422.112, chrome: {chromedriverVersion: 125.0.6422.78 (14db42ec38ad..., userDataDir: C:\Users\ROHITV~1\AppData\L...}, fedcm:accounts: true, goog:chromeOptions: {debuggerAddress: localhost:61515}, networkConnectionEnabled: false, pageLoadStrategy: normal, platformName: windows, proxy: Proxy(), se:cdp: ws://localhost:61515/devtoo..., se:cdpVersion: 125.0.6422.112, setWindowRect: true, strictFileInteractability: false, timeouts: {implicit: 0, pageLoad: 300000, script: 30000}, unhandledPromptBehavior: dismiss and notify, webauthn:extension:credBlob: true, webauthn:extension:largeBlob: true, webauthn:extension:minPinLength: true, webauthn:extension:prf: true, webauthn:virtualAuthenticators: true}
Element: [[ChromeDriver: chrome on windows (5cf76620075b5350c0e517b0c5483c76)] -&gt; xpath: (//*[text()=&apos;Execute&apos;])[3]]
Session ID: 5cf76620075b5350c0e517b0c5483c76
	at org.openqa.selenium.remote.ErrorCodec.decode(ErrorCodec.java:167)
	at org.openqa.selenium.remote.codec.w3c.W3CHttpResponseCodec.decode(W3CHttpResponseCodec.java:138)
	at org.openqa.selenium.remote.codec.w3c.W3CHttpResponseCodec.decode(W3CHttpResponseCodec.java:50)
	at org.openqa.selenium.remote.HttpCommandExecutor.execute(HttpCommandExecutor.java:190)
	at org.openqa.selenium.remote.service.DriverCommandExecutor.invokeExecute(DriverCommandExecutor.java:216)
	at org.openqa.selenium.remote.service.DriverCommandExecutor.execute(DriverCommandExecutor.java:174)
	at org.openqa.selenium.remote.RemoteWebDriver.execute(RemoteWebDriver.java:519)
	at org.openqa.selenium.remote.RemoteWebElement.execute(RemoteWebElement.java:223)
	at org.openqa.selenium.remote.RemoteWebElement.click(RemoteWebElement.java:76)
	at org.openqa.selenium.support.pagefactory.internal.LocatingElementHandler.invoke(LocatingElementHandler.java:51)
	at jdk.proxy2/jdk.proxy2.$Proxy13.click(Unknown Source)
	at pageObjects.com_pomClassForJointAuctionTieBreaker.executeAPIGetBidLimitations(com_pomClassForJointAuctionTieBreaker.java:8559)
	at prescribed_Event_Test.PrescribedEvent_A50.Execute_API(PrescribedEvent_A50.java:93)
	at java.base/java.util.ArrayList.forEach(ArrayList.java:1511)
... Removed 30 stack frames</pre></div><a href='#' onClick='toggleBox("stack-trace1568999973", this, "Click to show all stack frames", "Click to hide stack frames")'>Click to show all stack frames</a>
<div class='stack-trace' id='stack-trace1568999973'><pre>org.openqa.selenium.ElementClickInterceptedException: element click intercepted: Element &lt;span class=&quot;MuiButton-label&quot;&gt;...&lt;/span&gt; is not clickable at point (1423, 194). Other element would receive the click: &lt;td class=&quot;MuiTableCell-root MuiTableCell-body&quot;&gt;...&lt;/td&gt;
  (Session info: chrome=125.0.6422.112)
Build info: version: &apos;4.18.1&apos;, revision: &apos;b1d3319b48&apos;
System info: os.name: &apos;Windows 11&apos;, os.arch: &apos;amd64&apos;, os.version: &apos;10.0&apos;, java.version: &apos;20.0.1&apos;
Driver info: org.openqa.selenium.chrome.ChromeDriver
Command: [5cf76620075b5350c0e517b0c5483c76, clickElement {id=f.729CE458C1CF2F5805E3D24FD7B027B5.d.6221F79A1393FD4757660F88401CAB60.e.163}]
Capabilities {acceptInsecureCerts: false, browserName: chrome, browserVersion: 125.0.6422.112, chrome: {chromedriverVersion: 125.0.6422.78 (14db42ec38ad..., userDataDir: C:\Users\ROHITV~1\AppData\L...}, fedcm:accounts: true, goog:chromeOptions: {debuggerAddress: localhost:61515}, networkConnectionEnabled: false, pageLoadStrategy: normal, platformName: windows, proxy: Proxy(), se:cdp: ws://localhost:61515/devtoo..., se:cdpVersion: 125.0.6422.112, setWindowRect: true, strictFileInteractability: false, timeouts: {implicit: 0, pageLoad: 300000, script: 30000}, unhandledPromptBehavior: dismiss and notify, webauthn:extension:credBlob: true, webauthn:extension:largeBlob: true, webauthn:extension:minPinLength: true, webauthn:extension:prf: true, webauthn:virtualAuthenticators: true}
Element: [[ChromeDriver: chrome on windows (5cf76620075b5350c0e517b0c5483c76)] -&gt; xpath: (//*[text()=&apos;Execute&apos;])[3]]
Session ID: 5cf76620075b5350c0e517b0c5483c76
	at java.base/jdk.internal.reflect.DirectConstructorHandleAccessor.newInstance(DirectConstructorHandleAccessor.java:67)
	at java.base/java.lang.reflect.Constructor.newInstanceWithCaller(Constructor.java:500)
	at java.base/java.lang.reflect.Constructor.newInstance(Constructor.java:484)
	at org.openqa.selenium.remote.ErrorCodec.decode(ErrorCodec.java:167)
	at org.openqa.selenium.remote.codec.w3c.W3CHttpResponseCodec.decode(W3CHttpResponseCodec.java:138)
	at org.openqa.selenium.remote.codec.w3c.W3CHttpResponseCodec.decode(W3CHttpResponseCodec.java:50)
	at org.openqa.selenium.remote.HttpCommandExecutor.execute(HttpCommandExecutor.java:190)
	at org.openqa.selenium.remote.service.DriverCommandExecutor.invokeExecute(DriverCommandExecutor.java:216)
	at org.openqa.selenium.remote.service.DriverCommandExecutor.execute(DriverCommandExecutor.java:174)
	at org.openqa.selenium.remote.RemoteWebDriver.execute(RemoteWebDriver.java:519)
	at org.openqa.selenium.remote.RemoteWebElement.execute(RemoteWebElement.java:223)
	at org.openqa.selenium.remote.RemoteWebElement.click(RemoteWebElement.java:76)
	at java.base/jdk.internal.reflect.DirectMethodHandleAccessor.invoke(DirectMethodHandleAccessor.java:104)
	at java.base/java.lang.reflect.Method.invoke(Method.java:578)
	at org.openqa.selenium.support.pagefactory.internal.LocatingElementHandler.invoke(LocatingElementHandler.java:51)
	at jdk.proxy2/jdk.proxy2.$Proxy13.click(Unknown Source)
	at pageObjects.com_pomClassForJointAuctionTieBreaker.executeAPIGetBidLimitations(com_pomClassForJointAuctionTieBreaker.java:8559)
	at prescribed_Event_Test.PrescribedEvent_A50.Execute_API(PrescribedEvent_A50.java:93)
	at java.base/jdk.internal.reflect.DirectMethodHandleAccessor.invoke(DirectMethodHandleAccessor.java:104)
	at java.base/java.lang.reflect.Method.invoke(Method.java:578)
	at org.testng.internal.MethodInvocationHelper.invokeMethod(MethodInvocationHelper.java:132)
	at org.testng.internal.TestInvoker.invokeMethod(TestInvoker.java:599)
	at org.testng.internal.TestInvoker.invokeTestMethod(TestInvoker.java:174)
	at org.testng.internal.MethodRunner.runInSequence(MethodRunner.java:46)
	at org.testng.internal.TestInvoker$MethodInvocationAgent.invoke(TestInvoker.java:822)
	at org.testng.internal.TestInvoker.invokeTestMethods(TestInvoker.java:147)
	at org.testng.internal.TestMethodWorker.invokeTestMethods(TestMethodWorker.java:146)
	at org.testng.internal.TestMethodWorker.run(TestMethodWorker.java:128)
	at java.base/java.util.ArrayList.forEach(ArrayList.java:1511)
	at org.testng.TestRunner.privateRun(TestRunner.java:764)
	at org.testng.TestRunner.run(TestRunner.java:585)
	at org.testng.SuiteRunner.runTest(SuiteRunner.java:384)
	at org.testng.SuiteRunner.runSequentially(SuiteRunner.java:378)
	at org.testng.SuiteRunner.privateRun(SuiteRunner.java:337)
	at org.testng.SuiteRunner.run(SuiteRunner.java:286)
	at org.testng.SuiteRunnerWorker.runSuite(SuiteRunnerWorker.java:53)
	at org.testng.SuiteRunnerWorker.run(SuiteRunnerWorker.java:96)
	at org.testng.TestNG.runSuitesSequentially(TestNG.java:1218)
	at org.testng.TestNG.runSuitesLocally(TestNG.java:1140)
	at org.testng.TestNG.runSuites(TestNG.java:1069)
	at org.testng.TestNG.run(TestNG.java:1037)
	at org.testng.remote.AbstractRemoteTestNG.run(AbstractRemoteTestNG.java:115)
	at org.testng.remote.RemoteTestNG.initAndRun(RemoteTestNG.java:251)
	at org.testng.remote.RemoteTestNG.main(RemoteTestNG.java:77)
</pre></div></td>
<td>42</td>
<td>prescribed_Event_Test.PrescribedEvent_A50@1de5f259</td></tr>
<tr>
<td title='prescribed_Event_Test.PrescribedEvent_A218.Execute_API()'><b>Execute_API</b><br>Test class: prescribed_Event_Test.PrescribedEvent_A218<br/>
<a href="#Output-1854078699" onClick='toggleBox("Output-1854078699", this, "Show output", "Hide output");'>Show output</a>

<a href="#Output-1854078699" onClick="toggleAllBoxes();">Show all outputs</a>
<div class='log' id="Output-1854078699">
Chrome launched<br/>
Navigated to BaseUrl: https://www.qa-wci-auction.org<br/>
</div>
</td>
<td><div><pre>org.openqa.selenium.ElementClickInterceptedException: element click intercepted: Element &lt;span class=&quot;MuiButton-label&quot;&gt;...&lt;/span&gt; is not clickable at point (1423, 194). Other element would receive the click: &lt;td class=&quot;MuiTableCell-root MuiTableCell-body&quot;&gt;...&lt;/td&gt;
  (Session info: chrome=125.0.6422.112)
Build info: version: &apos;4.18.1&apos;, revision: &apos;b1d3319b48&apos;
System info: os.name: &apos;Windows 11&apos;, os.arch: &apos;amd64&apos;, os.version: &apos;10.0&apos;, java.version: &apos;20.0.1&apos;
Driver info: org.openqa.selenium.chrome.ChromeDriver
Command: [0313a73be29165c83484cca8e0d5f15b, clickElement {id=f.A2F30913E0618AEFA587B52F2DC9CDDC.d.C04ED8EE58CD7840BF8C3C28052F24C0.e.169}]
Capabilities {acceptInsecureCerts: false, browserName: chrome, browserVersion: 125.0.6422.112, chrome: {chromedriverVersion: 125.0.6422.78 (14db42ec38ad..., userDataDir: C:\Users\ROHITV~1\AppData\L...}, fedcm:accounts: true, goog:chromeOptions: {debuggerAddress: localhost:62825}, networkConnectionEnabled: false, pageLoadStrategy: normal, platformName: windows, proxy: Proxy(), se:cdp: ws://localhost:62825/devtoo..., se:cdpVersion: 125.0.6422.112, setWindowRect: true, strictFileInteractability: false, timeouts: {implicit: 0, pageLoad: 300000, script: 30000}, unhandledPromptBehavior: dismiss and notify, webauthn:extension:credBlob: true, webauthn:extension:largeBlob: true, webauthn:extension:minPinLength: true, webauthn:extension:prf: true, webauthn:virtualAuthenticators: true}
Element: [[ChromeDriver: chrome on windows (0313a73be29165c83484cca8e0d5f15b)] -&gt; xpath: (//*[text()=&apos;Execute&apos;])[3]]
Session ID: 0313a73be29165c83484cca8e0d5f15b
	at org.openqa.selenium.remote.ErrorCodec.decode(ErrorCodec.java:167)
	at org.openqa.selenium.remote.codec.w3c.W3CHttpResponseCodec.decode(W3CHttpResponseCodec.java:138)
	at org.openqa.selenium.remote.codec.w3c.W3CHttpResponseCodec.decode(W3CHttpResponseCodec.java:50)
	at org.openqa.selenium.remote.HttpCommandExecutor.execute(HttpCommandExecutor.java:190)
	at org.openqa.selenium.remote.service.DriverCommandExecutor.invokeExecute(DriverCommandExecutor.java:216)
	at org.openqa.selenium.remote.service.DriverCommandExecutor.execute(DriverCommandExecutor.java:174)
	at org.openqa.selenium.remote.RemoteWebDriver.execute(RemoteWebDriver.java:519)
	at org.openqa.selenium.remote.RemoteWebElement.execute(RemoteWebElement.java:223)
	at org.openqa.selenium.remote.RemoteWebElement.click(RemoteWebElement.java:76)
	at org.openqa.selenium.support.pagefactory.internal.LocatingElementHandler.invoke(LocatingElementHandler.java:51)
	at jdk.proxy2/jdk.proxy2.$Proxy13.click(Unknown Source)
	at pageObjects.com_pomClassForJointAuctionTieBreaker.executeAPIGetBidLimitations(com_pomClassForJointAuctionTieBreaker.java:8559)
	at prescribed_Event_Test.PrescribedEvent_A218.Execute_API(PrescribedEvent_A218.java:67)
	at java.base/java.util.ArrayList.forEach(ArrayList.java:1511)
... Removed 30 stack frames</pre></div><a href='#' onClick='toggleBox("stack-trace1854078699", this, "Click to show all stack frames", "Click to hide stack frames")'>Click to show all stack frames</a>
<div class='stack-trace' id='stack-trace1854078699'><pre>org.openqa.selenium.ElementClickInterceptedException: element click intercepted: Element &lt;span class=&quot;MuiButton-label&quot;&gt;...&lt;/span&gt; is not clickable at point (1423, 194). Other element would receive the click: &lt;td class=&quot;MuiTableCell-root MuiTableCell-body&quot;&gt;...&lt;/td&gt;
  (Session info: chrome=125.0.6422.112)
Build info: version: &apos;4.18.1&apos;, revision: &apos;b1d3319b48&apos;
System info: os.name: &apos;Windows 11&apos;, os.arch: &apos;amd64&apos;, os.version: &apos;10.0&apos;, java.version: &apos;20.0.1&apos;
Driver info: org.openqa.selenium.chrome.ChromeDriver
Command: [0313a73be29165c83484cca8e0d5f15b, clickElement {id=f.A2F30913E0618AEFA587B52F2DC9CDDC.d.C04ED8EE58CD7840BF8C3C28052F24C0.e.169}]
Capabilities {acceptInsecureCerts: false, browserName: chrome, browserVersion: 125.0.6422.112, chrome: {chromedriverVersion: 125.0.6422.78 (14db42ec38ad..., userDataDir: C:\Users\ROHITV~1\AppData\L...}, fedcm:accounts: true, goog:chromeOptions: {debuggerAddress: localhost:62825}, networkConnectionEnabled: false, pageLoadStrategy: normal, platformName: windows, proxy: Proxy(), se:cdp: ws://localhost:62825/devtoo..., se:cdpVersion: 125.0.6422.112, setWindowRect: true, strictFileInteractability: false, timeouts: {implicit: 0, pageLoad: 300000, script: 30000}, unhandledPromptBehavior: dismiss and notify, webauthn:extension:credBlob: true, webauthn:extension:largeBlob: true, webauthn:extension:minPinLength: true, webauthn:extension:prf: true, webauthn:virtualAuthenticators: true}
Element: [[ChromeDriver: chrome on windows (0313a73be29165c83484cca8e0d5f15b)] -&gt; xpath: (//*[text()=&apos;Execute&apos;])[3]]
Session ID: 0313a73be29165c83484cca8e0d5f15b
	at java.base/jdk.internal.reflect.DirectConstructorHandleAccessor.newInstance(DirectConstructorHandleAccessor.java:67)
	at java.base/java.lang.reflect.Constructor.newInstanceWithCaller(Constructor.java:500)
	at java.base/java.lang.reflect.Constructor.newInstance(Constructor.java:484)
	at org.openqa.selenium.remote.ErrorCodec.decode(ErrorCodec.java:167)
	at org.openqa.selenium.remote.codec.w3c.W3CHttpResponseCodec.decode(W3CHttpResponseCodec.java:138)
	at org.openqa.selenium.remote.codec.w3c.W3CHttpResponseCodec.decode(W3CHttpResponseCodec.java:50)
	at org.openqa.selenium.remote.HttpCommandExecutor.execute(HttpCommandExecutor.java:190)
	at org.openqa.selenium.remote.service.DriverCommandExecutor.invokeExecute(DriverCommandExecutor.java:216)
	at org.openqa.selenium.remote.service.DriverCommandExecutor.execute(DriverCommandExecutor.java:174)
	at org.openqa.selenium.remote.RemoteWebDriver.execute(RemoteWebDriver.java:519)
	at org.openqa.selenium.remote.RemoteWebElement.execute(RemoteWebElement.java:223)
	at org.openqa.selenium.remote.RemoteWebElement.click(RemoteWebElement.java:76)
	at java.base/jdk.internal.reflect.DirectMethodHandleAccessor.invoke(DirectMethodHandleAccessor.java:104)
	at java.base/java.lang.reflect.Method.invoke(Method.java:578)
	at org.openqa.selenium.support.pagefactory.internal.LocatingElementHandler.invoke(LocatingElementHandler.java:51)
	at jdk.proxy2/jdk.proxy2.$Proxy13.click(Unknown Source)
	at pageObjects.com_pomClassForJointAuctionTieBreaker.executeAPIGetBidLimitations(com_pomClassForJointAuctionTieBreaker.java:8559)
	at prescribed_Event_Test.PrescribedEvent_A218.Execute_API(PrescribedEvent_A218.java:67)
	at java.base/jdk.internal.reflect.DirectMethodHandleAccessor.invoke(DirectMethodHandleAccessor.java:104)
	at java.base/java.lang.reflect.Method.invoke(Method.java:578)
	at org.testng.internal.MethodInvocationHelper.invokeMethod(MethodInvocationHelper.java:132)
	at org.testng.internal.TestInvoker.invokeMethod(TestInvoker.java:599)
	at org.testng.internal.TestInvoker.invokeTestMethod(TestInvoker.java:174)
	at org.testng.internal.MethodRunner.runInSequence(MethodRunner.java:46)
	at org.testng.internal.TestInvoker$MethodInvocationAgent.invoke(TestInvoker.java:822)
	at org.testng.internal.TestInvoker.invokeTestMethods(TestInvoker.java:147)
	at org.testng.internal.TestMethodWorker.invokeTestMethods(TestMethodWorker.java:146)
	at org.testng.internal.TestMethodWorker.run(TestMethodWorker.java:128)
	at java.base/java.util.ArrayList.forEach(ArrayList.java:1511)
	at org.testng.TestRunner.privateRun(TestRunner.java:764)
	at org.testng.TestRunner.run(TestRunner.java:585)
	at org.testng.SuiteRunner.runTest(SuiteRunner.java:384)
	at org.testng.SuiteRunner.runSequentially(SuiteRunner.java:378)
	at org.testng.SuiteRunner.privateRun(SuiteRunner.java:337)
	at org.testng.SuiteRunner.run(SuiteRunner.java:286)
	at org.testng.SuiteRunnerWorker.runSuite(SuiteRunnerWorker.java:53)
	at org.testng.SuiteRunnerWorker.run(SuiteRunnerWorker.java:96)
	at org.testng.TestNG.runSuitesSequentially(TestNG.java:1218)
	at org.testng.TestNG.runSuitesLocally(TestNG.java:1140)
	at org.testng.TestNG.runSuites(TestNG.java:1069)
	at org.testng.TestNG.run(TestNG.java:1037)
	at org.testng.remote.AbstractRemoteTestNG.run(AbstractRemoteTestNG.java:115)
	at org.testng.remote.RemoteTestNG.initAndRun(RemoteTestNG.java:251)
	at org.testng.remote.RemoteTestNG.main(RemoteTestNG.java:77)
</pre></div></td>
<td>44</td>
<td>prescribed_Event_Test.PrescribedEvent_A218@729d991e</td></tr>
<tr>
<td title='prescribed_Event_Test.PrescribedEvent_A51.Execute_API()'><b>Execute_API</b><br>Test class: prescribed_Event_Test.PrescribedEvent_A51<br/>
<a href="#Output-775481658" onClick='toggleBox("Output-775481658", this, "Show output", "Hide output");'>Show output</a>

<a href="#Output-775481658" onClick="toggleAllBoxes();">Show all outputs</a>
<div class='log' id="Output-775481658">
Chrome launched<br/>
Navigated to BaseUrl: https://www.qa-wci-auction.org<br/>
</div>
</td>
<td><div><pre>org.openqa.selenium.ElementClickInterceptedException: element click intercepted: Element &lt;span class=&quot;MuiButton-label&quot;&gt;...&lt;/span&gt; is not clickable at point (1423, 194). Other element would receive the click: &lt;td class=&quot;MuiTableCell-root MuiTableCell-body&quot;&gt;...&lt;/td&gt;
  (Session info: chrome=125.0.6422.112)
Build info: version: &apos;4.18.1&apos;, revision: &apos;b1d3319b48&apos;
System info: os.name: &apos;Windows 11&apos;, os.arch: &apos;amd64&apos;, os.version: &apos;10.0&apos;, java.version: &apos;20.0.1&apos;
Driver info: org.openqa.selenium.chrome.ChromeDriver
Command: [62467dd1eb2a639c3601d6530c592d81, clickElement {id=f.06651E2ACBD110222AD28B529EBD740B.d.5D50A86D7E8164F29DAFDB8E7F6EEB2F.e.164}]
Capabilities {acceptInsecureCerts: false, browserName: chrome, browserVersion: 125.0.6422.112, chrome: {chromedriverVersion: 125.0.6422.78 (14db42ec38ad..., userDataDir: C:\Users\ROHITV~1\AppData\L...}, fedcm:accounts: true, goog:chromeOptions: {debuggerAddress: localhost:63315}, networkConnectionEnabled: false, pageLoadStrategy: normal, platformName: windows, proxy: Proxy(), se:cdp: ws://localhost:63315/devtoo..., se:cdpVersion: 125.0.6422.112, setWindowRect: true, strictFileInteractability: false, timeouts: {implicit: 0, pageLoad: 300000, script: 30000}, unhandledPromptBehavior: dismiss and notify, webauthn:extension:credBlob: true, webauthn:extension:largeBlob: true, webauthn:extension:minPinLength: true, webauthn:extension:prf: true, webauthn:virtualAuthenticators: true}
Element: [[ChromeDriver: chrome on windows (62467dd1eb2a639c3601d6530c592d81)] -&gt; xpath: (//*[text()=&apos;Execute&apos;])[3]]
Session ID: 62467dd1eb2a639c3601d6530c592d81
	at org.openqa.selenium.remote.ErrorCodec.decode(ErrorCodec.java:167)
	at org.openqa.selenium.remote.codec.w3c.W3CHttpResponseCodec.decode(W3CHttpResponseCodec.java:138)
	at org.openqa.selenium.remote.codec.w3c.W3CHttpResponseCodec.decode(W3CHttpResponseCodec.java:50)
	at org.openqa.selenium.remote.HttpCommandExecutor.execute(HttpCommandExecutor.java:190)
	at org.openqa.selenium.remote.service.DriverCommandExecutor.invokeExecute(DriverCommandExecutor.java:216)
	at org.openqa.selenium.remote.service.DriverCommandExecutor.execute(DriverCommandExecutor.java:174)
	at org.openqa.selenium.remote.RemoteWebDriver.execute(RemoteWebDriver.java:519)
	at org.openqa.selenium.remote.RemoteWebElement.execute(RemoteWebElement.java:223)
	at org.openqa.selenium.remote.RemoteWebElement.click(RemoteWebElement.java:76)
	at org.openqa.selenium.support.pagefactory.internal.LocatingElementHandler.invoke(LocatingElementHandler.java:51)
	at jdk.proxy2/jdk.proxy2.$Proxy13.click(Unknown Source)
	at pageObjects.com_pomClassForJointAuctionTieBreaker.executeAPIGetBidLimitations(com_pomClassForJointAuctionTieBreaker.java:8559)
	at prescribed_Event_Test.PrescribedEvent_A51.Execute_API(PrescribedEvent_A51.java:91)
	at java.base/java.util.ArrayList.forEach(ArrayList.java:1511)
... Removed 30 stack frames</pre></div><a href='#' onClick='toggleBox("stack-trace775481658", this, "Click to show all stack frames", "Click to hide stack frames")'>Click to show all stack frames</a>
<div class='stack-trace' id='stack-trace775481658'><pre>org.openqa.selenium.ElementClickInterceptedException: element click intercepted: Element &lt;span class=&quot;MuiButton-label&quot;&gt;...&lt;/span&gt; is not clickable at point (1423, 194). Other element would receive the click: &lt;td class=&quot;MuiTableCell-root MuiTableCell-body&quot;&gt;...&lt;/td&gt;
  (Session info: chrome=125.0.6422.112)
Build info: version: &apos;4.18.1&apos;, revision: &apos;b1d3319b48&apos;
System info: os.name: &apos;Windows 11&apos;, os.arch: &apos;amd64&apos;, os.version: &apos;10.0&apos;, java.version: &apos;20.0.1&apos;
Driver info: org.openqa.selenium.chrome.ChromeDriver
Command: [62467dd1eb2a639c3601d6530c592d81, clickElement {id=f.06651E2ACBD110222AD28B529EBD740B.d.5D50A86D7E8164F29DAFDB8E7F6EEB2F.e.164}]
Capabilities {acceptInsecureCerts: false, browserName: chrome, browserVersion: 125.0.6422.112, chrome: {chromedriverVersion: 125.0.6422.78 (14db42ec38ad..., userDataDir: C:\Users\ROHITV~1\AppData\L...}, fedcm:accounts: true, goog:chromeOptions: {debuggerAddress: localhost:63315}, networkConnectionEnabled: false, pageLoadStrategy: normal, platformName: windows, proxy: Proxy(), se:cdp: ws://localhost:63315/devtoo..., se:cdpVersion: 125.0.6422.112, setWindowRect: true, strictFileInteractability: false, timeouts: {implicit: 0, pageLoad: 300000, script: 30000}, unhandledPromptBehavior: dismiss and notify, webauthn:extension:credBlob: true, webauthn:extension:largeBlob: true, webauthn:extension:minPinLength: true, webauthn:extension:prf: true, webauthn:virtualAuthenticators: true}
Element: [[ChromeDriver: chrome on windows (62467dd1eb2a639c3601d6530c592d81)] -&gt; xpath: (//*[text()=&apos;Execute&apos;])[3]]
Session ID: 62467dd1eb2a639c3601d6530c592d81
	at java.base/jdk.internal.reflect.DirectConstructorHandleAccessor.newInstance(DirectConstructorHandleAccessor.java:67)
	at java.base/java.lang.reflect.Constructor.newInstanceWithCaller(Constructor.java:500)
	at java.base/java.lang.reflect.Constructor.newInstance(Constructor.java:484)
	at org.openqa.selenium.remote.ErrorCodec.decode(ErrorCodec.java:167)
	at org.openqa.selenium.remote.codec.w3c.W3CHttpResponseCodec.decode(W3CHttpResponseCodec.java:138)
	at org.openqa.selenium.remote.codec.w3c.W3CHttpResponseCodec.decode(W3CHttpResponseCodec.java:50)
	at org.openqa.selenium.remote.HttpCommandExecutor.execute(HttpCommandExecutor.java:190)
	at org.openqa.selenium.remote.service.DriverCommandExecutor.invokeExecute(DriverCommandExecutor.java:216)
	at org.openqa.selenium.remote.service.DriverCommandExecutor.execute(DriverCommandExecutor.java:174)
	at org.openqa.selenium.remote.RemoteWebDriver.execute(RemoteWebDriver.java:519)
	at org.openqa.selenium.remote.RemoteWebElement.execute(RemoteWebElement.java:223)
	at org.openqa.selenium.remote.RemoteWebElement.click(RemoteWebElement.java:76)
	at java.base/jdk.internal.reflect.DirectMethodHandleAccessor.invoke(DirectMethodHandleAccessor.java:104)
	at java.base/java.lang.reflect.Method.invoke(Method.java:578)
	at org.openqa.selenium.support.pagefactory.internal.LocatingElementHandler.invoke(LocatingElementHandler.java:51)
	at jdk.proxy2/jdk.proxy2.$Proxy13.click(Unknown Source)
	at pageObjects.com_pomClassForJointAuctionTieBreaker.executeAPIGetBidLimitations(com_pomClassForJointAuctionTieBreaker.java:8559)
	at prescribed_Event_Test.PrescribedEvent_A51.Execute_API(PrescribedEvent_A51.java:91)
	at java.base/jdk.internal.reflect.DirectMethodHandleAccessor.invoke(DirectMethodHandleAccessor.java:104)
	at java.base/java.lang.reflect.Method.invoke(Method.java:578)
	at org.testng.internal.MethodInvocationHelper.invokeMethod(MethodInvocationHelper.java:132)
	at org.testng.internal.TestInvoker.invokeMethod(TestInvoker.java:599)
	at org.testng.internal.TestInvoker.invokeTestMethod(TestInvoker.java:174)
	at org.testng.internal.MethodRunner.runInSequence(MethodRunner.java:46)
	at org.testng.internal.TestInvoker$MethodInvocationAgent.invoke(TestInvoker.java:822)
	at org.testng.internal.TestInvoker.invokeTestMethods(TestInvoker.java:147)
	at org.testng.internal.TestMethodWorker.invokeTestMethods(TestMethodWorker.java:146)
	at org.testng.internal.TestMethodWorker.run(TestMethodWorker.java:128)
	at java.base/java.util.ArrayList.forEach(ArrayList.java:1511)
	at org.testng.TestRunner.privateRun(TestRunner.java:764)
	at org.testng.TestRunner.run(TestRunner.java:585)
	at org.testng.SuiteRunner.runTest(SuiteRunner.java:384)
	at org.testng.SuiteRunner.runSequentially(SuiteRunner.java:378)
	at org.testng.SuiteRunner.privateRun(SuiteRunner.java:337)
	at org.testng.SuiteRunner.run(SuiteRunner.java:286)
	at org.testng.SuiteRunnerWorker.runSuite(SuiteRunnerWorker.java:53)
	at org.testng.SuiteRunnerWorker.run(SuiteRunnerWorker.java:96)
	at org.testng.TestNG.runSuitesSequentially(TestNG.java:1218)
	at org.testng.TestNG.runSuitesLocally(TestNG.java:1140)
	at org.testng.TestNG.runSuites(TestNG.java:1069)
	at org.testng.TestNG.run(TestNG.java:1037)
	at org.testng.remote.AbstractRemoteTestNG.run(AbstractRemoteTestNG.java:115)
	at org.testng.remote.RemoteTestNG.initAndRun(RemoteTestNG.java:251)
	at org.testng.remote.RemoteTestNG.main(RemoteTestNG.java:77)
</pre></div></td>
<td>49</td>
<td>prescribed_Event_Test.PrescribedEvent_A51@31fa1761</td></tr>
<tr>
<td title='prescribed_Event_Test.PrescribedEvent_A47.Execute_API()'><b>Execute_API</b><br>Test class: prescribed_Event_Test.PrescribedEvent_A47<br/>
<a href="#Output-879319116" onClick='toggleBox("Output-879319116", this, "Show output", "Hide output");'>Show output</a>

<a href="#Output-879319116" onClick="toggleAllBoxes();">Show all outputs</a>
<div class='log' id="Output-879319116">
Chrome launched<br/>
Navigated to BaseUrl: https://www.qa-wci-auction.org<br/>
</div>
</td>
<td><div><pre>org.openqa.selenium.ElementClickInterceptedException: element click intercepted: Element &lt;span class=&quot;MuiButton-label&quot;&gt;...&lt;/span&gt; is not clickable at point (1423, 194). Other element would receive the click: &lt;td class=&quot;MuiTableCell-root MuiTableCell-body&quot;&gt;...&lt;/td&gt;
  (Session info: chrome=125.0.6422.112)
Build info: version: &apos;4.18.1&apos;, revision: &apos;b1d3319b48&apos;
System info: os.name: &apos;Windows 11&apos;, os.arch: &apos;amd64&apos;, os.version: &apos;10.0&apos;, java.version: &apos;20.0.1&apos;
Driver info: org.openqa.selenium.chrome.ChromeDriver
Command: [9019125b2d5a0c66be9c608c30c9d1ce, clickElement {id=f.546F5261C144D00CE4010A29A0E0030D.d.0C9DC1E00121A59B7F1DE72970360947.e.161}]
Capabilities {acceptInsecureCerts: false, browserName: chrome, browserVersion: 125.0.6422.112, chrome: {chromedriverVersion: 125.0.6422.78 (14db42ec38ad..., userDataDir: C:\Users\ROHITV~1\AppData\L...}, fedcm:accounts: true, goog:chromeOptions: {debuggerAddress: localhost:64791}, networkConnectionEnabled: false, pageLoadStrategy: normal, platformName: windows, proxy: Proxy(), se:cdp: ws://localhost:64791/devtoo..., se:cdpVersion: 125.0.6422.112, setWindowRect: true, strictFileInteractability: false, timeouts: {implicit: 0, pageLoad: 300000, script: 30000}, unhandledPromptBehavior: dismiss and notify, webauthn:extension:credBlob: true, webauthn:extension:largeBlob: true, webauthn:extension:minPinLength: true, webauthn:extension:prf: true, webauthn:virtualAuthenticators: true}
Element: [[ChromeDriver: chrome on windows (9019125b2d5a0c66be9c608c30c9d1ce)] -&gt; xpath: (//*[text()=&apos;Execute&apos;])[3]]
Session ID: 9019125b2d5a0c66be9c608c30c9d1ce
	at org.openqa.selenium.remote.ErrorCodec.decode(ErrorCodec.java:167)
	at org.openqa.selenium.remote.codec.w3c.W3CHttpResponseCodec.decode(W3CHttpResponseCodec.java:138)
	at org.openqa.selenium.remote.codec.w3c.W3CHttpResponseCodec.decode(W3CHttpResponseCodec.java:50)
	at org.openqa.selenium.remote.HttpCommandExecutor.execute(HttpCommandExecutor.java:190)
	at org.openqa.selenium.remote.service.DriverCommandExecutor.invokeExecute(DriverCommandExecutor.java:216)
	at org.openqa.selenium.remote.service.DriverCommandExecutor.execute(DriverCommandExecutor.java:174)
	at org.openqa.selenium.remote.RemoteWebDriver.execute(RemoteWebDriver.java:519)
	at org.openqa.selenium.remote.RemoteWebElement.execute(RemoteWebElement.java:223)
	at org.openqa.selenium.remote.RemoteWebElement.click(RemoteWebElement.java:76)
	at org.openqa.selenium.support.pagefactory.internal.LocatingElementHandler.invoke(LocatingElementHandler.java:51)
	at jdk.proxy2/jdk.proxy2.$Proxy13.click(Unknown Source)
	at pageObjects.com_pomClassForJointAuctionTieBreaker.executeAPIGetBidLimitations(com_pomClassForJointAuctionTieBreaker.java:8559)
	at prescribed_Event_Test.PrescribedEvent_A47.Execute_API(PrescribedEvent_A47.java:92)
	at java.base/java.util.ArrayList.forEach(ArrayList.java:1511)
... Removed 30 stack frames</pre></div><a href='#' onClick='toggleBox("stack-trace879319116", this, "Click to show all stack frames", "Click to hide stack frames")'>Click to show all stack frames</a>
<div class='stack-trace' id='stack-trace879319116'><pre>org.openqa.selenium.ElementClickInterceptedException: element click intercepted: Element &lt;span class=&quot;MuiButton-label&quot;&gt;...&lt;/span&gt; is not clickable at point (1423, 194). Other element would receive the click: &lt;td class=&quot;MuiTableCell-root MuiTableCell-body&quot;&gt;...&lt;/td&gt;
  (Session info: chrome=125.0.6422.112)
Build info: version: &apos;4.18.1&apos;, revision: &apos;b1d3319b48&apos;
System info: os.name: &apos;Windows 11&apos;, os.arch: &apos;amd64&apos;, os.version: &apos;10.0&apos;, java.version: &apos;20.0.1&apos;
Driver info: org.openqa.selenium.chrome.ChromeDriver
Command: [9019125b2d5a0c66be9c608c30c9d1ce, clickElement {id=f.546F5261C144D00CE4010A29A0E0030D.d.0C9DC1E00121A59B7F1DE72970360947.e.161}]
Capabilities {acceptInsecureCerts: false, browserName: chrome, browserVersion: 125.0.6422.112, chrome: {chromedriverVersion: 125.0.6422.78 (14db42ec38ad..., userDataDir: C:\Users\ROHITV~1\AppData\L...}, fedcm:accounts: true, goog:chromeOptions: {debuggerAddress: localhost:64791}, networkConnectionEnabled: false, pageLoadStrategy: normal, platformName: windows, proxy: Proxy(), se:cdp: ws://localhost:64791/devtoo..., se:cdpVersion: 125.0.6422.112, setWindowRect: true, strictFileInteractability: false, timeouts: {implicit: 0, pageLoad: 300000, script: 30000}, unhandledPromptBehavior: dismiss and notify, webauthn:extension:credBlob: true, webauthn:extension:largeBlob: true, webauthn:extension:minPinLength: true, webauthn:extension:prf: true, webauthn:virtualAuthenticators: true}
Element: [[ChromeDriver: chrome on windows (9019125b2d5a0c66be9c608c30c9d1ce)] -&gt; xpath: (//*[text()=&apos;Execute&apos;])[3]]
Session ID: 9019125b2d5a0c66be9c608c30c9d1ce
	at java.base/jdk.internal.reflect.DirectConstructorHandleAccessor.newInstance(DirectConstructorHandleAccessor.java:67)
	at java.base/java.lang.reflect.Constructor.newInstanceWithCaller(Constructor.java:500)
	at java.base/java.lang.reflect.Constructor.newInstance(Constructor.java:484)
	at org.openqa.selenium.remote.ErrorCodec.decode(ErrorCodec.java:167)
	at org.openqa.selenium.remote.codec.w3c.W3CHttpResponseCodec.decode(W3CHttpResponseCodec.java:138)
	at org.openqa.selenium.remote.codec.w3c.W3CHttpResponseCodec.decode(W3CHttpResponseCodec.java:50)
	at org.openqa.selenium.remote.HttpCommandExecutor.execute(HttpCommandExecutor.java:190)
	at org.openqa.selenium.remote.service.DriverCommandExecutor.invokeExecute(DriverCommandExecutor.java:216)
	at org.openqa.selenium.remote.service.DriverCommandExecutor.execute(DriverCommandExecutor.java:174)
	at org.openqa.selenium.remote.RemoteWebDriver.execute(RemoteWebDriver.java:519)
	at org.openqa.selenium.remote.RemoteWebElement.execute(RemoteWebElement.java:223)
	at org.openqa.selenium.remote.RemoteWebElement.click(RemoteWebElement.java:76)
	at java.base/jdk.internal.reflect.DirectMethodHandleAccessor.invoke(DirectMethodHandleAccessor.java:104)
	at java.base/java.lang.reflect.Method.invoke(Method.java:578)
	at org.openqa.selenium.support.pagefactory.internal.LocatingElementHandler.invoke(LocatingElementHandler.java:51)
	at jdk.proxy2/jdk.proxy2.$Proxy13.click(Unknown Source)
	at pageObjects.com_pomClassForJointAuctionTieBreaker.executeAPIGetBidLimitations(com_pomClassForJointAuctionTieBreaker.java:8559)
	at prescribed_Event_Test.PrescribedEvent_A47.Execute_API(PrescribedEvent_A47.java:92)
	at java.base/jdk.internal.reflect.DirectMethodHandleAccessor.invoke(DirectMethodHandleAccessor.java:104)
	at java.base/java.lang.reflect.Method.invoke(Method.java:578)
	at org.testng.internal.MethodInvocationHelper.invokeMethod(MethodInvocationHelper.java:132)
	at org.testng.internal.TestInvoker.invokeMethod(TestInvoker.java:599)
	at org.testng.internal.TestInvoker.invokeTestMethod(TestInvoker.java:174)
	at org.testng.internal.MethodRunner.runInSequence(MethodRunner.java:46)
	at org.testng.internal.TestInvoker$MethodInvocationAgent.invoke(TestInvoker.java:822)
	at org.testng.internal.TestInvoker.invokeTestMethods(TestInvoker.java:147)
	at org.testng.internal.TestMethodWorker.invokeTestMethods(TestMethodWorker.java:146)
	at org.testng.internal.TestMethodWorker.run(TestMethodWorker.java:128)
	at java.base/java.util.ArrayList.forEach(ArrayList.java:1511)
	at org.testng.TestRunner.privateRun(TestRunner.java:764)
	at org.testng.TestRunner.run(TestRunner.java:585)
	at org.testng.SuiteRunner.runTest(SuiteRunner.java:384)
	at org.testng.SuiteRunner.runSequentially(SuiteRunner.java:378)
	at org.testng.SuiteRunner.privateRun(SuiteRunner.java:337)
	at org.testng.SuiteRunner.run(SuiteRunner.java:286)
	at org.testng.SuiteRunnerWorker.runSuite(SuiteRunnerWorker.java:53)
	at org.testng.SuiteRunnerWorker.run(SuiteRunnerWorker.java:96)
	at org.testng.TestNG.runSuitesSequentially(TestNG.java:1218)
	at org.testng.TestNG.runSuitesLocally(TestNG.java:1140)
	at org.testng.TestNG.runSuites(TestNG.java:1069)
	at org.testng.TestNG.run(TestNG.java:1037)
	at org.testng.remote.AbstractRemoteTestNG.run(AbstractRemoteTestNG.java:115)
	at org.testng.remote.RemoteTestNG.initAndRun(RemoteTestNG.java:251)
	at org.testng.remote.RemoteTestNG.main(RemoteTestNG.java:77)
</pre></div></td>
<td>43</td>
<td>prescribed_Event_Test.PrescribedEvent_A47@957e06</td></tr>
<tr>
<td title='prescribed_Event_Test.PrescribedEvent_A57.Execute_API()'><b>Execute_API</b><br>Test class: prescribed_Event_Test.PrescribedEvent_A57<br/>
<a href="#Output-603624746" onClick='toggleBox("Output-603624746", this, "Show output", "Hide output");'>Show output</a>

<a href="#Output-603624746" onClick="toggleAllBoxes();">Show all outputs</a>
<div class='log' id="Output-603624746">
Chrome launched<br/>
Navigated to BaseUrl: https://www.qa-wci-auction.org<br/>
</div>
</td>
<td><div><pre>org.openqa.selenium.ElementClickInterceptedException: element click intercepted: Element &lt;span class=&quot;MuiButton-label&quot;&gt;...&lt;/span&gt; is not clickable at point (1423, 194). Other element would receive the click: &lt;td class=&quot;MuiTableCell-root MuiTableCell-body&quot;&gt;...&lt;/td&gt;
  (Session info: chrome=125.0.6422.112)
Build info: version: &apos;4.18.1&apos;, revision: &apos;b1d3319b48&apos;
System info: os.name: &apos;Windows 11&apos;, os.arch: &apos;amd64&apos;, os.version: &apos;10.0&apos;, java.version: &apos;20.0.1&apos;
Driver info: org.openqa.selenium.chrome.ChromeDriver
Command: [a4742e6a30cd739be9e7cf46201f6b4f, clickElement {id=f.2A119CFC581ABBC2BF4B5A3A1A6687CC.d.BF6F184FB340FDDB4F3F40C7C58894F5.e.162}]
Capabilities {acceptInsecureCerts: false, browserName: chrome, browserVersion: 125.0.6422.112, chrome: {chromedriverVersion: 125.0.6422.78 (14db42ec38ad..., userDataDir: C:\Users\ROHITV~1\AppData\L...}, fedcm:accounts: true, goog:chromeOptions: {debuggerAddress: localhost:49807}, networkConnectionEnabled: false, pageLoadStrategy: normal, platformName: windows, proxy: Proxy(), se:cdp: ws://localhost:49807/devtoo..., se:cdpVersion: 125.0.6422.112, setWindowRect: true, strictFileInteractability: false, timeouts: {implicit: 0, pageLoad: 300000, script: 30000}, unhandledPromptBehavior: dismiss and notify, webauthn:extension:credBlob: true, webauthn:extension:largeBlob: true, webauthn:extension:minPinLength: true, webauthn:extension:prf: true, webauthn:virtualAuthenticators: true}
Element: [[ChromeDriver: chrome on windows (a4742e6a30cd739be9e7cf46201f6b4f)] -&gt; xpath: (//*[text()=&apos;Execute&apos;])[3]]
Session ID: a4742e6a30cd739be9e7cf46201f6b4f
	at org.openqa.selenium.remote.ErrorCodec.decode(ErrorCodec.java:167)
	at org.openqa.selenium.remote.codec.w3c.W3CHttpResponseCodec.decode(W3CHttpResponseCodec.java:138)
	at org.openqa.selenium.remote.codec.w3c.W3CHttpResponseCodec.decode(W3CHttpResponseCodec.java:50)
	at org.openqa.selenium.remote.HttpCommandExecutor.execute(HttpCommandExecutor.java:190)
	at org.openqa.selenium.remote.service.DriverCommandExecutor.invokeExecute(DriverCommandExecutor.java:216)
	at org.openqa.selenium.remote.service.DriverCommandExecutor.execute(DriverCommandExecutor.java:174)
	at org.openqa.selenium.remote.RemoteWebDriver.execute(RemoteWebDriver.java:519)
	at org.openqa.selenium.remote.RemoteWebElement.execute(RemoteWebElement.java:223)
	at org.openqa.selenium.remote.RemoteWebElement.click(RemoteWebElement.java:76)
	at org.openqa.selenium.support.pagefactory.internal.LocatingElementHandler.invoke(LocatingElementHandler.java:51)
	at jdk.proxy2/jdk.proxy2.$Proxy13.click(Unknown Source)
	at pageObjects.com_pomClassForJointAuctionTieBreaker.executeAPIGetBidLimitations(com_pomClassForJointAuctionTieBreaker.java:8559)
	at prescribed_Event_Test.PrescribedEvent_A57.Execute_API(PrescribedEvent_A57.java:92)
	at java.base/java.util.ArrayList.forEach(ArrayList.java:1511)
... Removed 30 stack frames</pre></div><a href='#' onClick='toggleBox("stack-trace603624746", this, "Click to show all stack frames", "Click to hide stack frames")'>Click to show all stack frames</a>
<div class='stack-trace' id='stack-trace603624746'><pre>org.openqa.selenium.ElementClickInterceptedException: element click intercepted: Element &lt;span class=&quot;MuiButton-label&quot;&gt;...&lt;/span&gt; is not clickable at point (1423, 194). Other element would receive the click: &lt;td class=&quot;MuiTableCell-root MuiTableCell-body&quot;&gt;...&lt;/td&gt;
  (Session info: chrome=125.0.6422.112)
Build info: version: &apos;4.18.1&apos;, revision: &apos;b1d3319b48&apos;
System info: os.name: &apos;Windows 11&apos;, os.arch: &apos;amd64&apos;, os.version: &apos;10.0&apos;, java.version: &apos;20.0.1&apos;
Driver info: org.openqa.selenium.chrome.ChromeDriver
Command: [a4742e6a30cd739be9e7cf46201f6b4f, clickElement {id=f.2A119CFC581ABBC2BF4B5A3A1A6687CC.d.BF6F184FB340FDDB4F3F40C7C58894F5.e.162}]
Capabilities {acceptInsecureCerts: false, browserName: chrome, browserVersion: 125.0.6422.112, chrome: {chromedriverVersion: 125.0.6422.78 (14db42ec38ad..., userDataDir: C:\Users\ROHITV~1\AppData\L...}, fedcm:accounts: true, goog:chromeOptions: {debuggerAddress: localhost:49807}, networkConnectionEnabled: false, pageLoadStrategy: normal, platformName: windows, proxy: Proxy(), se:cdp: ws://localhost:49807/devtoo..., se:cdpVersion: 125.0.6422.112, setWindowRect: true, strictFileInteractability: false, timeouts: {implicit: 0, pageLoad: 300000, script: 30000}, unhandledPromptBehavior: dismiss and notify, webauthn:extension:credBlob: true, webauthn:extension:largeBlob: true, webauthn:extension:minPinLength: true, webauthn:extension:prf: true, webauthn:virtualAuthenticators: true}
Element: [[ChromeDriver: chrome on windows (a4742e6a30cd739be9e7cf46201f6b4f)] -&gt; xpath: (//*[text()=&apos;Execute&apos;])[3]]
Session ID: a4742e6a30cd739be9e7cf46201f6b4f
	at java.base/jdk.internal.reflect.DirectConstructorHandleAccessor.newInstance(DirectConstructorHandleAccessor.java:67)
	at java.base/java.lang.reflect.Constructor.newInstanceWithCaller(Constructor.java:500)
	at java.base/java.lang.reflect.Constructor.newInstance(Constructor.java:484)
	at org.openqa.selenium.remote.ErrorCodec.decode(ErrorCodec.java:167)
	at org.openqa.selenium.remote.codec.w3c.W3CHttpResponseCodec.decode(W3CHttpResponseCodec.java:138)
	at org.openqa.selenium.remote.codec.w3c.W3CHttpResponseCodec.decode(W3CHttpResponseCodec.java:50)
	at org.openqa.selenium.remote.HttpCommandExecutor.execute(HttpCommandExecutor.java:190)
	at org.openqa.selenium.remote.service.DriverCommandExecutor.invokeExecute(DriverCommandExecutor.java:216)
	at org.openqa.selenium.remote.service.DriverCommandExecutor.execute(DriverCommandExecutor.java:174)
	at org.openqa.selenium.remote.RemoteWebDriver.execute(RemoteWebDriver.java:519)
	at org.openqa.selenium.remote.RemoteWebElement.execute(RemoteWebElement.java:223)
	at org.openqa.selenium.remote.RemoteWebElement.click(RemoteWebElement.java:76)
	at java.base/jdk.internal.reflect.DirectMethodHandleAccessor.invoke(DirectMethodHandleAccessor.java:104)
	at java.base/java.lang.reflect.Method.invoke(Method.java:578)
	at org.openqa.selenium.support.pagefactory.internal.LocatingElementHandler.invoke(LocatingElementHandler.java:51)
	at jdk.proxy2/jdk.proxy2.$Proxy13.click(Unknown Source)
	at pageObjects.com_pomClassForJointAuctionTieBreaker.executeAPIGetBidLimitations(com_pomClassForJointAuctionTieBreaker.java:8559)
	at prescribed_Event_Test.PrescribedEvent_A57.Execute_API(PrescribedEvent_A57.java:92)
	at java.base/jdk.internal.reflect.DirectMethodHandleAccessor.invoke(DirectMethodHandleAccessor.java:104)
	at java.base/java.lang.reflect.Method.invoke(Method.java:578)
	at org.testng.internal.MethodInvocationHelper.invokeMethod(MethodInvocationHelper.java:132)
	at org.testng.internal.TestInvoker.invokeMethod(TestInvoker.java:599)
	at org.testng.internal.TestInvoker.invokeTestMethod(TestInvoker.java:174)
	at org.testng.internal.MethodRunner.runInSequence(MethodRunner.java:46)
	at org.testng.internal.TestInvoker$MethodInvocationAgent.invoke(TestInvoker.java:822)
	at org.testng.internal.TestInvoker.invokeTestMethods(TestInvoker.java:147)
	at org.testng.internal.TestMethodWorker.invokeTestMethods(TestMethodWorker.java:146)
	at org.testng.internal.TestMethodWorker.run(TestMethodWorker.java:128)
	at java.base/java.util.ArrayList.forEach(ArrayList.java:1511)
	at org.testng.TestRunner.privateRun(TestRunner.java:764)
	at org.testng.TestRunner.run(TestRunner.java:585)
	at org.testng.SuiteRunner.runTest(SuiteRunner.java:384)
	at org.testng.SuiteRunner.runSequentially(SuiteRunner.java:378)
	at org.testng.SuiteRunner.privateRun(SuiteRunner.java:337)
	at org.testng.SuiteRunner.run(SuiteRunner.java:286)
	at org.testng.SuiteRunnerWorker.runSuite(SuiteRunnerWorker.java:53)
	at org.testng.SuiteRunnerWorker.run(SuiteRunnerWorker.java:96)
	at org.testng.TestNG.runSuitesSequentially(TestNG.java:1218)
	at org.testng.TestNG.runSuitesLocally(TestNG.java:1140)
	at org.testng.TestNG.runSuites(TestNG.java:1069)
	at org.testng.TestNG.run(TestNG.java:1037)
	at org.testng.remote.AbstractRemoteTestNG.run(AbstractRemoteTestNG.java:115)
	at org.testng.remote.RemoteTestNG.initAndRun(RemoteTestNG.java:251)
	at org.testng.remote.RemoteTestNG.main(RemoteTestNG.java:77)
</pre></div></td>
<td>45</td>
<td>prescribed_Event_Test.PrescribedEvent_A57@32502377</td></tr>
<tr>
<td title='prescribed_Event_Test.PrescribedEvent_A56.Execute_API()'><b>Execute_API</b><br>Test class: prescribed_Event_Test.PrescribedEvent_A56<br/>
<a href="#Output-1211003759" onClick='toggleBox("Output-1211003759", this, "Show output", "Hide output");'>Show output</a>

<a href="#Output-1211003759" onClick="toggleAllBoxes();">Show all outputs</a>
<div class='log' id="Output-1211003759">
Chrome launched<br/>
Navigated to BaseUrl: https://www.qa-wci-auction.org<br/>
</div>
</td>
<td><div><pre>org.openqa.selenium.ElementClickInterceptedException: element click intercepted: Element &lt;span class=&quot;MuiButton-label&quot;&gt;...&lt;/span&gt; is not clickable at point (1423, 194). Other element would receive the click: &lt;td class=&quot;MuiTableCell-root MuiTableCell-body&quot;&gt;...&lt;/td&gt;
  (Session info: chrome=125.0.6422.112)
Build info: version: &apos;4.18.1&apos;, revision: &apos;b1d3319b48&apos;
System info: os.name: &apos;Windows 11&apos;, os.arch: &apos;amd64&apos;, os.version: &apos;10.0&apos;, java.version: &apos;20.0.1&apos;
Driver info: org.openqa.selenium.chrome.ChromeDriver
Command: [b53062799ed7164b871a84413ac58987, clickElement {id=f.D602F6DD1FC767EC62E9DCADAA56CA2F.d.D48BD9D48FC81E4CEE6E6EE3FFAF57D3.e.164}]
Capabilities {acceptInsecureCerts: false, browserName: chrome, browserVersion: 125.0.6422.112, chrome: {chromedriverVersion: 125.0.6422.78 (14db42ec38ad..., userDataDir: C:\Users\ROHITV~1\AppData\L...}, fedcm:accounts: true, goog:chromeOptions: {debuggerAddress: localhost:51260}, networkConnectionEnabled: false, pageLoadStrategy: normal, platformName: windows, proxy: Proxy(), se:cdp: ws://localhost:51260/devtoo..., se:cdpVersion: 125.0.6422.112, setWindowRect: true, strictFileInteractability: false, timeouts: {implicit: 0, pageLoad: 300000, script: 30000}, unhandledPromptBehavior: dismiss and notify, webauthn:extension:credBlob: true, webauthn:extension:largeBlob: true, webauthn:extension:minPinLength: true, webauthn:extension:prf: true, webauthn:virtualAuthenticators: true}
Element: [[ChromeDriver: chrome on windows (b53062799ed7164b871a84413ac58987)] -&gt; xpath: (//*[text()=&apos;Execute&apos;])[3]]
Session ID: b53062799ed7164b871a84413ac58987
	at org.openqa.selenium.remote.ErrorCodec.decode(ErrorCodec.java:167)
	at org.openqa.selenium.remote.codec.w3c.W3CHttpResponseCodec.decode(W3CHttpResponseCodec.java:138)
	at org.openqa.selenium.remote.codec.w3c.W3CHttpResponseCodec.decode(W3CHttpResponseCodec.java:50)
	at org.openqa.selenium.remote.HttpCommandExecutor.execute(HttpCommandExecutor.java:190)
	at org.openqa.selenium.remote.service.DriverCommandExecutor.invokeExecute(DriverCommandExecutor.java:216)
	at org.openqa.selenium.remote.service.DriverCommandExecutor.execute(DriverCommandExecutor.java:174)
	at org.openqa.selenium.remote.RemoteWebDriver.execute(RemoteWebDriver.java:519)
	at org.openqa.selenium.remote.RemoteWebElement.execute(RemoteWebElement.java:223)
	at org.openqa.selenium.remote.RemoteWebElement.click(RemoteWebElement.java:76)
	at org.openqa.selenium.support.pagefactory.internal.LocatingElementHandler.invoke(LocatingElementHandler.java:51)
	at jdk.proxy2/jdk.proxy2.$Proxy13.click(Unknown Source)
	at pageObjects.com_pomClassForJointAuctionTieBreaker.executeAPIGetBidLimitations(com_pomClassForJointAuctionTieBreaker.java:8559)
	at prescribed_Event_Test.PrescribedEvent_A56.Execute_API(PrescribedEvent_A56.java:92)
	at java.base/java.util.ArrayList.forEach(ArrayList.java:1511)
... Removed 30 stack frames</pre></div><a href='#' onClick='toggleBox("stack-trace1211003759", this, "Click to show all stack frames", "Click to hide stack frames")'>Click to show all stack frames</a>
<div class='stack-trace' id='stack-trace1211003759'><pre>org.openqa.selenium.ElementClickInterceptedException: element click intercepted: Element &lt;span class=&quot;MuiButton-label&quot;&gt;...&lt;/span&gt; is not clickable at point (1423, 194). Other element would receive the click: &lt;td class=&quot;MuiTableCell-root MuiTableCell-body&quot;&gt;...&lt;/td&gt;
  (Session info: chrome=125.0.6422.112)
Build info: version: &apos;4.18.1&apos;, revision: &apos;b1d3319b48&apos;
System info: os.name: &apos;Windows 11&apos;, os.arch: &apos;amd64&apos;, os.version: &apos;10.0&apos;, java.version: &apos;20.0.1&apos;
Driver info: org.openqa.selenium.chrome.ChromeDriver
Command: [b53062799ed7164b871a84413ac58987, clickElement {id=f.D602F6DD1FC767EC62E9DCADAA56CA2F.d.D48BD9D48FC81E4CEE6E6EE3FFAF57D3.e.164}]
Capabilities {acceptInsecureCerts: false, browserName: chrome, browserVersion: 125.0.6422.112, chrome: {chromedriverVersion: 125.0.6422.78 (14db42ec38ad..., userDataDir: C:\Users\ROHITV~1\AppData\L...}, fedcm:accounts: true, goog:chromeOptions: {debuggerAddress: localhost:51260}, networkConnectionEnabled: false, pageLoadStrategy: normal, platformName: windows, proxy: Proxy(), se:cdp: ws://localhost:51260/devtoo..., se:cdpVersion: 125.0.6422.112, setWindowRect: true, strictFileInteractability: false, timeouts: {implicit: 0, pageLoad: 300000, script: 30000}, unhandledPromptBehavior: dismiss and notify, webauthn:extension:credBlob: true, webauthn:extension:largeBlob: true, webauthn:extension:minPinLength: true, webauthn:extension:prf: true, webauthn:virtualAuthenticators: true}
Element: [[ChromeDriver: chrome on windows (b53062799ed7164b871a84413ac58987)] -&gt; xpath: (//*[text()=&apos;Execute&apos;])[3]]
Session ID: b53062799ed7164b871a84413ac58987
	at java.base/jdk.internal.reflect.DirectConstructorHandleAccessor.newInstance(DirectConstructorHandleAccessor.java:67)
	at java.base/java.lang.reflect.Constructor.newInstanceWithCaller(Constructor.java:500)
	at java.base/java.lang.reflect.Constructor.newInstance(Constructor.java:484)
	at org.openqa.selenium.remote.ErrorCodec.decode(ErrorCodec.java:167)
	at org.openqa.selenium.remote.codec.w3c.W3CHttpResponseCodec.decode(W3CHttpResponseCodec.java:138)
	at org.openqa.selenium.remote.codec.w3c.W3CHttpResponseCodec.decode(W3CHttpResponseCodec.java:50)
	at org.openqa.selenium.remote.HttpCommandExecutor.execute(HttpCommandExecutor.java:190)
	at org.openqa.selenium.remote.service.DriverCommandExecutor.invokeExecute(DriverCommandExecutor.java:216)
	at org.openqa.selenium.remote.service.DriverCommandExecutor.execute(DriverCommandExecutor.java:174)
	at org.openqa.selenium.remote.RemoteWebDriver.execute(RemoteWebDriver.java:519)
	at org.openqa.selenium.remote.RemoteWebElement.execute(RemoteWebElement.java:223)
	at org.openqa.selenium.remote.RemoteWebElement.click(RemoteWebElement.java:76)
	at java.base/jdk.internal.reflect.DirectMethodHandleAccessor.invoke(DirectMethodHandleAccessor.java:104)
	at java.base/java.lang.reflect.Method.invoke(Method.java:578)
	at org.openqa.selenium.support.pagefactory.internal.LocatingElementHandler.invoke(LocatingElementHandler.java:51)
	at jdk.proxy2/jdk.proxy2.$Proxy13.click(Unknown Source)
	at pageObjects.com_pomClassForJointAuctionTieBreaker.executeAPIGetBidLimitations(com_pomClassForJointAuctionTieBreaker.java:8559)
	at prescribed_Event_Test.PrescribedEvent_A56.Execute_API(PrescribedEvent_A56.java:92)
	at java.base/jdk.internal.reflect.DirectMethodHandleAccessor.invoke(DirectMethodHandleAccessor.java:104)
	at java.base/java.lang.reflect.Method.invoke(Method.java:578)
	at org.testng.internal.MethodInvocationHelper.invokeMethod(MethodInvocationHelper.java:132)
	at org.testng.internal.TestInvoker.invokeMethod(TestInvoker.java:599)
	at org.testng.internal.TestInvoker.invokeTestMethod(TestInvoker.java:174)
	at org.testng.internal.MethodRunner.runInSequence(MethodRunner.java:46)
	at org.testng.internal.TestInvoker$MethodInvocationAgent.invoke(TestInvoker.java:822)
	at org.testng.internal.TestInvoker.invokeTestMethods(TestInvoker.java:147)
	at org.testng.internal.TestMethodWorker.invokeTestMethods(TestMethodWorker.java:146)
	at org.testng.internal.TestMethodWorker.run(TestMethodWorker.java:128)
	at java.base/java.util.ArrayList.forEach(ArrayList.java:1511)
	at org.testng.TestRunner.privateRun(TestRunner.java:764)
	at org.testng.TestRunner.run(TestRunner.java:585)
	at org.testng.SuiteRunner.runTest(SuiteRunner.java:384)
	at org.testng.SuiteRunner.runSequentially(SuiteRunner.java:378)
	at org.testng.SuiteRunner.privateRun(SuiteRunner.java:337)
	at org.testng.SuiteRunner.run(SuiteRunner.java:286)
	at org.testng.SuiteRunnerWorker.runSuite(SuiteRunnerWorker.java:53)
	at org.testng.SuiteRunnerWorker.run(SuiteRunnerWorker.java:96)
	at org.testng.TestNG.runSuitesSequentially(TestNG.java:1218)
	at org.testng.TestNG.runSuitesLocally(TestNG.java:1140)
	at org.testng.TestNG.runSuites(TestNG.java:1069)
	at org.testng.TestNG.run(TestNG.java:1037)
	at org.testng.remote.AbstractRemoteTestNG.run(AbstractRemoteTestNG.java:115)
	at org.testng.remote.RemoteTestNG.initAndRun(RemoteTestNG.java:251)
	at org.testng.remote.RemoteTestNG.main(RemoteTestNG.java:77)
</pre></div></td>
<td>45</td>
<td>prescribed_Event_Test.PrescribedEvent_A56@2c1b194a</td></tr>
<tr>
<td title='prescribed_Event_Test.PrescribedEvent_A49.Execute_API()'><b>Execute_API</b><br>Test class: prescribed_Event_Test.PrescribedEvent_A49<br/>
<a href="#Output-1407596975" onClick='toggleBox("Output-1407596975", this, "Show output", "Hide output");'>Show output</a>

<a href="#Output-1407596975" onClick="toggleAllBoxes();">Show all outputs</a>
<div class='log' id="Output-1407596975">
Chrome launched<br/>
Navigated to BaseUrl: https://www.qa-wci-auction.org<br/>
</div>
</td>
<td><div><pre>org.openqa.selenium.ElementClickInterceptedException: element click intercepted: Element &lt;span class=&quot;MuiButton-label&quot;&gt;...&lt;/span&gt; is not clickable at point (1423, 194). Other element would receive the click: &lt;td class=&quot;MuiTableCell-root MuiTableCell-body&quot;&gt;...&lt;/td&gt;
  (Session info: chrome=125.0.6422.112)
Build info: version: &apos;4.18.1&apos;, revision: &apos;b1d3319b48&apos;
System info: os.name: &apos;Windows 11&apos;, os.arch: &apos;amd64&apos;, os.version: &apos;10.0&apos;, java.version: &apos;20.0.1&apos;
Driver info: org.openqa.selenium.chrome.ChromeDriver
Command: [9aae8dec3b265e50ae0ab2cb6e24cdb8, clickElement {id=f.8C12B9D29EECA8E79631FC8684CFACEB.d.EB45B5DD7581B32A01CA9A38403B8AB4.e.179}]
Capabilities {acceptInsecureCerts: false, browserName: chrome, browserVersion: 125.0.6422.112, chrome: {chromedriverVersion: 125.0.6422.78 (14db42ec38ad..., userDataDir: C:\Users\ROHITV~1\AppData\L...}, fedcm:accounts: true, goog:chromeOptions: {debuggerAddress: localhost:52664}, networkConnectionEnabled: false, pageLoadStrategy: normal, platformName: windows, proxy: Proxy(), se:cdp: ws://localhost:52664/devtoo..., se:cdpVersion: 125.0.6422.112, setWindowRect: true, strictFileInteractability: false, timeouts: {implicit: 0, pageLoad: 300000, script: 30000}, unhandledPromptBehavior: dismiss and notify, webauthn:extension:credBlob: true, webauthn:extension:largeBlob: true, webauthn:extension:minPinLength: true, webauthn:extension:prf: true, webauthn:virtualAuthenticators: true}
Element: [[ChromeDriver: chrome on windows (9aae8dec3b265e50ae0ab2cb6e24cdb8)] -&gt; xpath: (//*[text()=&apos;Execute&apos;])[3]]
Session ID: 9aae8dec3b265e50ae0ab2cb6e24cdb8
	at org.openqa.selenium.remote.ErrorCodec.decode(ErrorCodec.java:167)
	at org.openqa.selenium.remote.codec.w3c.W3CHttpResponseCodec.decode(W3CHttpResponseCodec.java:138)
	at org.openqa.selenium.remote.codec.w3c.W3CHttpResponseCodec.decode(W3CHttpResponseCodec.java:50)
	at org.openqa.selenium.remote.HttpCommandExecutor.execute(HttpCommandExecutor.java:190)
	at org.openqa.selenium.remote.service.DriverCommandExecutor.invokeExecute(DriverCommandExecutor.java:216)
	at org.openqa.selenium.remote.service.DriverCommandExecutor.execute(DriverCommandExecutor.java:174)
	at org.openqa.selenium.remote.RemoteWebDriver.execute(RemoteWebDriver.java:519)
	at org.openqa.selenium.remote.RemoteWebElement.execute(RemoteWebElement.java:223)
	at org.openqa.selenium.remote.RemoteWebElement.click(RemoteWebElement.java:76)
	at org.openqa.selenium.support.pagefactory.internal.LocatingElementHandler.invoke(LocatingElementHandler.java:51)
	at jdk.proxy2/jdk.proxy2.$Proxy13.click(Unknown Source)
	at pageObjects.com_pomClassForJointAuctionTieBreaker.executeAPIGetBidLimitations(com_pomClassForJointAuctionTieBreaker.java:8559)
	at prescribed_Event_Test.PrescribedEvent_A49.Execute_API(PrescribedEvent_A49.java:92)
	at java.base/java.util.ArrayList.forEach(ArrayList.java:1511)
... Removed 30 stack frames</pre></div><a href='#' onClick='toggleBox("stack-trace1407596975", this, "Click to show all stack frames", "Click to hide stack frames")'>Click to show all stack frames</a>
<div class='stack-trace' id='stack-trace1407596975'><pre>org.openqa.selenium.ElementClickInterceptedException: element click intercepted: Element &lt;span class=&quot;MuiButton-label&quot;&gt;...&lt;/span&gt; is not clickable at point (1423, 194). Other element would receive the click: &lt;td class=&quot;MuiTableCell-root MuiTableCell-body&quot;&gt;...&lt;/td&gt;
  (Session info: chrome=125.0.6422.112)
Build info: version: &apos;4.18.1&apos;, revision: &apos;b1d3319b48&apos;
System info: os.name: &apos;Windows 11&apos;, os.arch: &apos;amd64&apos;, os.version: &apos;10.0&apos;, java.version: &apos;20.0.1&apos;
Driver info: org.openqa.selenium.chrome.ChromeDriver
Command: [9aae8dec3b265e50ae0ab2cb6e24cdb8, clickElement {id=f.8C12B9D29EECA8E79631FC8684CFACEB.d.EB45B5DD7581B32A01CA9A38403B8AB4.e.179}]
Capabilities {acceptInsecureCerts: false, browserName: chrome, browserVersion: 125.0.6422.112, chrome: {chromedriverVersion: 125.0.6422.78 (14db42ec38ad..., userDataDir: C:\Users\ROHITV~1\AppData\L...}, fedcm:accounts: true, goog:chromeOptions: {debuggerAddress: localhost:52664}, networkConnectionEnabled: false, pageLoadStrategy: normal, platformName: windows, proxy: Proxy(), se:cdp: ws://localhost:52664/devtoo..., se:cdpVersion: 125.0.6422.112, setWindowRect: true, strictFileInteractability: false, timeouts: {implicit: 0, pageLoad: 300000, script: 30000}, unhandledPromptBehavior: dismiss and notify, webauthn:extension:credBlob: true, webauthn:extension:largeBlob: true, webauthn:extension:minPinLength: true, webauthn:extension:prf: true, webauthn:virtualAuthenticators: true}
Element: [[ChromeDriver: chrome on windows (9aae8dec3b265e50ae0ab2cb6e24cdb8)] -&gt; xpath: (//*[text()=&apos;Execute&apos;])[3]]
Session ID: 9aae8dec3b265e50ae0ab2cb6e24cdb8
	at java.base/jdk.internal.reflect.DirectConstructorHandleAccessor.newInstance(DirectConstructorHandleAccessor.java:67)
	at java.base/java.lang.reflect.Constructor.newInstanceWithCaller(Constructor.java:500)
	at java.base/java.lang.reflect.Constructor.newInstance(Constructor.java:484)
	at org.openqa.selenium.remote.ErrorCodec.decode(ErrorCodec.java:167)
	at org.openqa.selenium.remote.codec.w3c.W3CHttpResponseCodec.decode(W3CHttpResponseCodec.java:138)
	at org.openqa.selenium.remote.codec.w3c.W3CHttpResponseCodec.decode(W3CHttpResponseCodec.java:50)
	at org.openqa.selenium.remote.HttpCommandExecutor.execute(HttpCommandExecutor.java:190)
	at org.openqa.selenium.remote.service.DriverCommandExecutor.invokeExecute(DriverCommandExecutor.java:216)
	at org.openqa.selenium.remote.service.DriverCommandExecutor.execute(DriverCommandExecutor.java:174)
	at org.openqa.selenium.remote.RemoteWebDriver.execute(RemoteWebDriver.java:519)
	at org.openqa.selenium.remote.RemoteWebElement.execute(RemoteWebElement.java:223)
	at org.openqa.selenium.remote.RemoteWebElement.click(RemoteWebElement.java:76)
	at java.base/jdk.internal.reflect.DirectMethodHandleAccessor.invoke(DirectMethodHandleAccessor.java:104)
	at java.base/java.lang.reflect.Method.invoke(Method.java:578)
	at org.openqa.selenium.support.pagefactory.internal.LocatingElementHandler.invoke(LocatingElementHandler.java:51)
	at jdk.proxy2/jdk.proxy2.$Proxy13.click(Unknown Source)
	at pageObjects.com_pomClassForJointAuctionTieBreaker.executeAPIGetBidLimitations(com_pomClassForJointAuctionTieBreaker.java:8559)
	at prescribed_Event_Test.PrescribedEvent_A49.Execute_API(PrescribedEvent_A49.java:92)
	at java.base/jdk.internal.reflect.DirectMethodHandleAccessor.invoke(DirectMethodHandleAccessor.java:104)
	at java.base/java.lang.reflect.Method.invoke(Method.java:578)
	at org.testng.internal.MethodInvocationHelper.invokeMethod(MethodInvocationHelper.java:132)
	at org.testng.internal.TestInvoker.invokeMethod(TestInvoker.java:599)
	at org.testng.internal.TestInvoker.invokeTestMethod(TestInvoker.java:174)
	at org.testng.internal.MethodRunner.runInSequence(MethodRunner.java:46)
	at org.testng.internal.TestInvoker$MethodInvocationAgent.invoke(TestInvoker.java:822)
	at org.testng.internal.TestInvoker.invokeTestMethods(TestInvoker.java:147)
	at org.testng.internal.TestMethodWorker.invokeTestMethods(TestMethodWorker.java:146)
	at org.testng.internal.TestMethodWorker.run(TestMethodWorker.java:128)
	at java.base/java.util.ArrayList.forEach(ArrayList.java:1511)
	at org.testng.TestRunner.privateRun(TestRunner.java:764)
	at org.testng.TestRunner.run(TestRunner.java:585)
	at org.testng.SuiteRunner.runTest(SuiteRunner.java:384)
	at org.testng.SuiteRunner.runSequentially(SuiteRunner.java:378)
	at org.testng.SuiteRunner.privateRun(SuiteRunner.java:337)
	at org.testng.SuiteRunner.run(SuiteRunner.java:286)
	at org.testng.SuiteRunnerWorker.runSuite(SuiteRunnerWorker.java:53)
	at org.testng.SuiteRunnerWorker.run(SuiteRunnerWorker.java:96)
	at org.testng.TestNG.runSuitesSequentially(TestNG.java:1218)
	at org.testng.TestNG.runSuitesLocally(TestNG.java:1140)
	at org.testng.TestNG.runSuites(TestNG.java:1069)
	at org.testng.TestNG.run(TestNG.java:1037)
	at org.testng.remote.AbstractRemoteTestNG.run(AbstractRemoteTestNG.java:115)
	at org.testng.remote.RemoteTestNG.initAndRun(RemoteTestNG.java:251)
	at org.testng.remote.RemoteTestNG.main(RemoteTestNG.java:77)
</pre></div></td>
<td>44</td>
<td>prescribed_Event_Test.PrescribedEvent_A49@4dbb42b7</td></tr>
<tr>
<td title='prescribed_Event_Test.PrescribedEvent_A47.Placing_Bids_FirstEntity_A47()'><b>Placing_Bids_FirstEntity_A47</b><br>Test class: prescribed_Event_Test.PrescribedEvent_A47<br/>
<a href="#Output-639961931" onClick='toggleBox("Output-639961931", this, "Show output", "Hide output");'>Show output</a>

<a href="#Output-639961931" onClick="toggleAllBoxes();">Show all outputs</a>
<div class='log' id="Output-639961931">
Chrome launched<br/>
Navigated to BaseUrl: https://www.qa-wci-auction.org<br/>
</div>
</td>
<td><div><pre>org.openqa.selenium.TimeoutException: Expected condition failed: waiting for visibility of element located by By.xpath: //*[text()=&apos;BIDDING CLOSES IN&apos;] (tried for 30 second(s) with 500 milliseconds interval)
Build info: version: &apos;4.18.1&apos;, revision: &apos;b1d3319b48&apos;
System info: os.name: &apos;Windows 11&apos;, os.arch: &apos;amd64&apos;, os.version: &apos;10.0&apos;, java.version: &apos;20.0.1&apos;
Driver info: org.openqa.selenium.chrome.ChromeDriver
Capabilities {acceptInsecureCerts: false, browserName: chrome, browserVersion: 125.0.6422.112, chrome: {chromedriverVersion: 125.0.6422.78 (14db42ec38ad..., userDataDir: C:\Users\ROHITV~1\AppData\L...}, fedcm:accounts: true, goog:chromeOptions: {debuggerAddress: localhost:64900}, networkConnectionEnabled: false, pageLoadStrategy: normal, platformName: windows, proxy: Proxy(), se:cdp: ws://localhost:64900/devtoo..., se:cdpVersion: 125.0.6422.112, setWindowRect: true, strictFileInteractability: false, timeouts: {implicit: 0, pageLoad: 300000, script: 30000}, unhandledPromptBehavior: dismiss and notify, webauthn:extension:credBlob: true, webauthn:extension:largeBlob: true, webauthn:extension:minPinLength: true, webauthn:extension:prf: true, webauthn:virtualAuthenticators: true}
Session ID: e8089fb9f128212b87a1cc618eb1b7c1
	at org.openqa.selenium.support.ui.WebDriverWait.timeoutException(WebDriverWait.java:84)
	at org.openqa.selenium.support.ui.FluentWait.until(FluentWait.java:228)
	at pageObjects.com_pomClassForJointAuctionTieBreaker.BiddingByARforTestData1_PE3(com_pomClassForJointAuctionTieBreaker.java:12673)
	at prescribed_Event_Test.PrescribedEvent_A47.Placing_Bids_FirstEntity_A47(PrescribedEvent_A47.java:105)
	at java.base/java.util.ArrayList.forEach(ArrayList.java:1511)
... Removed 25 stack frames</pre></div><a href='#' onClick='toggleBox("stack-trace639961931", this, "Click to show all stack frames", "Click to hide stack frames")'>Click to show all stack frames</a>
<div class='stack-trace' id='stack-trace639961931'><pre>org.openqa.selenium.TimeoutException: Expected condition failed: waiting for visibility of element located by By.xpath: //*[text()=&apos;BIDDING CLOSES IN&apos;] (tried for 30 second(s) with 500 milliseconds interval)
Build info: version: &apos;4.18.1&apos;, revision: &apos;b1d3319b48&apos;
System info: os.name: &apos;Windows 11&apos;, os.arch: &apos;amd64&apos;, os.version: &apos;10.0&apos;, java.version: &apos;20.0.1&apos;
Driver info: org.openqa.selenium.chrome.ChromeDriver
Capabilities {acceptInsecureCerts: false, browserName: chrome, browserVersion: 125.0.6422.112, chrome: {chromedriverVersion: 125.0.6422.78 (14db42ec38ad..., userDataDir: C:\Users\ROHITV~1\AppData\L...}, fedcm:accounts: true, goog:chromeOptions: {debuggerAddress: localhost:64900}, networkConnectionEnabled: false, pageLoadStrategy: normal, platformName: windows, proxy: Proxy(), se:cdp: ws://localhost:64900/devtoo..., se:cdpVersion: 125.0.6422.112, setWindowRect: true, strictFileInteractability: false, timeouts: {implicit: 0, pageLoad: 300000, script: 30000}, unhandledPromptBehavior: dismiss and notify, webauthn:extension:credBlob: true, webauthn:extension:largeBlob: true, webauthn:extension:minPinLength: true, webauthn:extension:prf: true, webauthn:virtualAuthenticators: true}
Session ID: e8089fb9f128212b87a1cc618eb1b7c1
	at org.openqa.selenium.support.ui.WebDriverWait.timeoutException(WebDriverWait.java:84)
	at org.openqa.selenium.support.ui.FluentWait.until(FluentWait.java:228)
	at pageObjects.com_pomClassForJointAuctionTieBreaker.BiddingByARforTestData1_PE3(com_pomClassForJointAuctionTieBreaker.java:12673)
	at prescribed_Event_Test.PrescribedEvent_A47.Placing_Bids_FirstEntity_A47(PrescribedEvent_A47.java:105)
	at java.base/jdk.internal.reflect.DirectMethodHandleAccessor.invoke(DirectMethodHandleAccessor.java:104)
	at java.base/java.lang.reflect.Method.invoke(Method.java:578)
	at org.testng.internal.MethodInvocationHelper.invokeMethod(MethodInvocationHelper.java:132)
	at org.testng.internal.TestInvoker.invokeMethod(TestInvoker.java:599)
	at org.testng.internal.TestInvoker.invokeTestMethod(TestInvoker.java:174)
	at org.testng.internal.MethodRunner.runInSequence(MethodRunner.java:46)
	at org.testng.internal.TestInvoker$MethodInvocationAgent.invoke(TestInvoker.java:822)
	at org.testng.internal.TestInvoker.invokeTestMethods(TestInvoker.java:147)
	at org.testng.internal.TestMethodWorker.invokeTestMethods(TestMethodWorker.java:146)
	at org.testng.internal.TestMethodWorker.run(TestMethodWorker.java:128)
	at java.base/java.util.ArrayList.forEach(ArrayList.java:1511)
	at org.testng.TestRunner.privateRun(TestRunner.java:764)
	at org.testng.TestRunner.run(TestRunner.java:585)
	at org.testng.SuiteRunner.runTest(SuiteRunner.java:384)
	at org.testng.SuiteRunner.runSequentially(SuiteRunner.java:378)
	at org.testng.SuiteRunner.privateRun(SuiteRunner.java:337)
	at org.testng.SuiteRunner.run(SuiteRunner.java:286)
	at org.testng.SuiteRunnerWorker.runSuite(SuiteRunnerWorker.java:53)
	at org.testng.SuiteRunnerWorker.run(SuiteRunnerWorker.java:96)
	at org.testng.TestNG.runSuitesSequentially(TestNG.java:1218)
	at org.testng.TestNG.runSuitesLocally(TestNG.java:1140)
	at org.testng.TestNG.runSuites(TestNG.java:1069)
	at org.testng.TestNG.run(TestNG.java:1037)
	at org.testng.remote.AbstractRemoteTestNG.run(AbstractRemoteTestNG.java:115)
	at org.testng.remote.RemoteTestNG.initAndRun(RemoteTestNG.java:251)
	at org.testng.remote.RemoteTestNG.main(RemoteTestNG.java:77)
</pre></div></td>
<td>66</td>
<td>prescribed_Event_Test.PrescribedEvent_A47@957e06</td></tr>
<tr>
<td title='prescribed_Event_Test.PrescribedEvent_A49.Placing_Bids_FirstEntity_A49()'><b>Placing_Bids_FirstEntity_A49</b><br>Test class: prescribed_Event_Test.PrescribedEvent_A49<br/>
<a href="#Output-586182936" onClick='toggleBox("Output-586182936", this, "Show output", "Hide output");'>Show output</a>

<a href="#Output-586182936" onClick="toggleAllBoxes();">Show all outputs</a>
<div class='log' id="Output-586182936">
Chrome launched<br/>
Navigated to BaseUrl: https://www.qa-wci-auction.org<br/>
</div>
</td>
<td><div><pre>org.openqa.selenium.TimeoutException: Expected condition failed: waiting for visibility of element located by By.xpath: //*[text()=&apos;BIDDING CLOSES IN&apos;] (tried for 30 second(s) with 500 milliseconds interval)
Build info: version: &apos;4.18.1&apos;, revision: &apos;b1d3319b48&apos;
System info: os.name: &apos;Windows 11&apos;, os.arch: &apos;amd64&apos;, os.version: &apos;10.0&apos;, java.version: &apos;20.0.1&apos;
Driver info: org.openqa.selenium.chrome.ChromeDriver
Capabilities {acceptInsecureCerts: false, browserName: chrome, browserVersion: 125.0.6422.112, chrome: {chromedriverVersion: 125.0.6422.78 (14db42ec38ad..., userDataDir: C:\Users\ROHITV~1\AppData\L...}, fedcm:accounts: true, goog:chromeOptions: {debuggerAddress: localhost:52779}, networkConnectionEnabled: false, pageLoadStrategy: normal, platformName: windows, proxy: Proxy(), se:cdp: ws://localhost:52779/devtoo..., se:cdpVersion: 125.0.6422.112, setWindowRect: true, strictFileInteractability: false, timeouts: {implicit: 0, pageLoad: 300000, script: 30000}, unhandledPromptBehavior: dismiss and notify, webauthn:extension:credBlob: true, webauthn:extension:largeBlob: true, webauthn:extension:minPinLength: true, webauthn:extension:prf: true, webauthn:virtualAuthenticators: true}
Session ID: f1d89d4351f809139e3cef34f1001e6a
	at org.openqa.selenium.support.ui.WebDriverWait.timeoutException(WebDriverWait.java:84)
	at org.openqa.selenium.support.ui.FluentWait.until(FluentWait.java:228)
	at pageObjects.com_pomClassForJointAuctionTieBreaker.BiddingByARforTestData1_PE6(com_pomClassForJointAuctionTieBreaker.java:12743)
	at prescribed_Event_Test.PrescribedEvent_A49.Placing_Bids_FirstEntity_A49(PrescribedEvent_A49.java:106)
	at java.base/java.util.ArrayList.forEach(ArrayList.java:1511)
... Removed 25 stack frames</pre></div><a href='#' onClick='toggleBox("stack-trace586182936", this, "Click to show all stack frames", "Click to hide stack frames")'>Click to show all stack frames</a>
<div class='stack-trace' id='stack-trace586182936'><pre>org.openqa.selenium.TimeoutException: Expected condition failed: waiting for visibility of element located by By.xpath: //*[text()=&apos;BIDDING CLOSES IN&apos;] (tried for 30 second(s) with 500 milliseconds interval)
Build info: version: &apos;4.18.1&apos;, revision: &apos;b1d3319b48&apos;
System info: os.name: &apos;Windows 11&apos;, os.arch: &apos;amd64&apos;, os.version: &apos;10.0&apos;, java.version: &apos;20.0.1&apos;
Driver info: org.openqa.selenium.chrome.ChromeDriver
Capabilities {acceptInsecureCerts: false, browserName: chrome, browserVersion: 125.0.6422.112, chrome: {chromedriverVersion: 125.0.6422.78 (14db42ec38ad..., userDataDir: C:\Users\ROHITV~1\AppData\L...}, fedcm:accounts: true, goog:chromeOptions: {debuggerAddress: localhost:52779}, networkConnectionEnabled: false, pageLoadStrategy: normal, platformName: windows, proxy: Proxy(), se:cdp: ws://localhost:52779/devtoo..., se:cdpVersion: 125.0.6422.112, setWindowRect: true, strictFileInteractability: false, timeouts: {implicit: 0, pageLoad: 300000, script: 30000}, unhandledPromptBehavior: dismiss and notify, webauthn:extension:credBlob: true, webauthn:extension:largeBlob: true, webauthn:extension:minPinLength: true, webauthn:extension:prf: true, webauthn:virtualAuthenticators: true}
Session ID: f1d89d4351f809139e3cef34f1001e6a
	at org.openqa.selenium.support.ui.WebDriverWait.timeoutException(WebDriverWait.java:84)
	at org.openqa.selenium.support.ui.FluentWait.until(FluentWait.java:228)
	at pageObjects.com_pomClassForJointAuctionTieBreaker.BiddingByARforTestData1_PE6(com_pomClassForJointAuctionTieBreaker.java:12743)
	at prescribed_Event_Test.PrescribedEvent_A49.Placing_Bids_FirstEntity_A49(PrescribedEvent_A49.java:106)
	at java.base/jdk.internal.reflect.DirectMethodHandleAccessor.invoke(DirectMethodHandleAccessor.java:104)
	at java.base/java.lang.reflect.Method.invoke(Method.java:578)
	at org.testng.internal.MethodInvocationHelper.invokeMethod(MethodInvocationHelper.java:132)
	at org.testng.internal.TestInvoker.invokeMethod(TestInvoker.java:599)
	at org.testng.internal.TestInvoker.invokeTestMethod(TestInvoker.java:174)
	at org.testng.internal.MethodRunner.runInSequence(MethodRunner.java:46)
	at org.testng.internal.TestInvoker$MethodInvocationAgent.invoke(TestInvoker.java:822)
	at org.testng.internal.TestInvoker.invokeTestMethods(TestInvoker.java:147)
	at org.testng.internal.TestMethodWorker.invokeTestMethods(TestMethodWorker.java:146)
	at org.testng.internal.TestMethodWorker.run(TestMethodWorker.java:128)
	at java.base/java.util.ArrayList.forEach(ArrayList.java:1511)
	at org.testng.TestRunner.privateRun(TestRunner.java:764)
	at org.testng.TestRunner.run(TestRunner.java:585)
	at org.testng.SuiteRunner.runTest(SuiteRunner.java:384)
	at org.testng.SuiteRunner.runSequentially(SuiteRunner.java:378)
	at org.testng.SuiteRunner.privateRun(SuiteRunner.java:337)
	at org.testng.SuiteRunner.run(SuiteRunner.java:286)
	at org.testng.SuiteRunnerWorker.runSuite(SuiteRunnerWorker.java:53)
	at org.testng.SuiteRunnerWorker.run(SuiteRunnerWorker.java:96)
	at org.testng.TestNG.runSuitesSequentially(TestNG.java:1218)
	at org.testng.TestNG.runSuitesLocally(TestNG.java:1140)
	at org.testng.TestNG.runSuites(TestNG.java:1069)
	at org.testng.TestNG.run(TestNG.java:1037)
	at org.testng.remote.AbstractRemoteTestNG.run(AbstractRemoteTestNG.java:115)
	at org.testng.remote.RemoteTestNG.initAndRun(RemoteTestNG.java:251)
	at org.testng.remote.RemoteTestNG.main(RemoteTestNG.java:77)
</pre></div></td>
<td>56</td>
<td>prescribed_Event_Test.PrescribedEvent_A49@4dbb42b7</td></tr>
<tr>
<td title='prescribed_Event_Test.PrescribedEvent_A49.Placing_Bids_FirstEntity_A49()'><b>Placing_Bids_FirstEntity_A49</b><br>Test class: prescribed_Event_Test.PrescribedEvent_A49<br/>
<a href="#Output-323941908" onClick='toggleBox("Output-323941908", this, "Show output", "Hide output");'>Show output</a>

<a href="#Output-323941908" onClick="toggleAllBoxes();">Show all outputs</a>
<div class='log' id="Output-323941908">
Chrome launched<br/>
Navigated to BaseUrl: https://www.qa-wci-auction.org<br/>
</div>
</td>
<td><div><pre>org.openqa.selenium.TimeoutException: Expected condition failed: waiting for visibility of element located by By.xpath: //*[text()=&apos;BIDDING CLOSES IN&apos;] (tried for 30 second(s) with 500 milliseconds interval)
Build info: version: &apos;4.18.1&apos;, revision: &apos;b1d3319b48&apos;
System info: os.name: &apos;Windows 11&apos;, os.arch: &apos;amd64&apos;, os.version: &apos;10.0&apos;, java.version: &apos;20.0.1&apos;
Driver info: org.openqa.selenium.chrome.ChromeDriver
Capabilities {acceptInsecureCerts: false, browserName: chrome, browserVersion: 125.0.6422.112, chrome: {chromedriverVersion: 125.0.6422.78 (14db42ec38ad..., userDataDir: C:\Users\ROHITV~1\AppData\L...}, fedcm:accounts: true, goog:chromeOptions: {debuggerAddress: localhost:52836}, networkConnectionEnabled: false, pageLoadStrategy: normal, platformName: windows, proxy: Proxy(), se:cdp: ws://localhost:52836/devtoo..., se:cdpVersion: 125.0.6422.112, setWindowRect: true, strictFileInteractability: false, timeouts: {implicit: 0, pageLoad: 300000, script: 30000}, unhandledPromptBehavior: dismiss and notify, webauthn:extension:credBlob: true, webauthn:extension:largeBlob: true, webauthn:extension:minPinLength: true, webauthn:extension:prf: true, webauthn:virtualAuthenticators: true}
Session ID: 3a5123b2dcbdca0fb2ffb612856ce126
	at org.openqa.selenium.support.ui.WebDriverWait.timeoutException(WebDriverWait.java:84)
	at org.openqa.selenium.support.ui.FluentWait.until(FluentWait.java:228)
	at pageObjects.com_pomClassForJointAuctionTieBreaker.BiddingByARforTestData1_PE6(com_pomClassForJointAuctionTieBreaker.java:12743)
	at prescribed_Event_Test.PrescribedEvent_A49.Placing_Bids_FirstEntity_A49(PrescribedEvent_A49.java:106)
	at java.base/java.util.ArrayList.forEach(ArrayList.java:1511)
... Removed 25 stack frames</pre></div><a href='#' onClick='toggleBox("stack-trace323941908", this, "Click to show all stack frames", "Click to hide stack frames")'>Click to show all stack frames</a>
<div class='stack-trace' id='stack-trace323941908'><pre>org.openqa.selenium.TimeoutException: Expected condition failed: waiting for visibility of element located by By.xpath: //*[text()=&apos;BIDDING CLOSES IN&apos;] (tried for 30 second(s) with 500 milliseconds interval)
Build info: version: &apos;4.18.1&apos;, revision: &apos;b1d3319b48&apos;
System info: os.name: &apos;Windows 11&apos;, os.arch: &apos;amd64&apos;, os.version: &apos;10.0&apos;, java.version: &apos;20.0.1&apos;
Driver info: org.openqa.selenium.chrome.ChromeDriver
Capabilities {acceptInsecureCerts: false, browserName: chrome, browserVersion: 125.0.6422.112, chrome: {chromedriverVersion: 125.0.6422.78 (14db42ec38ad..., userDataDir: C:\Users\ROHITV~1\AppData\L...}, fedcm:accounts: true, goog:chromeOptions: {debuggerAddress: localhost:52836}, networkConnectionEnabled: false, pageLoadStrategy: normal, platformName: windows, proxy: Proxy(), se:cdp: ws://localhost:52836/devtoo..., se:cdpVersion: 125.0.6422.112, setWindowRect: true, strictFileInteractability: false, timeouts: {implicit: 0, pageLoad: 300000, script: 30000}, unhandledPromptBehavior: dismiss and notify, webauthn:extension:credBlob: true, webauthn:extension:largeBlob: true, webauthn:extension:minPinLength: true, webauthn:extension:prf: true, webauthn:virtualAuthenticators: true}
Session ID: 3a5123b2dcbdca0fb2ffb612856ce126
	at org.openqa.selenium.support.ui.WebDriverWait.timeoutException(WebDriverWait.java:84)
	at org.openqa.selenium.support.ui.FluentWait.until(FluentWait.java:228)
	at pageObjects.com_pomClassForJointAuctionTieBreaker.BiddingByARforTestData1_PE6(com_pomClassForJointAuctionTieBreaker.java:12743)
	at prescribed_Event_Test.PrescribedEvent_A49.Placing_Bids_FirstEntity_A49(PrescribedEvent_A49.java:106)
	at java.base/jdk.internal.reflect.DirectMethodHandleAccessor.invoke(DirectMethodHandleAccessor.java:104)
	at java.base/java.lang.reflect.Method.invoke(Method.java:578)
	at org.testng.internal.MethodInvocationHelper.invokeMethod(MethodInvocationHelper.java:132)
	at org.testng.internal.TestInvoker.invokeMethod(TestInvoker.java:599)
	at org.testng.internal.TestInvoker.retryFailed(TestInvoker.java:214)
	at org.testng.internal.MethodRunner.runInSequence(MethodRunner.java:58)
	at org.testng.internal.TestInvoker$MethodInvocationAgent.invoke(TestInvoker.java:822)
	at org.testng.internal.TestInvoker.invokeTestMethods(TestInvoker.java:147)
	at org.testng.internal.TestMethodWorker.invokeTestMethods(TestMethodWorker.java:146)
	at org.testng.internal.TestMethodWorker.run(TestMethodWorker.java:128)
	at java.base/java.util.ArrayList.forEach(ArrayList.java:1511)
	at org.testng.TestRunner.privateRun(TestRunner.java:764)
	at org.testng.TestRunner.run(TestRunner.java:585)
	at org.testng.SuiteRunner.runTest(SuiteRunner.java:384)
	at org.testng.SuiteRunner.runSequentially(SuiteRunner.java:378)
	at org.testng.SuiteRunner.privateRun(SuiteRunner.java:337)
	at org.testng.SuiteRunner.run(SuiteRunner.java:286)
	at org.testng.SuiteRunnerWorker.runSuite(SuiteRunnerWorker.java:53)
	at org.testng.SuiteRunnerWorker.run(SuiteRunnerWorker.java:96)
	at org.testng.TestNG.runSuitesSequentially(TestNG.java:1218)
	at org.testng.TestNG.runSuitesLocally(TestNG.java:1140)
	at org.testng.TestNG.runSuites(TestNG.java:1069)
	at org.testng.TestNG.run(TestNG.java:1037)
	at org.testng.remote.AbstractRemoteTestNG.run(AbstractRemoteTestNG.java:115)
	at org.testng.remote.RemoteTestNG.initAndRun(RemoteTestNG.java:251)
	at org.testng.remote.RemoteTestNG.main(RemoteTestNG.java:77)
</pre></div></td>
<td>53</td>
<td>prescribed_Event_Test.PrescribedEvent_A49@4dbb42b7</td></tr>
<tr>
<td title='prescribed_Event_Test.PrescribedEvent_A50.Placing_Bids_FirstEntity_A50()'><b>Placing_Bids_FirstEntity_A50</b><br>Test class: prescribed_Event_Test.PrescribedEvent_A50<br/>
<a href="#Output-1390008343" onClick='toggleBox("Output-1390008343", this, "Show output", "Hide output");'>Show output</a>

<a href="#Output-1390008343" onClick="toggleAllBoxes();">Show all outputs</a>
<div class='log' id="Output-1390008343">
Chrome launched<br/>
Navigated to BaseUrl: https://www.qa-wci-auction.org<br/>
</div>
</td>
<td><div><pre>org.openqa.selenium.TimeoutException: Expected condition failed: waiting for visibility of element located by By.xpath: //*[text()=&apos;BIDDING CLOSES IN&apos;] (tried for 30 second(s) with 500 milliseconds interval)
Build info: version: &apos;4.18.1&apos;, revision: &apos;b1d3319b48&apos;
System info: os.name: &apos;Windows 11&apos;, os.arch: &apos;amd64&apos;, os.version: &apos;10.0&apos;, java.version: &apos;20.0.1&apos;
Driver info: org.openqa.selenium.chrome.ChromeDriver
Capabilities {acceptInsecureCerts: false, browserName: chrome, browserVersion: 125.0.6422.112, chrome: {chromedriverVersion: 125.0.6422.78 (14db42ec38ad..., userDataDir: C:\Users\ROHITV~1\AppData\L...}, fedcm:accounts: true, goog:chromeOptions: {debuggerAddress: localhost:61637}, networkConnectionEnabled: false, pageLoadStrategy: normal, platformName: windows, proxy: Proxy(), se:cdp: ws://localhost:61637/devtoo..., se:cdpVersion: 125.0.6422.112, setWindowRect: true, strictFileInteractability: false, timeouts: {implicit: 0, pageLoad: 300000, script: 30000}, unhandledPromptBehavior: dismiss and notify, webauthn:extension:credBlob: true, webauthn:extension:largeBlob: true, webauthn:extension:minPinLength: true, webauthn:extension:prf: true, webauthn:virtualAuthenticators: true}
Session ID: 406988d11d574a1d7661fd4e013427e7
	at org.openqa.selenium.support.ui.WebDriverWait.timeoutException(WebDriverWait.java:84)
	at org.openqa.selenium.support.ui.FluentWait.until(FluentWait.java:228)
	at pageObjects.com_pomClassForJointAuctionTieBreaker.BiddingByARforTestData1_PE6(com_pomClassForJointAuctionTieBreaker.java:12743)
	at prescribed_Event_Test.PrescribedEvent_A50.Placing_Bids_FirstEntity_A50(PrescribedEvent_A50.java:107)
	at java.base/java.util.ArrayList.forEach(ArrayList.java:1511)
... Removed 25 stack frames</pre></div><a href='#' onClick='toggleBox("stack-trace1390008343", this, "Click to show all stack frames", "Click to hide stack frames")'>Click to show all stack frames</a>
<div class='stack-trace' id='stack-trace1390008343'><pre>org.openqa.selenium.TimeoutException: Expected condition failed: waiting for visibility of element located by By.xpath: //*[text()=&apos;BIDDING CLOSES IN&apos;] (tried for 30 second(s) with 500 milliseconds interval)
Build info: version: &apos;4.18.1&apos;, revision: &apos;b1d3319b48&apos;
System info: os.name: &apos;Windows 11&apos;, os.arch: &apos;amd64&apos;, os.version: &apos;10.0&apos;, java.version: &apos;20.0.1&apos;
Driver info: org.openqa.selenium.chrome.ChromeDriver
Capabilities {acceptInsecureCerts: false, browserName: chrome, browserVersion: 125.0.6422.112, chrome: {chromedriverVersion: 125.0.6422.78 (14db42ec38ad..., userDataDir: C:\Users\ROHITV~1\AppData\L...}, fedcm:accounts: true, goog:chromeOptions: {debuggerAddress: localhost:61637}, networkConnectionEnabled: false, pageLoadStrategy: normal, platformName: windows, proxy: Proxy(), se:cdp: ws://localhost:61637/devtoo..., se:cdpVersion: 125.0.6422.112, setWindowRect: true, strictFileInteractability: false, timeouts: {implicit: 0, pageLoad: 300000, script: 30000}, unhandledPromptBehavior: dismiss and notify, webauthn:extension:credBlob: true, webauthn:extension:largeBlob: true, webauthn:extension:minPinLength: true, webauthn:extension:prf: true, webauthn:virtualAuthenticators: true}
Session ID: 406988d11d574a1d7661fd4e013427e7
	at org.openqa.selenium.support.ui.WebDriverWait.timeoutException(WebDriverWait.java:84)
	at org.openqa.selenium.support.ui.FluentWait.until(FluentWait.java:228)
	at pageObjects.com_pomClassForJointAuctionTieBreaker.BiddingByARforTestData1_PE6(com_pomClassForJointAuctionTieBreaker.java:12743)
	at prescribed_Event_Test.PrescribedEvent_A50.Placing_Bids_FirstEntity_A50(PrescribedEvent_A50.java:107)
	at java.base/jdk.internal.reflect.DirectMethodHandleAccessor.invoke(DirectMethodHandleAccessor.java:104)
	at java.base/java.lang.reflect.Method.invoke(Method.java:578)
	at org.testng.internal.MethodInvocationHelper.invokeMethod(MethodInvocationHelper.java:132)
	at org.testng.internal.TestInvoker.invokeMethod(TestInvoker.java:599)
	at org.testng.internal.TestInvoker.invokeTestMethod(TestInvoker.java:174)
	at org.testng.internal.MethodRunner.runInSequence(MethodRunner.java:46)
	at org.testng.internal.TestInvoker$MethodInvocationAgent.invoke(TestInvoker.java:822)
	at org.testng.internal.TestInvoker.invokeTestMethods(TestInvoker.java:147)
	at org.testng.internal.TestMethodWorker.invokeTestMethods(TestMethodWorker.java:146)
	at org.testng.internal.TestMethodWorker.run(TestMethodWorker.java:128)
	at java.base/java.util.ArrayList.forEach(ArrayList.java:1511)
	at org.testng.TestRunner.privateRun(TestRunner.java:764)
	at org.testng.TestRunner.run(TestRunner.java:585)
	at org.testng.SuiteRunner.runTest(SuiteRunner.java:384)
	at org.testng.SuiteRunner.runSequentially(SuiteRunner.java:378)
	at org.testng.SuiteRunner.privateRun(SuiteRunner.java:337)
	at org.testng.SuiteRunner.run(SuiteRunner.java:286)
	at org.testng.SuiteRunnerWorker.runSuite(SuiteRunnerWorker.java:53)
	at org.testng.SuiteRunnerWorker.run(SuiteRunnerWorker.java:96)
	at org.testng.TestNG.runSuitesSequentially(TestNG.java:1218)
	at org.testng.TestNG.runSuitesLocally(TestNG.java:1140)
	at org.testng.TestNG.runSuites(TestNG.java:1069)
	at org.testng.TestNG.run(TestNG.java:1037)
	at org.testng.remote.AbstractRemoteTestNG.run(AbstractRemoteTestNG.java:115)
	at org.testng.remote.RemoteTestNG.initAndRun(RemoteTestNG.java:251)
	at org.testng.remote.RemoteTestNG.main(RemoteTestNG.java:77)
</pre></div></td>
<td>124</td>
<td>prescribed_Event_Test.PrescribedEvent_A50@1de5f259</td></tr>
<tr>
<td title='prescribed_Event_Test.PrescribedEvent_A51.Placing_Bids_FirstEntity_A51()'><b>Placing_Bids_FirstEntity_A51</b><br>Test class: prescribed_Event_Test.PrescribedEvent_A51<br/>
<a href="#Output-1305259765" onClick='toggleBox("Output-1305259765", this, "Show output", "Hide output");'>Show output</a>

<a href="#Output-1305259765" onClick="toggleAllBoxes();">Show all outputs</a>
<div class='log' id="Output-1305259765">
Chrome launched<br/>
Navigated to BaseUrl: https://www.qa-wci-auction.org<br/>
</div>
</td>
<td><div><pre>org.openqa.selenium.TimeoutException: Expected condition failed: waiting for visibility of element located by By.xpath: //*[text()=&apos;BIDDING CLOSES IN&apos;] (tried for 30 second(s) with 500 milliseconds interval)
Build info: version: &apos;4.18.1&apos;, revision: &apos;b1d3319b48&apos;
System info: os.name: &apos;Windows 11&apos;, os.arch: &apos;amd64&apos;, os.version: &apos;10.0&apos;, java.version: &apos;20.0.1&apos;
Driver info: org.openqa.selenium.chrome.ChromeDriver
Capabilities {acceptInsecureCerts: false, browserName: chrome, browserVersion: 125.0.6422.112, chrome: {chromedriverVersion: 125.0.6422.78 (14db42ec38ad..., userDataDir: C:\Users\ROHITV~1\AppData\L...}, fedcm:accounts: true, goog:chromeOptions: {debuggerAddress: localhost:63516}, networkConnectionEnabled: false, pageLoadStrategy: normal, platformName: windows, proxy: Proxy(), se:cdp: ws://localhost:63516/devtoo..., se:cdpVersion: 125.0.6422.112, setWindowRect: true, strictFileInteractability: false, timeouts: {implicit: 0, pageLoad: 300000, script: 30000}, unhandledPromptBehavior: dismiss and notify, webauthn:extension:credBlob: true, webauthn:extension:largeBlob: true, webauthn:extension:minPinLength: true, webauthn:extension:prf: true, webauthn:virtualAuthenticators: true}
Session ID: 001619c0d5296cd66cd5ba6204719ab6
	at org.openqa.selenium.support.ui.WebDriverWait.timeoutException(WebDriverWait.java:84)
	at org.openqa.selenium.support.ui.FluentWait.until(FluentWait.java:228)
	at pageObjects.com_pomClassForJointAuctionTieBreaker.BiddingByARforTestData1_PE8(com_pomClassForJointAuctionTieBreaker.java:12777)
	at prescribed_Event_Test.PrescribedEvent_A51.Placing_Bids_FirstEntity_A51(PrescribedEvent_A51.java:105)
	at java.base/java.util.ArrayList.forEach(ArrayList.java:1511)
... Removed 25 stack frames</pre></div><a href='#' onClick='toggleBox("stack-trace1305259765", this, "Click to show all stack frames", "Click to hide stack frames")'>Click to show all stack frames</a>
<div class='stack-trace' id='stack-trace1305259765'><pre>org.openqa.selenium.TimeoutException: Expected condition failed: waiting for visibility of element located by By.xpath: //*[text()=&apos;BIDDING CLOSES IN&apos;] (tried for 30 second(s) with 500 milliseconds interval)
Build info: version: &apos;4.18.1&apos;, revision: &apos;b1d3319b48&apos;
System info: os.name: &apos;Windows 11&apos;, os.arch: &apos;amd64&apos;, os.version: &apos;10.0&apos;, java.version: &apos;20.0.1&apos;
Driver info: org.openqa.selenium.chrome.ChromeDriver
Capabilities {acceptInsecureCerts: false, browserName: chrome, browserVersion: 125.0.6422.112, chrome: {chromedriverVersion: 125.0.6422.78 (14db42ec38ad..., userDataDir: C:\Users\ROHITV~1\AppData\L...}, fedcm:accounts: true, goog:chromeOptions: {debuggerAddress: localhost:63516}, networkConnectionEnabled: false, pageLoadStrategy: normal, platformName: windows, proxy: Proxy(), se:cdp: ws://localhost:63516/devtoo..., se:cdpVersion: 125.0.6422.112, setWindowRect: true, strictFileInteractability: false, timeouts: {implicit: 0, pageLoad: 300000, script: 30000}, unhandledPromptBehavior: dismiss and notify, webauthn:extension:credBlob: true, webauthn:extension:largeBlob: true, webauthn:extension:minPinLength: true, webauthn:extension:prf: true, webauthn:virtualAuthenticators: true}
Session ID: 001619c0d5296cd66cd5ba6204719ab6
	at org.openqa.selenium.support.ui.WebDriverWait.timeoutException(WebDriverWait.java:84)
	at org.openqa.selenium.support.ui.FluentWait.until(FluentWait.java:228)
	at pageObjects.com_pomClassForJointAuctionTieBreaker.BiddingByARforTestData1_PE8(com_pomClassForJointAuctionTieBreaker.java:12777)
	at prescribed_Event_Test.PrescribedEvent_A51.Placing_Bids_FirstEntity_A51(PrescribedEvent_A51.java:105)
	at java.base/jdk.internal.reflect.DirectMethodHandleAccessor.invoke(DirectMethodHandleAccessor.java:104)
	at java.base/java.lang.reflect.Method.invoke(Method.java:578)
	at org.testng.internal.MethodInvocationHelper.invokeMethod(MethodInvocationHelper.java:132)
	at org.testng.internal.TestInvoker.invokeMethod(TestInvoker.java:599)
	at org.testng.internal.TestInvoker.invokeTestMethod(TestInvoker.java:174)
	at org.testng.internal.MethodRunner.runInSequence(MethodRunner.java:46)
	at org.testng.internal.TestInvoker$MethodInvocationAgent.invoke(TestInvoker.java:822)
	at org.testng.internal.TestInvoker.invokeTestMethods(TestInvoker.java:147)
	at org.testng.internal.TestMethodWorker.invokeTestMethods(TestMethodWorker.java:146)
	at org.testng.internal.TestMethodWorker.run(TestMethodWorker.java:128)
	at java.base/java.util.ArrayList.forEach(ArrayList.java:1511)
	at org.testng.TestRunner.privateRun(TestRunner.java:764)
	at org.testng.TestRunner.run(TestRunner.java:585)
	at org.testng.SuiteRunner.runTest(SuiteRunner.java:384)
	at org.testng.SuiteRunner.runSequentially(SuiteRunner.java:378)
	at org.testng.SuiteRunner.privateRun(SuiteRunner.java:337)
	at org.testng.SuiteRunner.run(SuiteRunner.java:286)
	at org.testng.SuiteRunnerWorker.runSuite(SuiteRunnerWorker.java:53)
	at org.testng.SuiteRunnerWorker.run(SuiteRunnerWorker.java:96)
	at org.testng.TestNG.runSuitesSequentially(TestNG.java:1218)
	at org.testng.TestNG.runSuitesLocally(TestNG.java:1140)
	at org.testng.TestNG.runSuites(TestNG.java:1069)
	at org.testng.TestNG.run(TestNG.java:1037)
	at org.testng.remote.AbstractRemoteTestNG.run(AbstractRemoteTestNG.java:115)
	at org.testng.remote.RemoteTestNG.initAndRun(RemoteTestNG.java:251)
	at org.testng.remote.RemoteTestNG.main(RemoteTestNG.java:77)
</pre></div></td>
<td>125</td>
<td>prescribed_Event_Test.PrescribedEvent_A51@31fa1761</td></tr>
<tr>
<td title='prescribed_Event_Test.PrescribedEvent_A56.Placing_Bids_FirstEntity_A56()'><b>Placing_Bids_FirstEntity_A56</b><br>Test class: prescribed_Event_Test.PrescribedEvent_A56<br/>
<a href="#Output-2066568822" onClick='toggleBox("Output-2066568822", this, "Show output", "Hide output");'>Show output</a>

<a href="#Output-2066568822" onClick="toggleAllBoxes();">Show all outputs</a>
<div class='log' id="Output-2066568822">
Chrome launched<br/>
Navigated to BaseUrl: https://www.qa-wci-auction.org<br/>
</div>
</td>
<td><div><pre>org.openqa.selenium.TimeoutException: Expected condition failed: waiting for visibility of element located by By.xpath: //*[text()=&apos;BIDDING CLOSES IN&apos;] (tried for 30 second(s) with 500 milliseconds interval)
Build info: version: &apos;4.18.1&apos;, revision: &apos;b1d3319b48&apos;
System info: os.name: &apos;Windows 11&apos;, os.arch: &apos;amd64&apos;, os.version: &apos;10.0&apos;, java.version: &apos;20.0.1&apos;
Driver info: org.openqa.selenium.chrome.ChromeDriver
Capabilities {acceptInsecureCerts: false, browserName: chrome, browserVersion: 125.0.6422.112, chrome: {chromedriverVersion: 125.0.6422.78 (14db42ec38ad..., userDataDir: C:\Users\ROHITV~1\AppData\L...}, fedcm:accounts: true, goog:chromeOptions: {debuggerAddress: localhost:51386}, networkConnectionEnabled: false, pageLoadStrategy: normal, platformName: windows, proxy: Proxy(), se:cdp: ws://localhost:51386/devtoo..., se:cdpVersion: 125.0.6422.112, setWindowRect: true, strictFileInteractability: false, timeouts: {implicit: 0, pageLoad: 300000, script: 30000}, unhandledPromptBehavior: dismiss and notify, webauthn:extension:credBlob: true, webauthn:extension:largeBlob: true, webauthn:extension:minPinLength: true, webauthn:extension:prf: true, webauthn:virtualAuthenticators: true}
Session ID: e68633ef11d1c09b4cf68260e83a5054
	at org.openqa.selenium.support.ui.WebDriverWait.timeoutException(WebDriverWait.java:84)
	at org.openqa.selenium.support.ui.FluentWait.until(FluentWait.java:228)
	at pageObjects.com_pomClassForJointAuctionTieBreaker.BiddingByARforTestData1_PE9(com_pomClassForJointAuctionTieBreaker.java:12811)
	at prescribed_Event_Test.PrescribedEvent_A56.Placing_Bids_FirstEntity_A56(PrescribedEvent_A56.java:106)
	at java.base/java.util.ArrayList.forEach(ArrayList.java:1511)
... Removed 25 stack frames</pre></div><a href='#' onClick='toggleBox("stack-trace2066568822", this, "Click to show all stack frames", "Click to hide stack frames")'>Click to show all stack frames</a>
<div class='stack-trace' id='stack-trace2066568822'><pre>org.openqa.selenium.TimeoutException: Expected condition failed: waiting for visibility of element located by By.xpath: //*[text()=&apos;BIDDING CLOSES IN&apos;] (tried for 30 second(s) with 500 milliseconds interval)
Build info: version: &apos;4.18.1&apos;, revision: &apos;b1d3319b48&apos;
System info: os.name: &apos;Windows 11&apos;, os.arch: &apos;amd64&apos;, os.version: &apos;10.0&apos;, java.version: &apos;20.0.1&apos;
Driver info: org.openqa.selenium.chrome.ChromeDriver
Capabilities {acceptInsecureCerts: false, browserName: chrome, browserVersion: 125.0.6422.112, chrome: {chromedriverVersion: 125.0.6422.78 (14db42ec38ad..., userDataDir: C:\Users\ROHITV~1\AppData\L...}, fedcm:accounts: true, goog:chromeOptions: {debuggerAddress: localhost:51386}, networkConnectionEnabled: false, pageLoadStrategy: normal, platformName: windows, proxy: Proxy(), se:cdp: ws://localhost:51386/devtoo..., se:cdpVersion: 125.0.6422.112, setWindowRect: true, strictFileInteractability: false, timeouts: {implicit: 0, pageLoad: 300000, script: 30000}, unhandledPromptBehavior: dismiss and notify, webauthn:extension:credBlob: true, webauthn:extension:largeBlob: true, webauthn:extension:minPinLength: true, webauthn:extension:prf: true, webauthn:virtualAuthenticators: true}
Session ID: e68633ef11d1c09b4cf68260e83a5054
	at org.openqa.selenium.support.ui.WebDriverWait.timeoutException(WebDriverWait.java:84)
	at org.openqa.selenium.support.ui.FluentWait.until(FluentWait.java:228)
	at pageObjects.com_pomClassForJointAuctionTieBreaker.BiddingByARforTestData1_PE9(com_pomClassForJointAuctionTieBreaker.java:12811)
	at prescribed_Event_Test.PrescribedEvent_A56.Placing_Bids_FirstEntity_A56(PrescribedEvent_A56.java:106)
	at java.base/jdk.internal.reflect.DirectMethodHandleAccessor.invoke(DirectMethodHandleAccessor.java:104)
	at java.base/java.lang.reflect.Method.invoke(Method.java:578)
	at org.testng.internal.MethodInvocationHelper.invokeMethod(MethodInvocationHelper.java:132)
	at org.testng.internal.TestInvoker.invokeMethod(TestInvoker.java:599)
	at org.testng.internal.TestInvoker.invokeTestMethod(TestInvoker.java:174)
	at org.testng.internal.MethodRunner.runInSequence(MethodRunner.java:46)
	at org.testng.internal.TestInvoker$MethodInvocationAgent.invoke(TestInvoker.java:822)
	at org.testng.internal.TestInvoker.invokeTestMethods(TestInvoker.java:147)
	at org.testng.internal.TestMethodWorker.invokeTestMethods(TestMethodWorker.java:146)
	at org.testng.internal.TestMethodWorker.run(TestMethodWorker.java:128)
	at java.base/java.util.ArrayList.forEach(ArrayList.java:1511)
	at org.testng.TestRunner.privateRun(TestRunner.java:764)
	at org.testng.TestRunner.run(TestRunner.java:585)
	at org.testng.SuiteRunner.runTest(SuiteRunner.java:384)
	at org.testng.SuiteRunner.runSequentially(SuiteRunner.java:378)
	at org.testng.SuiteRunner.privateRun(SuiteRunner.java:337)
	at org.testng.SuiteRunner.run(SuiteRunner.java:286)
	at org.testng.SuiteRunnerWorker.runSuite(SuiteRunnerWorker.java:53)
	at org.testng.SuiteRunnerWorker.run(SuiteRunnerWorker.java:96)
	at org.testng.TestNG.runSuitesSequentially(TestNG.java:1218)
	at org.testng.TestNG.runSuitesLocally(TestNG.java:1140)
	at org.testng.TestNG.runSuites(TestNG.java:1069)
	at org.testng.TestNG.run(TestNG.java:1037)
	at org.testng.remote.AbstractRemoteTestNG.run(AbstractRemoteTestNG.java:115)
	at org.testng.remote.RemoteTestNG.initAndRun(RemoteTestNG.java:251)
	at org.testng.remote.RemoteTestNG.main(RemoteTestNG.java:77)
</pre></div></td>
<td>61</td>
<td>prescribed_Event_Test.PrescribedEvent_A56@2c1b194a</td></tr>
<tr>
<td title='prescribed_Event_Test.PrescribedEvent_A57.Placing_Bids_FirstEntity_A57()'><b>Placing_Bids_FirstEntity_A57</b><br>Test class: prescribed_Event_Test.PrescribedEvent_A57<br/>
<a href="#Output-1743026712" onClick='toggleBox("Output-1743026712", this, "Show output", "Hide output");'>Show output</a>

<a href="#Output-1743026712" onClick="toggleAllBoxes();">Show all outputs</a>
<div class='log' id="Output-1743026712">
Chrome launched<br/>
Navigated to BaseUrl: https://www.qa-wci-auction.org<br/>
</div>
</td>
<td><div><pre>org.openqa.selenium.TimeoutException: Expected condition failed: waiting for visibility of element located by By.xpath: //*[text()=&apos;BIDDING CLOSES IN&apos;] (tried for 30 second(s) with 500 milliseconds interval)
Build info: version: &apos;4.18.1&apos;, revision: &apos;b1d3319b48&apos;
System info: os.name: &apos;Windows 11&apos;, os.arch: &apos;amd64&apos;, os.version: &apos;10.0&apos;, java.version: &apos;20.0.1&apos;
Driver info: org.openqa.selenium.chrome.ChromeDriver
Capabilities {acceptInsecureCerts: false, browserName: chrome, browserVersion: 125.0.6422.112, chrome: {chromedriverVersion: 125.0.6422.78 (14db42ec38ad..., userDataDir: C:\Users\ROHITV~1\AppData\L...}, fedcm:accounts: true, goog:chromeOptions: {debuggerAddress: localhost:49933}, networkConnectionEnabled: false, pageLoadStrategy: normal, platformName: windows, proxy: Proxy(), se:cdp: ws://localhost:49933/devtoo..., se:cdpVersion: 125.0.6422.112, setWindowRect: true, strictFileInteractability: false, timeouts: {implicit: 0, pageLoad: 300000, script: 30000}, unhandledPromptBehavior: dismiss and notify, webauthn:extension:credBlob: true, webauthn:extension:largeBlob: true, webauthn:extension:minPinLength: true, webauthn:extension:prf: true, webauthn:virtualAuthenticators: true}
Session ID: 63cebb3319b25d92ea863bb4506a3a0f
	at org.openqa.selenium.support.ui.WebDriverWait.timeoutException(WebDriverWait.java:84)
	at org.openqa.selenium.support.ui.FluentWait.until(FluentWait.java:228)
	at pageObjects.com_pomClassForJointAuctionTieBreaker.BiddingByARforTestData1_PE10(com_pomClassForJointAuctionTieBreaker.java:12846)
	at prescribed_Event_Test.PrescribedEvent_A57.Placing_Bids_FirstEntity_A57(PrescribedEvent_A57.java:106)
	at java.base/java.util.ArrayList.forEach(ArrayList.java:1511)
... Removed 25 stack frames</pre></div><a href='#' onClick='toggleBox("stack-trace1743026712", this, "Click to show all stack frames", "Click to hide stack frames")'>Click to show all stack frames</a>
<div class='stack-trace' id='stack-trace1743026712'><pre>org.openqa.selenium.TimeoutException: Expected condition failed: waiting for visibility of element located by By.xpath: //*[text()=&apos;BIDDING CLOSES IN&apos;] (tried for 30 second(s) with 500 milliseconds interval)
Build info: version: &apos;4.18.1&apos;, revision: &apos;b1d3319b48&apos;
System info: os.name: &apos;Windows 11&apos;, os.arch: &apos;amd64&apos;, os.version: &apos;10.0&apos;, java.version: &apos;20.0.1&apos;
Driver info: org.openqa.selenium.chrome.ChromeDriver
Capabilities {acceptInsecureCerts: false, browserName: chrome, browserVersion: 125.0.6422.112, chrome: {chromedriverVersion: 125.0.6422.78 (14db42ec38ad..., userDataDir: C:\Users\ROHITV~1\AppData\L...}, fedcm:accounts: true, goog:chromeOptions: {debuggerAddress: localhost:49933}, networkConnectionEnabled: false, pageLoadStrategy: normal, platformName: windows, proxy: Proxy(), se:cdp: ws://localhost:49933/devtoo..., se:cdpVersion: 125.0.6422.112, setWindowRect: true, strictFileInteractability: false, timeouts: {implicit: 0, pageLoad: 300000, script: 30000}, unhandledPromptBehavior: dismiss and notify, webauthn:extension:credBlob: true, webauthn:extension:largeBlob: true, webauthn:extension:minPinLength: true, webauthn:extension:prf: true, webauthn:virtualAuthenticators: true}
Session ID: 63cebb3319b25d92ea863bb4506a3a0f
	at org.openqa.selenium.support.ui.WebDriverWait.timeoutException(WebDriverWait.java:84)
	at org.openqa.selenium.support.ui.FluentWait.until(FluentWait.java:228)
	at pageObjects.com_pomClassForJointAuctionTieBreaker.BiddingByARforTestData1_PE10(com_pomClassForJointAuctionTieBreaker.java:12846)
	at prescribed_Event_Test.PrescribedEvent_A57.Placing_Bids_FirstEntity_A57(PrescribedEvent_A57.java:106)
	at java.base/jdk.internal.reflect.DirectMethodHandleAccessor.invoke(DirectMethodHandleAccessor.java:104)
	at java.base/java.lang.reflect.Method.invoke(Method.java:578)
	at org.testng.internal.MethodInvocationHelper.invokeMethod(MethodInvocationHelper.java:132)
	at org.testng.internal.TestInvoker.invokeMethod(TestInvoker.java:599)
	at org.testng.internal.TestInvoker.invokeTestMethod(TestInvoker.java:174)
	at org.testng.internal.MethodRunner.runInSequence(MethodRunner.java:46)
	at org.testng.internal.TestInvoker$MethodInvocationAgent.invoke(TestInvoker.java:822)
	at org.testng.internal.TestInvoker.invokeTestMethods(TestInvoker.java:147)
	at org.testng.internal.TestMethodWorker.invokeTestMethods(TestMethodWorker.java:146)
	at org.testng.internal.TestMethodWorker.run(TestMethodWorker.java:128)
	at java.base/java.util.ArrayList.forEach(ArrayList.java:1511)
	at org.testng.TestRunner.privateRun(TestRunner.java:764)
	at org.testng.TestRunner.run(TestRunner.java:585)
	at org.testng.SuiteRunner.runTest(SuiteRunner.java:384)
	at org.testng.SuiteRunner.runSequentially(SuiteRunner.java:378)
	at org.testng.SuiteRunner.privateRun(SuiteRunner.java:337)
	at org.testng.SuiteRunner.run(SuiteRunner.java:286)
	at org.testng.SuiteRunnerWorker.runSuite(SuiteRunnerWorker.java:53)
	at org.testng.SuiteRunnerWorker.run(SuiteRunnerWorker.java:96)
	at org.testng.TestNG.runSuitesSequentially(TestNG.java:1218)
	at org.testng.TestNG.runSuitesLocally(TestNG.java:1140)
	at org.testng.TestNG.runSuites(TestNG.java:1069)
	at org.testng.TestNG.run(TestNG.java:1037)
	at org.testng.remote.AbstractRemoteTestNG.run(AbstractRemoteTestNG.java:115)
	at org.testng.remote.RemoteTestNG.initAndRun(RemoteTestNG.java:251)
	at org.testng.remote.RemoteTestNG.main(RemoteTestNG.java:77)
</pre></div></td>
<td>95</td>
<td>prescribed_Event_Test.PrescribedEvent_A57@32502377</td></tr>
<tr>
<td title='prescribed_Event_Test.PrescribedEvent_A218.Run_Algorithm_WashingtonFirstSponsor()'><b>Run_Algorithm_WashingtonFirstSponsor</b><br>Test class: prescribed_Event_Test.PrescribedEvent_A218<br/>
<a href="#Output-1162775738" onClick='toggleBox("Output-1162775738", this, "Show output", "Hide output");'>Show output</a>

<a href="#Output-1162775738" onClick="toggleAllBoxes();">Show all outputs</a>
<div class='log' id="Output-1162775738">
Chrome launched<br/>
Navigated to BaseUrl: https://www.qa-wci-auction.org<br/>
</div>
</td>
<td><div><pre>org.openqa.selenium.ElementClickInterceptedException: element click intercepted: Element &lt;span class=&quot;MuiButton-label&quot;&gt;...&lt;/span&gt; is not clickable at point (1098, 650). Other element would receive the click: &lt;div&gt;...&lt;/div&gt;
  (Session info: chrome=125.0.6422.112)
Build info: version: &apos;4.18.1&apos;, revision: &apos;b1d3319b48&apos;
System info: os.name: &apos;Windows 11&apos;, os.arch: &apos;amd64&apos;, os.version: &apos;10.0&apos;, java.version: &apos;20.0.1&apos;
Driver info: org.openqa.selenium.chrome.ChromeDriver
Command: [b3afb64ee818b001a52448f873795a14, clickElement {id=f.B2124F8721BAD626F4250D5C26813D95.d.D992403E2EB940EA96A99AFC852F6E06.e.162}]
Capabilities {acceptInsecureCerts: false, browserName: chrome, browserVersion: 125.0.6422.112, chrome: {chromedriverVersion: 125.0.6422.78 (14db42ec38ad..., userDataDir: C:\Users\ROHITV~1\AppData\L...}, fedcm:accounts: true, goog:chromeOptions: {debuggerAddress: localhost:63294}, networkConnectionEnabled: false, pageLoadStrategy: normal, platformName: windows, proxy: Proxy(), se:cdp: ws://localhost:63294/devtoo..., se:cdpVersion: 125.0.6422.112, setWindowRect: true, strictFileInteractability: false, timeouts: {implicit: 0, pageLoad: 300000, script: 30000}, unhandledPromptBehavior: dismiss and notify, webauthn:extension:credBlob: true, webauthn:extension:largeBlob: true, webauthn:extension:minPinLength: true, webauthn:extension:prf: true, webauthn:virtualAuthenticators: true}
Element: [[ChromeDriver: chrome on windows (b3afb64ee818b001a52448f873795a14)] -&gt; xpath: (//*[text()=&apos;RUN ALGORITHM&apos;])[2]]
Session ID: b3afb64ee818b001a52448f873795a14
	at org.openqa.selenium.remote.ErrorCodec.decode(ErrorCodec.java:167)
	at org.openqa.selenium.remote.codec.w3c.W3CHttpResponseCodec.decode(W3CHttpResponseCodec.java:138)
	at org.openqa.selenium.remote.codec.w3c.W3CHttpResponseCodec.decode(W3CHttpResponseCodec.java:50)
	at org.openqa.selenium.remote.HttpCommandExecutor.execute(HttpCommandExecutor.java:190)
	at org.openqa.selenium.remote.service.DriverCommandExecutor.invokeExecute(DriverCommandExecutor.java:216)
	at org.openqa.selenium.remote.service.DriverCommandExecutor.execute(DriverCommandExecutor.java:174)
	at org.openqa.selenium.remote.RemoteWebDriver.execute(RemoteWebDriver.java:519)
	at org.openqa.selenium.remote.RemoteWebElement.execute(RemoteWebElement.java:223)
	at org.openqa.selenium.remote.RemoteWebElement.click(RemoteWebElement.java:76)
	at org.openqa.selenium.support.pagefactory.internal.LocatingElementHandler.invoke(LocatingElementHandler.java:51)
	at jdk.proxy2/jdk.proxy2.$Proxy13.click(Unknown Source)
	at pageObjects.com_pomClassForJointAuctionTieBreaker.runAlgorithm(com_pomClassForJointAuctionTieBreaker.java:21214)
	at prescribed_Event_Test.PrescribedEvent_A218.Run_Algorithm_WashingtonFirstSponsor(PrescribedEvent_A218.java:155)
	at java.base/java.util.ArrayList.forEach(ArrayList.java:1511)
... Removed 30 stack frames</pre></div><a href='#' onClick='toggleBox("stack-trace1162775738", this, "Click to show all stack frames", "Click to hide stack frames")'>Click to show all stack frames</a>
<div class='stack-trace' id='stack-trace1162775738'><pre>org.openqa.selenium.ElementClickInterceptedException: element click intercepted: Element &lt;span class=&quot;MuiButton-label&quot;&gt;...&lt;/span&gt; is not clickable at point (1098, 650). Other element would receive the click: &lt;div&gt;...&lt;/div&gt;
  (Session info: chrome=125.0.6422.112)
Build info: version: &apos;4.18.1&apos;, revision: &apos;b1d3319b48&apos;
System info: os.name: &apos;Windows 11&apos;, os.arch: &apos;amd64&apos;, os.version: &apos;10.0&apos;, java.version: &apos;20.0.1&apos;
Driver info: org.openqa.selenium.chrome.ChromeDriver
Command: [b3afb64ee818b001a52448f873795a14, clickElement {id=f.B2124F8721BAD626F4250D5C26813D95.d.D992403E2EB940EA96A99AFC852F6E06.e.162}]
Capabilities {acceptInsecureCerts: false, browserName: chrome, browserVersion: 125.0.6422.112, chrome: {chromedriverVersion: 125.0.6422.78 (14db42ec38ad..., userDataDir: C:\Users\ROHITV~1\AppData\L...}, fedcm:accounts: true, goog:chromeOptions: {debuggerAddress: localhost:63294}, networkConnectionEnabled: false, pageLoadStrategy: normal, platformName: windows, proxy: Proxy(), se:cdp: ws://localhost:63294/devtoo..., se:cdpVersion: 125.0.6422.112, setWindowRect: true, strictFileInteractability: false, timeouts: {implicit: 0, pageLoad: 300000, script: 30000}, unhandledPromptBehavior: dismiss and notify, webauthn:extension:credBlob: true, webauthn:extension:largeBlob: true, webauthn:extension:minPinLength: true, webauthn:extension:prf: true, webauthn:virtualAuthenticators: true}
Element: [[ChromeDriver: chrome on windows (b3afb64ee818b001a52448f873795a14)] -&gt; xpath: (//*[text()=&apos;RUN ALGORITHM&apos;])[2]]
Session ID: b3afb64ee818b001a52448f873795a14
	at java.base/jdk.internal.reflect.DirectConstructorHandleAccessor.newInstance(DirectConstructorHandleAccessor.java:67)
	at java.base/java.lang.reflect.Constructor.newInstanceWithCaller(Constructor.java:500)
	at java.base/java.lang.reflect.Constructor.newInstance(Constructor.java:484)
	at org.openqa.selenium.remote.ErrorCodec.decode(ErrorCodec.java:167)
	at org.openqa.selenium.remote.codec.w3c.W3CHttpResponseCodec.decode(W3CHttpResponseCodec.java:138)
	at org.openqa.selenium.remote.codec.w3c.W3CHttpResponseCodec.decode(W3CHttpResponseCodec.java:50)
	at org.openqa.selenium.remote.HttpCommandExecutor.execute(HttpCommandExecutor.java:190)
	at org.openqa.selenium.remote.service.DriverCommandExecutor.invokeExecute(DriverCommandExecutor.java:216)
	at org.openqa.selenium.remote.service.DriverCommandExecutor.execute(DriverCommandExecutor.java:174)
	at org.openqa.selenium.remote.RemoteWebDriver.execute(RemoteWebDriver.java:519)
	at org.openqa.selenium.remote.RemoteWebElement.execute(RemoteWebElement.java:223)
	at org.openqa.selenium.remote.RemoteWebElement.click(RemoteWebElement.java:76)
	at java.base/jdk.internal.reflect.DirectMethodHandleAccessor.invoke(DirectMethodHandleAccessor.java:104)
	at java.base/java.lang.reflect.Method.invoke(Method.java:578)
	at org.openqa.selenium.support.pagefactory.internal.LocatingElementHandler.invoke(LocatingElementHandler.java:51)
	at jdk.proxy2/jdk.proxy2.$Proxy13.click(Unknown Source)
	at pageObjects.com_pomClassForJointAuctionTieBreaker.runAlgorithm(com_pomClassForJointAuctionTieBreaker.java:21214)
	at prescribed_Event_Test.PrescribedEvent_A218.Run_Algorithm_WashingtonFirstSponsor(PrescribedEvent_A218.java:155)
	at java.base/jdk.internal.reflect.DirectMethodHandleAccessor.invoke(DirectMethodHandleAccessor.java:104)
	at java.base/java.lang.reflect.Method.invoke(Method.java:578)
	at org.testng.internal.MethodInvocationHelper.invokeMethod(MethodInvocationHelper.java:132)
	at org.testng.internal.TestInvoker.invokeMethod(TestInvoker.java:599)
	at org.testng.internal.TestInvoker.invokeTestMethod(TestInvoker.java:174)
	at org.testng.internal.MethodRunner.runInSequence(MethodRunner.java:46)
	at org.testng.internal.TestInvoker$MethodInvocationAgent.invoke(TestInvoker.java:822)
	at org.testng.internal.TestInvoker.invokeTestMethods(TestInvoker.java:147)
	at org.testng.internal.TestMethodWorker.invokeTestMethods(TestMethodWorker.java:146)
	at org.testng.internal.TestMethodWorker.run(TestMethodWorker.java:128)
	at java.base/java.util.ArrayList.forEach(ArrayList.java:1511)
	at org.testng.TestRunner.privateRun(TestRunner.java:764)
	at org.testng.TestRunner.run(TestRunner.java:585)
	at org.testng.SuiteRunner.runTest(SuiteRunner.java:384)
	at org.testng.SuiteRunner.runSequentially(SuiteRunner.java:378)
	at org.testng.SuiteRunner.privateRun(SuiteRunner.java:337)
	at org.testng.SuiteRunner.run(SuiteRunner.java:286)
	at org.testng.SuiteRunnerWorker.runSuite(SuiteRunnerWorker.java:53)
	at org.testng.SuiteRunnerWorker.run(SuiteRunnerWorker.java:96)
	at org.testng.TestNG.runSuitesSequentially(TestNG.java:1218)
	at org.testng.TestNG.runSuitesLocally(TestNG.java:1140)
	at org.testng.TestNG.runSuites(TestNG.java:1069)
	at org.testng.TestNG.run(TestNG.java:1037)
	at org.testng.remote.AbstractRemoteTestNG.run(AbstractRemoteTestNG.java:115)
	at org.testng.remote.RemoteTestNG.initAndRun(RemoteTestNG.java:251)
	at org.testng.remote.RemoteTestNG.main(RemoteTestNG.java:77)
</pre></div></td>
<td>35</td>
<td>prescribed_Event_Test.PrescribedEvent_A218@729d991e</td></tr>
<tr>
<td title='prescribed_Event_Test.PrescribedEvent_A47.SET_FXRATE_CA_A47()'><b>SET_FXRATE_CA_A47</b><br>Test class: prescribed_Event_Test.PrescribedEvent_A47<br/>
<a href="#Output-1486676913" onClick='toggleBox("Output-1486676913", this, "Show output", "Hide output");'>Show output</a>

<a href="#Output-1486676913" onClick="toggleAllBoxes();">Show all outputs</a>
<div class='log' id="Output-1486676913">
Chrome launched<br/>
Navigated to BaseUrl: https://www.qa-wci-auction.org<br/>
</div>
</td>
<td><div><pre>org.openqa.selenium.NoSuchElementException: no such element: Unable to locate element: {&quot;method&quot;:&quot;xpath&quot;,&quot;selector&quot;:&quot;(//input[@class=&apos;MuiInputBase-input MuiInput-input Mui-disabled Mui-disabled&apos;])[1]&quot;}
  (Session info: chrome=125.0.6422.112)
For documentation on this error, please visit: https://www.selenium.dev/documentation/webdriver/troubleshooting/errors#no-such-element-exception
Build info: version: &apos;4.18.1&apos;, revision: &apos;b1d3319b48&apos;
System info: os.name: &apos;Windows 11&apos;, os.arch: &apos;amd64&apos;, os.version: &apos;10.0&apos;, java.version: &apos;20.0.1&apos;
Driver info: org.openqa.selenium.chrome.ChromeDriver
Command: [f40dd5040851dc458a7a005465093aac, findElement {using=xpath, value=(//input[@class=&apos;MuiInputBase-input MuiInput-input Mui-disabled Mui-disabled&apos;])[1]}]
Capabilities {acceptInsecureCerts: false, browserName: chrome, browserVersion: 125.0.6422.112, chrome: {chromedriverVersion: 125.0.6422.78 (14db42ec38ad..., userDataDir: C:\Users\ROHITV~1\AppData\L...}, fedcm:accounts: true, goog:chromeOptions: {debuggerAddress: localhost:64664}, networkConnectionEnabled: false, pageLoadStrategy: normal, platformName: windows, proxy: Proxy(), se:cdp: ws://localhost:64664/devtoo..., se:cdpVersion: 125.0.6422.112, setWindowRect: true, strictFileInteractability: false, timeouts: {implicit: 0, pageLoad: 300000, script: 30000}, unhandledPromptBehavior: dismiss and notify, webauthn:extension:credBlob: true, webauthn:extension:largeBlob: true, webauthn:extension:minPinLength: true, webauthn:extension:prf: true, webauthn:virtualAuthenticators: true}
Session ID: f40dd5040851dc458a7a005465093aac
	at org.openqa.selenium.remote.ErrorCodec.decode(ErrorCodec.java:167)
	at org.openqa.selenium.remote.codec.w3c.W3CHttpResponseCodec.decode(W3CHttpResponseCodec.java:138)
	at org.openqa.selenium.remote.codec.w3c.W3CHttpResponseCodec.decode(W3CHttpResponseCodec.java:50)
	at org.openqa.selenium.remote.HttpCommandExecutor.execute(HttpCommandExecutor.java:190)
	at org.openqa.selenium.remote.service.DriverCommandExecutor.invokeExecute(DriverCommandExecutor.java:216)
	at org.openqa.selenium.remote.service.DriverCommandExecutor.execute(DriverCommandExecutor.java:174)
	at org.openqa.selenium.remote.RemoteWebDriver.execute(RemoteWebDriver.java:519)
	at org.openqa.selenium.remote.ElementLocation$ElementFinder$2.findElement(ElementLocation.java:165)
	at org.openqa.selenium.remote.ElementLocation.findElement(ElementLocation.java:59)
	at org.openqa.selenium.remote.RemoteWebDriver.findElement(RemoteWebDriver.java:356)
	at org.openqa.selenium.remote.RemoteWebDriver.findElement(RemoteWebDriver.java:350)
	at org.openqa.selenium.support.pagefactory.DefaultElementLocator.findElement(DefaultElementLocator.java:68)
	at org.openqa.selenium.support.pagefactory.internal.LocatingElementHandler.invoke(LocatingElementHandler.java:38)
	at jdk.proxy2/jdk.proxy2.$Proxy13.getWrappedElement(Unknown Source)
	at org.openqa.selenium.remote.internal.WebElementToJsonConverter.apply(WebElementToJsonConverter.java:50)
	at java.base/java.util.stream.ReferencePipeline$3$1.accept(ReferencePipeline.java:197)
	at java.base/java.util.Spliterators$ArraySpliterator.forEachRemaining(Spliterators.java:1006)
	at java.base/java.util.stream.AbstractPipeline.copyInto(AbstractPipeline.java:509)
	at java.base/java.util.stream.AbstractPipeline.wrapAndCopyInto(AbstractPipeline.java:499)
	at java.base/java.util.stream.ReduceOps$ReduceOp.evaluateSequential(ReduceOps.java:921)
	at java.base/java.util.stream.AbstractPipeline.evaluate(AbstractPipeline.java:234)
	at java.base/java.util.stream.ReferencePipeline.collect(ReferencePipeline.java:682)
	at org.openqa.selenium.remote.RemoteWebDriver.executeScript(RemoteWebDriver.java:462)
	at pageObjects.com_pomClassForJointAuctionTieBreaker.setFXrateCal_PE4(com_pomClassForJointAuctionTieBreaker.java:8212)
	at prescribed_Event_Test.PrescribedEvent_A47.SET_FXRATE_CA_A47(PrescribedEvent_A47.java:78)
	at java.base/java.util.ArrayList.forEach(ArrayList.java:1511)
... Removed 28 stack frames</pre></div><a href='#' onClick='toggleBox("stack-trace1486676913", this, "Click to show all stack frames", "Click to hide stack frames")'>Click to show all stack frames</a>
<div class='stack-trace' id='stack-trace1486676913'><pre>org.openqa.selenium.NoSuchElementException: no such element: Unable to locate element: {&quot;method&quot;:&quot;xpath&quot;,&quot;selector&quot;:&quot;(//input[@class=&apos;MuiInputBase-input MuiInput-input Mui-disabled Mui-disabled&apos;])[1]&quot;}
  (Session info: chrome=125.0.6422.112)
For documentation on this error, please visit: https://www.selenium.dev/documentation/webdriver/troubleshooting/errors#no-such-element-exception
Build info: version: &apos;4.18.1&apos;, revision: &apos;b1d3319b48&apos;
System info: os.name: &apos;Windows 11&apos;, os.arch: &apos;amd64&apos;, os.version: &apos;10.0&apos;, java.version: &apos;20.0.1&apos;
Driver info: org.openqa.selenium.chrome.ChromeDriver
Command: [f40dd5040851dc458a7a005465093aac, findElement {using=xpath, value=(//input[@class=&apos;MuiInputBase-input MuiInput-input Mui-disabled Mui-disabled&apos;])[1]}]
Capabilities {acceptInsecureCerts: false, browserName: chrome, browserVersion: 125.0.6422.112, chrome: {chromedriverVersion: 125.0.6422.78 (14db42ec38ad..., userDataDir: C:\Users\ROHITV~1\AppData\L...}, fedcm:accounts: true, goog:chromeOptions: {debuggerAddress: localhost:64664}, networkConnectionEnabled: false, pageLoadStrategy: normal, platformName: windows, proxy: Proxy(), se:cdp: ws://localhost:64664/devtoo..., se:cdpVersion: 125.0.6422.112, setWindowRect: true, strictFileInteractability: false, timeouts: {implicit: 0, pageLoad: 300000, script: 30000}, unhandledPromptBehavior: dismiss and notify, webauthn:extension:credBlob: true, webauthn:extension:largeBlob: true, webauthn:extension:minPinLength: true, webauthn:extension:prf: true, webauthn:virtualAuthenticators: true}
Session ID: f40dd5040851dc458a7a005465093aac
	at java.base/jdk.internal.reflect.DirectConstructorHandleAccessor.newInstance(DirectConstructorHandleAccessor.java:67)
	at java.base/java.lang.reflect.Constructor.newInstanceWithCaller(Constructor.java:500)
	at java.base/java.lang.reflect.Constructor.newInstance(Constructor.java:484)
	at org.openqa.selenium.remote.ErrorCodec.decode(ErrorCodec.java:167)
	at org.openqa.selenium.remote.codec.w3c.W3CHttpResponseCodec.decode(W3CHttpResponseCodec.java:138)
	at org.openqa.selenium.remote.codec.w3c.W3CHttpResponseCodec.decode(W3CHttpResponseCodec.java:50)
	at org.openqa.selenium.remote.HttpCommandExecutor.execute(HttpCommandExecutor.java:190)
	at org.openqa.selenium.remote.service.DriverCommandExecutor.invokeExecute(DriverCommandExecutor.java:216)
	at org.openqa.selenium.remote.service.DriverCommandExecutor.execute(DriverCommandExecutor.java:174)
	at org.openqa.selenium.remote.RemoteWebDriver.execute(RemoteWebDriver.java:519)
	at org.openqa.selenium.remote.ElementLocation$ElementFinder$2.findElement(ElementLocation.java:165)
	at org.openqa.selenium.remote.ElementLocation.findElement(ElementLocation.java:59)
	at org.openqa.selenium.remote.RemoteWebDriver.findElement(RemoteWebDriver.java:356)
	at org.openqa.selenium.remote.RemoteWebDriver.findElement(RemoteWebDriver.java:350)
	at org.openqa.selenium.support.pagefactory.DefaultElementLocator.findElement(DefaultElementLocator.java:68)
	at org.openqa.selenium.support.pagefactory.internal.LocatingElementHandler.invoke(LocatingElementHandler.java:38)
	at jdk.proxy2/jdk.proxy2.$Proxy13.getWrappedElement(Unknown Source)
	at org.openqa.selenium.remote.internal.WebElementToJsonConverter.apply(WebElementToJsonConverter.java:50)
	at java.base/java.util.stream.ReferencePipeline$3$1.accept(ReferencePipeline.java:197)
	at java.base/java.util.Spliterators$ArraySpliterator.forEachRemaining(Spliterators.java:1006)
	at java.base/java.util.stream.AbstractPipeline.copyInto(AbstractPipeline.java:509)
	at java.base/java.util.stream.AbstractPipeline.wrapAndCopyInto(AbstractPipeline.java:499)
	at java.base/java.util.stream.ReduceOps$ReduceOp.evaluateSequential(ReduceOps.java:921)
	at java.base/java.util.stream.AbstractPipeline.evaluate(AbstractPipeline.java:234)
	at java.base/java.util.stream.ReferencePipeline.collect(ReferencePipeline.java:682)
	at org.openqa.selenium.remote.RemoteWebDriver.executeScript(RemoteWebDriver.java:462)
	at pageObjects.com_pomClassForJointAuctionTieBreaker.setFXrateCal_PE4(com_pomClassForJointAuctionTieBreaker.java:8212)
	at prescribed_Event_Test.PrescribedEvent_A47.SET_FXRATE_CA_A47(PrescribedEvent_A47.java:78)
	at java.base/jdk.internal.reflect.DirectMethodHandleAccessor.invoke(DirectMethodHandleAccessor.java:104)
	at java.base/java.lang.reflect.Method.invoke(Method.java:578)
	at org.testng.internal.MethodInvocationHelper.invokeMethod(MethodInvocationHelper.java:132)
	at org.testng.internal.TestInvoker.invokeMethod(TestInvoker.java:599)
	at org.testng.internal.TestInvoker.invokeTestMethod(TestInvoker.java:174)
	at org.testng.internal.MethodRunner.runInSequence(MethodRunner.java:46)
	at org.testng.internal.TestInvoker$MethodInvocationAgent.invoke(TestInvoker.java:822)
	at org.testng.internal.TestInvoker.invokeTestMethods(TestInvoker.java:147)
	at org.testng.internal.TestMethodWorker.invokeTestMethods(TestMethodWorker.java:146)
	at org.testng.internal.TestMethodWorker.run(TestMethodWorker.java:128)
	at java.base/java.util.ArrayList.forEach(ArrayList.java:1511)
	at org.testng.TestRunner.privateRun(TestRunner.java:764)
	at org.testng.TestRunner.run(TestRunner.java:585)
	at org.testng.SuiteRunner.runTest(SuiteRunner.java:384)
	at org.testng.SuiteRunner.runSequentially(SuiteRunner.java:378)
	at org.testng.SuiteRunner.privateRun(SuiteRunner.java:337)
	at org.testng.SuiteRunner.run(SuiteRunner.java:286)
	at org.testng.SuiteRunnerWorker.runSuite(SuiteRunnerWorker.java:53)
	at org.testng.SuiteRunnerWorker.run(SuiteRunnerWorker.java:96)
	at org.testng.TestNG.runSuitesSequentially(TestNG.java:1218)
	at org.testng.TestNG.runSuitesLocally(TestNG.java:1140)
	at org.testng.TestNG.runSuites(TestNG.java:1069)
	at org.testng.TestNG.run(TestNG.java:1037)
	at org.testng.remote.AbstractRemoteTestNG.run(AbstractRemoteTestNG.java:115)
	at org.testng.remote.RemoteTestNG.initAndRun(RemoteTestNG.java:251)
	at org.testng.remote.RemoteTestNG.main(RemoteTestNG.java:77)
</pre></div></td>
<td>81</td>
<td>prescribed_Event_Test.PrescribedEvent_A47@957e06</td></tr>
<tr>
<td title='prescribed_Event_Test.PrescribedEvent_A56.SET_FXRATE_CA_A56()'><b>SET_FXRATE_CA_A56</b><br>Test class: prescribed_Event_Test.PrescribedEvent_A56<br/>
<a href="#Output-1935459503" onClick='toggleBox("Output-1935459503", this, "Show output", "Hide output");'>Show output</a>

<a href="#Output-1935459503" onClick="toggleAllBoxes();">Show all outputs</a>
<div class='log' id="Output-1935459503">
Chrome launched<br/>
Navigated to BaseUrl: https://www.qa-wci-auction.org<br/>
</div>
</td>
<td><div><pre>org.openqa.selenium.ElementClickInterceptedException: element click intercepted: Element &lt;span class=&quot;MuiButton-label&quot;&gt;...&lt;/span&gt; is not clickable at point (274, 117). Other element would receive the click: &lt;div id=&quot;appSpinner&quot; class=&quot;jss645&quot;&gt;...&lt;/div&gt;
  (Session info: chrome=125.0.6422.112)
Build info: version: &apos;4.18.1&apos;, revision: &apos;b1d3319b48&apos;
System info: os.name: &apos;Windows 11&apos;, os.arch: &apos;amd64&apos;, os.version: &apos;10.0&apos;, java.version: &apos;20.0.1&apos;
Driver info: org.openqa.selenium.chrome.ChromeDriver
Command: [337b97d23ff5c7053215b1e66b12dbe1, clickElement {id=f.2F6950185AC7E8F5119671AF9A0D6413.d.FD471F5CCDF05824DD588F120BBD82FD.e.51}]
Capabilities {acceptInsecureCerts: false, browserName: chrome, browserVersion: 125.0.6422.112, chrome: {chromedriverVersion: 125.0.6422.78 (14db42ec38ad..., userDataDir: C:\Users\ROHITV~1\AppData\L...}, fedcm:accounts: true, goog:chromeOptions: {debuggerAddress: localhost:51119}, networkConnectionEnabled: false, pageLoadStrategy: normal, platformName: windows, proxy: Proxy(), se:cdp: ws://localhost:51119/devtoo..., se:cdpVersion: 125.0.6422.112, setWindowRect: true, strictFileInteractability: false, timeouts: {implicit: 0, pageLoad: 300000, script: 30000}, unhandledPromptBehavior: dismiss and notify, webauthn:extension:credBlob: true, webauthn:extension:largeBlob: true, webauthn:extension:minPinLength: true, webauthn:extension:prf: true, webauthn:virtualAuthenticators: true}
Element: [[ChromeDriver: chrome on windows (337b97d23ff5c7053215b1e66b12dbe1)] -&gt; xpath: //span[text()=&apos;Administration&apos;]]
Session ID: 337b97d23ff5c7053215b1e66b12dbe1
	at org.openqa.selenium.remote.ErrorCodec.decode(ErrorCodec.java:167)
	at org.openqa.selenium.remote.codec.w3c.W3CHttpResponseCodec.decode(W3CHttpResponseCodec.java:138)
	at org.openqa.selenium.remote.codec.w3c.W3CHttpResponseCodec.decode(W3CHttpResponseCodec.java:50)
	at org.openqa.selenium.remote.HttpCommandExecutor.execute(HttpCommandExecutor.java:190)
	at org.openqa.selenium.remote.service.DriverCommandExecutor.invokeExecute(DriverCommandExecutor.java:216)
	at org.openqa.selenium.remote.service.DriverCommandExecutor.execute(DriverCommandExecutor.java:174)
	at org.openqa.selenium.remote.RemoteWebDriver.execute(RemoteWebDriver.java:519)
	at org.openqa.selenium.remote.RemoteWebElement.execute(RemoteWebElement.java:223)
	at org.openqa.selenium.remote.RemoteWebElement.click(RemoteWebElement.java:76)
	at org.openqa.selenium.support.pagefactory.internal.LocatingElementHandler.invoke(LocatingElementHandler.java:51)
	at jdk.proxy2/jdk.proxy2.$Proxy13.click(Unknown Source)
	at pageObjects.com_pomClassForJointAuctionTieBreaker.setFXrateCal_PE9(com_pomClassForJointAuctionTieBreaker.java:8377)
	at prescribed_Event_Test.PrescribedEvent_A56.SET_FXRATE_CA_A56(PrescribedEvent_A56.java:78)
	at java.base/java.util.ArrayList.forEach(ArrayList.java:1511)
... Removed 30 stack frames</pre></div><a href='#' onClick='toggleBox("stack-trace1935459503", this, "Click to show all stack frames", "Click to hide stack frames")'>Click to show all stack frames</a>
<div class='stack-trace' id='stack-trace1935459503'><pre>org.openqa.selenium.ElementClickInterceptedException: element click intercepted: Element &lt;span class=&quot;MuiButton-label&quot;&gt;...&lt;/span&gt; is not clickable at point (274, 117). Other element would receive the click: &lt;div id=&quot;appSpinner&quot; class=&quot;jss645&quot;&gt;...&lt;/div&gt;
  (Session info: chrome=125.0.6422.112)
Build info: version: &apos;4.18.1&apos;, revision: &apos;b1d3319b48&apos;
System info: os.name: &apos;Windows 11&apos;, os.arch: &apos;amd64&apos;, os.version: &apos;10.0&apos;, java.version: &apos;20.0.1&apos;
Driver info: org.openqa.selenium.chrome.ChromeDriver
Command: [337b97d23ff5c7053215b1e66b12dbe1, clickElement {id=f.2F6950185AC7E8F5119671AF9A0D6413.d.FD471F5CCDF05824DD588F120BBD82FD.e.51}]
Capabilities {acceptInsecureCerts: false, browserName: chrome, browserVersion: 125.0.6422.112, chrome: {chromedriverVersion: 125.0.6422.78 (14db42ec38ad..., userDataDir: C:\Users\ROHITV~1\AppData\L...}, fedcm:accounts: true, goog:chromeOptions: {debuggerAddress: localhost:51119}, networkConnectionEnabled: false, pageLoadStrategy: normal, platformName: windows, proxy: Proxy(), se:cdp: ws://localhost:51119/devtoo..., se:cdpVersion: 125.0.6422.112, setWindowRect: true, strictFileInteractability: false, timeouts: {implicit: 0, pageLoad: 300000, script: 30000}, unhandledPromptBehavior: dismiss and notify, webauthn:extension:credBlob: true, webauthn:extension:largeBlob: true, webauthn:extension:minPinLength: true, webauthn:extension:prf: true, webauthn:virtualAuthenticators: true}
Element: [[ChromeDriver: chrome on windows (337b97d23ff5c7053215b1e66b12dbe1)] -&gt; xpath: //span[text()=&apos;Administration&apos;]]
Session ID: 337b97d23ff5c7053215b1e66b12dbe1
	at java.base/jdk.internal.reflect.DirectConstructorHandleAccessor.newInstance(DirectConstructorHandleAccessor.java:67)
	at java.base/java.lang.reflect.Constructor.newInstanceWithCaller(Constructor.java:500)
	at java.base/java.lang.reflect.Constructor.newInstance(Constructor.java:484)
	at org.openqa.selenium.remote.ErrorCodec.decode(ErrorCodec.java:167)
	at org.openqa.selenium.remote.codec.w3c.W3CHttpResponseCodec.decode(W3CHttpResponseCodec.java:138)
	at org.openqa.selenium.remote.codec.w3c.W3CHttpResponseCodec.decode(W3CHttpResponseCodec.java:50)
	at org.openqa.selenium.remote.HttpCommandExecutor.execute(HttpCommandExecutor.java:190)
	at org.openqa.selenium.remote.service.DriverCommandExecutor.invokeExecute(DriverCommandExecutor.java:216)
	at org.openqa.selenium.remote.service.DriverCommandExecutor.execute(DriverCommandExecutor.java:174)
	at org.openqa.selenium.remote.RemoteWebDriver.execute(RemoteWebDriver.java:519)
	at org.openqa.selenium.remote.RemoteWebElement.execute(RemoteWebElement.java:223)
	at org.openqa.selenium.remote.RemoteWebElement.click(RemoteWebElement.java:76)
	at java.base/jdk.internal.reflect.DirectMethodHandleAccessor.invoke(DirectMethodHandleAccessor.java:104)
	at java.base/java.lang.reflect.Method.invoke(Method.java:578)
	at org.openqa.selenium.support.pagefactory.internal.LocatingElementHandler.invoke(LocatingElementHandler.java:51)
	at jdk.proxy2/jdk.proxy2.$Proxy13.click(Unknown Source)
	at pageObjects.com_pomClassForJointAuctionTieBreaker.setFXrateCal_PE9(com_pomClassForJointAuctionTieBreaker.java:8377)
	at prescribed_Event_Test.PrescribedEvent_A56.SET_FXRATE_CA_A56(PrescribedEvent_A56.java:78)
	at java.base/jdk.internal.reflect.DirectMethodHandleAccessor.invoke(DirectMethodHandleAccessor.java:104)
	at java.base/java.lang.reflect.Method.invoke(Method.java:578)
	at org.testng.internal.MethodInvocationHelper.invokeMethod(MethodInvocationHelper.java:132)
	at org.testng.internal.TestInvoker.invokeMethod(TestInvoker.java:599)
	at org.testng.internal.TestInvoker.invokeTestMethod(TestInvoker.java:174)
	at org.testng.internal.MethodRunner.runInSequence(MethodRunner.java:46)
	at org.testng.internal.TestInvoker$MethodInvocationAgent.invoke(TestInvoker.java:822)
	at org.testng.internal.TestInvoker.invokeTestMethods(TestInvoker.java:147)
	at org.testng.internal.TestMethodWorker.invokeTestMethods(TestMethodWorker.java:146)
	at org.testng.internal.TestMethodWorker.run(TestMethodWorker.java:128)
	at java.base/java.util.ArrayList.forEach(ArrayList.java:1511)
	at org.testng.TestRunner.privateRun(TestRunner.java:764)
	at org.testng.TestRunner.run(TestRunner.java:585)
	at org.testng.SuiteRunner.runTest(SuiteRunner.java:384)
	at org.testng.SuiteRunner.runSequentially(SuiteRunner.java:378)
	at org.testng.SuiteRunner.privateRun(SuiteRunner.java:337)
	at org.testng.SuiteRunner.run(SuiteRunner.java:286)
	at org.testng.SuiteRunnerWorker.runSuite(SuiteRunnerWorker.java:53)
	at org.testng.SuiteRunnerWorker.run(SuiteRunnerWorker.java:96)
	at org.testng.TestNG.runSuitesSequentially(TestNG.java:1218)
	at org.testng.TestNG.runSuitesLocally(TestNG.java:1140)
	at org.testng.TestNG.runSuites(TestNG.java:1069)
	at org.testng.TestNG.run(TestNG.java:1037)
	at org.testng.remote.AbstractRemoteTestNG.run(AbstractRemoteTestNG.java:115)
	at org.testng.remote.RemoteTestNG.initAndRun(RemoteTestNG.java:251)
	at org.testng.remote.RemoteTestNG.main(RemoteTestNG.java:77)
</pre></div></td>
<td>20</td>
<td>prescribed_Event_Test.PrescribedEvent_A56@2c1b194a</td></tr>
<tr>
<td title='prescribed_Event_Test.PrescribedEvent_A56.SET_FXRATE_CA_A56()'><b>SET_FXRATE_CA_A56</b><br>Test class: prescribed_Event_Test.PrescribedEvent_A56<br/>
<a href="#Output-1131525936" onClick='toggleBox("Output-1131525936", this, "Show output", "Hide output");'>Show output</a>

<a href="#Output-1131525936" onClick="toggleAllBoxes();">Show all outputs</a>
<div class='log' id="Output-1131525936">
Chrome launched<br/>
Navigated to BaseUrl: https://www.qa-wci-auction.org<br/>
</div>
</td>
<td><div><pre>org.openqa.selenium.ElementClickInterceptedException: element click intercepted: Element &lt;span class=&quot;MuiButton-label&quot;&gt;...&lt;/span&gt; is not clickable at point (274, 117). Other element would receive the click: &lt;div id=&quot;appSpinner&quot; class=&quot;jss645&quot;&gt;...&lt;/div&gt;
  (Session info: chrome=125.0.6422.112)
Build info: version: &apos;4.18.1&apos;, revision: &apos;b1d3319b48&apos;
System info: os.name: &apos;Windows 11&apos;, os.arch: &apos;amd64&apos;, os.version: &apos;10.0&apos;, java.version: &apos;20.0.1&apos;
Driver info: org.openqa.selenium.chrome.ChromeDriver
Command: [7053b8e54e61347977f62b30a667b765, clickElement {id=f.4050B53196A9904E415599A245111C57.d.C2EA61E66EABCA7DABD77C08F7BAFED2.e.50}]
Capabilities {acceptInsecureCerts: false, browserName: chrome, browserVersion: 125.0.6422.112, chrome: {chromedriverVersion: 125.0.6422.78 (14db42ec38ad..., userDataDir: C:\Users\ROHITV~1\AppData\L...}, fedcm:accounts: true, goog:chromeOptions: {debuggerAddress: localhost:51161}, networkConnectionEnabled: false, pageLoadStrategy: normal, platformName: windows, proxy: Proxy(), se:cdp: ws://localhost:51161/devtoo..., se:cdpVersion: 125.0.6422.112, setWindowRect: true, strictFileInteractability: false, timeouts: {implicit: 0, pageLoad: 300000, script: 30000}, unhandledPromptBehavior: dismiss and notify, webauthn:extension:credBlob: true, webauthn:extension:largeBlob: true, webauthn:extension:minPinLength: true, webauthn:extension:prf: true, webauthn:virtualAuthenticators: true}
Element: [[ChromeDriver: chrome on windows (7053b8e54e61347977f62b30a667b765)] -&gt; xpath: //span[text()=&apos;Administration&apos;]]
Session ID: 7053b8e54e61347977f62b30a667b765
	at org.openqa.selenium.remote.ErrorCodec.decode(ErrorCodec.java:167)
	at org.openqa.selenium.remote.codec.w3c.W3CHttpResponseCodec.decode(W3CHttpResponseCodec.java:138)
	at org.openqa.selenium.remote.codec.w3c.W3CHttpResponseCodec.decode(W3CHttpResponseCodec.java:50)
	at org.openqa.selenium.remote.HttpCommandExecutor.execute(HttpCommandExecutor.java:190)
	at org.openqa.selenium.remote.service.DriverCommandExecutor.invokeExecute(DriverCommandExecutor.java:216)
	at org.openqa.selenium.remote.service.DriverCommandExecutor.execute(DriverCommandExecutor.java:174)
	at org.openqa.selenium.remote.RemoteWebDriver.execute(RemoteWebDriver.java:519)
	at org.openqa.selenium.remote.RemoteWebElement.execute(RemoteWebElement.java:223)
	at org.openqa.selenium.remote.RemoteWebElement.click(RemoteWebElement.java:76)
	at org.openqa.selenium.support.pagefactory.internal.LocatingElementHandler.invoke(LocatingElementHandler.java:51)
	at jdk.proxy2/jdk.proxy2.$Proxy13.click(Unknown Source)
	at pageObjects.com_pomClassForJointAuctionTieBreaker.setFXrateCal_PE9(com_pomClassForJointAuctionTieBreaker.java:8377)
	at prescribed_Event_Test.PrescribedEvent_A56.SET_FXRATE_CA_A56(PrescribedEvent_A56.java:78)
	at java.base/java.util.ArrayList.forEach(ArrayList.java:1511)
... Removed 30 stack frames</pre></div><a href='#' onClick='toggleBox("stack-trace1131525936", this, "Click to show all stack frames", "Click to hide stack frames")'>Click to show all stack frames</a>
<div class='stack-trace' id='stack-trace1131525936'><pre>org.openqa.selenium.ElementClickInterceptedException: element click intercepted: Element &lt;span class=&quot;MuiButton-label&quot;&gt;...&lt;/span&gt; is not clickable at point (274, 117). Other element would receive the click: &lt;div id=&quot;appSpinner&quot; class=&quot;jss645&quot;&gt;...&lt;/div&gt;
  (Session info: chrome=125.0.6422.112)
Build info: version: &apos;4.18.1&apos;, revision: &apos;b1d3319b48&apos;
System info: os.name: &apos;Windows 11&apos;, os.arch: &apos;amd64&apos;, os.version: &apos;10.0&apos;, java.version: &apos;20.0.1&apos;
Driver info: org.openqa.selenium.chrome.ChromeDriver
Command: [7053b8e54e61347977f62b30a667b765, clickElement {id=f.4050B53196A9904E415599A245111C57.d.C2EA61E66EABCA7DABD77C08F7BAFED2.e.50}]
Capabilities {acceptInsecureCerts: false, browserName: chrome, browserVersion: 125.0.6422.112, chrome: {chromedriverVersion: 125.0.6422.78 (14db42ec38ad..., userDataDir: C:\Users\ROHITV~1\AppData\L...}, fedcm:accounts: true, goog:chromeOptions: {debuggerAddress: localhost:51161}, networkConnectionEnabled: false, pageLoadStrategy: normal, platformName: windows, proxy: Proxy(), se:cdp: ws://localhost:51161/devtoo..., se:cdpVersion: 125.0.6422.112, setWindowRect: true, strictFileInteractability: false, timeouts: {implicit: 0, pageLoad: 300000, script: 30000}, unhandledPromptBehavior: dismiss and notify, webauthn:extension:credBlob: true, webauthn:extension:largeBlob: true, webauthn:extension:minPinLength: true, webauthn:extension:prf: true, webauthn:virtualAuthenticators: true}
Element: [[ChromeDriver: chrome on windows (7053b8e54e61347977f62b30a667b765)] -&gt; xpath: //span[text()=&apos;Administration&apos;]]
Session ID: 7053b8e54e61347977f62b30a667b765
	at java.base/jdk.internal.reflect.DirectConstructorHandleAccessor.newInstance(DirectConstructorHandleAccessor.java:67)
	at java.base/java.lang.reflect.Constructor.newInstanceWithCaller(Constructor.java:500)
	at java.base/java.lang.reflect.Constructor.newInstance(Constructor.java:484)
	at org.openqa.selenium.remote.ErrorCodec.decode(ErrorCodec.java:167)
	at org.openqa.selenium.remote.codec.w3c.W3CHttpResponseCodec.decode(W3CHttpResponseCodec.java:138)
	at org.openqa.selenium.remote.codec.w3c.W3CHttpResponseCodec.decode(W3CHttpResponseCodec.java:50)
	at org.openqa.selenium.remote.HttpCommandExecutor.execute(HttpCommandExecutor.java:190)
	at org.openqa.selenium.remote.service.DriverCommandExecutor.invokeExecute(DriverCommandExecutor.java:216)
	at org.openqa.selenium.remote.service.DriverCommandExecutor.execute(DriverCommandExecutor.java:174)
	at org.openqa.selenium.remote.RemoteWebDriver.execute(RemoteWebDriver.java:519)
	at org.openqa.selenium.remote.RemoteWebElement.execute(RemoteWebElement.java:223)
	at org.openqa.selenium.remote.RemoteWebElement.click(RemoteWebElement.java:76)
	at java.base/jdk.internal.reflect.DirectMethodHandleAccessor.invoke(DirectMethodHandleAccessor.java:104)
	at java.base/java.lang.reflect.Method.invoke(Method.java:578)
	at org.openqa.selenium.support.pagefactory.internal.LocatingElementHandler.invoke(LocatingElementHandler.java:51)
	at jdk.proxy2/jdk.proxy2.$Proxy13.click(Unknown Source)
	at pageObjects.com_pomClassForJointAuctionTieBreaker.setFXrateCal_PE9(com_pomClassForJointAuctionTieBreaker.java:8377)
	at prescribed_Event_Test.PrescribedEvent_A56.SET_FXRATE_CA_A56(PrescribedEvent_A56.java:78)
	at java.base/jdk.internal.reflect.DirectMethodHandleAccessor.invoke(DirectMethodHandleAccessor.java:104)
	at java.base/java.lang.reflect.Method.invoke(Method.java:578)
	at org.testng.internal.MethodInvocationHelper.invokeMethod(MethodInvocationHelper.java:132)
	at org.testng.internal.TestInvoker.invokeMethod(TestInvoker.java:599)
	at org.testng.internal.TestInvoker.retryFailed(TestInvoker.java:214)
	at org.testng.internal.MethodRunner.runInSequence(MethodRunner.java:58)
	at org.testng.internal.TestInvoker$MethodInvocationAgent.invoke(TestInvoker.java:822)
	at org.testng.internal.TestInvoker.invokeTestMethods(TestInvoker.java:147)
	at org.testng.internal.TestMethodWorker.invokeTestMethods(TestMethodWorker.java:146)
	at org.testng.internal.TestMethodWorker.run(TestMethodWorker.java:128)
	at java.base/java.util.ArrayList.forEach(ArrayList.java:1511)
	at org.testng.TestRunner.privateRun(TestRunner.java:764)
	at org.testng.TestRunner.run(TestRunner.java:585)
	at org.testng.SuiteRunner.runTest(SuiteRunner.java:384)
	at org.testng.SuiteRunner.runSequentially(SuiteRunner.java:378)
	at org.testng.SuiteRunner.privateRun(SuiteRunner.java:337)
	at org.testng.SuiteRunner.run(SuiteRunner.java:286)
	at org.testng.SuiteRunnerWorker.runSuite(SuiteRunnerWorker.java:53)
	at org.testng.SuiteRunnerWorker.run(SuiteRunnerWorker.java:96)
	at org.testng.TestNG.runSuitesSequentially(TestNG.java:1218)
	at org.testng.TestNG.runSuitesLocally(TestNG.java:1140)
	at org.testng.TestNG.runSuites(TestNG.java:1069)
	at org.testng.TestNG.run(TestNG.java:1037)
	at org.testng.remote.AbstractRemoteTestNG.run(AbstractRemoteTestNG.java:115)
	at org.testng.remote.RemoteTestNG.initAndRun(RemoteTestNG.java:251)
	at org.testng.remote.RemoteTestNG.main(RemoteTestNG.java:77)
</pre></div></td>
<td>20</td>
<td>prescribed_Event_Test.PrescribedEvent_A56@2c1b194a</td></tr>
</table><p>
</body>
</html>