<?xml version="1.0" encoding="UTF-8"?>
<!-- Generated by org.testng.reporters.JUnitXMLReporter -->
<testsuite ignored="7" hostname="EQANIM06" failures="59" tests="226" name="Test" time="12221.616" errors="0" timestamp="2024-04-04T23:27:43 IST">
  <testcase classname="testClasses.Tests_QA_AUP_Vikram" name="DownloadWABidsAuditReportandValidations" time="28.087"/>
  <testcase classname="testClasses.Tests_QA_AUP_Vikram" name="DownloadWABidsReportandValidations" time="25.202"/>
  <testcase classname="testClasses.Tests_QA_AUP_Vikram" name="DownloadWABidsReportandValidations" time="24.729"/>
  <testcase classname="testClasses.Tests_QA_AUP_Vikram" name="downloadWA_ReserveSaleQualifiedBidderReportandValidations" time="48.935"/>
  <testcase classname="testClasses.Tests_QA_AUP_Vikram" name="DownloadCaliforniaBidsReportandValidations" time="24.93"/>
  <testcase classname="testClasses.Tests_QA_AUP_Vikram" name="BidsReportCommentAndFieldsDetailsFunctionalityForCaliforniaReserveSale" time="53.288"/>
  <testcase classname="testClasses.Tests_QA_AUP_Vikram" name="DownloadCaliforniaBidsAuditReportandValidations" time="23.723">
    <skipped/>
  </testcase> <!-- DownloadCaliforniaBidsAuditReportandValidations -->
  <testcase classname="testClasses.Tests_QA_AUP_Vikram" name="DownloadCaliforniaBidsAuditReportandValidations" time="20.701">
    <failure type="org.openqa.selenium.ElementClickInterceptedException" message="element click intercepted: Element &amp;lt;span class=&amp;quot;MuiButton-label&amp;quot;&amp;gt;...&amp;lt;/span&amp;gt; is not clickable at point (1145, 349). Other element would receive the click: &amp;lt;div class=&amp;quot;jss816&amp;quot;&amp;gt;...&amp;lt;/div&amp;gt;
  (Session info: chrome=123.0.6312.88)
Build info: version: &amp;apos;4.18.1&amp;apos;, revision: &amp;apos;b1d3319b48&amp;apos;
System info: os.name: &amp;apos;Windows 11&amp;apos;, os.arch: &amp;apos;amd64&amp;apos;, os.version: &amp;apos;10.0&amp;apos;, java.version: &amp;apos;17.0.7&amp;apos;
Driver info: org.openqa.selenium.chrome.ChromeDriver
Command: [ec5095024cf2925b80b80bfcc2582215, clickElement {id=f.5509E5CCFA537A700AF929DB42563C60.d.6734EB8137F561D1E9D7DAB250CF4995.e.81}]
Capabilities {acceptInsecureCerts: false, browserName: chrome, browserVersion: 123.0.6312.88, chrome: {chromedriverVersion: 123.0.6312.86 (9b72c47a0536..., userDataDir: C:\Users\ROHIDA~1\AppData\L...}, fedcm:accounts: true, goog:chromeOptions: {debuggerAddress: localhost:60972}, networkConnectionEnabled: false, pageLoadStrategy: normal, platformName: windows, proxy: Proxy(), se:cdp: ws://localhost:60972/devtoo..., se:cdpVersion: 123.0.6312.88, setWindowRect: true, strictFileInteractability: false, timeouts: {implicit: 0, pageLoad: 300000, script: 30000}, unhandledPromptBehavior: dismiss and notify, webauthn:extension:credBlob: true, webauthn:extension:largeBlob: true, webauthn:extension:minPinLength: true, webauthn:extension:prf: true, webauthn:virtualAuthenticators: true}
Element: [[ChromeDriver: chrome on windows (ec5095024cf2925b80b80bfcc2582215)] -&amp;gt; xpath: //*[text()=&amp;apos;Search Reports&amp;apos;]]
Session ID: ec5095024cf2925b80b80bfcc2582215">
      <![CDATA[org.openqa.selenium.ElementClickInterceptedException: element click intercepted: Element <span class="MuiButton-label">...</span> is not clickable at point (1145, 349). Other element would receive the click: <div class="jss816">...</div>
  (Session info: chrome=123.0.6312.88)
Build info: version: '4.18.1', revision: 'b1d3319b48'
System info: os.name: 'Windows 11', os.arch: 'amd64', os.version: '10.0', java.version: '17.0.7'
Driver info: org.openqa.selenium.chrome.ChromeDriver
Command: [ec5095024cf2925b80b80bfcc2582215, clickElement {id=f.5509E5CCFA537A700AF929DB42563C60.d.6734EB8137F561D1E9D7DAB250CF4995.e.81}]
Capabilities {acceptInsecureCerts: false, browserName: chrome, browserVersion: 123.0.6312.88, chrome: {chromedriverVersion: 123.0.6312.86 (9b72c47a0536..., userDataDir: C:\Users\ROHIDA~1\AppData\L...}, fedcm:accounts: true, goog:chromeOptions: {debuggerAddress: localhost:60972}, networkConnectionEnabled: false, pageLoadStrategy: normal, platformName: windows, proxy: Proxy(), se:cdp: ws://localhost:60972/devtoo..., se:cdpVersion: 123.0.6312.88, setWindowRect: true, strictFileInteractability: false, timeouts: {implicit: 0, pageLoad: 300000, script: 30000}, unhandledPromptBehavior: dismiss and notify, webauthn:extension:credBlob: true, webauthn:extension:largeBlob: true, webauthn:extension:minPinLength: true, webauthn:extension:prf: true, webauthn:virtualAuthenticators: true}
Element: [[ChromeDriver: chrome on windows (ec5095024cf2925b80b80bfcc2582215)] -> xpath: //*[text()='Search Reports']]
Session ID: ec5095024cf2925b80b80bfcc2582215
at org.openqa.selenium.remote.ErrorCodec.decode(ErrorCodec.java:167)
at org.openqa.selenium.remote.codec.w3c.W3CHttpResponseCodec.decode(W3CHttpResponseCodec.java:138)
at org.openqa.selenium.remote.codec.w3c.W3CHttpResponseCodec.decode(W3CHttpResponseCodec.java:50)
at org.openqa.selenium.remote.HttpCommandExecutor.execute(HttpCommandExecutor.java:190)
at org.openqa.selenium.remote.service.DriverCommandExecutor.invokeExecute(DriverCommandExecutor.java:216)
at org.openqa.selenium.remote.service.DriverCommandExecutor.execute(DriverCommandExecutor.java:174)
at org.openqa.selenium.remote.RemoteWebDriver.execute(RemoteWebDriver.java:519)
at org.openqa.selenium.remote.RemoteWebElement.execute(RemoteWebElement.java:223)
at org.openqa.selenium.remote.RemoteWebElement.click(RemoteWebElement.java:76)
at pageObjects.DownloadReports.SearchBidsAuditReportsByEventNameForReserveSaleCAevent(DownloadReports.java:1008)
at pageObjects.DownloadReports.BidsAuditReportsearchFunctionalityForCaliforniaReserveSale(DownloadReports.java:983)
at testClasses.Tests_QA_AUP_Vikram.DownloadCaliforniaBidsAuditReportandValidations(Tests_QA_AUP_Vikram.java:180)
at java.base/java.util.ArrayList.forEach(ArrayList.java:1511)
... Removed 32 stack frames]]>
    </failure>
  </testcase> <!-- DownloadCaliforniaBidsAuditReportandValidations -->
  <testcase classname="testClasses.Tests_QA_AUP_Vikram" name="ConfirmLocalizedInformationDisplayedOnAllowanceCertificationPage" time="197.504"/>
  <testcase classname="testClasses.Tests_QA_AUP_Vikram" name="verifyCreateReserveSaleEventFunctionalityForCalifornia" time="102.909"/>
  <testcase classname="testClasses.Tests_QA_AUP_Vikram" name="verifyCreateEventStatusFunctionalityForQuebec" time="276.285"/>
  <testcase classname="testClasses.Tests_QA_AUP_Vikram" name="verifySponsorCanMonitoringAccessOnEventDayForQuebec" time="328.669">
    <skipped/>
  </testcase> <!-- verifySponsorCanMonitoringAccessOnEventDayForQuebec -->
  <testcase classname="testClasses.Tests_QA_AUP_Vikram" name="verifySponsorCanMonitoringAccessOnEventDayForQuebec" time="330.49">
    <failure type="org.openqa.selenium.TimeoutException" message="Expected condition failed: waiting for element to be clickable: By.xpath: //label[@class=&amp;apos;MuiFormLabel-root Mui-required&amp;apos;] (tried for 30 second(s) with 500 milliseconds interval)
Build info: version: &amp;apos;4.18.1&amp;apos;, revision: &amp;apos;b1d3319b48&amp;apos;
System info: os.name: &amp;apos;Windows 11&amp;apos;, os.arch: &amp;apos;amd64&amp;apos;, os.version: &amp;apos;10.0&amp;apos;, java.version: &amp;apos;17.0.7&amp;apos;
Driver info: org.openqa.selenium.chrome.ChromeDriver
Capabilities {acceptInsecureCerts: false, browserName: chrome, browserVersion: 123.0.6312.88, chrome: {chromedriverVersion: 123.0.6312.86 (9b72c47a0536..., userDataDir: C:\Users\ROHIDA~1\AppData\L...}, fedcm:accounts: true, goog:chromeOptions: {debuggerAddress: localhost:61242}, networkConnectionEnabled: false, pageLoadStrategy: normal, platformName: windows, proxy: Proxy(), se:cdp: ws://localhost:61242/devtoo..., se:cdpVersion: 123.0.6312.88, setWindowRect: true, strictFileInteractability: false, timeouts: {implicit: 0, pageLoad: 300000, script: 30000}, unhandledPromptBehavior: dismiss and notify, webauthn:extension:credBlob: true, webauthn:extension:largeBlob: true, webauthn:extension:minPinLength: true, webauthn:extension:prf: true, webauthn:virtualAuthenticators: true}
Session ID: 1ebc2f11a39a184001dc9ce7bd195ee9">
      <![CDATA[org.openqa.selenium.TimeoutException: Expected condition failed: waiting for element to be clickable: By.xpath: //label[@class='MuiFormLabel-root Mui-required'] (tried for 30 second(s) with 500 milliseconds interval)
Build info: version: '4.18.1', revision: 'b1d3319b48'
System info: os.name: 'Windows 11', os.arch: 'amd64', os.version: '10.0', java.version: '17.0.7'
Driver info: org.openqa.selenium.chrome.ChromeDriver
Capabilities {acceptInsecureCerts: false, browserName: chrome, browserVersion: 123.0.6312.88, chrome: {chromedriverVersion: 123.0.6312.86 (9b72c47a0536..., userDataDir: C:\Users\ROHIDA~1\AppData\L...}, fedcm:accounts: true, goog:chromeOptions: {debuggerAddress: localhost:61242}, networkConnectionEnabled: false, pageLoadStrategy: normal, platformName: windows, proxy: Proxy(), se:cdp: ws://localhost:61242/devtoo..., se:cdpVersion: 123.0.6312.88, setWindowRect: true, strictFileInteractability: false, timeouts: {implicit: 0, pageLoad: 300000, script: 30000}, unhandledPromptBehavior: dismiss and notify, webauthn:extension:credBlob: true, webauthn:extension:largeBlob: true, webauthn:extension:minPinLength: true, webauthn:extension:prf: true, webauthn:virtualAuthenticators: true}
Session ID: 1ebc2f11a39a184001dc9ce7bd195ee9
at org.openqa.selenium.support.ui.WebDriverWait.timeoutException(WebDriverWait.java:84)
at org.openqa.selenium.support.ui.FluentWait.until(FluentWait.java:228)
at pageObjects.POMPublicHomePage.handleSecurityQue(POMPublicHomePage.java:1041)
at testClasses.Tests_QA_AUP_Vikram.verifySponsorCanMonitoringAccessOnEventDayForQuebec(Tests_QA_AUP_Vikram.java:423)
at java.base/java.util.ArrayList.forEach(ArrayList.java:1511)
... Removed 27 stack frames]]>
    </failure>
  </testcase> <!-- verifySponsorCanMonitoringAccessOnEventDayForQuebec -->
  <testcase classname="testClasses.Tests_QA_AUP_Vikram" name="DownloadR317ReserveSaleResultReportandValidations" time="64.685">
    <skipped/>
  </testcase> <!-- DownloadR317ReserveSaleResultReportandValidations -->
  <testcase classname="testClasses.Tests_QA_AUP_Vikram" name="DownloadR317ReserveSaleResultReportandValidations" time="59.519"/>
  <testcase classname="testClasses.Tests_QA_AUP_Rohi" name="C32057_Confirm_AR_can_access_the_Client_Bid_Report_post_certification" time="62.799">
    <skipped/>
  </testcase> <!-- C32057_Confirm_AR_can_access_the_Client_Bid_Report_post_certification -->
  <testcase classname="testClasses.Tests_QA_AUP_Rohi" name="C32057_Confirm_AR_can_access_the_Client_Bid_Report_post_certification" time="62.547">
    <failure type="org.openqa.selenium.TimeoutException" message="Expected condition failed: waiting for visibility of element located by By.xpath: //*[text()=&amp;apos;REPORT NAME&amp;apos;] (tried for 30 second(s) with 500 milliseconds interval)
Build info: version: &amp;apos;4.18.1&amp;apos;, revision: &amp;apos;b1d3319b48&amp;apos;
System info: os.name: &amp;apos;Windows 11&amp;apos;, os.arch: &amp;apos;amd64&amp;apos;, os.version: &amp;apos;10.0&amp;apos;, java.version: &amp;apos;17.0.7&amp;apos;
Driver info: org.openqa.selenium.chrome.ChromeDriver
Capabilities {acceptInsecureCerts: false, browserName: chrome, browserVersion: 123.0.6312.88, chrome: {chromedriverVersion: 123.0.6312.86 (9b72c47a0536..., userDataDir: C:\Users\ROHIDA~1\AppData\L...}, fedcm:accounts: true, goog:chromeOptions: {debuggerAddress: localhost:61416}, networkConnectionEnabled: false, pageLoadStrategy: normal, platformName: windows, proxy: Proxy(), se:cdp: ws://localhost:61416/devtoo..., se:cdpVersion: 123.0.6312.88, setWindowRect: true, strictFileInteractability: false, timeouts: {implicit: 0, pageLoad: 300000, script: 30000}, unhandledPromptBehavior: dismiss and notify, webauthn:extension:credBlob: true, webauthn:extension:largeBlob: true, webauthn:extension:minPinLength: true, webauthn:extension:prf: true, webauthn:virtualAuthenticators: true}
Session ID: 86e86af9203372db8bc7c1adc326b924">
      <![CDATA[org.openqa.selenium.TimeoutException: Expected condition failed: waiting for visibility of element located by By.xpath: //*[text()='REPORT NAME'] (tried for 30 second(s) with 500 milliseconds interval)
Build info: version: '4.18.1', revision: 'b1d3319b48'
System info: os.name: 'Windows 11', os.arch: 'amd64', os.version: '10.0', java.version: '17.0.7'
Driver info: org.openqa.selenium.chrome.ChromeDriver
Capabilities {acceptInsecureCerts: false, browserName: chrome, browserVersion: 123.0.6312.88, chrome: {chromedriverVersion: 123.0.6312.86 (9b72c47a0536..., userDataDir: C:\Users\ROHIDA~1\AppData\L...}, fedcm:accounts: true, goog:chromeOptions: {debuggerAddress: localhost:61416}, networkConnectionEnabled: false, pageLoadStrategy: normal, platformName: windows, proxy: Proxy(), se:cdp: ws://localhost:61416/devtoo..., se:cdpVersion: 123.0.6312.88, setWindowRect: true, strictFileInteractability: false, timeouts: {implicit: 0, pageLoad: 300000, script: 30000}, unhandledPromptBehavior: dismiss and notify, webauthn:extension:credBlob: true, webauthn:extension:largeBlob: true, webauthn:extension:minPinLength: true, webauthn:extension:prf: true, webauthn:virtualAuthenticators: true}
Session ID: 86e86af9203372db8bc7c1adc326b924
at org.openqa.selenium.support.ui.WebDriverWait.timeoutException(WebDriverWait.java:84)
at org.openqa.selenium.support.ui.FluentWait.until(FluentWait.java:228)
at pageObjects.POM_QA_AUP_Rohi.searchReportByName(POM_QA_AUP_Rohi.java:254)
at pageObjects.POM_QA_AUP_Rohi.c32057_reportAccesstoAR_ForClientsBidsReportPostCertificationWS(POM_QA_AUP_Rohi.java:270)
at testClasses.Tests_QA_AUP_Rohi.C32057_Confirm_AR_can_access_the_Client_Bid_Report_post_certification(Tests_QA_AUP_Rohi.java:177)
at java.base/java.util.ArrayList.forEach(ArrayList.java:1511)
... Removed 27 stack frames]]>
    </failure>
  </testcase> <!-- C32057_Confirm_AR_can_access_the_Client_Bid_Report_post_certification -->
  <testcase classname="testClasses.Tests_QA_AUP_Rohi" name="C32068_Sponsor_or_AR_can_get_access_to_Client_Bids_Audit_report_for_an_Allowance_Sale_event_during_the_bidding_window" time="48.061"/>
  <testcase classname="testClasses.Tests_QA_AUP_Rohi" name="c32055_Sponsor_MM_can_get_access_to_Bids_report_for_an_Allowance_Sale_event_during_the_bidding_window" time="34.852"/>
  <testcase classname="testClasses.Tests_QA_AUP_Rohi" name="C32017_MM_can_get_access__to_Bids_report_for_an_Allowance_Sale_event_during_the_bidding_window" time="50.634">
    <skipped/>
  </testcase> <!-- C32017_MM_can_get_access__to_Bids_report_for_an_Allowance_Sale_event_during_the_bidding_window -->
  <testcase classname="testClasses.Tests_QA_AUP_Rohi" name="C32017_MM_can_get_access__to_Bids_report_for_an_Allowance_Sale_event_during_the_bidding_window" time="49.612">
    <failure type="org.openqa.selenium.TimeoutException" message="Expected condition failed: waiting for visibility of element located by By.xpath: //*[text()=&amp;apos;REPORT NAME&amp;apos;] (tried for 30 second(s) with 500 milliseconds interval)
Build info: version: &amp;apos;4.18.1&amp;apos;, revision: &amp;apos;b1d3319b48&amp;apos;
System info: os.name: &amp;apos;Windows 11&amp;apos;, os.arch: &amp;apos;amd64&amp;apos;, os.version: &amp;apos;10.0&amp;apos;, java.version: &amp;apos;17.0.7&amp;apos;
Driver info: org.openqa.selenium.chrome.ChromeDriver
Capabilities {acceptInsecureCerts: false, browserName: chrome, browserVersion: 123.0.6312.88, chrome: {chromedriverVersion: 123.0.6312.86 (9b72c47a0536..., userDataDir: C:\Users\ROHIDA~1\AppData\L...}, fedcm:accounts: true, goog:chromeOptions: {debuggerAddress: localhost:61574}, networkConnectionEnabled: false, pageLoadStrategy: normal, platformName: windows, proxy: Proxy(), se:cdp: ws://localhost:61574/devtoo..., se:cdpVersion: 123.0.6312.88, setWindowRect: true, strictFileInteractability: false, timeouts: {implicit: 0, pageLoad: 300000, script: 30000}, unhandledPromptBehavior: dismiss and notify, webauthn:extension:credBlob: true, webauthn:extension:largeBlob: true, webauthn:extension:minPinLength: true, webauthn:extension:prf: true, webauthn:virtualAuthenticators: true}
Session ID: 2653a46da2e553ac5c48e6ca863cb25c">
      <![CDATA[org.openqa.selenium.TimeoutException: Expected condition failed: waiting for visibility of element located by By.xpath: //*[text()='REPORT NAME'] (tried for 30 second(s) with 500 milliseconds interval)
Build info: version: '4.18.1', revision: 'b1d3319b48'
System info: os.name: 'Windows 11', os.arch: 'amd64', os.version: '10.0', java.version: '17.0.7'
Driver info: org.openqa.selenium.chrome.ChromeDriver
Capabilities {acceptInsecureCerts: false, browserName: chrome, browserVersion: 123.0.6312.88, chrome: {chromedriverVersion: 123.0.6312.86 (9b72c47a0536..., userDataDir: C:\Users\ROHIDA~1\AppData\L...}, fedcm:accounts: true, goog:chromeOptions: {debuggerAddress: localhost:61574}, networkConnectionEnabled: false, pageLoadStrategy: normal, platformName: windows, proxy: Proxy(), se:cdp: ws://localhost:61574/devtoo..., se:cdpVersion: 123.0.6312.88, setWindowRect: true, strictFileInteractability: false, timeouts: {implicit: 0, pageLoad: 300000, script: 30000}, unhandledPromptBehavior: dismiss and notify, webauthn:extension:credBlob: true, webauthn:extension:largeBlob: true, webauthn:extension:minPinLength: true, webauthn:extension:prf: true, webauthn:virtualAuthenticators: true}
Session ID: 2653a46da2e553ac5c48e6ca863cb25c
at org.openqa.selenium.support.ui.WebDriverWait.timeoutException(WebDriverWait.java:84)
at org.openqa.selenium.support.ui.FluentWait.until(FluentWait.java:228)
at pageObjects.POM_QA_AUP_Rohi.c32055_C32045_c32017Sponsor_or_MMAccessBidsReportForAllowanceSaleEventDuringBiddingWindow(POM_QA_AUP_Rohi.java:312)
at testClasses.Tests_QA_AUP_Rohi.C32017_MM_can_get_access__to_Bids_report_for_an_Allowance_Sale_event_during_the_bidding_window(Tests_QA_AUP_Rohi.java:227)
at java.base/java.util.ArrayList.forEach(ArrayList.java:1511)
... Removed 27 stack frames]]>
    </failure>
  </testcase> <!-- C32017_MM_can_get_access__to_Bids_report_for_an_Allowance_Sale_event_during_the_bidding_window -->
  <testcase classname="testClasses.Tests_QA_AUP_Rohi" name="C32051_Verify_bids_report_has_information_about_the_comments_added_to_the_bid_during_monitoring_of_the_bids" time="52.179">
    <skipped/>
  </testcase> <!-- C32051_Verify_bids_report_has_information_about_the_comments_added_to_the_bid_during_monitoring_of_the_bids -->
  <testcase classname="testClasses.Tests_QA_AUP_Rohi" name="C32051_Verify_bids_report_has_information_about_the_comments_added_to_the_bid_during_monitoring_of_the_bids" time="50.179">
    <failure type="org.openqa.selenium.TimeoutException" message="Expected condition failed: waiting for visibility of element located by By.xpath: //*[text()=&amp;apos;REPORT NAME&amp;apos;] (tried for 30 second(s) with 500 milliseconds interval)
Build info: version: &amp;apos;4.18.1&amp;apos;, revision: &amp;apos;b1d3319b48&amp;apos;
System info: os.name: &amp;apos;Windows 11&amp;apos;, os.arch: &amp;apos;amd64&amp;apos;, os.version: &amp;apos;10.0&amp;apos;, java.version: &amp;apos;17.0.7&amp;apos;
Driver info: org.openqa.selenium.chrome.ChromeDriver
Capabilities {acceptInsecureCerts: false, browserName: chrome, browserVersion: 123.0.6312.88, chrome: {chromedriverVersion: 123.0.6312.86 (9b72c47a0536..., userDataDir: C:\Users\ROHIDA~1\AppData\L...}, fedcm:accounts: true, goog:chromeOptions: {debuggerAddress: localhost:61648}, networkConnectionEnabled: false, pageLoadStrategy: normal, platformName: windows, proxy: Proxy(), se:cdp: ws://localhost:61648/devtoo..., se:cdpVersion: 123.0.6312.88, setWindowRect: true, strictFileInteractability: false, timeouts: {implicit: 0, pageLoad: 300000, script: 30000}, unhandledPromptBehavior: dismiss and notify, webauthn:extension:credBlob: true, webauthn:extension:largeBlob: true, webauthn:extension:minPinLength: true, webauthn:extension:prf: true, webauthn:virtualAuthenticators: true}
Session ID: 5ba331341b07105b1cf8456ecdb6272c">
      <![CDATA[org.openqa.selenium.TimeoutException: Expected condition failed: waiting for visibility of element located by By.xpath: //*[text()='REPORT NAME'] (tried for 30 second(s) with 500 milliseconds interval)
Build info: version: '4.18.1', revision: 'b1d3319b48'
System info: os.name: 'Windows 11', os.arch: 'amd64', os.version: '10.0', java.version: '17.0.7'
Driver info: org.openqa.selenium.chrome.ChromeDriver
Capabilities {acceptInsecureCerts: false, browserName: chrome, browserVersion: 123.0.6312.88, chrome: {chromedriverVersion: 123.0.6312.86 (9b72c47a0536..., userDataDir: C:\Users\ROHIDA~1\AppData\L...}, fedcm:accounts: true, goog:chromeOptions: {debuggerAddress: localhost:61648}, networkConnectionEnabled: false, pageLoadStrategy: normal, platformName: windows, proxy: Proxy(), se:cdp: ws://localhost:61648/devtoo..., se:cdpVersion: 123.0.6312.88, setWindowRect: true, strictFileInteractability: false, timeouts: {implicit: 0, pageLoad: 300000, script: 30000}, unhandledPromptBehavior: dismiss and notify, webauthn:extension:credBlob: true, webauthn:extension:largeBlob: true, webauthn:extension:minPinLength: true, webauthn:extension:prf: true, webauthn:virtualAuthenticators: true}
Session ID: 5ba331341b07105b1cf8456ecdb6272c
at org.openqa.selenium.support.ui.WebDriverWait.timeoutException(WebDriverWait.java:84)
at org.openqa.selenium.support.ui.FluentWait.until(FluentWait.java:228)
at pageObjects.POM_QA_AUP_Rohi.c32055_C32045_c32017Sponsor_or_MMAccessBidsReportForAllowanceSaleEventDuringBiddingWindow(POM_QA_AUP_Rohi.java:312)
at testClasses.Tests_QA_AUP_Rohi.C32051_Verify_bids_report_has_information_about_the_comments_added_to_the_bid_during_monitoring_of_the_bids(Tests_QA_AUP_Rohi.java:246)
at java.base/java.util.ArrayList.forEach(ArrayList.java:1511)
... Removed 27 stack frames]]>
    </failure>
  </testcase> <!-- C32051_Verify_bids_report_has_information_about_the_comments_added_to_the_bid_during_monitoring_of_the_bids -->
  <testcase classname="testClasses.Tests_QA_AUP_Rohi" name="C32052_Sponsor_MM_can_get_access_to_Bids_Audit_report_for_an_Allowance_Sale_event_during_the_bidding_window" time="35.206">
    <skipped/>
  </testcase> <!-- C32052_Sponsor_MM_can_get_access_to_Bids_Audit_report_for_an_Allowance_Sale_event_during_the_bidding_window -->
  <testcase classname="testClasses.Tests_QA_AUP_Rohi" name="C32052_Sponsor_MM_can_get_access_to_Bids_Audit_report_for_an_Allowance_Sale_event_during_the_bidding_window" time="35.032"/>
  <testcase classname="testClasses.Tests_QA_AUP_Rohi" name="C32056_Sponsor_MM_can_get_access_to_Bids_Audit_report_for_an_Allowance_Sale_event_during_the_bidding_window" time="33.45"/>
  <testcase classname="testClasses.Tests_QA_AUP_Rohi" name="C32016_MM_can_get_access__to_Bids_Audit_report_for_an_Allowance_Sale_event_during_the_bidding_window" time="49.359">
    <skipped/>
  </testcase> <!-- C32016_MM_can_get_access__to_Bids_Audit_report_for_an_Allowance_Sale_event_during_the_bidding_window -->
  <testcase classname="testClasses.Tests_QA_AUP_Rohi" name="C32016_MM_can_get_access__to_Bids_Audit_report_for_an_Allowance_Sale_event_during_the_bidding_window" time="48.779">
    <failure type="org.openqa.selenium.TimeoutException" message="Expected condition failed: waiting for visibility of element located by By.xpath: //*[text()=&amp;apos;REPORT NAME&amp;apos;] (tried for 30 second(s) with 500 milliseconds interval)
Build info: version: &amp;apos;4.18.1&amp;apos;, revision: &amp;apos;b1d3319b48&amp;apos;
System info: os.name: &amp;apos;Windows 11&amp;apos;, os.arch: &amp;apos;amd64&amp;apos;, os.version: &amp;apos;10.0&amp;apos;, java.version: &amp;apos;17.0.7&amp;apos;
Driver info: org.openqa.selenium.chrome.ChromeDriver
Capabilities {acceptInsecureCerts: false, browserName: chrome, browserVersion: 123.0.6312.88, chrome: {chromedriverVersion: 123.0.6312.86 (9b72c47a0536..., userDataDir: C:\Users\ROHIDA~1\AppData\L...}, fedcm:accounts: true, goog:chromeOptions: {debuggerAddress: localhost:61839}, networkConnectionEnabled: false, pageLoadStrategy: normal, platformName: windows, proxy: Proxy(), se:cdp: ws://localhost:61839/devtoo..., se:cdpVersion: 123.0.6312.88, setWindowRect: true, strictFileInteractability: false, timeouts: {implicit: 0, pageLoad: 300000, script: 30000}, unhandledPromptBehavior: dismiss and notify, webauthn:extension:credBlob: true, webauthn:extension:largeBlob: true, webauthn:extension:minPinLength: true, webauthn:extension:prf: true, webauthn:virtualAuthenticators: true}
Session ID: cab04056f1c04f4e5775032b883850e1">
      <![CDATA[org.openqa.selenium.TimeoutException: Expected condition failed: waiting for visibility of element located by By.xpath: //*[text()='REPORT NAME'] (tried for 30 second(s) with 500 milliseconds interval)
Build info: version: '4.18.1', revision: 'b1d3319b48'
System info: os.name: 'Windows 11', os.arch: 'amd64', os.version: '10.0', java.version: '17.0.7'
Driver info: org.openqa.selenium.chrome.ChromeDriver
Capabilities {acceptInsecureCerts: false, browserName: chrome, browserVersion: 123.0.6312.88, chrome: {chromedriverVersion: 123.0.6312.86 (9b72c47a0536..., userDataDir: C:\Users\ROHIDA~1\AppData\L...}, fedcm:accounts: true, goog:chromeOptions: {debuggerAddress: localhost:61839}, networkConnectionEnabled: false, pageLoadStrategy: normal, platformName: windows, proxy: Proxy(), se:cdp: ws://localhost:61839/devtoo..., se:cdpVersion: 123.0.6312.88, setWindowRect: true, strictFileInteractability: false, timeouts: {implicit: 0, pageLoad: 300000, script: 30000}, unhandledPromptBehavior: dismiss and notify, webauthn:extension:credBlob: true, webauthn:extension:largeBlob: true, webauthn:extension:minPinLength: true, webauthn:extension:prf: true, webauthn:virtualAuthenticators: true}
Session ID: cab04056f1c04f4e5775032b883850e1
at org.openqa.selenium.support.ui.WebDriverWait.timeoutException(WebDriverWait.java:84)
at org.openqa.selenium.support.ui.FluentWait.until(FluentWait.java:228)
at pageObjects.POM_QA_AUP_Rohi.c32052_c32016_c32056_SponsorMMAccessBidsAuditReportForAllowanceSaleEventDuringBiddingWindowWS(POM_QA_AUP_Rohi.java:335)
at testClasses.Tests_QA_AUP_Rohi.C32016_MM_can_get_access__to_Bids_Audit_report_for_an_Allowance_Sale_event_during_the_bidding_window(Tests_QA_AUP_Rohi.java:303)
at java.base/java.util.ArrayList.forEach(ArrayList.java:1511)
... Removed 27 stack frames]]>
    </failure>
  </testcase> <!-- C32016_MM_can_get_access__to_Bids_Audit_report_for_an_Allowance_Sale_event_during_the_bidding_window -->
  <testcase classname="testClasses.Tests_QA_AUP_Rohi" name="C32069_AR_can_get_access_to_Client_Bids_Audit_report_for_an_Allowance_Sale_event_during_the_bidding_window" time="91.444">
    <skipped/>
  </testcase> <!-- C32069_AR_can_get_access_to_Client_Bids_Audit_report_for_an_Allowance_Sale_event_during_the_bidding_window -->
  <testcase classname="testClasses.Tests_QA_AUP_Rohi" name="C32069_AR_can_get_access_to_Client_Bids_Audit_report_for_an_Allowance_Sale_event_during_the_bidding_window" time="84.597">
    <failure type="org.openqa.selenium.TimeoutException" message="Expected condition failed: waiting for visibility of element located by By.xpath: //*[text()=&amp;apos;REPORT NAME&amp;apos;] (tried for 30 second(s) with 500 milliseconds interval)
Build info: version: &amp;apos;4.18.1&amp;apos;, revision: &amp;apos;b1d3319b48&amp;apos;
System info: os.name: &amp;apos;Windows 11&amp;apos;, os.arch: &amp;apos;amd64&amp;apos;, os.version: &amp;apos;10.0&amp;apos;, java.version: &amp;apos;17.0.7&amp;apos;
Driver info: org.openqa.selenium.chrome.ChromeDriver
Capabilities {acceptInsecureCerts: false, browserName: chrome, browserVersion: 123.0.6312.88, chrome: {chromedriverVersion: 123.0.6312.86 (9b72c47a0536..., userDataDir: C:\Users\ROHIDA~1\AppData\L...}, fedcm:accounts: true, goog:chromeOptions: {debuggerAddress: localhost:61920}, networkConnectionEnabled: false, pageLoadStrategy: normal, platformName: windows, proxy: Proxy(), se:cdp: ws://localhost:61920/devtoo..., se:cdpVersion: 123.0.6312.88, setWindowRect: true, strictFileInteractability: false, timeouts: {implicit: 0, pageLoad: 300000, script: 30000}, unhandledPromptBehavior: dismiss and notify, webauthn:extension:credBlob: true, webauthn:extension:largeBlob: true, webauthn:extension:minPinLength: true, webauthn:extension:prf: true, webauthn:virtualAuthenticators: true}
Session ID: 7c52ccb887d3e737bf7f7b6ebe43a7f9">
      <![CDATA[org.openqa.selenium.TimeoutException: Expected condition failed: waiting for visibility of element located by By.xpath: //*[text()='REPORT NAME'] (tried for 30 second(s) with 500 milliseconds interval)
Build info: version: '4.18.1', revision: 'b1d3319b48'
System info: os.name: 'Windows 11', os.arch: 'amd64', os.version: '10.0', java.version: '17.0.7'
Driver info: org.openqa.selenium.chrome.ChromeDriver
Capabilities {acceptInsecureCerts: false, browserName: chrome, browserVersion: 123.0.6312.88, chrome: {chromedriverVersion: 123.0.6312.86 (9b72c47a0536..., userDataDir: C:\Users\ROHIDA~1\AppData\L...}, fedcm:accounts: true, goog:chromeOptions: {debuggerAddress: localhost:61920}, networkConnectionEnabled: false, pageLoadStrategy: normal, platformName: windows, proxy: Proxy(), se:cdp: ws://localhost:61920/devtoo..., se:cdpVersion: 123.0.6312.88, setWindowRect: true, strictFileInteractability: false, timeouts: {implicit: 0, pageLoad: 300000, script: 30000}, unhandledPromptBehavior: dismiss and notify, webauthn:extension:credBlob: true, webauthn:extension:largeBlob: true, webauthn:extension:minPinLength: true, webauthn:extension:prf: true, webauthn:virtualAuthenticators: true}
Session ID: 7c52ccb887d3e737bf7f7b6ebe43a7f9
at org.openqa.selenium.support.ui.WebDriverWait.timeoutException(WebDriverWait.java:84)
at org.openqa.selenium.support.ui.FluentWait.until(FluentWait.java:228)
at pageObjects.POM_QA_AUP_Rohi.c32069_c32071_ARGetAccessClientBidsAuditReportForAllowanceSaleEventDuringBiddingWindow(POM_QA_AUP_Rohi.java:362)
at testClasses.Tests_QA_AUP_Rohi.C32069_AR_can_get_access_to_Client_Bids_Audit_report_for_an_Allowance_Sale_event_during_the_bidding_window(Tests_QA_AUP_Rohi.java:322)
at java.base/java.util.ArrayList.forEach(ArrayList.java:1511)
... Removed 27 stack frames]]>
    </failure>
  </testcase> <!-- C32069_AR_can_get_access_to_Client_Bids_Audit_report_for_an_Allowance_Sale_event_during_the_bidding_window -->
  <testcase classname="testClasses.Tests_QA_AUP_Rohi" name="C32045_MM_can_get_access_to_bid_report_for_an_event_once_the_bidding_window_opens" time="52.45">
    <skipped/>
  </testcase> <!-- C32045_MM_can_get_access_to_bid_report_for_an_event_once_the_bidding_window_opens -->
  <testcase classname="testClasses.Tests_QA_AUP_Rohi" name="C32045_MM_can_get_access_to_bid_report_for_an_event_once_the_bidding_window_opens" time="50.785">
    <failure type="org.openqa.selenium.TimeoutException" message="Expected condition failed: waiting for visibility of element located by By.xpath: //*[text()=&amp;apos;REPORT NAME&amp;apos;] (tried for 30 second(s) with 500 milliseconds interval)
Build info: version: &amp;apos;4.18.1&amp;apos;, revision: &amp;apos;b1d3319b48&amp;apos;
System info: os.name: &amp;apos;Windows 11&amp;apos;, os.arch: &amp;apos;amd64&amp;apos;, os.version: &amp;apos;10.0&amp;apos;, java.version: &amp;apos;17.0.7&amp;apos;
Driver info: org.openqa.selenium.chrome.ChromeDriver
Capabilities {acceptInsecureCerts: false, browserName: chrome, browserVersion: 123.0.6312.88, chrome: {chromedriverVersion: 123.0.6312.86 (9b72c47a0536..., userDataDir: C:\Users\ROHIDA~1\AppData\L...}, fedcm:accounts: true, goog:chromeOptions: {debuggerAddress: localhost:61994}, networkConnectionEnabled: false, pageLoadStrategy: normal, platformName: windows, proxy: Proxy(), se:cdp: ws://localhost:61994/devtoo..., se:cdpVersion: 123.0.6312.88, setWindowRect: true, strictFileInteractability: false, timeouts: {implicit: 0, pageLoad: 300000, script: 30000}, unhandledPromptBehavior: dismiss and notify, webauthn:extension:credBlob: true, webauthn:extension:largeBlob: true, webauthn:extension:minPinLength: true, webauthn:extension:prf: true, webauthn:virtualAuthenticators: true}
Session ID: cb75bd9b3fcfe4027f8a59926e408128">
      <![CDATA[org.openqa.selenium.TimeoutException: Expected condition failed: waiting for visibility of element located by By.xpath: //*[text()='REPORT NAME'] (tried for 30 second(s) with 500 milliseconds interval)
Build info: version: '4.18.1', revision: 'b1d3319b48'
System info: os.name: 'Windows 11', os.arch: 'amd64', os.version: '10.0', java.version: '17.0.7'
Driver info: org.openqa.selenium.chrome.ChromeDriver
Capabilities {acceptInsecureCerts: false, browserName: chrome, browserVersion: 123.0.6312.88, chrome: {chromedriverVersion: 123.0.6312.86 (9b72c47a0536..., userDataDir: C:\Users\ROHIDA~1\AppData\L...}, fedcm:accounts: true, goog:chromeOptions: {debuggerAddress: localhost:61994}, networkConnectionEnabled: false, pageLoadStrategy: normal, platformName: windows, proxy: Proxy(), se:cdp: ws://localhost:61994/devtoo..., se:cdpVersion: 123.0.6312.88, setWindowRect: true, strictFileInteractability: false, timeouts: {implicit: 0, pageLoad: 300000, script: 30000}, unhandledPromptBehavior: dismiss and notify, webauthn:extension:credBlob: true, webauthn:extension:largeBlob: true, webauthn:extension:minPinLength: true, webauthn:extension:prf: true, webauthn:virtualAuthenticators: true}
Session ID: cb75bd9b3fcfe4027f8a59926e408128
at org.openqa.selenium.support.ui.WebDriverWait.timeoutException(WebDriverWait.java:84)
at org.openqa.selenium.support.ui.FluentWait.until(FluentWait.java:228)
at pageObjects.POM_QA_AUP_Rohi.c32055_C32045_c32017Sponsor_or_MMAccessBidsReportForAllowanceSaleEventDuringBiddingWindow(POM_QA_AUP_Rohi.java:312)
at testClasses.Tests_QA_AUP_Rohi.C32045_MM_can_get_access_to_bid_report_for_an_event_once_the_bidding_window_opens(Tests_QA_AUP_Rohi.java:341)
at java.base/java.util.ArrayList.forEach(ArrayList.java:1511)
... Removed 27 stack frames]]>
    </failure>
  </testcase> <!-- C32045_MM_can_get_access_to_bid_report_for_an_event_once_the_bidding_window_opens -->
  <testcase classname="testClasses.Tests_QA_AUP_Rohi" name="C32070_SponsorAccessClientBidsAuditReportForAllowanceSaleEventDuringBiddingWindow" time="50.782"/>
  <testcase classname="testClasses.Tests_QA_AUP_Rohi" name="C32071_AR_AccessClientBidsAuditReportForAllowanceSaleEventDuringBiddingWindow" time="80.528">
    <skipped/>
  </testcase> <!-- C32071_AR_AccessClientBidsAuditReportForAllowanceSaleEventDuringBiddingWindow -->
  <testcase classname="testClasses.Tests_QA_AUP_Rohi" name="C32071_AR_AccessClientBidsAuditReportForAllowanceSaleEventDuringBiddingWindow" time="80.461">
    <failure type="org.openqa.selenium.TimeoutException" message="Expected condition failed: waiting for visibility of element located by By.xpath: //*[text()=&amp;apos;REPORT NAME&amp;apos;] (tried for 30 second(s) with 500 milliseconds interval)
Build info: version: &amp;apos;4.18.1&amp;apos;, revision: &amp;apos;b1d3319b48&amp;apos;
System info: os.name: &amp;apos;Windows 11&amp;apos;, os.arch: &amp;apos;amd64&amp;apos;, os.version: &amp;apos;10.0&amp;apos;, java.version: &amp;apos;17.0.7&amp;apos;
Driver info: org.openqa.selenium.chrome.ChromeDriver
Capabilities {acceptInsecureCerts: false, browserName: chrome, browserVersion: 123.0.6312.88, chrome: {chromedriverVersion: 123.0.6312.86 (9b72c47a0536..., userDataDir: C:\Users\ROHIDA~1\AppData\L...}, fedcm:accounts: true, goog:chromeOptions: {debuggerAddress: localhost:62112}, networkConnectionEnabled: false, pageLoadStrategy: normal, platformName: windows, proxy: Proxy(), se:cdp: ws://localhost:62112/devtoo..., se:cdpVersion: 123.0.6312.88, setWindowRect: true, strictFileInteractability: false, timeouts: {implicit: 0, pageLoad: 300000, script: 30000}, unhandledPromptBehavior: dismiss and notify, webauthn:extension:credBlob: true, webauthn:extension:largeBlob: true, webauthn:extension:minPinLength: true, webauthn:extension:prf: true, webauthn:virtualAuthenticators: true}
Session ID: 40ee28db2b1b07f1213be2918e0d901e">
      <![CDATA[org.openqa.selenium.TimeoutException: Expected condition failed: waiting for visibility of element located by By.xpath: //*[text()='REPORT NAME'] (tried for 30 second(s) with 500 milliseconds interval)
Build info: version: '4.18.1', revision: 'b1d3319b48'
System info: os.name: 'Windows 11', os.arch: 'amd64', os.version: '10.0', java.version: '17.0.7'
Driver info: org.openqa.selenium.chrome.ChromeDriver
Capabilities {acceptInsecureCerts: false, browserName: chrome, browserVersion: 123.0.6312.88, chrome: {chromedriverVersion: 123.0.6312.86 (9b72c47a0536..., userDataDir: C:\Users\ROHIDA~1\AppData\L...}, fedcm:accounts: true, goog:chromeOptions: {debuggerAddress: localhost:62112}, networkConnectionEnabled: false, pageLoadStrategy: normal, platformName: windows, proxy: Proxy(), se:cdp: ws://localhost:62112/devtoo..., se:cdpVersion: 123.0.6312.88, setWindowRect: true, strictFileInteractability: false, timeouts: {implicit: 0, pageLoad: 300000, script: 30000}, unhandledPromptBehavior: dismiss and notify, webauthn:extension:credBlob: true, webauthn:extension:largeBlob: true, webauthn:extension:minPinLength: true, webauthn:extension:prf: true, webauthn:virtualAuthenticators: true}
Session ID: 40ee28db2b1b07f1213be2918e0d901e
at org.openqa.selenium.support.ui.WebDriverWait.timeoutException(WebDriverWait.java:84)
at org.openqa.selenium.support.ui.FluentWait.until(FluentWait.java:228)
at pageObjects.POM_QA_AUP_Rohi.c32069_c32071_ARGetAccessClientBidsAuditReportForAllowanceSaleEventDuringBiddingWindow(POM_QA_AUP_Rohi.java:362)
at testClasses.Tests_QA_AUP_Rohi.C32071_AR_AccessClientBidsAuditReportForAllowanceSaleEventDuringBiddingWindow(Tests_QA_AUP_Rohi.java:372)
at java.base/java.util.ArrayList.forEach(ArrayList.java:1511)
... Removed 27 stack frames]]>
    </failure>
  </testcase> <!-- C32071_AR_AccessClientBidsAuditReportForAllowanceSaleEventDuringBiddingWindow -->
  <testcase classname="testClasses.Tests_QA_AUP_Rohi" name="C32059_AR_AccessClientBidReportforAllowanceSaleEventDuringBiddingWindow" time="71.897">
    <skipped/>
  </testcase> <!-- C32059_AR_AccessClientBidReportforAllowanceSaleEventDuringBiddingWindow -->
  <testcase classname="testClasses.Tests_QA_AUP_Rohi" name="C32059_AR_AccessClientBidReportforAllowanceSaleEventDuringBiddingWindow" time="63.394">
    <failure type="org.openqa.selenium.TimeoutException" message="Expected condition failed: waiting for visibility of element located by By.xpath: //*[text()=&amp;apos;REPORT NAME&amp;apos;] (tried for 30 second(s) with 500 milliseconds interval)
Build info: version: &amp;apos;4.18.1&amp;apos;, revision: &amp;apos;b1d3319b48&amp;apos;
System info: os.name: &amp;apos;Windows 11&amp;apos;, os.arch: &amp;apos;amd64&amp;apos;, os.version: &amp;apos;10.0&amp;apos;, java.version: &amp;apos;17.0.7&amp;apos;
Driver info: org.openqa.selenium.chrome.ChromeDriver
Capabilities {acceptInsecureCerts: false, browserName: chrome, browserVersion: 123.0.6312.88, chrome: {chromedriverVersion: 123.0.6312.86 (9b72c47a0536..., userDataDir: C:\Users\ROHIDA~1\AppData\L...}, fedcm:accounts: true, goog:chromeOptions: {debuggerAddress: localhost:62190}, networkConnectionEnabled: false, pageLoadStrategy: normal, platformName: windows, proxy: Proxy(), se:cdp: ws://localhost:62190/devtoo..., se:cdpVersion: 123.0.6312.88, setWindowRect: true, strictFileInteractability: false, timeouts: {implicit: 0, pageLoad: 300000, script: 30000}, unhandledPromptBehavior: dismiss and notify, webauthn:extension:credBlob: true, webauthn:extension:largeBlob: true, webauthn:extension:minPinLength: true, webauthn:extension:prf: true, webauthn:virtualAuthenticators: true}
Session ID: f4882218065d99434c9e49dc5daa6645">
      <![CDATA[org.openqa.selenium.TimeoutException: Expected condition failed: waiting for visibility of element located by By.xpath: //*[text()='REPORT NAME'] (tried for 30 second(s) with 500 milliseconds interval)
Build info: version: '4.18.1', revision: 'b1d3319b48'
System info: os.name: 'Windows 11', os.arch: 'amd64', os.version: '10.0', java.version: '17.0.7'
Driver info: org.openqa.selenium.chrome.ChromeDriver
Capabilities {acceptInsecureCerts: false, browserName: chrome, browserVersion: 123.0.6312.88, chrome: {chromedriverVersion: 123.0.6312.86 (9b72c47a0536..., userDataDir: C:\Users\ROHIDA~1\AppData\L...}, fedcm:accounts: true, goog:chromeOptions: {debuggerAddress: localhost:62190}, networkConnectionEnabled: false, pageLoadStrategy: normal, platformName: windows, proxy: Proxy(), se:cdp: ws://localhost:62190/devtoo..., se:cdpVersion: 123.0.6312.88, setWindowRect: true, strictFileInteractability: false, timeouts: {implicit: 0, pageLoad: 300000, script: 30000}, unhandledPromptBehavior: dismiss and notify, webauthn:extension:credBlob: true, webauthn:extension:largeBlob: true, webauthn:extension:minPinLength: true, webauthn:extension:prf: true, webauthn:virtualAuthenticators: true}
Session ID: f4882218065d99434c9e49dc5daa6645
at org.openqa.selenium.support.ui.WebDriverWait.timeoutException(WebDriverWait.java:84)
at org.openqa.selenium.support.ui.FluentWait.until(FluentWait.java:228)
at pageObjects.POM_QA_AUP_Rohi.C32059_AR_can_get_access_to_Client_Bid_Report_for_an_Allowance_Sale_event_during_the_bidding_window_Post_Certification(POM_QA_AUP_Rohi.java:411)
at testClasses.Tests_QA_AUP_Rohi.C32059_AR_AccessClientBidReportforAllowanceSaleEventDuringBiddingWindow(Tests_QA_AUP_Rohi.java:391)
at java.base/java.util.ArrayList.forEach(ArrayList.java:1511)
... Removed 27 stack frames]]>
    </failure>
  </testcase> <!-- C32059_AR_AccessClientBidReportforAllowanceSaleEventDuringBiddingWindow -->
  <testcase classname="testClasses.Tests_QA_AUP_Rohi" name="C31992_SponsorAccessClientBidsAuditReportForAllowanceSaleEventDuringBiddingWindowCA" time="57.179">
    <skipped/>
  </testcase> <!-- C31992_SponsorAccessClientBidsAuditReportForAllowanceSaleEventDuringBiddingWindowCA -->
  <testcase classname="testClasses.Tests_QA_AUP_Rohi" name="C31992_SponsorAccessClientBidsAuditReportForAllowanceSaleEventDuringBiddingWindowCA" time="51.252">
    <failure type="org.openqa.selenium.NoSuchElementException" message="no such element: Unable to locate element: {&amp;quot;method&amp;quot;:&amp;quot;xpath&amp;quot;,&amp;quot;selector&amp;quot;:&amp;quot;//*[text()=&amp;apos;BIDDING CLOSES IN&amp;apos;]&amp;quot;}
  (Session info: chrome=123.0.6312.88)
For documentation on this error, please visit: https://www.selenium.dev/documentation/webdriver/troubleshooting/errors#no-such-element-exception
Build info: version: &amp;apos;4.18.1&amp;apos;, revision: &amp;apos;b1d3319b48&amp;apos;
System info: os.name: &amp;apos;Windows 11&amp;apos;, os.arch: &amp;apos;amd64&amp;apos;, os.version: &amp;apos;10.0&amp;apos;, java.version: &amp;apos;17.0.7&amp;apos;
Driver info: org.openqa.selenium.chrome.ChromeDriver
Command: [d92e2893f6c3957f5a3ddcd6516bef18, findElement {value=//*[text()=&amp;apos;BIDDING CLOSES IN&amp;apos;], using=xpath}]
Capabilities {acceptInsecureCerts: false, browserName: chrome, browserVersion: 123.0.6312.88, chrome: {chromedriverVersion: 123.0.6312.86 (9b72c47a0536..., userDataDir: C:\Users\ROHIDA~1\AppData\L...}, fedcm:accounts: true, goog:chromeOptions: {debuggerAddress: localhost:62266}, networkConnectionEnabled: false, pageLoadStrategy: normal, platformName: windows, proxy: Proxy(), se:cdp: ws://localhost:62266/devtoo..., se:cdpVersion: 123.0.6312.88, setWindowRect: true, strictFileInteractability: false, timeouts: {implicit: 0, pageLoad: 300000, script: 30000}, unhandledPromptBehavior: dismiss and notify, webauthn:extension:credBlob: true, webauthn:extension:largeBlob: true, webauthn:extension:minPinLength: true, webauthn:extension:prf: true, webauthn:virtualAuthenticators: true}
Session ID: d92e2893f6c3957f5a3ddcd6516bef18">
      <![CDATA[org.openqa.selenium.NoSuchElementException: no such element: Unable to locate element: {"method":"xpath","selector":"//*[text()='BIDDING CLOSES IN']"}
  (Session info: chrome=123.0.6312.88)
For documentation on this error, please visit: https://www.selenium.dev/documentation/webdriver/troubleshooting/errors#no-such-element-exception
Build info: version: '4.18.1', revision: 'b1d3319b48'
System info: os.name: 'Windows 11', os.arch: 'amd64', os.version: '10.0', java.version: '17.0.7'
Driver info: org.openqa.selenium.chrome.ChromeDriver
Command: [d92e2893f6c3957f5a3ddcd6516bef18, findElement {value=//*[text()='BIDDING CLOSES IN'], using=xpath}]
Capabilities {acceptInsecureCerts: false, browserName: chrome, browserVersion: 123.0.6312.88, chrome: {chromedriverVersion: 123.0.6312.86 (9b72c47a0536..., userDataDir: C:\Users\ROHIDA~1\AppData\L...}, fedcm:accounts: true, goog:chromeOptions: {debuggerAddress: localhost:62266}, networkConnectionEnabled: false, pageLoadStrategy: normal, platformName: windows, proxy: Proxy(), se:cdp: ws://localhost:62266/devtoo..., se:cdpVersion: 123.0.6312.88, setWindowRect: true, strictFileInteractability: false, timeouts: {implicit: 0, pageLoad: 300000, script: 30000}, unhandledPromptBehavior: dismiss and notify, webauthn:extension:credBlob: true, webauthn:extension:largeBlob: true, webauthn:extension:minPinLength: true, webauthn:extension:prf: true, webauthn:virtualAuthenticators: true}
Session ID: d92e2893f6c3957f5a3ddcd6516bef18
at org.openqa.selenium.remote.ErrorCodec.decode(ErrorCodec.java:167)
at org.openqa.selenium.remote.codec.w3c.W3CHttpResponseCodec.decode(W3CHttpResponseCodec.java:138)
at org.openqa.selenium.remote.codec.w3c.W3CHttpResponseCodec.decode(W3CHttpResponseCodec.java:50)
at org.openqa.selenium.remote.HttpCommandExecutor.execute(HttpCommandExecutor.java:190)
at org.openqa.selenium.remote.service.DriverCommandExecutor.invokeExecute(DriverCommandExecutor.java:216)
at org.openqa.selenium.remote.service.DriverCommandExecutor.execute(DriverCommandExecutor.java:174)
at org.openqa.selenium.remote.RemoteWebDriver.execute(RemoteWebDriver.java:519)
at org.openqa.selenium.remote.ElementLocation$ElementFinder$2.findElement(ElementLocation.java:165)
at org.openqa.selenium.remote.ElementLocation.findElement(ElementLocation.java:59)
at org.openqa.selenium.remote.RemoteWebDriver.findElement(RemoteWebDriver.java:356)
at org.openqa.selenium.remote.RemoteWebDriver.findElement(RemoteWebDriver.java:350)
at org.openqa.selenium.support.pagefactory.DefaultElementLocator.findElement(DefaultElementLocator.java:68)
at org.openqa.selenium.support.pagefactory.internal.LocatingElementHandler.invoke(LocatingElementHandler.java:38)
at jdk.proxy2/jdk.proxy2.$Proxy14.getText(Unknown Source)
at pageObjects.POM_QA_AUP_Rohi.C31992_C31996_SponsoraccessClientBidsAuditReportForAllowanceSaleEventDuringBiddingWindowCA(POM_QA_AUP_Rohi.java:434)
at testClasses.Tests_QA_AUP_Rohi.C31992_SponsorAccessClientBidsAuditReportForAllowanceSaleEventDuringBiddingWindowCA(Tests_QA_AUP_Rohi.java:407)
at java.base/java.util.ArrayList.forEach(ArrayList.java:1511)
... Removed 31 stack frames]]>
    </failure>
  </testcase> <!-- C31992_SponsorAccessClientBidsAuditReportForAllowanceSaleEventDuringBiddingWindowCA -->
  <testcase classname="testClasses.Tests_QA_AUP_Rohi" name="C31994_AR_AccessClientBidsAuditReportForAllowanceSaleEventDuringBiddingWindowCA" time="53.274"/>
  <testcase classname="testClasses.Tests_QA_AUP_Rohi" name="C31914_Sponsor_MM_can_get_access_to_bid_report_for_an_event_once_the_bidding_window_opens" time="52.179"/>
  <testcase classname="testClasses.Tests_QA_AUP_Rohi" name="C31996_SponsorAccessClientBidsAuditReportForAllowanceSaleEventDuringBiddingWindowCAHeaderValidation" time="52.885">
    <skipped/>
  </testcase> <!-- C31996_SponsorAccessClientBidsAuditReportForAllowanceSaleEventDuringBiddingWindowCAHeaderValidation -->
  <testcase classname="testClasses.Tests_QA_AUP_Rohi" name="C31996_SponsorAccessClientBidsAuditReportForAllowanceSaleEventDuringBiddingWindowCAHeaderValidation" time="49.107"/>
  <testcase classname="testClasses.Tests_QA_AUP_Rohi" name="C31997_ARAccessClientBidsAuditReportForAllowanceSaleEventDuringBiddingWindowCAHeaderValidation" time="53.244"/>
  <testcase classname="testClasses.Tests_QA_AUP_Rohi" name="C31963_Sponsor_can_get_access_to_Client_Bid_Report_for_an_Allowance_Sale_event_during_bidding_window" time="20.68">
    <skipped/>
  </testcase> <!-- C31963_Sponsor_can_get_access_to_Client_Bid_Report_for_an_Allowance_Sale_event_during_bidding_window -->
  <testcase classname="testClasses.Tests_QA_AUP_Rohi" name="C31963_Sponsor_can_get_access_to_Client_Bid_Report_for_an_Allowance_Sale_event_during_bidding_window" time="19.914">
    <failure type="org.openqa.selenium.ElementClickInterceptedException" message="element click intercepted: Element &amp;lt;a class=&amp;quot;jss659&amp;quot; href=&amp;quot;/auctionmonitoring&amp;quot;&amp;gt;...&amp;lt;/a&amp;gt; is not clickable at point (401, 522). Other element would receive the click: &amp;lt;a class=&amp;quot;jss659&amp;quot; href=&amp;quot;/auctionmonitoring&amp;quot;&amp;gt;...&amp;lt;/a&amp;gt;
  (Session info: chrome=123.0.6312.88)
Build info: version: &amp;apos;4.18.1&amp;apos;, revision: &amp;apos;b1d3319b48&amp;apos;
System info: os.name: &amp;apos;Windows 11&amp;apos;, os.arch: &amp;apos;amd64&amp;apos;, os.version: &amp;apos;10.0&amp;apos;, java.version: &amp;apos;17.0.7&amp;apos;
Driver info: org.openqa.selenium.chrome.ChromeDriver
Command: [928293998106bd6ad8007b3cb1047753, clickElement {id=f.0F165F9D0FAD25A72BB029EAB452D1E4.d.0724065F09F44F1D9CCEFF3B93CE8911.e.80}]
Capabilities {acceptInsecureCerts: false, browserName: chrome, browserVersion: 123.0.6312.88, chrome: {chromedriverVersion: 123.0.6312.86 (9b72c47a0536..., userDataDir: C:\Users\ROHIDA~1\AppData\L...}, fedcm:accounts: true, goog:chromeOptions: {debuggerAddress: localhost:62554}, networkConnectionEnabled: false, pageLoadStrategy: normal, platformName: windows, proxy: Proxy(), se:cdp: ws://localhost:62554/devtoo..., se:cdpVersion: 123.0.6312.88, setWindowRect: true, strictFileInteractability: false, timeouts: {implicit: 0, pageLoad: 300000, script: 30000}, unhandledPromptBehavior: dismiss and notify, webauthn:extension:credBlob: true, webauthn:extension:largeBlob: true, webauthn:extension:minPinLength: true, webauthn:extension:prf: true, webauthn:virtualAuthenticators: true}
Element: [[ChromeDriver: chrome on windows (928293998106bd6ad8007b3cb1047753)] -&amp;gt; xpath: (//*[text()=&amp;apos;ReserveSaleAutomation&amp;apos;])[1]]
Session ID: 928293998106bd6ad8007b3cb1047753">
      <![CDATA[org.openqa.selenium.ElementClickInterceptedException: element click intercepted: Element <a class="jss659" href="/auctionmonitoring">...</a> is not clickable at point (401, 522). Other element would receive the click: <a class="jss659" href="/auctionmonitoring">...</a>
  (Session info: chrome=123.0.6312.88)
Build info: version: '4.18.1', revision: 'b1d3319b48'
System info: os.name: 'Windows 11', os.arch: 'amd64', os.version: '10.0', java.version: '17.0.7'
Driver info: org.openqa.selenium.chrome.ChromeDriver
Command: [928293998106bd6ad8007b3cb1047753, clickElement {id=f.0F165F9D0FAD25A72BB029EAB452D1E4.d.0724065F09F44F1D9CCEFF3B93CE8911.e.80}]
Capabilities {acceptInsecureCerts: false, browserName: chrome, browserVersion: 123.0.6312.88, chrome: {chromedriverVersion: 123.0.6312.86 (9b72c47a0536..., userDataDir: C:\Users\ROHIDA~1\AppData\L...}, fedcm:accounts: true, goog:chromeOptions: {debuggerAddress: localhost:62554}, networkConnectionEnabled: false, pageLoadStrategy: normal, platformName: windows, proxy: Proxy(), se:cdp: ws://localhost:62554/devtoo..., se:cdpVersion: 123.0.6312.88, setWindowRect: true, strictFileInteractability: false, timeouts: {implicit: 0, pageLoad: 300000, script: 30000}, unhandledPromptBehavior: dismiss and notify, webauthn:extension:credBlob: true, webauthn:extension:largeBlob: true, webauthn:extension:minPinLength: true, webauthn:extension:prf: true, webauthn:virtualAuthenticators: true}
Element: [[ChromeDriver: chrome on windows (928293998106bd6ad8007b3cb1047753)] -> xpath: (//*[text()='ReserveSaleAutomation'])[1]]
Session ID: 928293998106bd6ad8007b3cb1047753
at org.openqa.selenium.remote.ErrorCodec.decode(ErrorCodec.java:167)
at org.openqa.selenium.remote.codec.w3c.W3CHttpResponseCodec.decode(W3CHttpResponseCodec.java:138)
at org.openqa.selenium.remote.codec.w3c.W3CHttpResponseCodec.decode(W3CHttpResponseCodec.java:50)
at org.openqa.selenium.remote.HttpCommandExecutor.execute(HttpCommandExecutor.java:190)
at org.openqa.selenium.remote.service.DriverCommandExecutor.invokeExecute(DriverCommandExecutor.java:216)
at org.openqa.selenium.remote.service.DriverCommandExecutor.execute(DriverCommandExecutor.java:174)
at org.openqa.selenium.remote.RemoteWebDriver.execute(RemoteWebDriver.java:519)
at org.openqa.selenium.remote.RemoteWebElement.execute(RemoteWebElement.java:223)
at org.openqa.selenium.remote.RemoteWebElement.click(RemoteWebElement.java:76)
at org.openqa.selenium.support.pagefactory.internal.LocatingElementHandler.invoke(LocatingElementHandler.java:51)
at jdk.proxy2/jdk.proxy2.$Proxy14.click(Unknown Source)
at pageObjects.POM_QA_AUP_Rohi.C31963_Sponsor_accessClientBidsReportForAllowanceSaleEventDuringBiddingWindowCA(POM_QA_AUP_Rohi.java:529)
at testClasses.Tests_QA_AUP_Rohi.C31963_Sponsor_can_get_access_to_Client_Bid_Report_for_an_Allowance_Sale_event_during_bidding_window(Tests_QA_AUP_Rohi.java:502)
at java.base/java.util.ArrayList.forEach(ArrayList.java:1511)
... Removed 35 stack frames]]>
    </failure>
  </testcase> <!-- C31963_Sponsor_can_get_access_to_Client_Bid_Report_for_an_Allowance_Sale_event_during_bidding_window -->
  <testcase classname="testClasses.Tests_QA_AUP_Rohi" name="C31963_AR_can_get_access_to_Client_Bid_Report_for_an_Allowance_Sale_event_during_bidding_window" time="20.012">
    <skipped/>
  </testcase> <!-- C31963_AR_can_get_access_to_Client_Bid_Report_for_an_Allowance_Sale_event_during_bidding_window -->
  <testcase classname="testClasses.Tests_QA_AUP_Rohi" name="C31963_AR_can_get_access_to_Client_Bid_Report_for_an_Allowance_Sale_event_during_bidding_window" time="21.574">
    <failure type="java.lang.IllegalArgumentException" message="Keys to send should be a not null CharSequence">
      <![CDATA[java.lang.IllegalArgumentException: Keys to send should be a not null CharSequence
at org.openqa.selenium.remote.RemoteWebElement.sendKeys(RemoteWebElement.java:96)
at org.openqa.selenium.support.pagefactory.internal.LocatingElementHandler.invoke(LocatingElementHandler.java:51)
at jdk.proxy2/jdk.proxy2.$Proxy14.sendKeys(Unknown Source)
at pageObjects.POM_QA_AUP_Rohi.C31963_AR_AccessClientBidReportForAllowanceSaleEventDuringBiddingWindow(POM_QA_AUP_Rohi.java:560)
at testClasses.Tests_QA_AUP_Rohi.C31963_AR_can_get_access_to_Client_Bid_Report_for_an_Allowance_Sale_event_during_bidding_window(Tests_QA_AUP_Rohi.java:521)
at java.base/java.util.ArrayList.forEach(ArrayList.java:1511)
... Removed 30 stack frames]]>
    </failure>
  </testcase> <!-- C31963_AR_can_get_access_to_Client_Bid_Report_for_an_Allowance_Sale_event_during_bidding_window -->
  <testcase classname="testClasses.Tests_QA_AUP_Rohi" name="C31947_Sponsor_can_get_access_to_Bids_report_for_an_Allowance_Sale_event_during_the_bidding_window" time="49.398">
    <skipped/>
  </testcase> <!-- C31947_Sponsor_can_get_access_to_Bids_report_for_an_Allowance_Sale_event_during_the_bidding_window -->
  <testcase classname="testClasses.Tests_QA_AUP_Rohi" name="C31947_Sponsor_can_get_access_to_Bids_report_for_an_Allowance_Sale_event_during_the_bidding_window" time="58.459">
    <failure type="org.openqa.selenium.NoSuchElementException" message="no such element: Unable to locate element: {&amp;quot;method&amp;quot;:&amp;quot;xpath&amp;quot;,&amp;quot;selector&amp;quot;:&amp;quot;//*[@aria-label=&amp;apos;Event Name&amp;apos;]&amp;quot;}
  (Session info: chrome=123.0.6312.88)
For documentation on this error, please visit: https://www.selenium.dev/documentation/webdriver/troubleshooting/errors#no-such-element-exception
Build info: version: &amp;apos;4.18.1&amp;apos;, revision: &amp;apos;b1d3319b48&amp;apos;
System info: os.name: &amp;apos;Windows 11&amp;apos;, os.arch: &amp;apos;amd64&amp;apos;, os.version: &amp;apos;10.0&amp;apos;, java.version: &amp;apos;17.0.7&amp;apos;
Driver info: org.openqa.selenium.chrome.ChromeDriver
Command: [0157cefb9dade1ab1c98a933251e6502, findElement {value=//*[@aria-label=&amp;apos;Event Name&amp;apos;], using=xpath}]
Capabilities {acceptInsecureCerts: false, browserName: chrome, browserVersion: 123.0.6312.88, chrome: {chromedriverVersion: 123.0.6312.86 (9b72c47a0536..., userDataDir: C:\Users\ROHIDA~1\AppData\L...}, fedcm:accounts: true, goog:chromeOptions: {debuggerAddress: localhost:62722}, networkConnectionEnabled: false, pageLoadStrategy: normal, platformName: windows, proxy: Proxy(), se:cdp: ws://localhost:62722/devtoo..., se:cdpVersion: 123.0.6312.88, setWindowRect: true, strictFileInteractability: false, timeouts: {implicit: 0, pageLoad: 300000, script: 30000}, unhandledPromptBehavior: dismiss and notify, webauthn:extension:credBlob: true, webauthn:extension:largeBlob: true, webauthn:extension:minPinLength: true, webauthn:extension:prf: true, webauthn:virtualAuthenticators: true}
Session ID: 0157cefb9dade1ab1c98a933251e6502">
      <![CDATA[org.openqa.selenium.NoSuchElementException: no such element: Unable to locate element: {"method":"xpath","selector":"//*[@aria-label='Event Name']"}
  (Session info: chrome=123.0.6312.88)
For documentation on this error, please visit: https://www.selenium.dev/documentation/webdriver/troubleshooting/errors#no-such-element-exception
Build info: version: '4.18.1', revision: 'b1d3319b48'
System info: os.name: 'Windows 11', os.arch: 'amd64', os.version: '10.0', java.version: '17.0.7'
Driver info: org.openqa.selenium.chrome.ChromeDriver
Command: [0157cefb9dade1ab1c98a933251e6502, findElement {value=//*[@aria-label='Event Name'], using=xpath}]
Capabilities {acceptInsecureCerts: false, browserName: chrome, browserVersion: 123.0.6312.88, chrome: {chromedriverVersion: 123.0.6312.86 (9b72c47a0536..., userDataDir: C:\Users\ROHIDA~1\AppData\L...}, fedcm:accounts: true, goog:chromeOptions: {debuggerAddress: localhost:62722}, networkConnectionEnabled: false, pageLoadStrategy: normal, platformName: windows, proxy: Proxy(), se:cdp: ws://localhost:62722/devtoo..., se:cdpVersion: 123.0.6312.88, setWindowRect: true, strictFileInteractability: false, timeouts: {implicit: 0, pageLoad: 300000, script: 30000}, unhandledPromptBehavior: dismiss and notify, webauthn:extension:credBlob: true, webauthn:extension:largeBlob: true, webauthn:extension:minPinLength: true, webauthn:extension:prf: true, webauthn:virtualAuthenticators: true}
Session ID: 0157cefb9dade1ab1c98a933251e6502
at org.openqa.selenium.remote.ErrorCodec.decode(ErrorCodec.java:167)
at org.openqa.selenium.remote.codec.w3c.W3CHttpResponseCodec.decode(W3CHttpResponseCodec.java:138)
at org.openqa.selenium.remote.codec.w3c.W3CHttpResponseCodec.decode(W3CHttpResponseCodec.java:50)
at org.openqa.selenium.remote.HttpCommandExecutor.execute(HttpCommandExecutor.java:190)
at org.openqa.selenium.remote.service.DriverCommandExecutor.invokeExecute(DriverCommandExecutor.java:216)
at org.openqa.selenium.remote.service.DriverCommandExecutor.execute(DriverCommandExecutor.java:174)
at org.openqa.selenium.remote.RemoteWebDriver.execute(RemoteWebDriver.java:519)
at org.openqa.selenium.remote.ElementLocation$ElementFinder$2.findElement(ElementLocation.java:165)
at org.openqa.selenium.remote.ElementLocation.findElement(ElementLocation.java:59)
at org.openqa.selenium.remote.RemoteWebDriver.findElement(RemoteWebDriver.java:356)
at org.openqa.selenium.remote.RemoteWebDriver.findElement(RemoteWebDriver.java:350)
at pageObjects.POM_QA_AUP_Rohi.C31914_C31947_C31948_SponsorAccessBidReportForEventOnceBiddingWindowOpensCA(POM_QA_AUP_Rohi.java:511)
at testClasses.Tests_QA_AUP_Rohi.C31947_Sponsor_can_get_access_to_Bids_report_for_an_Allowance_Sale_event_during_the_bidding_window(Tests_QA_AUP_Rohi.java:540)
at java.base/java.util.ArrayList.forEach(ArrayList.java:1511)
... Removed 31 stack frames]]>
    </failure>
  </testcase> <!-- C31947_Sponsor_can_get_access_to_Bids_report_for_an_Allowance_Sale_event_during_the_bidding_window -->
  <testcase classname="testClasses.Tests_QA_AUP_Rohi" name="C31948_MM_can_get_access_to_Bids_report_for_an_Allowance_Sale_event_during_the_bidding_window" time="87.248">
    <skipped/>
  </testcase> <!-- C31948_MM_can_get_access_to_Bids_report_for_an_Allowance_Sale_event_during_the_bidding_window -->
  <testcase classname="testClasses.Tests_QA_AUP_Rohi" name="C31948_MM_can_get_access_to_Bids_report_for_an_Allowance_Sale_event_during_the_bidding_window" time="82.74">
    <failure type="org.openqa.selenium.NoSuchElementException" message="no such element: Unable to locate element: {&amp;quot;method&amp;quot;:&amp;quot;xpath&amp;quot;,&amp;quot;selector&amp;quot;:&amp;quot;//*[text()=&amp;apos;BIDDING CLOSES IN&amp;apos;]&amp;quot;}
  (Session info: chrome=123.0.6312.88)
For documentation on this error, please visit: https://www.selenium.dev/documentation/webdriver/troubleshooting/errors#no-such-element-exception
Build info: version: &amp;apos;4.18.1&amp;apos;, revision: &amp;apos;b1d3319b48&amp;apos;
System info: os.name: &amp;apos;Windows 11&amp;apos;, os.arch: &amp;apos;amd64&amp;apos;, os.version: &amp;apos;10.0&amp;apos;, java.version: &amp;apos;17.0.7&amp;apos;
Driver info: org.openqa.selenium.chrome.ChromeDriver
Command: [118a29d9f6fde5f7d4a97443eff5e302, findElement {value=//*[text()=&amp;apos;BIDDING CLOSES IN&amp;apos;], using=xpath}]
Capabilities {acceptInsecureCerts: false, browserName: chrome, browserVersion: 123.0.6312.88, chrome: {chromedriverVersion: 123.0.6312.86 (9b72c47a0536..., userDataDir: C:\Users\ROHIDA~1\AppData\L...}, fedcm:accounts: true, goog:chromeOptions: {debuggerAddress: localhost:62796}, networkConnectionEnabled: false, pageLoadStrategy: normal, platformName: windows, proxy: Proxy(), se:cdp: ws://localhost:62796/devtoo..., se:cdpVersion: 123.0.6312.88, setWindowRect: true, strictFileInteractability: false, timeouts: {implicit: 0, pageLoad: 300000, script: 30000}, unhandledPromptBehavior: dismiss and notify, webauthn:extension:credBlob: true, webauthn:extension:largeBlob: true, webauthn:extension:minPinLength: true, webauthn:extension:prf: true, webauthn:virtualAuthenticators: true}
Session ID: 118a29d9f6fde5f7d4a97443eff5e302">
      <![CDATA[org.openqa.selenium.NoSuchElementException: no such element: Unable to locate element: {"method":"xpath","selector":"//*[text()='BIDDING CLOSES IN']"}
  (Session info: chrome=123.0.6312.88)
For documentation on this error, please visit: https://www.selenium.dev/documentation/webdriver/troubleshooting/errors#no-such-element-exception
Build info: version: '4.18.1', revision: 'b1d3319b48'
System info: os.name: 'Windows 11', os.arch: 'amd64', os.version: '10.0', java.version: '17.0.7'
Driver info: org.openqa.selenium.chrome.ChromeDriver
Command: [118a29d9f6fde5f7d4a97443eff5e302, findElement {value=//*[text()='BIDDING CLOSES IN'], using=xpath}]
Capabilities {acceptInsecureCerts: false, browserName: chrome, browserVersion: 123.0.6312.88, chrome: {chromedriverVersion: 123.0.6312.86 (9b72c47a0536..., userDataDir: C:\Users\ROHIDA~1\AppData\L...}, fedcm:accounts: true, goog:chromeOptions: {debuggerAddress: localhost:62796}, networkConnectionEnabled: false, pageLoadStrategy: normal, platformName: windows, proxy: Proxy(), se:cdp: ws://localhost:62796/devtoo..., se:cdpVersion: 123.0.6312.88, setWindowRect: true, strictFileInteractability: false, timeouts: {implicit: 0, pageLoad: 300000, script: 30000}, unhandledPromptBehavior: dismiss and notify, webauthn:extension:credBlob: true, webauthn:extension:largeBlob: true, webauthn:extension:minPinLength: true, webauthn:extension:prf: true, webauthn:virtualAuthenticators: true}
Session ID: 118a29d9f6fde5f7d4a97443eff5e302
at org.openqa.selenium.remote.ErrorCodec.decode(ErrorCodec.java:167)
at org.openqa.selenium.remote.codec.w3c.W3CHttpResponseCodec.decode(W3CHttpResponseCodec.java:138)
at org.openqa.selenium.remote.codec.w3c.W3CHttpResponseCodec.decode(W3CHttpResponseCodec.java:50)
at org.openqa.selenium.remote.HttpCommandExecutor.execute(HttpCommandExecutor.java:190)
at org.openqa.selenium.remote.service.DriverCommandExecutor.invokeExecute(DriverCommandExecutor.java:216)
at org.openqa.selenium.remote.service.DriverCommandExecutor.execute(DriverCommandExecutor.java:174)
at org.openqa.selenium.remote.RemoteWebDriver.execute(RemoteWebDriver.java:519)
at org.openqa.selenium.remote.ElementLocation$ElementFinder$2.findElement(ElementLocation.java:165)
at org.openqa.selenium.remote.ElementLocation.findElement(ElementLocation.java:59)
at org.openqa.selenium.remote.RemoteWebDriver.findElement(RemoteWebDriver.java:356)
at org.openqa.selenium.remote.RemoteWebDriver.findElement(RemoteWebDriver.java:350)
at org.openqa.selenium.support.pagefactory.DefaultElementLocator.findElement(DefaultElementLocator.java:68)
at org.openqa.selenium.support.pagefactory.internal.LocatingElementHandler.invoke(LocatingElementHandler.java:38)
at jdk.proxy2/jdk.proxy2.$Proxy14.getText(Unknown Source)
at pageObjects.POM_QA_AUP_Rohi.C31914_C31947_C31948_SponsorAccessBidReportForEventOnceBiddingWindowOpensCA(POM_QA_AUP_Rohi.java:501)
at testClasses.Tests_QA_AUP_Rohi.C31948_MM_can_get_access_to_Bids_report_for_an_Allowance_Sale_event_during_the_bidding_window(Tests_QA_AUP_Rohi.java:559)
at java.base/java.util.ArrayList.forEach(ArrayList.java:1511)
... Removed 31 stack frames]]>
    </failure>
  </testcase> <!-- C31948_MM_can_get_access_to_Bids_report_for_an_Allowance_Sale_event_during_the_bidding_window -->
  <testcase classname="testClasses.Tests_QA_AUP_Rohi" name="C31934_Sponsor_can_get_access_to_Bids_Audit_report_for_an_Allowance_Sale_event_during_the_bidding_window" time="23.316">
    <skipped/>
  </testcase> <!-- C31934_Sponsor_can_get_access_to_Bids_Audit_report_for_an_Allowance_Sale_event_during_the_bidding_window -->
  <testcase classname="testClasses.Tests_QA_AUP_Rohi" name="C31934_Sponsor_can_get_access_to_Bids_Audit_report_for_an_Allowance_Sale_event_during_the_bidding_window" time="49.692">
    <failure type="org.openqa.selenium.NoSuchElementException" message="no such element: Unable to locate element: {&amp;quot;method&amp;quot;:&amp;quot;xpath&amp;quot;,&amp;quot;selector&amp;quot;:&amp;quot;//*[text()=&amp;apos;BIDDING CLOSES IN&amp;apos;]&amp;quot;}
  (Session info: chrome=123.0.6312.88)
For documentation on this error, please visit: https://www.selenium.dev/documentation/webdriver/troubleshooting/errors#no-such-element-exception
Build info: version: &amp;apos;4.18.1&amp;apos;, revision: &amp;apos;b1d3319b48&amp;apos;
System info: os.name: &amp;apos;Windows 11&amp;apos;, os.arch: &amp;apos;amd64&amp;apos;, os.version: &amp;apos;10.0&amp;apos;, java.version: &amp;apos;17.0.7&amp;apos;
Driver info: org.openqa.selenium.chrome.ChromeDriver
Command: [315f1c184d58ff9e5a9cc2952267414b, findElement {value=//*[text()=&amp;apos;BIDDING CLOSES IN&amp;apos;], using=xpath}]
Capabilities {acceptInsecureCerts: false, browserName: chrome, browserVersion: 123.0.6312.88, chrome: {chromedriverVersion: 123.0.6312.86 (9b72c47a0536..., userDataDir: C:\Users\ROHIDA~1\AppData\L...}, fedcm:accounts: true, goog:chromeOptions: {debuggerAddress: localhost:62871}, networkConnectionEnabled: false, pageLoadStrategy: normal, platformName: windows, proxy: Proxy(), se:cdp: ws://localhost:62871/devtoo..., se:cdpVersion: 123.0.6312.88, setWindowRect: true, strictFileInteractability: false, timeouts: {implicit: 0, pageLoad: 300000, script: 30000}, unhandledPromptBehavior: dismiss and notify, webauthn:extension:credBlob: true, webauthn:extension:largeBlob: true, webauthn:extension:minPinLength: true, webauthn:extension:prf: true, webauthn:virtualAuthenticators: true}
Session ID: 315f1c184d58ff9e5a9cc2952267414b">
      <![CDATA[org.openqa.selenium.NoSuchElementException: no such element: Unable to locate element: {"method":"xpath","selector":"//*[text()='BIDDING CLOSES IN']"}
  (Session info: chrome=123.0.6312.88)
For documentation on this error, please visit: https://www.selenium.dev/documentation/webdriver/troubleshooting/errors#no-such-element-exception
Build info: version: '4.18.1', revision: 'b1d3319b48'
System info: os.name: 'Windows 11', os.arch: 'amd64', os.version: '10.0', java.version: '17.0.7'
Driver info: org.openqa.selenium.chrome.ChromeDriver
Command: [315f1c184d58ff9e5a9cc2952267414b, findElement {value=//*[text()='BIDDING CLOSES IN'], using=xpath}]
Capabilities {acceptInsecureCerts: false, browserName: chrome, browserVersion: 123.0.6312.88, chrome: {chromedriverVersion: 123.0.6312.86 (9b72c47a0536..., userDataDir: C:\Users\ROHIDA~1\AppData\L...}, fedcm:accounts: true, goog:chromeOptions: {debuggerAddress: localhost:62871}, networkConnectionEnabled: false, pageLoadStrategy: normal, platformName: windows, proxy: Proxy(), se:cdp: ws://localhost:62871/devtoo..., se:cdpVersion: 123.0.6312.88, setWindowRect: true, strictFileInteractability: false, timeouts: {implicit: 0, pageLoad: 300000, script: 30000}, unhandledPromptBehavior: dismiss and notify, webauthn:extension:credBlob: true, webauthn:extension:largeBlob: true, webauthn:extension:minPinLength: true, webauthn:extension:prf: true, webauthn:virtualAuthenticators: true}
Session ID: 315f1c184d58ff9e5a9cc2952267414b
at org.openqa.selenium.remote.ErrorCodec.decode(ErrorCodec.java:167)
at org.openqa.selenium.remote.codec.w3c.W3CHttpResponseCodec.decode(W3CHttpResponseCodec.java:138)
at org.openqa.selenium.remote.codec.w3c.W3CHttpResponseCodec.decode(W3CHttpResponseCodec.java:50)
at org.openqa.selenium.remote.HttpCommandExecutor.execute(HttpCommandExecutor.java:190)
at org.openqa.selenium.remote.service.DriverCommandExecutor.invokeExecute(DriverCommandExecutor.java:216)
at org.openqa.selenium.remote.service.DriverCommandExecutor.execute(DriverCommandExecutor.java:174)
at org.openqa.selenium.remote.RemoteWebDriver.execute(RemoteWebDriver.java:519)
at org.openqa.selenium.remote.ElementLocation$ElementFinder$2.findElement(ElementLocation.java:165)
at org.openqa.selenium.remote.ElementLocation.findElement(ElementLocation.java:59)
at org.openqa.selenium.remote.RemoteWebDriver.findElement(RemoteWebDriver.java:356)
at org.openqa.selenium.remote.RemoteWebDriver.findElement(RemoteWebDriver.java:350)
at org.openqa.selenium.support.pagefactory.DefaultElementLocator.findElement(DefaultElementLocator.java:68)
at org.openqa.selenium.support.pagefactory.internal.LocatingElementHandler.invoke(LocatingElementHandler.java:38)
at jdk.proxy2/jdk.proxy2.$Proxy14.getText(Unknown Source)
at pageObjects.POM_QA_AUP_Rohi.C31934_SponsorAccessBidAuditReportForEventOnceBiddingWindowOpensCA(POM_QA_AUP_Rohi.java:585)
at testClasses.Tests_QA_AUP_Rohi.C31934_Sponsor_can_get_access_to_Bids_Audit_report_for_an_Allowance_Sale_event_during_the_bidding_window(Tests_QA_AUP_Rohi.java:578)
at java.base/java.util.ArrayList.forEach(ArrayList.java:1511)
... Removed 31 stack frames]]>
    </failure>
  </testcase> <!-- C31934_Sponsor_can_get_access_to_Bids_Audit_report_for_an_Allowance_Sale_event_during_the_bidding_window -->
  <testcase classname="testClasses.Tests_QA_AUP_Rohi" name="C31934_MM_can_get_access_to_Bids_Audit_report_for_an_Allowance_Sale_event_during_the_bidding_window" time="54.493">
    <skipped/>
  </testcase> <!-- C31934_MM_can_get_access_to_Bids_Audit_report_for_an_Allowance_Sale_event_during_the_bidding_window -->
  <testcase classname="testClasses.Tests_QA_AUP_Rohi" name="C31934_MM_can_get_access_to_Bids_Audit_report_for_an_Allowance_Sale_event_during_the_bidding_window" time="79.365"/>
  <testcase classname="testClasses.Tests_QA_AUP_Rohi" name="C31340_The_settlement_price_calculated_is_as_expected" time="51.192">
    <skipped/>
  </testcase> <!-- C31340_The_settlement_price_calculated_is_as_expected -->
  <testcase classname="testClasses.Tests_QA_AUP_Rohi" name="C31340_The_settlement_price_calculated_is_as_expected" time="75.012">
    <failure type="java.lang.AssertionError" message="expected [14.0] but found [17.0]">
      <![CDATA[java.lang.AssertionError: expected [14.0] but found [17.0]
at pageObjects.POM_Reports.validateSettelmentPriceResultReport_QC(POM_Reports.java:13125)
at testClasses.Tests_QA_AUP_Rohi.C31340_The_settlement_price_calculated_is_as_expected(Tests_QA_AUP_Rohi.java:623)
at java.base/java.util.ArrayList.forEach(ArrayList.java:1511)
... Removed 33 stack frames]]>
    </failure>
  </testcase> <!-- C31340_The_settlement_price_calculated_is_as_expected -->
  <testcase classname="testClasses.Tests_QA_AUP_Rohi" name="C31341_The_allotted_allowances_calculated_is_as_expected" time="50.698">
    <skipped/>
  </testcase> <!-- C31341_The_allotted_allowances_calculated_is_as_expected -->
  <testcase classname="testClasses.Tests_QA_AUP_Rohi" name="C31341_The_allotted_allowances_calculated_is_as_expected" time="49.985">
    <failure type="java.lang.AssertionError" message="expected [16000.0] but found [30000.0]">
      <![CDATA[java.lang.AssertionError: expected [16000.0] but found [30000.0]
at pageObjects.POM_Reports.validateCalculatedAllottedAllowancesResultReport_CA(POM_Reports.java:13072)
at testClasses.Tests_QA_AUP_Rohi.C31341_The_allotted_allowances_calculated_is_as_expected(Tests_QA_AUP_Rohi.java:641)
at java.base/java.util.ArrayList.forEach(ArrayList.java:1511)
... Removed 33 stack frames]]>
    </failure>
  </testcase> <!-- C31341_The_allotted_allowances_calculated_is_as_expected -->
  <testcase classname="testClasses.Tests_QA_AUP_Rohi" name="C31336_The_valid_price_points_calculated_for_bids_as_expected" time="75.265"/>
  <testcase classname="testClasses.Tests_QA_AUP_Rohi" name="C31599_Verify_if_the_EAORSponsor_is_ableOrUnable_edit_eventQC" time="43.617"/>
  <testcase classname="testClasses.Tests_QA_AUP_Rohi" name="C31599_Verify_if_the_EAOrSponsor_is_ableOrUnable_edit_eventWA" time="30.84"/>
  <testcase classname="testClasses.Tests_QA_AUP_Rohi" name="C31599_Verify_if_the_EA_is_ableOrUnable_edit_eventCA" time="62.558"/>
  <testcase classname="testClasses.Tests_QA_AUP_Rohi" name="C31487_Confirm_Event_Creation_Page_Allowance_Sale_dsiplays_localized_information" time="25.024"/>
  <testcase classname="testClasses.Tests_QA_AUP_Rohi" name="C31862_Qualified_Bidders_report_is_dynamic_report_Bidding_period_is_open" time="30.007"/>
  <testcase classname="testClasses.Tests_QA_AUP_Rohi" name="C31489_Confirm_Event_Details_Page_Allowance_Sale_dsiplays_localized_informationCA1" time="29.41"/>
  <testcase classname="testClasses.Tests_QA_AUP_Rohi" name="C31489_Confirm_Event_Details_Page_Allowance_Sale_dsiplays_localized_informationCA" time="60.51">
    <skipped/>
  </testcase> <!-- C31489_Confirm_Event_Details_Page_Allowance_Sale_dsiplays_localized_informationCA -->
  <testcase classname="testClasses.Tests_QA_AUP_Rohi" name="C31489_Confirm_Event_Details_Page_Allowance_Sale_dsiplays_localized_informationCA" time="62.117">
    <failure type="org.openqa.selenium.NoSuchElementException" message="no such element: Unable to locate element: {&amp;quot;method&amp;quot;:&amp;quot;xpath&amp;quot;,&amp;quot;selector&amp;quot;:&amp;quot;//*[@title=&amp;apos;Go to details of Event A42_JoinAuc_Automation_CloseBW&amp;apos;]&amp;quot;}
  (Session info: chrome=123.0.6312.88)
For documentation on this error, please visit: https://www.selenium.dev/documentation/webdriver/troubleshooting/errors#no-such-element-exception
Build info: version: &amp;apos;4.18.1&amp;apos;, revision: &amp;apos;b1d3319b48&amp;apos;
System info: os.name: &amp;apos;Windows 11&amp;apos;, os.arch: &amp;apos;amd64&amp;apos;, os.version: &amp;apos;10.0&amp;apos;, java.version: &amp;apos;17.0.7&amp;apos;
Driver info: org.openqa.selenium.chrome.ChromeDriver
Command: [7aa8da5e0528b9d059e3758d382b4383, findElement {value=//*[@title=&amp;apos;Go to details of Event A42_JoinAuc_Automation_CloseBW&amp;apos;], using=xpath}]
Capabilities {acceptInsecureCerts: false, browserName: chrome, browserVersion: 123.0.6312.88, chrome: {chromedriverVersion: 123.0.6312.86 (9b72c47a0536..., userDataDir: C:\Users\ROHIDA~1\AppData\L...}, fedcm:accounts: true, goog:chromeOptions: {debuggerAddress: localhost:63499}, networkConnectionEnabled: false, pageLoadStrategy: normal, platformName: windows, proxy: Proxy(), se:cdp: ws://localhost:63499/devtoo..., se:cdpVersion: 123.0.6312.88, setWindowRect: true, strictFileInteractability: false, timeouts: {implicit: 0, pageLoad: 300000, script: 30000}, unhandledPromptBehavior: dismiss and notify, webauthn:extension:credBlob: true, webauthn:extension:largeBlob: true, webauthn:extension:minPinLength: true, webauthn:extension:prf: true, webauthn:virtualAuthenticators: true}
Session ID: 7aa8da5e0528b9d059e3758d382b4383">
      <![CDATA[org.openqa.selenium.NoSuchElementException: no such element: Unable to locate element: {"method":"xpath","selector":"//*[@title='Go to details of Event A42_JoinAuc_Automation_CloseBW']"}
  (Session info: chrome=123.0.6312.88)
For documentation on this error, please visit: https://www.selenium.dev/documentation/webdriver/troubleshooting/errors#no-such-element-exception
Build info: version: '4.18.1', revision: 'b1d3319b48'
System info: os.name: 'Windows 11', os.arch: 'amd64', os.version: '10.0', java.version: '17.0.7'
Driver info: org.openqa.selenium.chrome.ChromeDriver
Command: [7aa8da5e0528b9d059e3758d382b4383, findElement {value=//*[@title='Go to details of Event A42_JoinAuc_Automation_CloseBW'], using=xpath}]
Capabilities {acceptInsecureCerts: false, browserName: chrome, browserVersion: 123.0.6312.88, chrome: {chromedriverVersion: 123.0.6312.86 (9b72c47a0536..., userDataDir: C:\Users\ROHIDA~1\AppData\L...}, fedcm:accounts: true, goog:chromeOptions: {debuggerAddress: localhost:63499}, networkConnectionEnabled: false, pageLoadStrategy: normal, platformName: windows, proxy: Proxy(), se:cdp: ws://localhost:63499/devtoo..., se:cdpVersion: 123.0.6312.88, setWindowRect: true, strictFileInteractability: false, timeouts: {implicit: 0, pageLoad: 300000, script: 30000}, unhandledPromptBehavior: dismiss and notify, webauthn:extension:credBlob: true, webauthn:extension:largeBlob: true, webauthn:extension:minPinLength: true, webauthn:extension:prf: true, webauthn:virtualAuthenticators: true}
Session ID: 7aa8da5e0528b9d059e3758d382b4383
at org.openqa.selenium.remote.ErrorCodec.decode(ErrorCodec.java:167)
at org.openqa.selenium.remote.codec.w3c.W3CHttpResponseCodec.decode(W3CHttpResponseCodec.java:138)
at org.openqa.selenium.remote.codec.w3c.W3CHttpResponseCodec.decode(W3CHttpResponseCodec.java:50)
at org.openqa.selenium.remote.HttpCommandExecutor.execute(HttpCommandExecutor.java:190)
at org.openqa.selenium.remote.service.DriverCommandExecutor.invokeExecute(DriverCommandExecutor.java:216)
at org.openqa.selenium.remote.service.DriverCommandExecutor.execute(DriverCommandExecutor.java:174)
at org.openqa.selenium.remote.RemoteWebDriver.execute(RemoteWebDriver.java:519)
at org.openqa.selenium.remote.ElementLocation$ElementFinder$2.findElement(ElementLocation.java:165)
at org.openqa.selenium.remote.ElementLocation.findElement(ElementLocation.java:59)
at org.openqa.selenium.remote.RemoteWebDriver.findElement(RemoteWebDriver.java:356)
at org.openqa.selenium.remote.RemoteWebDriver.findElement(RemoteWebDriver.java:350)
at pageObjects.POM_QA_AUP_Rohi.C31489_ConfirmEventDetailsPageAllowanceSaleDsiplaysLocalizedInformationCA(POM_QA_AUP_Rohi.java:890)
at testClasses.Tests_QA_AUP_Rohi.C31489_Confirm_Event_Details_Page_Allowance_Sale_dsiplays_localized_informationCA(Tests_QA_AUP_Rohi.java:749)
at java.base/java.util.ArrayList.forEach(ArrayList.java:1511)
... Removed 31 stack frames]]>
    </failure>
  </testcase> <!-- C31489_Confirm_Event_Details_Page_Allowance_Sale_dsiplays_localized_informationCA -->
  <testcase classname="testClasses.Tests_QA_AUP_Rohi" name="C31489_Confirm_Event_Details_Page_Allowance_Sale_dsiplays_localized_informationQC" time="56.229"/>
  <testcase classname="testClasses.Tests_QA_AUP_Rohi" name="C31492_Confirm_the_CMS_Page_displays_localized_informationQC" time="29.535">
    <skipped/>
  </testcase> <!-- C31492_Confirm_the_CMS_Page_displays_localized_informationQC -->
  <testcase classname="testClasses.Tests_QA_AUP_Rohi" name="C31492_Confirm_the_CMS_Page_displays_localized_informationQC" time="24.268">
    <failure type="java.lang.AssertionError" message="expected [] but found [Please revisit the modified pages after few minutes as it may take up to 5 minutes for the changes to be reflected.]">
      <![CDATA[java.lang.AssertionError: expected [] but found [Please revisit the modified pages after few minutes as it may take up to 5 minutes for the changes to be reflected.]
at pageObjects.POM_QA_AUP_Rohi.C31492_ConfirmTheCMS_PageDisplaysLocalizedInformationQC(POM_QA_AUP_Rohi.java:977)
at testClasses.Tests_QA_AUP_Rohi.C31492_Confirm_the_CMS_Page_displays_localized_informationQC(Tests_QA_AUP_Rohi.java:773)
at java.base/java.util.ArrayList.forEach(ArrayList.java:1511)
... Removed 33 stack frames]]>
    </failure>
  </testcase> <!-- C31492_Confirm_the_CMS_Page_displays_localized_informationQC -->
  <testcase classname="testClasses.Tests_QA_AUP_Rohi" name="C31492_Confirm_the_CMS_Page_displays_localized_informationCA" time="22.422"/>
  <testcase classname="testClasses.Tests_QA_AUP_Rohi" name="C31492_Confirm_the_CMS_Page_displays_localized_informationNS" time="23.184"/>
  <testcase classname="testClasses.Tests_QA_AUP_Rohi" name="C31973_Sponsor_or_AR_can_get_access_to_Financial_Statement_for_an_Allowance_Sale_event_after_Certification_of_an_Allowance_Sale_event" time="26.309"/>
  <testcase classname="testClasses.Tests_QA_AUP_Rohi" name="C31960_Sponsor_or_AR_can_get_access_to_Client_Bids_Report_for_an_Allowance_Sale_event_after_Certification_of_an_Allowance_Sale_event" time="54.944">
    <skipped/>
  </testcase> <!-- C31960_Sponsor_or_AR_can_get_access_to_Client_Bids_Report_for_an_Allowance_Sale_event_after_Certification_of_an_Allowance_Sale_event -->
  <testcase classname="testClasses.Tests_QA_AUP_Rohi" name="C31960_Sponsor_or_AR_can_get_access_to_Client_Bids_Report_for_an_Allowance_Sale_event_after_Certification_of_an_Allowance_Sale_event" time="26.284"/>
  <testcase classname="testClasses.Tests_QA_AUP_Rohi" name="C31515_Sponsor_EA_MM_cannot_view_monitoring_page_after_certification" time="37.251"/>
  <testcase classname="testClasses.Tests_QA_AUP_Rohi" name="C31398_Keep_Copies_of_Report_Generated_Before_ReRun" time="63.19">
    <skipped/>
  </testcase> <!-- C31398_Keep_Copies_of_Report_Generated_Before_ReRun -->
  <testcase classname="testClasses.Tests_QA_AUP_Rohi" name="C31398_Keep_Copies_of_Report_Generated_Before_ReRun" time="64.008">
    <failure type="org.openqa.selenium.NoSuchElementException" message="no such element: Unable to locate element: {&amp;quot;method&amp;quot;:&amp;quot;xpath&amp;quot;,&amp;quot;selector&amp;quot;:&amp;quot;//*[@title=&amp;apos;Go to details of Event A42_JoinAuc_Automation_CloseBW&amp;apos;]&amp;quot;}
  (Session info: chrome=123.0.6312.88)
For documentation on this error, please visit: https://www.selenium.dev/documentation/webdriver/troubleshooting/errors#no-such-element-exception
Build info: version: &amp;apos;4.18.1&amp;apos;, revision: &amp;apos;b1d3319b48&amp;apos;
System info: os.name: &amp;apos;Windows 11&amp;apos;, os.arch: &amp;apos;amd64&amp;apos;, os.version: &amp;apos;10.0&amp;apos;, java.version: &amp;apos;17.0.7&amp;apos;
Driver info: org.openqa.selenium.chrome.ChromeDriver
Command: [834196fa7e6955e7baa6d2976aec2c7e, findElement {value=//*[@title=&amp;apos;Go to details of Event A42_JoinAuc_Automation_CloseBW&amp;apos;], using=xpath}]
Capabilities {acceptInsecureCerts: false, browserName: chrome, browserVersion: 123.0.6312.88, chrome: {chromedriverVersion: 123.0.6312.86 (9b72c47a0536..., userDataDir: C:\Users\ROHIDA~1\AppData\L...}, fedcm:accounts: true, goog:chromeOptions: {debuggerAddress: localhost:63929}, networkConnectionEnabled: false, pageLoadStrategy: normal, platformName: windows, proxy: Proxy(), se:cdp: ws://localhost:63929/devtoo..., se:cdpVersion: 123.0.6312.88, setWindowRect: true, strictFileInteractability: false, timeouts: {implicit: 0, pageLoad: 300000, script: 30000}, unhandledPromptBehavior: dismiss and notify, webauthn:extension:credBlob: true, webauthn:extension:largeBlob: true, webauthn:extension:minPinLength: true, webauthn:extension:prf: true, webauthn:virtualAuthenticators: true}
Session ID: 834196fa7e6955e7baa6d2976aec2c7e">
      <![CDATA[org.openqa.selenium.NoSuchElementException: no such element: Unable to locate element: {"method":"xpath","selector":"//*[@title='Go to details of Event A42_JoinAuc_Automation_CloseBW']"}
  (Session info: chrome=123.0.6312.88)
For documentation on this error, please visit: https://www.selenium.dev/documentation/webdriver/troubleshooting/errors#no-such-element-exception
Build info: version: '4.18.1', revision: 'b1d3319b48'
System info: os.name: 'Windows 11', os.arch: 'amd64', os.version: '10.0', java.version: '17.0.7'
Driver info: org.openqa.selenium.chrome.ChromeDriver
Command: [834196fa7e6955e7baa6d2976aec2c7e, findElement {value=//*[@title='Go to details of Event A42_JoinAuc_Automation_CloseBW'], using=xpath}]
Capabilities {acceptInsecureCerts: false, browserName: chrome, browserVersion: 123.0.6312.88, chrome: {chromedriverVersion: 123.0.6312.86 (9b72c47a0536..., userDataDir: C:\Users\ROHIDA~1\AppData\L...}, fedcm:accounts: true, goog:chromeOptions: {debuggerAddress: localhost:63929}, networkConnectionEnabled: false, pageLoadStrategy: normal, platformName: windows, proxy: Proxy(), se:cdp: ws://localhost:63929/devtoo..., se:cdpVersion: 123.0.6312.88, setWindowRect: true, strictFileInteractability: false, timeouts: {implicit: 0, pageLoad: 300000, script: 30000}, unhandledPromptBehavior: dismiss and notify, webauthn:extension:credBlob: true, webauthn:extension:largeBlob: true, webauthn:extension:minPinLength: true, webauthn:extension:prf: true, webauthn:virtualAuthenticators: true}
Session ID: 834196fa7e6955e7baa6d2976aec2c7e
at org.openqa.selenium.remote.ErrorCodec.decode(ErrorCodec.java:167)
at org.openqa.selenium.remote.codec.w3c.W3CHttpResponseCodec.decode(W3CHttpResponseCodec.java:138)
at org.openqa.selenium.remote.codec.w3c.W3CHttpResponseCodec.decode(W3CHttpResponseCodec.java:50)
at org.openqa.selenium.remote.HttpCommandExecutor.execute(HttpCommandExecutor.java:190)
at org.openqa.selenium.remote.service.DriverCommandExecutor.invokeExecute(DriverCommandExecutor.java:216)
at org.openqa.selenium.remote.service.DriverCommandExecutor.execute(DriverCommandExecutor.java:174)
at org.openqa.selenium.remote.RemoteWebDriver.execute(RemoteWebDriver.java:519)
at org.openqa.selenium.remote.ElementLocation$ElementFinder$2.findElement(ElementLocation.java:165)
at org.openqa.selenium.remote.ElementLocation.findElement(ElementLocation.java:59)
at org.openqa.selenium.remote.RemoteWebDriver.findElement(RemoteWebDriver.java:356)
at org.openqa.selenium.remote.RemoteWebDriver.findElement(RemoteWebDriver.java:350)
at pageObjects.POM_QA_AUP_Rohi.algorithmRun1(POM_QA_AUP_Rohi.java:1102)
at testClasses.Tests_QA_AUP_Rohi.C31398_Keep_Copies_of_Report_Generated_Before_ReRun(Tests_QA_AUP_Rohi.java:841)
at java.base/java.util.ArrayList.forEach(ArrayList.java:1511)
... Removed 31 stack frames]]>
    </failure>
  </testcase> <!-- C31398_Keep_Copies_of_Report_Generated_Before_ReRun -->
  <testcase classname="testClasses.Tests_QA_AUP_Rohi" name="C31398_Keep_Copies_of_Report_Generated_Before_ReRun2" time="23.728">
    <skipped/>
  </testcase> <!-- C31398_Keep_Copies_of_Report_Generated_Before_ReRun2 -->
  <testcase classname="testClasses.Tests_QA_AUP_Rohi" name="C31398_Keep_Copies_of_Report_Generated_Before_ReRun2" time="19.174">
    <failure type="org.openqa.selenium.ElementClickInterceptedException" message="element click intercepted: Element &amp;lt;a class=&amp;quot;jss659&amp;quot; href=&amp;quot;/eventadministration&amp;quot;&amp;gt;...&amp;lt;/a&amp;gt; is not clickable at point (289, 220). Other element would receive the click: &amp;lt;a class=&amp;quot;jss659&amp;quot; href=&amp;quot;/reservepriceadministrations&amp;quot;&amp;gt;...&amp;lt;/a&amp;gt;
  (Session info: chrome=123.0.6312.88)
Build info: version: &amp;apos;4.18.1&amp;apos;, revision: &amp;apos;b1d3319b48&amp;apos;
System info: os.name: &amp;apos;Windows 11&amp;apos;, os.arch: &amp;apos;amd64&amp;apos;, os.version: &amp;apos;10.0&amp;apos;, java.version: &amp;apos;17.0.7&amp;apos;
Driver info: org.openqa.selenium.chrome.ChromeDriver
Command: [bac2ef8613dfd71d5b64953429e1cf11, clickElement {id=f.FF2945048055647F257E8506BF20EE6B.d.6B83D82DD65FAA7DB46836028D0263ED.e.56}]
Capabilities {acceptInsecureCerts: false, browserName: chrome, browserVersion: 123.0.6312.88, chrome: {chromedriverVersion: 123.0.6312.86 (9b72c47a0536..., userDataDir: C:\Users\ROHIDA~1\AppData\L...}, fedcm:accounts: true, goog:chromeOptions: {debuggerAddress: localhost:63999}, networkConnectionEnabled: false, pageLoadStrategy: normal, platformName: windows, proxy: Proxy(), se:cdp: ws://localhost:63999/devtoo..., se:cdpVersion: 123.0.6312.88, setWindowRect: true, strictFileInteractability: false, timeouts: {implicit: 0, pageLoad: 300000, script: 30000}, unhandledPromptBehavior: dismiss and notify, webauthn:extension:credBlob: true, webauthn:extension:largeBlob: true, webauthn:extension:minPinLength: true, webauthn:extension:prf: true, webauthn:virtualAuthenticators: true}
Element: [[ChromeDriver: chrome on windows (bac2ef8613dfd71d5b64953429e1cf11)] -&amp;gt; xpath: //*[text()=&amp;apos;Event&amp;apos;]]
Session ID: bac2ef8613dfd71d5b64953429e1cf11">
      <![CDATA[org.openqa.selenium.ElementClickInterceptedException: element click intercepted: Element <a class="jss659" href="/eventadministration">...</a> is not clickable at point (289, 220). Other element would receive the click: <a class="jss659" href="/reservepriceadministrations">...</a>
  (Session info: chrome=123.0.6312.88)
Build info: version: '4.18.1', revision: 'b1d3319b48'
System info: os.name: 'Windows 11', os.arch: 'amd64', os.version: '10.0', java.version: '17.0.7'
Driver info: org.openqa.selenium.chrome.ChromeDriver
Command: [bac2ef8613dfd71d5b64953429e1cf11, clickElement {id=f.FF2945048055647F257E8506BF20EE6B.d.6B83D82DD65FAA7DB46836028D0263ED.e.56}]
Capabilities {acceptInsecureCerts: false, browserName: chrome, browserVersion: 123.0.6312.88, chrome: {chromedriverVersion: 123.0.6312.86 (9b72c47a0536..., userDataDir: C:\Users\ROHIDA~1\AppData\L...}, fedcm:accounts: true, goog:chromeOptions: {debuggerAddress: localhost:63999}, networkConnectionEnabled: false, pageLoadStrategy: normal, platformName: windows, proxy: Proxy(), se:cdp: ws://localhost:63999/devtoo..., se:cdpVersion: 123.0.6312.88, setWindowRect: true, strictFileInteractability: false, timeouts: {implicit: 0, pageLoad: 300000, script: 30000}, unhandledPromptBehavior: dismiss and notify, webauthn:extension:credBlob: true, webauthn:extension:largeBlob: true, webauthn:extension:minPinLength: true, webauthn:extension:prf: true, webauthn:virtualAuthenticators: true}
Element: [[ChromeDriver: chrome on windows (bac2ef8613dfd71d5b64953429e1cf11)] -> xpath: //*[text()='Event']]
Session ID: bac2ef8613dfd71d5b64953429e1cf11
at org.openqa.selenium.remote.ErrorCodec.decode(ErrorCodec.java:167)
at org.openqa.selenium.remote.codec.w3c.W3CHttpResponseCodec.decode(W3CHttpResponseCodec.java:138)
at org.openqa.selenium.remote.codec.w3c.W3CHttpResponseCodec.decode(W3CHttpResponseCodec.java:50)
at org.openqa.selenium.remote.HttpCommandExecutor.execute(HttpCommandExecutor.java:190)
at org.openqa.selenium.remote.service.DriverCommandExecutor.invokeExecute(DriverCommandExecutor.java:216)
at org.openqa.selenium.remote.service.DriverCommandExecutor.execute(DriverCommandExecutor.java:174)
at org.openqa.selenium.remote.RemoteWebDriver.execute(RemoteWebDriver.java:519)
at org.openqa.selenium.remote.RemoteWebElement.execute(RemoteWebElement.java:223)
at org.openqa.selenium.remote.RemoteWebElement.click(RemoteWebElement.java:76)
at org.openqa.selenium.support.pagefactory.internal.LocatingElementHandler.invoke(LocatingElementHandler.java:51)
at jdk.proxy2/jdk.proxy2.$Proxy14.click(Unknown Source)
at pageObjects.POM_QA_AUP_Rohi.algorithmRun2(POM_QA_AUP_Rohi.java:1120)
at testClasses.Tests_QA_AUP_Rohi.C31398_Keep_Copies_of_Report_Generated_Before_ReRun2(Tests_QA_AUP_Rohi.java:856)
at java.base/java.util.ArrayList.forEach(ArrayList.java:1511)
... Removed 35 stack frames]]>
    </failure>
  </testcase> <!-- C31398_Keep_Copies_of_Report_Generated_Before_ReRun2 -->
  <testcase classname="testClasses.Tests_MonitoringPage" name="verify_the_access_For_Sponsor_to_the_monitoring_pages" time="21.583"/>
  <testcase classname="testClasses.Tests_MonitoringPage" name="verify_the_access_For_Market_Monitor_to_the_monitoring_pages" time="50.571"/>
  <testcase classname="testClasses.Tests_MonitoringPage" name="verify_the_access_For_Event_Adminstration_to_the_monitoring_pages" time="54.012"/>
  <testcase classname="testClasses.Tests_MonitoringPage" name="verifySponsorResetSearchRemovesAllSearchFilters" time="28.587"/>
  <testcase classname="testClasses.Tests_MonitoringPage" name="verifySponsorCancelunFunctionWhileFlaggingABid" time="31.211"/>
  <testcase classname="testClasses.Tests_MonitoringPage" name="verifyMarketMonitorCancelunFunctionWhileFlaggingABid" time="61.655"/>
  <testcase classname="testClasses.Tests_MonitoringPage" name="VerifySponsorAndMMCanNotFlagMultipleBidsWhenTheSelectionOfBidsAreNotCorrect" time="46.748">
    <skipped/>
  </testcase> <!-- VerifySponsorAndMMCanNotFlagMultipleBidsWhenTheSelectionOfBidsAreNotCorrect -->
  <testcase classname="testClasses.Tests_MonitoringPage" name="VerifySponsorAndMMCanNotFlagMultipleBidsWhenTheSelectionOfBidsAreNotCorrect" time="28.665">
    <failure type="org.openqa.selenium.ElementClickInterceptedException" message="element click intercepted: Element &amp;lt;span class=&amp;quot;MuiButton-label&amp;quot;&amp;gt;...&amp;lt;/span&amp;gt; is not clickable at point (776, 521). Other element would receive the click: &amp;lt;div class=&amp;quot;MuiGrid-root MuiGrid-item&amp;quot;&amp;gt;...&amp;lt;/div&amp;gt;
  (Session info: chrome=123.0.6312.88)
Build info: version: &amp;apos;4.18.1&amp;apos;, revision: &amp;apos;b1d3319b48&amp;apos;
System info: os.name: &amp;apos;Windows 11&amp;apos;, os.arch: &amp;apos;amd64&amp;apos;, os.version: &amp;apos;10.0&amp;apos;, java.version: &amp;apos;17.0.7&amp;apos;
Driver info: org.openqa.selenium.chrome.ChromeDriver
Command: [c64f461e754ff57e96a4c90e2912cad1, clickElement {id=f.E2EBA64701DD03208A003F06733370D7.d.65FDD6CEE9401D2B4ECEB4E74BE2F0E0.e.89}]
Capabilities {acceptInsecureCerts: false, browserName: chrome, browserVersion: 123.0.6312.88, chrome: {chromedriverVersion: 123.0.6312.86 (9b72c47a0536..., userDataDir: C:\Users\ROHIDA~1\AppData\L...}, fedcm:accounts: true, goog:chromeOptions: {debuggerAddress: localhost:64306}, networkConnectionEnabled: false, pageLoadStrategy: normal, platformName: windows, proxy: Proxy(), se:cdp: ws://localhost:64306/devtoo..., se:cdpVersion: 123.0.6312.88, setWindowRect: true, strictFileInteractability: false, timeouts: {implicit: 0, pageLoad: 300000, script: 30000}, unhandledPromptBehavior: dismiss and notify, webauthn:extension:credBlob: true, webauthn:extension:largeBlob: true, webauthn:extension:minPinLength: true, webauthn:extension:prf: true, webauthn:virtualAuthenticators: true}
Element: [[ChromeDriver: chrome on windows (c64f461e754ff57e96a4c90e2912cad1)] -&amp;gt; xpath: //*[text()=&amp;apos;ADD BID&amp;apos;]]
Session ID: c64f461e754ff57e96a4c90e2912cad1">
      <![CDATA[org.openqa.selenium.ElementClickInterceptedException: element click intercepted: Element <span class="MuiButton-label">...</span> is not clickable at point (776, 521). Other element would receive the click: <div class="MuiGrid-root MuiGrid-item">...</div>
  (Session info: chrome=123.0.6312.88)
Build info: version: '4.18.1', revision: 'b1d3319b48'
System info: os.name: 'Windows 11', os.arch: 'amd64', os.version: '10.0', java.version: '17.0.7'
Driver info: org.openqa.selenium.chrome.ChromeDriver
Command: [c64f461e754ff57e96a4c90e2912cad1, clickElement {id=f.E2EBA64701DD03208A003F06733370D7.d.65FDD6CEE9401D2B4ECEB4E74BE2F0E0.e.89}]
Capabilities {acceptInsecureCerts: false, browserName: chrome, browserVersion: 123.0.6312.88, chrome: {chromedriverVersion: 123.0.6312.86 (9b72c47a0536..., userDataDir: C:\Users\ROHIDA~1\AppData\L...}, fedcm:accounts: true, goog:chromeOptions: {debuggerAddress: localhost:64306}, networkConnectionEnabled: false, pageLoadStrategy: normal, platformName: windows, proxy: Proxy(), se:cdp: ws://localhost:64306/devtoo..., se:cdpVersion: 123.0.6312.88, setWindowRect: true, strictFileInteractability: false, timeouts: {implicit: 0, pageLoad: 300000, script: 30000}, unhandledPromptBehavior: dismiss and notify, webauthn:extension:credBlob: true, webauthn:extension:largeBlob: true, webauthn:extension:minPinLength: true, webauthn:extension:prf: true, webauthn:virtualAuthenticators: true}
Element: [[ChromeDriver: chrome on windows (c64f461e754ff57e96a4c90e2912cad1)] -> xpath: //*[text()='ADD BID']]
Session ID: c64f461e754ff57e96a4c90e2912cad1
at org.openqa.selenium.remote.ErrorCodec.decode(ErrorCodec.java:167)
at org.openqa.selenium.remote.codec.w3c.W3CHttpResponseCodec.decode(W3CHttpResponseCodec.java:138)
at org.openqa.selenium.remote.codec.w3c.W3CHttpResponseCodec.decode(W3CHttpResponseCodec.java:50)
at org.openqa.selenium.remote.HttpCommandExecutor.execute(HttpCommandExecutor.java:190)
at org.openqa.selenium.remote.service.DriverCommandExecutor.invokeExecute(DriverCommandExecutor.java:216)
at org.openqa.selenium.remote.service.DriverCommandExecutor.execute(DriverCommandExecutor.java:174)
at org.openqa.selenium.remote.RemoteWebDriver.execute(RemoteWebDriver.java:519)
at org.openqa.selenium.remote.RemoteWebElement.execute(RemoteWebElement.java:223)
at org.openqa.selenium.remote.RemoteWebElement.click(RemoteWebElement.java:76)
at org.openqa.selenium.support.pagefactory.internal.LocatingElementHandler.invoke(LocatingElementHandler.java:51)
at jdk.proxy2/jdk.proxy2.$Proxy14.click(Unknown Source)
at pageObjects.com_pomClassForJointAuctionTieBreaker.BiddingByARforTestData1(com_pomClassForJointAuctionTieBreaker.java:5891)
at testClasses.Tests_MonitoringPage.VerifySponsorAndMMCanNotFlagMultipleBidsWhenTheSelectionOfBidsAreNotCorrect(Tests_MonitoringPage.java:112)
at java.base/java.util.ArrayList.forEach(ArrayList.java:1511)
... Removed 35 stack frames]]>
    </failure>
  </testcase> <!-- VerifySponsorAndMMCanNotFlagMultipleBidsWhenTheSelectionOfBidsAreNotCorrect -->
  <testcase classname="testClasses.Tests_MonitoringPage" name="VerifyMarketMonitorCanNotFlagMultipleBidsWhenTheSelectionOfBidsAreNotCorrect" time="72.909"/>
  <testcase classname="testClasses.Tests_MonitoringPage" name="VerifySponsorCanNotUnFlagMultipleBidsWhenTheSelectionOfBidsAreNotCorrect" time="114.668">
    <skipped/>
  </testcase> <!-- VerifySponsorCanNotUnFlagMultipleBidsWhenTheSelectionOfBidsAreNotCorrect -->
  <testcase classname="testClasses.Tests_MonitoringPage" name="VerifySponsorCanNotUnFlagMultipleBidsWhenTheSelectionOfBidsAreNotCorrect" time="30.944">
    <failure type="org.openqa.selenium.ElementClickInterceptedException" message="element click intercepted: Element &amp;lt;span class=&amp;quot;MuiButton-label&amp;quot;&amp;gt;...&amp;lt;/span&amp;gt; is not clickable at point (776, 521). Other element would receive the click: &amp;lt;div class=&amp;quot;MuiGrid-root MuiGrid-item&amp;quot;&amp;gt;...&amp;lt;/div&amp;gt;
  (Session info: chrome=123.0.6312.88)
Build info: version: &amp;apos;4.18.1&amp;apos;, revision: &amp;apos;b1d3319b48&amp;apos;
System info: os.name: &amp;apos;Windows 11&amp;apos;, os.arch: &amp;apos;amd64&amp;apos;, os.version: &amp;apos;10.0&amp;apos;, java.version: &amp;apos;17.0.7&amp;apos;
Driver info: org.openqa.selenium.chrome.ChromeDriver
Command: [710b81e3ad557543ea5bc911910bd3da, clickElement {id=f.E65279D667AB03322DB7DF1EA9ED9D3A.d.D19D2DB1A707B6BAAC0E94710934A100.e.84}]
Capabilities {acceptInsecureCerts: false, browserName: chrome, browserVersion: 123.0.6312.88, chrome: {chromedriverVersion: 123.0.6312.86 (9b72c47a0536..., userDataDir: C:\Users\ROHIDA~1\AppData\L...}, fedcm:accounts: true, goog:chromeOptions: {debuggerAddress: localhost:64443}, networkConnectionEnabled: false, pageLoadStrategy: normal, platformName: windows, proxy: Proxy(), se:cdp: ws://localhost:64443/devtoo..., se:cdpVersion: 123.0.6312.88, setWindowRect: true, strictFileInteractability: false, timeouts: {implicit: 0, pageLoad: 300000, script: 30000}, unhandledPromptBehavior: dismiss and notify, webauthn:extension:credBlob: true, webauthn:extension:largeBlob: true, webauthn:extension:minPinLength: true, webauthn:extension:prf: true, webauthn:virtualAuthenticators: true}
Element: [[ChromeDriver: chrome on windows (710b81e3ad557543ea5bc911910bd3da)] -&amp;gt; xpath: //*[text()=&amp;apos;ADD BID&amp;apos;]]
Session ID: 710b81e3ad557543ea5bc911910bd3da">
      <![CDATA[org.openqa.selenium.ElementClickInterceptedException: element click intercepted: Element <span class="MuiButton-label">...</span> is not clickable at point (776, 521). Other element would receive the click: <div class="MuiGrid-root MuiGrid-item">...</div>
  (Session info: chrome=123.0.6312.88)
Build info: version: '4.18.1', revision: 'b1d3319b48'
System info: os.name: 'Windows 11', os.arch: 'amd64', os.version: '10.0', java.version: '17.0.7'
Driver info: org.openqa.selenium.chrome.ChromeDriver
Command: [710b81e3ad557543ea5bc911910bd3da, clickElement {id=f.E65279D667AB03322DB7DF1EA9ED9D3A.d.D19D2DB1A707B6BAAC0E94710934A100.e.84}]
Capabilities {acceptInsecureCerts: false, browserName: chrome, browserVersion: 123.0.6312.88, chrome: {chromedriverVersion: 123.0.6312.86 (9b72c47a0536..., userDataDir: C:\Users\ROHIDA~1\AppData\L...}, fedcm:accounts: true, goog:chromeOptions: {debuggerAddress: localhost:64443}, networkConnectionEnabled: false, pageLoadStrategy: normal, platformName: windows, proxy: Proxy(), se:cdp: ws://localhost:64443/devtoo..., se:cdpVersion: 123.0.6312.88, setWindowRect: true, strictFileInteractability: false, timeouts: {implicit: 0, pageLoad: 300000, script: 30000}, unhandledPromptBehavior: dismiss and notify, webauthn:extension:credBlob: true, webauthn:extension:largeBlob: true, webauthn:extension:minPinLength: true, webauthn:extension:prf: true, webauthn:virtualAuthenticators: true}
Element: [[ChromeDriver: chrome on windows (710b81e3ad557543ea5bc911910bd3da)] -> xpath: //*[text()='ADD BID']]
Session ID: 710b81e3ad557543ea5bc911910bd3da
at org.openqa.selenium.remote.ErrorCodec.decode(ErrorCodec.java:167)
at org.openqa.selenium.remote.codec.w3c.W3CHttpResponseCodec.decode(W3CHttpResponseCodec.java:138)
at org.openqa.selenium.remote.codec.w3c.W3CHttpResponseCodec.decode(W3CHttpResponseCodec.java:50)
at org.openqa.selenium.remote.HttpCommandExecutor.execute(HttpCommandExecutor.java:190)
at org.openqa.selenium.remote.service.DriverCommandExecutor.invokeExecute(DriverCommandExecutor.java:216)
at org.openqa.selenium.remote.service.DriverCommandExecutor.execute(DriverCommandExecutor.java:174)
at org.openqa.selenium.remote.RemoteWebDriver.execute(RemoteWebDriver.java:519)
at org.openqa.selenium.remote.RemoteWebElement.execute(RemoteWebElement.java:223)
at org.openqa.selenium.remote.RemoteWebElement.click(RemoteWebElement.java:76)
at org.openqa.selenium.support.pagefactory.internal.LocatingElementHandler.invoke(LocatingElementHandler.java:51)
at jdk.proxy2/jdk.proxy2.$Proxy14.click(Unknown Source)
at pageObjects.com_pomClassForJointAuctionTieBreaker.BiddingByARforTestData1(com_pomClassForJointAuctionTieBreaker.java:5891)
at testClasses.Tests_MonitoringPage.VerifySponsorCanNotUnFlagMultipleBidsWhenTheSelectionOfBidsAreNotCorrect(Tests_MonitoringPage.java:156)
at java.base/java.util.ArrayList.forEach(ArrayList.java:1511)
... Removed 34 stack frames]]>
    </failure>
  </testcase> <!-- VerifySponsorCanNotUnFlagMultipleBidsWhenTheSelectionOfBidsAreNotCorrect -->
  <testcase classname="testClasses.Tests_MonitoringPage" name="VerifyMarketMonitorCanNotUnFlagMultipleBidsWhenTheSelectionOfBidsAreNotCorrect" time="22.431">
    <skipped/>
  </testcase> <!-- VerifyMarketMonitorCanNotUnFlagMultipleBidsWhenTheSelectionOfBidsAreNotCorrect -->
  <testcase classname="testClasses.Tests_MonitoringPage" name="VerifyMarketMonitorCanNotUnFlagMultipleBidsWhenTheSelectionOfBidsAreNotCorrect" time="28.605">
    <failure type="org.openqa.selenium.ElementClickInterceptedException" message="element click intercepted: Element &amp;lt;span class=&amp;quot;MuiButton-label&amp;quot;&amp;gt;...&amp;lt;/span&amp;gt; is not clickable at point (776, 521). Other element would receive the click: &amp;lt;div class=&amp;quot;MuiGrid-root MuiGrid-item&amp;quot;&amp;gt;...&amp;lt;/div&amp;gt;
  (Session info: chrome=123.0.6312.88)
Build info: version: &amp;apos;4.18.1&amp;apos;, revision: &amp;apos;b1d3319b48&amp;apos;
System info: os.name: &amp;apos;Windows 11&amp;apos;, os.arch: &amp;apos;amd64&amp;apos;, os.version: &amp;apos;10.0&amp;apos;, java.version: &amp;apos;17.0.7&amp;apos;
Driver info: org.openqa.selenium.chrome.ChromeDriver
Command: [a0bb65f958b2e92842fdb4ed7eab83eb, clickElement {id=f.1AA1D2A29F64DA20F37D31F6EEF61FD6.d.E2256412A1CB82D38690D654AD212D81.e.84}]
Capabilities {acceptInsecureCerts: false, browserName: chrome, browserVersion: 123.0.6312.88, chrome: {chromedriverVersion: 123.0.6312.86 (9b72c47a0536..., userDataDir: C:\Users\ROHIDA~1\AppData\L...}, fedcm:accounts: true, goog:chromeOptions: {debuggerAddress: localhost:64518}, networkConnectionEnabled: false, pageLoadStrategy: normal, platformName: windows, proxy: Proxy(), se:cdp: ws://localhost:64518/devtoo..., se:cdpVersion: 123.0.6312.88, setWindowRect: true, strictFileInteractability: false, timeouts: {implicit: 0, pageLoad: 300000, script: 30000}, unhandledPromptBehavior: dismiss and notify, webauthn:extension:credBlob: true, webauthn:extension:largeBlob: true, webauthn:extension:minPinLength: true, webauthn:extension:prf: true, webauthn:virtualAuthenticators: true}
Element: [[ChromeDriver: chrome on windows (a0bb65f958b2e92842fdb4ed7eab83eb)] -&amp;gt; xpath: //*[text()=&amp;apos;ADD BID&amp;apos;]]
Session ID: a0bb65f958b2e92842fdb4ed7eab83eb">
      <![CDATA[org.openqa.selenium.ElementClickInterceptedException: element click intercepted: Element <span class="MuiButton-label">...</span> is not clickable at point (776, 521). Other element would receive the click: <div class="MuiGrid-root MuiGrid-item">...</div>
  (Session info: chrome=123.0.6312.88)
Build info: version: '4.18.1', revision: 'b1d3319b48'
System info: os.name: 'Windows 11', os.arch: 'amd64', os.version: '10.0', java.version: '17.0.7'
Driver info: org.openqa.selenium.chrome.ChromeDriver
Command: [a0bb65f958b2e92842fdb4ed7eab83eb, clickElement {id=f.1AA1D2A29F64DA20F37D31F6EEF61FD6.d.E2256412A1CB82D38690D654AD212D81.e.84}]
Capabilities {acceptInsecureCerts: false, browserName: chrome, browserVersion: 123.0.6312.88, chrome: {chromedriverVersion: 123.0.6312.86 (9b72c47a0536..., userDataDir: C:\Users\ROHIDA~1\AppData\L...}, fedcm:accounts: true, goog:chromeOptions: {debuggerAddress: localhost:64518}, networkConnectionEnabled: false, pageLoadStrategy: normal, platformName: windows, proxy: Proxy(), se:cdp: ws://localhost:64518/devtoo..., se:cdpVersion: 123.0.6312.88, setWindowRect: true, strictFileInteractability: false, timeouts: {implicit: 0, pageLoad: 300000, script: 30000}, unhandledPromptBehavior: dismiss and notify, webauthn:extension:credBlob: true, webauthn:extension:largeBlob: true, webauthn:extension:minPinLength: true, webauthn:extension:prf: true, webauthn:virtualAuthenticators: true}
Element: [[ChromeDriver: chrome on windows (a0bb65f958b2e92842fdb4ed7eab83eb)] -> xpath: //*[text()='ADD BID']]
Session ID: a0bb65f958b2e92842fdb4ed7eab83eb
at org.openqa.selenium.remote.ErrorCodec.decode(ErrorCodec.java:167)
at org.openqa.selenium.remote.codec.w3c.W3CHttpResponseCodec.decode(W3CHttpResponseCodec.java:138)
at org.openqa.selenium.remote.codec.w3c.W3CHttpResponseCodec.decode(W3CHttpResponseCodec.java:50)
at org.openqa.selenium.remote.HttpCommandExecutor.execute(HttpCommandExecutor.java:190)
at org.openqa.selenium.remote.service.DriverCommandExecutor.invokeExecute(DriverCommandExecutor.java:216)
at org.openqa.selenium.remote.service.DriverCommandExecutor.execute(DriverCommandExecutor.java:174)
at org.openqa.selenium.remote.RemoteWebDriver.execute(RemoteWebDriver.java:519)
at org.openqa.selenium.remote.RemoteWebElement.execute(RemoteWebElement.java:223)
at org.openqa.selenium.remote.RemoteWebElement.click(RemoteWebElement.java:76)
at org.openqa.selenium.support.pagefactory.internal.LocatingElementHandler.invoke(LocatingElementHandler.java:51)
at jdk.proxy2/jdk.proxy2.$Proxy14.click(Unknown Source)
at pageObjects.com_pomClassForJointAuctionTieBreaker.BiddingByARforTestData1(com_pomClassForJointAuctionTieBreaker.java:5891)
at testClasses.Tests_MonitoringPage.VerifyMarketMonitorCanNotUnFlagMultipleBidsWhenTheSelectionOfBidsAreNotCorrect(Tests_MonitoringPage.java:178)
at java.base/java.util.ArrayList.forEach(ArrayList.java:1511)
... Removed 34 stack frames]]>
    </failure>
  </testcase> <!-- VerifyMarketMonitorCanNotUnFlagMultipleBidsWhenTheSelectionOfBidsAreNotCorrect -->
  <testcase classname="testClasses.Tests_MonitoringPage" name="VerifySponsorCanExcludeAndIncludeMultipleBids" time="101.857">
    <skipped/>
  </testcase> <!-- VerifySponsorCanExcludeAndIncludeMultipleBids -->
  <testcase classname="testClasses.Tests_MonitoringPage" name="VerifySponsorCanExcludeAndIncludeMultipleBids" time="68.947"/>
  <testcase classname="testClasses.Tests_MonitoringPage" name="VerifySponsorCanExcludeAndIncludeMultipleBids" time="65.764"/>
  <testcase classname="testClasses.Tests_MonitoringPage" name="VerifySponsorCannotIncludeMultipleBidsWhenTheSelectionOfBidsAreNotCorrect" time="90.281">
    <skipped/>
  </testcase> <!-- VerifySponsorCannotIncludeMultipleBidsWhenTheSelectionOfBidsAreNotCorrect -->
  <testcase classname="testClasses.Tests_MonitoringPage" name="VerifySponsorCannotIncludeMultipleBidsWhenTheSelectionOfBidsAreNotCorrect" time="33.043">
    <failure type="org.openqa.selenium.ElementClickInterceptedException" message="element click intercepted: Element &amp;lt;span class=&amp;quot;MuiButton-label&amp;quot;&amp;gt;...&amp;lt;/span&amp;gt; is not clickable at point (776, 521). Other element would receive the click: &amp;lt;div class=&amp;quot;MuiGrid-root MuiGrid-item&amp;quot;&amp;gt;...&amp;lt;/div&amp;gt;
  (Session info: chrome=123.0.6312.88)
Build info: version: &amp;apos;4.18.1&amp;apos;, revision: &amp;apos;b1d3319b48&amp;apos;
System info: os.name: &amp;apos;Windows 11&amp;apos;, os.arch: &amp;apos;amd64&amp;apos;, os.version: &amp;apos;10.0&amp;apos;, java.version: &amp;apos;17.0.7&amp;apos;
Driver info: org.openqa.selenium.chrome.ChromeDriver
Command: [c6fa5a47cc6f56f949899285541de5ea, clickElement {id=f.8D50F91E39D18C4D32FBC4F8B761AB6F.d.7A0027CCFB6967C7BDF862DFD679129F.e.95}]
Capabilities {acceptInsecureCerts: false, browserName: chrome, browserVersion: 123.0.6312.88, chrome: {chromedriverVersion: 123.0.6312.86 (9b72c47a0536..., userDataDir: C:\Users\ROHIDA~1\AppData\L...}, fedcm:accounts: true, goog:chromeOptions: {debuggerAddress: localhost:64761}, networkConnectionEnabled: false, pageLoadStrategy: normal, platformName: windows, proxy: Proxy(), se:cdp: ws://localhost:64761/devtoo..., se:cdpVersion: 123.0.6312.88, setWindowRect: true, strictFileInteractability: false, timeouts: {implicit: 0, pageLoad: 300000, script: 30000}, unhandledPromptBehavior: dismiss and notify, webauthn:extension:credBlob: true, webauthn:extension:largeBlob: true, webauthn:extension:minPinLength: true, webauthn:extension:prf: true, webauthn:virtualAuthenticators: true}
Element: [[ChromeDriver: chrome on windows (c6fa5a47cc6f56f949899285541de5ea)] -&amp;gt; xpath: //*[text()=&amp;apos;ADD BID&amp;apos;]]
Session ID: c6fa5a47cc6f56f949899285541de5ea">
      <![CDATA[org.openqa.selenium.ElementClickInterceptedException: element click intercepted: Element <span class="MuiButton-label">...</span> is not clickable at point (776, 521). Other element would receive the click: <div class="MuiGrid-root MuiGrid-item">...</div>
  (Session info: chrome=123.0.6312.88)
Build info: version: '4.18.1', revision: 'b1d3319b48'
System info: os.name: 'Windows 11', os.arch: 'amd64', os.version: '10.0', java.version: '17.0.7'
Driver info: org.openqa.selenium.chrome.ChromeDriver
Command: [c6fa5a47cc6f56f949899285541de5ea, clickElement {id=f.8D50F91E39D18C4D32FBC4F8B761AB6F.d.7A0027CCFB6967C7BDF862DFD679129F.e.95}]
Capabilities {acceptInsecureCerts: false, browserName: chrome, browserVersion: 123.0.6312.88, chrome: {chromedriverVersion: 123.0.6312.86 (9b72c47a0536..., userDataDir: C:\Users\ROHIDA~1\AppData\L...}, fedcm:accounts: true, goog:chromeOptions: {debuggerAddress: localhost:64761}, networkConnectionEnabled: false, pageLoadStrategy: normal, platformName: windows, proxy: Proxy(), se:cdp: ws://localhost:64761/devtoo..., se:cdpVersion: 123.0.6312.88, setWindowRect: true, strictFileInteractability: false, timeouts: {implicit: 0, pageLoad: 300000, script: 30000}, unhandledPromptBehavior: dismiss and notify, webauthn:extension:credBlob: true, webauthn:extension:largeBlob: true, webauthn:extension:minPinLength: true, webauthn:extension:prf: true, webauthn:virtualAuthenticators: true}
Element: [[ChromeDriver: chrome on windows (c6fa5a47cc6f56f949899285541de5ea)] -> xpath: //*[text()='ADD BID']]
Session ID: c6fa5a47cc6f56f949899285541de5ea
at org.openqa.selenium.remote.ErrorCodec.decode(ErrorCodec.java:167)
at org.openqa.selenium.remote.codec.w3c.W3CHttpResponseCodec.decode(W3CHttpResponseCodec.java:138)
at org.openqa.selenium.remote.codec.w3c.W3CHttpResponseCodec.decode(W3CHttpResponseCodec.java:50)
at org.openqa.selenium.remote.HttpCommandExecutor.execute(HttpCommandExecutor.java:190)
at org.openqa.selenium.remote.service.DriverCommandExecutor.invokeExecute(DriverCommandExecutor.java:216)
at org.openqa.selenium.remote.service.DriverCommandExecutor.execute(DriverCommandExecutor.java:174)
at org.openqa.selenium.remote.RemoteWebDriver.execute(RemoteWebDriver.java:519)
at org.openqa.selenium.remote.RemoteWebElement.execute(RemoteWebElement.java:223)
at org.openqa.selenium.remote.RemoteWebElement.click(RemoteWebElement.java:76)
at org.openqa.selenium.support.pagefactory.internal.LocatingElementHandler.invoke(LocatingElementHandler.java:51)
at jdk.proxy2/jdk.proxy2.$Proxy14.click(Unknown Source)
at pageObjects.com_pomClassForJointAuctionTieBreaker.BiddingByARforTestData1(com_pomClassForJointAuctionTieBreaker.java:5891)
at testClasses.Tests_MonitoringPage.VerifySponsorCannotIncludeMultipleBidsWhenTheSelectionOfBidsAreNotCorrect(Tests_MonitoringPage.java:242)
at java.base/java.util.ArrayList.forEach(ArrayList.java:1511)
... Removed 34 stack frames]]>
    </failure>
  </testcase> <!-- VerifySponsorCannotIncludeMultipleBidsWhenTheSelectionOfBidsAreNotCorrect -->
  <testcase classname="testClasses.Tests_MonitoringPage" name="VerifySponsorCannotExcludeMultipleBidsWhenTheSelectionOfBidsAreNotCorrect" time="79.785">
    <skipped/>
  </testcase> <!-- VerifySponsorCannotExcludeMultipleBidsWhenTheSelectionOfBidsAreNotCorrect -->
  <testcase classname="testClasses.Tests_MonitoringPage" name="VerifySponsorCannotExcludeMultipleBidsWhenTheSelectionOfBidsAreNotCorrect" time="79.815">
    <failure type="org.openqa.selenium.NoSuchElementException" message="no such element: Unable to locate element: {&amp;quot;method&amp;quot;:&amp;quot;xpath&amp;quot;,&amp;quot;selector&amp;quot;:&amp;quot;//*[contains(text(),&amp;apos;You have selected &amp;apos;)]&amp;quot;}
  (Session info: chrome=123.0.6312.88)
For documentation on this error, please visit: https://www.selenium.dev/documentation/webdriver/troubleshooting/errors#no-such-element-exception
Build info: version: &amp;apos;4.18.1&amp;apos;, revision: &amp;apos;b1d3319b48&amp;apos;
System info: os.name: &amp;apos;Windows 11&amp;apos;, os.arch: &amp;apos;amd64&amp;apos;, os.version: &amp;apos;10.0&amp;apos;, java.version: &amp;apos;17.0.7&amp;apos;
Driver info: org.openqa.selenium.chrome.ChromeDriver
Command: [6b156b7d4316b174f7aa97842be26fa2, findElement {value=//*[contains(text(),&amp;apos;You have selected &amp;apos;)], using=xpath}]
Capabilities {acceptInsecureCerts: false, browserName: chrome, browserVersion: 123.0.6312.88, chrome: {chromedriverVersion: 123.0.6312.86 (9b72c47a0536..., userDataDir: C:\Users\ROHIDA~1\AppData\L...}, fedcm:accounts: true, goog:chromeOptions: {debuggerAddress: localhost:64850}, networkConnectionEnabled: false, pageLoadStrategy: normal, platformName: windows, proxy: Proxy(), se:cdp: ws://localhost:64850/devtoo..., se:cdpVersion: 123.0.6312.88, setWindowRect: true, strictFileInteractability: false, timeouts: {implicit: 0, pageLoad: 300000, script: 30000}, unhandledPromptBehavior: dismiss and notify, webauthn:extension:credBlob: true, webauthn:extension:largeBlob: true, webauthn:extension:minPinLength: true, webauthn:extension:prf: true, webauthn:virtualAuthenticators: true}
Session ID: 6b156b7d4316b174f7aa97842be26fa2">
      <![CDATA[org.openqa.selenium.NoSuchElementException: no such element: Unable to locate element: {"method":"xpath","selector":"//*[contains(text(),'You have selected ')]"}
  (Session info: chrome=123.0.6312.88)
For documentation on this error, please visit: https://www.selenium.dev/documentation/webdriver/troubleshooting/errors#no-such-element-exception
Build info: version: '4.18.1', revision: 'b1d3319b48'
System info: os.name: 'Windows 11', os.arch: 'amd64', os.version: '10.0', java.version: '17.0.7'
Driver info: org.openqa.selenium.chrome.ChromeDriver
Command: [6b156b7d4316b174f7aa97842be26fa2, findElement {value=//*[contains(text(),'You have selected ')], using=xpath}]
Capabilities {acceptInsecureCerts: false, browserName: chrome, browserVersion: 123.0.6312.88, chrome: {chromedriverVersion: 123.0.6312.86 (9b72c47a0536..., userDataDir: C:\Users\ROHIDA~1\AppData\L...}, fedcm:accounts: true, goog:chromeOptions: {debuggerAddress: localhost:64850}, networkConnectionEnabled: false, pageLoadStrategy: normal, platformName: windows, proxy: Proxy(), se:cdp: ws://localhost:64850/devtoo..., se:cdpVersion: 123.0.6312.88, setWindowRect: true, strictFileInteractability: false, timeouts: {implicit: 0, pageLoad: 300000, script: 30000}, unhandledPromptBehavior: dismiss and notify, webauthn:extension:credBlob: true, webauthn:extension:largeBlob: true, webauthn:extension:minPinLength: true, webauthn:extension:prf: true, webauthn:virtualAuthenticators: true}
Session ID: 6b156b7d4316b174f7aa97842be26fa2
at org.openqa.selenium.remote.ErrorCodec.decode(ErrorCodec.java:167)
at org.openqa.selenium.remote.codec.w3c.W3CHttpResponseCodec.decode(W3CHttpResponseCodec.java:138)
at org.openqa.selenium.remote.codec.w3c.W3CHttpResponseCodec.decode(W3CHttpResponseCodec.java:50)
at org.openqa.selenium.remote.HttpCommandExecutor.execute(HttpCommandExecutor.java:190)
at org.openqa.selenium.remote.service.DriverCommandExecutor.invokeExecute(DriverCommandExecutor.java:216)
at org.openqa.selenium.remote.service.DriverCommandExecutor.execute(DriverCommandExecutor.java:174)
at org.openqa.selenium.remote.RemoteWebDriver.execute(RemoteWebDriver.java:519)
at org.openqa.selenium.remote.ElementLocation$ElementFinder$2.findElement(ElementLocation.java:165)
at org.openqa.selenium.remote.ElementLocation.findElement(ElementLocation.java:59)
at org.openqa.selenium.remote.RemoteWebDriver.findElement(RemoteWebDriver.java:356)
at org.openqa.selenium.remote.RemoteWebDriver.findElement(RemoteWebDriver.java:350)
at org.openqa.selenium.support.pagefactory.DefaultElementLocator.findElement(DefaultElementLocator.java:68)
at org.openqa.selenium.support.pagefactory.internal.LocatingElementHandler.invoke(LocatingElementHandler.java:38)
at jdk.proxy2/jdk.proxy2.$Proxy14.getText(Unknown Source)
at pageObjects.MonitoringPage.SponsorCannotExcludeMultipleBids(MonitoringPage.java:780)
at testClasses.Tests_MonitoringPage.VerifySponsorCannotExcludeMultipleBidsWhenTheSelectionOfBidsAreNotCorrect(Tests_MonitoringPage.java:281)
at java.base/java.util.ArrayList.forEach(ArrayList.java:1511)
... Removed 31 stack frames]]>
    </failure>
  </testcase> <!-- VerifySponsorCannotExcludeMultipleBidsWhenTheSelectionOfBidsAreNotCorrect -->
  <testcase classname="testClasses.Tests_MonitoringPage" name="ADDBID" time="30.685">
    <skipped/>
  </testcase> <!-- ADDBID -->
  <testcase classname="testClasses.Tests_MonitoringPage" name="ADDBID" time="29.628">
    <failure type="org.openqa.selenium.ElementClickInterceptedException" message="element click intercepted: Element &amp;lt;span class=&amp;quot;MuiButton-label&amp;quot;&amp;gt;...&amp;lt;/span&amp;gt; is not clickable at point (776, 521). Other element would receive the click: &amp;lt;div class=&amp;quot;MuiGrid-root MuiGrid-item&amp;quot;&amp;gt;...&amp;lt;/div&amp;gt;
  (Session info: chrome=123.0.6312.88)
Build info: version: &amp;apos;4.18.1&amp;apos;, revision: &amp;apos;b1d3319b48&amp;apos;
System info: os.name: &amp;apos;Windows 11&amp;apos;, os.arch: &amp;apos;amd64&amp;apos;, os.version: &amp;apos;10.0&amp;apos;, java.version: &amp;apos;17.0.7&amp;apos;
Driver info: org.openqa.selenium.chrome.ChromeDriver
Command: [07838ee68775b9ef695cae1024fa61f8, clickElement {id=f.21F978E0D4F2399BF752D650D01E5D2A.d.68C540C7641B158590318C4448E91438.e.90}]
Capabilities {acceptInsecureCerts: false, browserName: chrome, browserVersion: 123.0.6312.88, chrome: {chromedriverVersion: 123.0.6312.86 (9b72c47a0536..., userDataDir: C:\Users\ROHIDA~1\AppData\L...}, fedcm:accounts: true, goog:chromeOptions: {debuggerAddress: localhost:64939}, networkConnectionEnabled: false, pageLoadStrategy: normal, platformName: windows, proxy: Proxy(), se:cdp: ws://localhost:64939/devtoo..., se:cdpVersion: 123.0.6312.88, setWindowRect: true, strictFileInteractability: false, timeouts: {implicit: 0, pageLoad: 300000, script: 30000}, unhandledPromptBehavior: dismiss and notify, webauthn:extension:credBlob: true, webauthn:extension:largeBlob: true, webauthn:extension:minPinLength: true, webauthn:extension:prf: true, webauthn:virtualAuthenticators: true}
Element: [[ChromeDriver: chrome on windows (07838ee68775b9ef695cae1024fa61f8)] -&amp;gt; xpath: //*[text()=&amp;apos;ADD BID&amp;apos;]]
Session ID: 07838ee68775b9ef695cae1024fa61f8">
      <![CDATA[org.openqa.selenium.ElementClickInterceptedException: element click intercepted: Element <span class="MuiButton-label">...</span> is not clickable at point (776, 521). Other element would receive the click: <div class="MuiGrid-root MuiGrid-item">...</div>
  (Session info: chrome=123.0.6312.88)
Build info: version: '4.18.1', revision: 'b1d3319b48'
System info: os.name: 'Windows 11', os.arch: 'amd64', os.version: '10.0', java.version: '17.0.7'
Driver info: org.openqa.selenium.chrome.ChromeDriver
Command: [07838ee68775b9ef695cae1024fa61f8, clickElement {id=f.21F978E0D4F2399BF752D650D01E5D2A.d.68C540C7641B158590318C4448E91438.e.90}]
Capabilities {acceptInsecureCerts: false, browserName: chrome, browserVersion: 123.0.6312.88, chrome: {chromedriverVersion: 123.0.6312.86 (9b72c47a0536..., userDataDir: C:\Users\ROHIDA~1\AppData\L...}, fedcm:accounts: true, goog:chromeOptions: {debuggerAddress: localhost:64939}, networkConnectionEnabled: false, pageLoadStrategy: normal, platformName: windows, proxy: Proxy(), se:cdp: ws://localhost:64939/devtoo..., se:cdpVersion: 123.0.6312.88, setWindowRect: true, strictFileInteractability: false, timeouts: {implicit: 0, pageLoad: 300000, script: 30000}, unhandledPromptBehavior: dismiss and notify, webauthn:extension:credBlob: true, webauthn:extension:largeBlob: true, webauthn:extension:minPinLength: true, webauthn:extension:prf: true, webauthn:virtualAuthenticators: true}
Element: [[ChromeDriver: chrome on windows (07838ee68775b9ef695cae1024fa61f8)] -> xpath: //*[text()='ADD BID']]
Session ID: 07838ee68775b9ef695cae1024fa61f8
at org.openqa.selenium.remote.ErrorCodec.decode(ErrorCodec.java:167)
at org.openqa.selenium.remote.codec.w3c.W3CHttpResponseCodec.decode(W3CHttpResponseCodec.java:138)
at org.openqa.selenium.remote.codec.w3c.W3CHttpResponseCodec.decode(W3CHttpResponseCodec.java:50)
at org.openqa.selenium.remote.HttpCommandExecutor.execute(HttpCommandExecutor.java:190)
at org.openqa.selenium.remote.service.DriverCommandExecutor.invokeExecute(DriverCommandExecutor.java:216)
at org.openqa.selenium.remote.service.DriverCommandExecutor.execute(DriverCommandExecutor.java:174)
at org.openqa.selenium.remote.RemoteWebDriver.execute(RemoteWebDriver.java:519)
at org.openqa.selenium.remote.RemoteWebElement.execute(RemoteWebElement.java:223)
at org.openqa.selenium.remote.RemoteWebElement.click(RemoteWebElement.java:76)
at org.openqa.selenium.support.pagefactory.internal.LocatingElementHandler.invoke(LocatingElementHandler.java:51)
at jdk.proxy2/jdk.proxy2.$Proxy14.click(Unknown Source)
at pageObjects.com_pomClassForJointAuctionTieBreaker.BiddingByARforTestData1(com_pomClassForJointAuctionTieBreaker.java:5891)
at testClasses.Tests_MonitoringPage.ADDBID(Tests_MonitoringPage.java:293)
at java.base/java.util.ArrayList.forEach(ArrayList.java:1511)
... Removed 34 stack frames]]>
    </failure>
  </testcase> <!-- ADDBID -->
  <testcase classname="testClasses.Tests_PublicHomePage" name="A_verify_PublicHomePage_brokenLinksOnAWebPage" time="8.295"/>
  <testcase classname="testClasses.Tests_PublicHomePage" name="B_verify_PublicHomePage_Footer" time="7.237"/>
  <testcase classname="testClasses.Tests_PublicHomePage" name="C_verify_PublicHomePage_FAQAndResources" time="10.207"/>
  <testcase classname="testClasses.Tests_PublicHomePage" name="D_verify_PublicHomePage_ContactUs" time="9.891"/>
  <testcase classname="testClasses.Tests_PublicHomePage" name="E_verify_publicHomePage_NoticeSection" time="13.223"/>
  <testcase classname="testClasses.Tests_PublicHomePage" name="ConfirmUnsuccessfulLoginErrorMessagingIsDisplayedToTheUserWhenTheAuthenticationFails" time="10.818"/>
  <testcase classname="testClasses.Tests_PublicHomePage" name="ConfirmUserCanSelectForgotPassphraseAndInputEmailAddress" time="6.913"/>
  <testcase classname="testClasses.Tests_QA_AUP_Mayur" name="AnnualCategoryPriceisdisplayedontheHomepage" time="11.312"/>
  <testcase classname="testClasses.Tests_QA_AUP_Mayur" name="ThesystemmustnotletEAexecutetheAPI" time="24.282"/>
  <testcase classname="testClasses.Tests_QA_AUP_Mayur" name="knowhowtoexecutetheAPI" time="25.311"/>
  <testcase classname="testClasses.Tests_QA_AUP_Mayur" name="ValidateResultReports" time="21.577">
    <skipped/>
  </testcase> <!-- ValidateResultReports -->
  <testcase classname="testClasses.Tests_QA_AUP_Mayur" name="ValidateResultReports" time="21.171">
    <failure type="org.openqa.selenium.ElementClickInterceptedException" message="element click intercepted: Element &amp;lt;span class=&amp;quot;MuiButton-label&amp;quot;&amp;gt;...&amp;lt;/span&amp;gt; is not clickable at point (1145, 349). Other element would receive the click: &amp;lt;div class=&amp;quot;jss818&amp;quot;&amp;gt;...&amp;lt;/div&amp;gt;
  (Session info: chrome=123.0.6312.88)
Build info: version: &amp;apos;4.18.1&amp;apos;, revision: &amp;apos;b1d3319b48&amp;apos;
System info: os.name: &amp;apos;Windows 11&amp;apos;, os.arch: &amp;apos;amd64&amp;apos;, os.version: &amp;apos;10.0&amp;apos;, java.version: &amp;apos;17.0.7&amp;apos;
Driver info: org.openqa.selenium.chrome.ChromeDriver
Command: [35cf0d7783b821e1ee88b2eddc710f1b, clickElement {id=f.9BAF671A5B0DD25B3D61EB540F023390.d.3BA8C01CB163464E764D3D96205A7545.e.61}]
Capabilities {acceptInsecureCerts: false, browserName: chrome, browserVersion: 123.0.6312.88, chrome: {chromedriverVersion: 123.0.6312.86 (9b72c47a0536..., userDataDir: C:\Users\ROHIDA~1\AppData\L...}, fedcm:accounts: true, goog:chromeOptions: {debuggerAddress: localhost:65380}, networkConnectionEnabled: false, pageLoadStrategy: normal, platformName: windows, proxy: Proxy(), se:cdp: ws://localhost:65380/devtoo..., se:cdpVersion: 123.0.6312.88, setWindowRect: true, strictFileInteractability: false, timeouts: {implicit: 0, pageLoad: 300000, script: 30000}, unhandledPromptBehavior: dismiss and notify, webauthn:extension:credBlob: true, webauthn:extension:largeBlob: true, webauthn:extension:minPinLength: true, webauthn:extension:prf: true, webauthn:virtualAuthenticators: true}
Element: [[ChromeDriver: chrome on windows (35cf0d7783b821e1ee88b2eddc710f1b)] -&amp;gt; xpath: //*[text()=&amp;apos;Search Reports&amp;apos;]]
Session ID: 35cf0d7783b821e1ee88b2eddc710f1b">
      <![CDATA[org.openqa.selenium.ElementClickInterceptedException: element click intercepted: Element <span class="MuiButton-label">...</span> is not clickable at point (1145, 349). Other element would receive the click: <div class="jss818">...</div>
  (Session info: chrome=123.0.6312.88)
Build info: version: '4.18.1', revision: 'b1d3319b48'
System info: os.name: 'Windows 11', os.arch: 'amd64', os.version: '10.0', java.version: '17.0.7'
Driver info: org.openqa.selenium.chrome.ChromeDriver
Command: [35cf0d7783b821e1ee88b2eddc710f1b, clickElement {id=f.9BAF671A5B0DD25B3D61EB540F023390.d.3BA8C01CB163464E764D3D96205A7545.e.61}]
Capabilities {acceptInsecureCerts: false, browserName: chrome, browserVersion: 123.0.6312.88, chrome: {chromedriverVersion: 123.0.6312.86 (9b72c47a0536..., userDataDir: C:\Users\ROHIDA~1\AppData\L...}, fedcm:accounts: true, goog:chromeOptions: {debuggerAddress: localhost:65380}, networkConnectionEnabled: false, pageLoadStrategy: normal, platformName: windows, proxy: Proxy(), se:cdp: ws://localhost:65380/devtoo..., se:cdpVersion: 123.0.6312.88, setWindowRect: true, strictFileInteractability: false, timeouts: {implicit: 0, pageLoad: 300000, script: 30000}, unhandledPromptBehavior: dismiss and notify, webauthn:extension:credBlob: true, webauthn:extension:largeBlob: true, webauthn:extension:minPinLength: true, webauthn:extension:prf: true, webauthn:virtualAuthenticators: true}
Element: [[ChromeDriver: chrome on windows (35cf0d7783b821e1ee88b2eddc710f1b)] -> xpath: //*[text()='Search Reports']]
Session ID: 35cf0d7783b821e1ee88b2eddc710f1b
at org.openqa.selenium.remote.ErrorCodec.decode(ErrorCodec.java:167)
at org.openqa.selenium.remote.codec.w3c.W3CHttpResponseCodec.decode(W3CHttpResponseCodec.java:138)
at org.openqa.selenium.remote.codec.w3c.W3CHttpResponseCodec.decode(W3CHttpResponseCodec.java:50)
at org.openqa.selenium.remote.HttpCommandExecutor.execute(HttpCommandExecutor.java:190)
at org.openqa.selenium.remote.service.DriverCommandExecutor.invokeExecute(DriverCommandExecutor.java:216)
at org.openqa.selenium.remote.service.DriverCommandExecutor.execute(DriverCommandExecutor.java:174)
at org.openqa.selenium.remote.RemoteWebDriver.execute(RemoteWebDriver.java:519)
at org.openqa.selenium.remote.RemoteWebElement.execute(RemoteWebElement.java:223)
at org.openqa.selenium.remote.RemoteWebElement.click(RemoteWebElement.java:76)
at org.openqa.selenium.support.pagefactory.internal.LocatingElementHandler.invoke(LocatingElementHandler.java:51)
at jdk.proxy2/jdk.proxy2.$Proxy14.click(Unknown Source)
at pageObjects.AUP_QA_POM_Mayur.searchResultReport(AUP_QA_POM_Mayur.java:4397)
at testClasses.Tests_QA_AUP_Mayur.ValidateResultReports(Tests_QA_AUP_Mayur.java:68)
at java.base/java.util.ArrayList.forEach(ArrayList.java:1511)
... Removed 34 stack frames]]>
    </failure>
  </testcase> <!-- ValidateResultReports -->
  <testcase classname="testClasses.Tests_QA_AUP_Mayur" name="ValidateResultReportsMMSBA" time="68.384">
    <skipped/>
  </testcase> <!-- ValidateResultReportsMMSBA -->
  <testcase classname="testClasses.Tests_QA_AUP_Mayur" name="ValidateResultReportsMMSBA" time="70.382">
    <failure type="org.openqa.selenium.TimeoutException" message="Expected condition failed: waiting for element to be clickable: By.xpath: //label[@class=&amp;apos;MuiFormLabel-root Mui-required&amp;apos;] (tried for 30 second(s) with 500 milliseconds interval)
Build info: version: &amp;apos;4.18.1&amp;apos;, revision: &amp;apos;b1d3319b48&amp;apos;
System info: os.name: &amp;apos;Windows 11&amp;apos;, os.arch: &amp;apos;amd64&amp;apos;, os.version: &amp;apos;10.0&amp;apos;, java.version: &amp;apos;17.0.7&amp;apos;
Driver info: org.openqa.selenium.chrome.ChromeDriver
Capabilities {acceptInsecureCerts: false, browserName: chrome, browserVersion: 123.0.6312.88, chrome: {chromedriverVersion: 123.0.6312.86 (9b72c47a0536..., userDataDir: C:\Users\ROHIDA~1\AppData\L...}, fedcm:accounts: true, goog:chromeOptions: {debuggerAddress: localhost:65474}, networkConnectionEnabled: false, pageLoadStrategy: normal, platformName: windows, proxy: Proxy(), se:cdp: ws://localhost:65474/devtoo..., se:cdpVersion: 123.0.6312.88, setWindowRect: true, strictFileInteractability: false, timeouts: {implicit: 0, pageLoad: 300000, script: 30000}, unhandledPromptBehavior: dismiss and notify, webauthn:extension:credBlob: true, webauthn:extension:largeBlob: true, webauthn:extension:minPinLength: true, webauthn:extension:prf: true, webauthn:virtualAuthenticators: true}
Session ID: 5b965d413b64994267c6da7e8bac1bc5">
      <![CDATA[org.openqa.selenium.TimeoutException: Expected condition failed: waiting for element to be clickable: By.xpath: //label[@class='MuiFormLabel-root Mui-required'] (tried for 30 second(s) with 500 milliseconds interval)
Build info: version: '4.18.1', revision: 'b1d3319b48'
System info: os.name: 'Windows 11', os.arch: 'amd64', os.version: '10.0', java.version: '17.0.7'
Driver info: org.openqa.selenium.chrome.ChromeDriver
Capabilities {acceptInsecureCerts: false, browserName: chrome, browserVersion: 123.0.6312.88, chrome: {chromedriverVersion: 123.0.6312.86 (9b72c47a0536..., userDataDir: C:\Users\ROHIDA~1\AppData\L...}, fedcm:accounts: true, goog:chromeOptions: {debuggerAddress: localhost:65474}, networkConnectionEnabled: false, pageLoadStrategy: normal, platformName: windows, proxy: Proxy(), se:cdp: ws://localhost:65474/devtoo..., se:cdpVersion: 123.0.6312.88, setWindowRect: true, strictFileInteractability: false, timeouts: {implicit: 0, pageLoad: 300000, script: 30000}, unhandledPromptBehavior: dismiss and notify, webauthn:extension:credBlob: true, webauthn:extension:largeBlob: true, webauthn:extension:minPinLength: true, webauthn:extension:prf: true, webauthn:virtualAuthenticators: true}
Session ID: 5b965d413b64994267c6da7e8bac1bc5
at org.openqa.selenium.support.ui.WebDriverWait.timeoutException(WebDriverWait.java:84)
at org.openqa.selenium.support.ui.FluentWait.until(FluentWait.java:228)
at pageObjects.AUP_QA_POM_Mayur.handleSecurityQue(AUP_QA_POM_Mayur.java:1587)
at testClasses.Tests_QA_AUP_Mayur.ValidateResultReportsMMSBA(Tests_QA_AUP_Mayur.java:79)
at java.base/java.util.ArrayList.forEach(ArrayList.java:1511)
... Removed 27 stack frames]]>
    </failure>
  </testcase> <!-- ValidateResultReportsMMSBA -->
  <testcase classname="testClasses.Tests_QA_AUP_Mayur" name="ValidateFinancialSettlementReportsENG" time="75.297">
    <skipped/>
  </testcase> <!-- ValidateFinancialSettlementReportsENG -->
  <testcase classname="testClasses.Tests_QA_AUP_Mayur" name="ValidateFinancialSettlementReportsENG" time="74.066">
    <failure type="org.openqa.selenium.TimeoutException" message="Expected condition failed: waiting for element to be clickable: By.xpath: (//*[text()=&amp;apos;Event Monitoring&amp;apos;]) (tried for 30 second(s) with 500 milliseconds interval)
Build info: version: &amp;apos;4.18.1&amp;apos;, revision: &amp;apos;b1d3319b48&amp;apos;
System info: os.name: &amp;apos;Windows 11&amp;apos;, os.arch: &amp;apos;amd64&amp;apos;, os.version: &amp;apos;10.0&amp;apos;, java.version: &amp;apos;17.0.7&amp;apos;
Driver info: org.openqa.selenium.chrome.ChromeDriver
Capabilities {acceptInsecureCerts: false, browserName: chrome, browserVersion: 123.0.6312.88, chrome: {chromedriverVersion: 123.0.6312.86 (9b72c47a0536..., userDataDir: C:\Users\ROHIDA~1\AppData\L...}, fedcm:accounts: true, goog:chromeOptions: {debuggerAddress: localhost:49172}, networkConnectionEnabled: false, pageLoadStrategy: normal, platformName: windows, proxy: Proxy(), se:cdp: ws://localhost:49172/devtoo..., se:cdpVersion: 123.0.6312.88, setWindowRect: true, strictFileInteractability: false, timeouts: {implicit: 0, pageLoad: 300000, script: 30000}, unhandledPromptBehavior: dismiss and notify, webauthn:extension:credBlob: true, webauthn:extension:largeBlob: true, webauthn:extension:minPinLength: true, webauthn:extension:prf: true, webauthn:virtualAuthenticators: true}
Session ID: 20c25eb60c82cd03d184eb96abd2c5c8">
      <![CDATA[org.openqa.selenium.TimeoutException: Expected condition failed: waiting for element to be clickable: By.xpath: (//*[text()='Event Monitoring']) (tried for 30 second(s) with 500 milliseconds interval)
Build info: version: '4.18.1', revision: 'b1d3319b48'
System info: os.name: 'Windows 11', os.arch: 'amd64', os.version: '10.0', java.version: '17.0.7'
Driver info: org.openqa.selenium.chrome.ChromeDriver
Capabilities {acceptInsecureCerts: false, browserName: chrome, browserVersion: 123.0.6312.88, chrome: {chromedriverVersion: 123.0.6312.86 (9b72c47a0536..., userDataDir: C:\Users\ROHIDA~1\AppData\L...}, fedcm:accounts: true, goog:chromeOptions: {debuggerAddress: localhost:49172}, networkConnectionEnabled: false, pageLoadStrategy: normal, platformName: windows, proxy: Proxy(), se:cdp: ws://localhost:49172/devtoo..., se:cdpVersion: 123.0.6312.88, setWindowRect: true, strictFileInteractability: false, timeouts: {implicit: 0, pageLoad: 300000, script: 30000}, unhandledPromptBehavior: dismiss and notify, webauthn:extension:credBlob: true, webauthn:extension:largeBlob: true, webauthn:extension:minPinLength: true, webauthn:extension:prf: true, webauthn:virtualAuthenticators: true}
Session ID: 20c25eb60c82cd03d184eb96abd2c5c8
at org.openqa.selenium.support.ui.WebDriverWait.timeoutException(WebDriverWait.java:84)
at org.openqa.selenium.support.ui.FluentWait.until(FluentWait.java:228)
at pageObjects.AUP_QA_POM_Mayur.searchReport(AUP_QA_POM_Mayur.java:4377)
at testClasses.Tests_QA_AUP_Mayur.ValidateFinancialSettlementReportsENG(Tests_QA_AUP_Mayur.java:102)
at java.base/java.util.ArrayList.forEach(ArrayList.java:1511)
... Removed 27 stack frames]]>
    </failure>
  </testcase> <!-- ValidateFinancialSettlementReportsENG -->
  <testcase classname="testClasses.Tests_QA_AUP_Mayur" name="ValidateFinancialSettlementReportsENG" time="76.12">
    <skipped/>
  </testcase> <!-- ValidateFinancialSettlementReportsENG -->
  <testcase classname="testClasses.Tests_QA_AUP_Mayur" name="ValidateFinancialSettlementReportsENG" time="75.477">
    <failure type="org.openqa.selenium.TimeoutException" message="Expected condition failed: waiting for element to be clickable: By.xpath: (//*[text()=&amp;apos;Event Monitoring&amp;apos;]) (tried for 30 second(s) with 500 milliseconds interval)
Build info: version: &amp;apos;4.18.1&amp;apos;, revision: &amp;apos;b1d3319b48&amp;apos;
System info: os.name: &amp;apos;Windows 11&amp;apos;, os.arch: &amp;apos;amd64&amp;apos;, os.version: &amp;apos;10.0&amp;apos;, java.version: &amp;apos;17.0.7&amp;apos;
Driver info: org.openqa.selenium.chrome.ChromeDriver
Capabilities {acceptInsecureCerts: false, browserName: chrome, browserVersion: 123.0.6312.88, chrome: {chromedriverVersion: 123.0.6312.86 (9b72c47a0536..., userDataDir: C:\Users\ROHIDA~1\AppData\L...}, fedcm:accounts: true, goog:chromeOptions: {debuggerAddress: localhost:49250}, networkConnectionEnabled: false, pageLoadStrategy: normal, platformName: windows, proxy: Proxy(), se:cdp: ws://localhost:49250/devtoo..., se:cdpVersion: 123.0.6312.88, setWindowRect: true, strictFileInteractability: false, timeouts: {implicit: 0, pageLoad: 300000, script: 30000}, unhandledPromptBehavior: dismiss and notify, webauthn:extension:credBlob: true, webauthn:extension:largeBlob: true, webauthn:extension:minPinLength: true, webauthn:extension:prf: true, webauthn:virtualAuthenticators: true}
Session ID: 2443fb344d25930ca257b9e752c5798b">
      <![CDATA[org.openqa.selenium.TimeoutException: Expected condition failed: waiting for element to be clickable: By.xpath: (//*[text()='Event Monitoring']) (tried for 30 second(s) with 500 milliseconds interval)
Build info: version: '4.18.1', revision: 'b1d3319b48'
System info: os.name: 'Windows 11', os.arch: 'amd64', os.version: '10.0', java.version: '17.0.7'
Driver info: org.openqa.selenium.chrome.ChromeDriver
Capabilities {acceptInsecureCerts: false, browserName: chrome, browserVersion: 123.0.6312.88, chrome: {chromedriverVersion: 123.0.6312.86 (9b72c47a0536..., userDataDir: C:\Users\ROHIDA~1\AppData\L...}, fedcm:accounts: true, goog:chromeOptions: {debuggerAddress: localhost:49250}, networkConnectionEnabled: false, pageLoadStrategy: normal, platformName: windows, proxy: Proxy(), se:cdp: ws://localhost:49250/devtoo..., se:cdpVersion: 123.0.6312.88, setWindowRect: true, strictFileInteractability: false, timeouts: {implicit: 0, pageLoad: 300000, script: 30000}, unhandledPromptBehavior: dismiss and notify, webauthn:extension:credBlob: true, webauthn:extension:largeBlob: true, webauthn:extension:minPinLength: true, webauthn:extension:prf: true, webauthn:virtualAuthenticators: true}
Session ID: 2443fb344d25930ca257b9e752c5798b
at org.openqa.selenium.support.ui.WebDriverWait.timeoutException(WebDriverWait.java:84)
at org.openqa.selenium.support.ui.FluentWait.until(FluentWait.java:228)
at pageObjects.AUP_QA_POM_Mayur.searchReport(AUP_QA_POM_Mayur.java:4377)
at testClasses.Tests_QA_AUP_Mayur.ValidateFinancialSettlementReportsENG(Tests_QA_AUP_Mayur.java:102)
at java.base/java.util.ArrayList.forEach(ArrayList.java:1511)
... Removed 27 stack frames]]>
    </failure>
  </testcase> <!-- ValidateFinancialSettlementReportsENG -->
  <testcase classname="testClasses.Tests_QA_AUP_Mayur" name="ValidateFinancialSettlementReportsENG" time="75.941">
    <skipped/>
  </testcase> <!-- ValidateFinancialSettlementReportsENG -->
  <testcase classname="testClasses.Tests_QA_AUP_Mayur" name="ValidateFinancialSettlementReportsENG" time="75.961">
    <failure type="org.openqa.selenium.TimeoutException" message="Expected condition failed: waiting for element to be clickable: By.xpath: (//*[text()=&amp;apos;Event Monitoring&amp;apos;]) (tried for 30 second(s) with 500 milliseconds interval)
Build info: version: &amp;apos;4.18.1&amp;apos;, revision: &amp;apos;b1d3319b48&amp;apos;
System info: os.name: &amp;apos;Windows 11&amp;apos;, os.arch: &amp;apos;amd64&amp;apos;, os.version: &amp;apos;10.0&amp;apos;, java.version: &amp;apos;17.0.7&amp;apos;
Driver info: org.openqa.selenium.chrome.ChromeDriver
Capabilities {acceptInsecureCerts: false, browserName: chrome, browserVersion: 123.0.6312.88, chrome: {chromedriverVersion: 123.0.6312.86 (9b72c47a0536..., userDataDir: C:\Users\ROHIDA~1\AppData\L...}, fedcm:accounts: true, goog:chromeOptions: {debuggerAddress: localhost:49336}, networkConnectionEnabled: false, pageLoadStrategy: normal, platformName: windows, proxy: Proxy(), se:cdp: ws://localhost:49336/devtoo..., se:cdpVersion: 123.0.6312.88, setWindowRect: true, strictFileInteractability: false, timeouts: {implicit: 0, pageLoad: 300000, script: 30000}, unhandledPromptBehavior: dismiss and notify, webauthn:extension:credBlob: true, webauthn:extension:largeBlob: true, webauthn:extension:minPinLength: true, webauthn:extension:prf: true, webauthn:virtualAuthenticators: true}
Session ID: 08a56ad979666bb9f307bf86edbe2758">
      <![CDATA[org.openqa.selenium.TimeoutException: Expected condition failed: waiting for element to be clickable: By.xpath: (//*[text()='Event Monitoring']) (tried for 30 second(s) with 500 milliseconds interval)
Build info: version: '4.18.1', revision: 'b1d3319b48'
System info: os.name: 'Windows 11', os.arch: 'amd64', os.version: '10.0', java.version: '17.0.7'
Driver info: org.openqa.selenium.chrome.ChromeDriver
Capabilities {acceptInsecureCerts: false, browserName: chrome, browserVersion: 123.0.6312.88, chrome: {chromedriverVersion: 123.0.6312.86 (9b72c47a0536..., userDataDir: C:\Users\ROHIDA~1\AppData\L...}, fedcm:accounts: true, goog:chromeOptions: {debuggerAddress: localhost:49336}, networkConnectionEnabled: false, pageLoadStrategy: normal, platformName: windows, proxy: Proxy(), se:cdp: ws://localhost:49336/devtoo..., se:cdpVersion: 123.0.6312.88, setWindowRect: true, strictFileInteractability: false, timeouts: {implicit: 0, pageLoad: 300000, script: 30000}, unhandledPromptBehavior: dismiss and notify, webauthn:extension:credBlob: true, webauthn:extension:largeBlob: true, webauthn:extension:minPinLength: true, webauthn:extension:prf: true, webauthn:virtualAuthenticators: true}
Session ID: 08a56ad979666bb9f307bf86edbe2758
at org.openqa.selenium.support.ui.WebDriverWait.timeoutException(WebDriverWait.java:84)
at org.openqa.selenium.support.ui.FluentWait.until(FluentWait.java:228)
at pageObjects.AUP_QA_POM_Mayur.searchReport(AUP_QA_POM_Mayur.java:4377)
at testClasses.Tests_QA_AUP_Mayur.ValidateFinancialSettlementReportsENG(Tests_QA_AUP_Mayur.java:102)
at java.base/java.util.ArrayList.forEach(ArrayList.java:1511)
... Removed 27 stack frames]]>
    </failure>
  </testcase> <!-- ValidateFinancialSettlementReportsENG -->
  <testcase classname="testClasses.Tests_QA_AUP_Mayur" name="ValidateFinancialSettlementReportsENG" time="78.735">
    <skipped/>
  </testcase> <!-- ValidateFinancialSettlementReportsENG -->
  <testcase classname="testClasses.Tests_QA_AUP_Mayur" name="ValidateFinancialSettlementReportsENG" time="76.268">
    <failure type="org.openqa.selenium.TimeoutException" message="Expected condition failed: waiting for element to be clickable: By.xpath: (//*[text()=&amp;apos;Event Monitoring&amp;apos;]) (tried for 30 second(s) with 500 milliseconds interval)
Build info: version: &amp;apos;4.18.1&amp;apos;, revision: &amp;apos;b1d3319b48&amp;apos;
System info: os.name: &amp;apos;Windows 11&amp;apos;, os.arch: &amp;apos;amd64&amp;apos;, os.version: &amp;apos;10.0&amp;apos;, java.version: &amp;apos;17.0.7&amp;apos;
Driver info: org.openqa.selenium.chrome.ChromeDriver
Capabilities {acceptInsecureCerts: false, browserName: chrome, browserVersion: 123.0.6312.88, chrome: {chromedriverVersion: 123.0.6312.86 (9b72c47a0536..., userDataDir: C:\Users\ROHIDA~1\AppData\L...}, fedcm:accounts: true, goog:chromeOptions: {debuggerAddress: localhost:49706}, networkConnectionEnabled: false, pageLoadStrategy: normal, platformName: windows, proxy: Proxy(), se:cdp: ws://localhost:49706/devtoo..., se:cdpVersion: 123.0.6312.88, setWindowRect: true, strictFileInteractability: false, timeouts: {implicit: 0, pageLoad: 300000, script: 30000}, unhandledPromptBehavior: dismiss and notify, webauthn:extension:credBlob: true, webauthn:extension:largeBlob: true, webauthn:extension:minPinLength: true, webauthn:extension:prf: true, webauthn:virtualAuthenticators: true}
Session ID: 81689a1f8de3f3f493984dd770d01ebf">
      <![CDATA[org.openqa.selenium.TimeoutException: Expected condition failed: waiting for element to be clickable: By.xpath: (//*[text()='Event Monitoring']) (tried for 30 second(s) with 500 milliseconds interval)
Build info: version: '4.18.1', revision: 'b1d3319b48'
System info: os.name: 'Windows 11', os.arch: 'amd64', os.version: '10.0', java.version: '17.0.7'
Driver info: org.openqa.selenium.chrome.ChromeDriver
Capabilities {acceptInsecureCerts: false, browserName: chrome, browserVersion: 123.0.6312.88, chrome: {chromedriverVersion: 123.0.6312.86 (9b72c47a0536..., userDataDir: C:\Users\ROHIDA~1\AppData\L...}, fedcm:accounts: true, goog:chromeOptions: {debuggerAddress: localhost:49706}, networkConnectionEnabled: false, pageLoadStrategy: normal, platformName: windows, proxy: Proxy(), se:cdp: ws://localhost:49706/devtoo..., se:cdpVersion: 123.0.6312.88, setWindowRect: true, strictFileInteractability: false, timeouts: {implicit: 0, pageLoad: 300000, script: 30000}, unhandledPromptBehavior: dismiss and notify, webauthn:extension:credBlob: true, webauthn:extension:largeBlob: true, webauthn:extension:minPinLength: true, webauthn:extension:prf: true, webauthn:virtualAuthenticators: true}
Session ID: 81689a1f8de3f3f493984dd770d01ebf
at org.openqa.selenium.support.ui.WebDriverWait.timeoutException(WebDriverWait.java:84)
at org.openqa.selenium.support.ui.FluentWait.until(FluentWait.java:228)
at pageObjects.AUP_QA_POM_Mayur.searchReport(AUP_QA_POM_Mayur.java:4377)
at testClasses.Tests_QA_AUP_Mayur.ValidateFinancialSettlementReportsENG(Tests_QA_AUP_Mayur.java:102)
at java.base/java.util.ArrayList.forEach(ArrayList.java:1511)
... Removed 27 stack frames]]>
    </failure>
  </testcase> <!-- ValidateFinancialSettlementReportsENG -->
  <testcase classname="testClasses.Tests_QA_AUP_Mayur" name="validateBidsAuditReportsReportReserveqc" time="68.227">
    <skipped/>
  </testcase> <!-- validateBidsAuditReportsReportReserveqc -->
  <testcase classname="testClasses.Tests_QA_AUP_Mayur" name="validateBidsAuditReportsReportReserveqc" time="35.308"/>
  <testcase classname="testClasses.Tests_QA_AUP_Mayur" name="validateBidsAuditReportsReportReserveqc" time="30.425"/>
  <testcase classname="testClasses.Tests_QA_AUP_Mayur" name="validateBidsAuditReportsReportReserveqc" time="31.623"/>
  <testcase classname="testClasses.Tests_QA_AUP_Mayur" name="validateBidsAuditReportsReportReserveqc" time="27.861"/>
  <testcase classname="testClasses.Tests_QA_AUP_Mayur" name="validateBidsAuditReportsReportCA" time="28.73"/>
  <testcase classname="testClasses.Tests_QA_AUP_Mayur" name="validateBidsAuditReportsReportCA" time="28.294"/>
  <testcase classname="testClasses.Tests_QA_AUP_Mayur" name="Sponsor_MM_flag_multiple_bids" time="58.872">
    <skipped/>
  </testcase> <!-- Sponsor_MM_flag_multiple_bids -->
  <testcase classname="testClasses.Tests_QA_AUP_Mayur" name="Sponsor_MM_flag_multiple_bids" time="56.444">
    <failure type="org.openqa.selenium.TimeoutException" message="Expected condition failed: waiting for element to be clickable: By.xpath: //span[text()=&amp;apos;Bulk Actions&amp;apos;] (tried for 30 second(s) with 500 milliseconds interval)
Build info: version: &amp;apos;4.18.1&amp;apos;, revision: &amp;apos;b1d3319b48&amp;apos;
System info: os.name: &amp;apos;Windows 11&amp;apos;, os.arch: &amp;apos;amd64&amp;apos;, os.version: &amp;apos;10.0&amp;apos;, java.version: &amp;apos;17.0.7&amp;apos;
Driver info: org.openqa.selenium.chrome.ChromeDriver
Capabilities {acceptInsecureCerts: false, browserName: chrome, browserVersion: 123.0.6312.88, chrome: {chromedriverVersion: 123.0.6312.86 (9b72c47a0536..., userDataDir: C:\Users\ROHIDA~1\AppData\L...}, fedcm:accounts: true, goog:chromeOptions: {debuggerAddress: localhost:50060}, networkConnectionEnabled: false, pageLoadStrategy: normal, platformName: windows, proxy: Proxy(), se:cdp: ws://localhost:50060/devtoo..., se:cdpVersion: 123.0.6312.88, setWindowRect: true, strictFileInteractability: false, timeouts: {implicit: 0, pageLoad: 300000, script: 30000}, unhandledPromptBehavior: dismiss and notify, webauthn:extension:credBlob: true, webauthn:extension:largeBlob: true, webauthn:extension:minPinLength: true, webauthn:extension:prf: true, webauthn:virtualAuthenticators: true}
Session ID: a128543cd4314a15562ee3f70ad04425">
      <![CDATA[org.openqa.selenium.TimeoutException: Expected condition failed: waiting for element to be clickable: By.xpath: //span[text()='Bulk Actions'] (tried for 30 second(s) with 500 milliseconds interval)
Build info: version: '4.18.1', revision: 'b1d3319b48'
System info: os.name: 'Windows 11', os.arch: 'amd64', os.version: '10.0', java.version: '17.0.7'
Driver info: org.openqa.selenium.chrome.ChromeDriver
Capabilities {acceptInsecureCerts: false, browserName: chrome, browserVersion: 123.0.6312.88, chrome: {chromedriverVersion: 123.0.6312.86 (9b72c47a0536..., userDataDir: C:\Users\ROHIDA~1\AppData\L...}, fedcm:accounts: true, goog:chromeOptions: {debuggerAddress: localhost:50060}, networkConnectionEnabled: false, pageLoadStrategy: normal, platformName: windows, proxy: Proxy(), se:cdp: ws://localhost:50060/devtoo..., se:cdpVersion: 123.0.6312.88, setWindowRect: true, strictFileInteractability: false, timeouts: {implicit: 0, pageLoad: 300000, script: 30000}, unhandledPromptBehavior: dismiss and notify, webauthn:extension:credBlob: true, webauthn:extension:largeBlob: true, webauthn:extension:minPinLength: true, webauthn:extension:prf: true, webauthn:virtualAuthenticators: true}
Session ID: a128543cd4314a15562ee3f70ad04425
at org.openqa.selenium.support.ui.WebDriverWait.timeoutException(WebDriverWait.java:84)
at org.openqa.selenium.support.ui.FluentWait.until(FluentWait.java:228)
at pageObjects.AUP_QA_POM_Mayur.sponsorflagmultiplebid(AUP_QA_POM_Mayur.java:2320)
at testClasses.Tests_QA_AUP_Mayur.Sponsor_MM_flag_multiple_bids(Tests_QA_AUP_Mayur.java:159)
at java.base/java.util.ArrayList.forEach(ArrayList.java:1511)
... Removed 27 stack frames]]>
    </failure>
  </testcase> <!-- Sponsor_MM_flag_multiple_bids -->
  <testcase classname="testClasses.Tests_QA_AUP_Mayur" name="SettheCombinedevaluationofCategories" time="31.952"/>
  <testcase classname="testClasses.Tests_QA_AUP_Mayur" name="Sponsorcanexcludeincludesinglemultiplebids" time="28.807">
    <skipped/>
  </testcase> <!-- Sponsorcanexcludeincludesinglemultiplebids -->
  <testcase classname="testClasses.Tests_QA_AUP_Mayur" name="Sponsorcanexcludeincludesinglemultiplebids" time="55.484">
    <failure type="org.openqa.selenium.TimeoutException" message="Expected condition failed: waiting for visibility of element located by By.xpath: (//li[normalize-space()=&amp;apos;Exclude Bid&amp;apos;])[1] (tried for 30 second(s) with 500 milliseconds interval)
Build info: version: &amp;apos;4.18.1&amp;apos;, revision: &amp;apos;b1d3319b48&amp;apos;
System info: os.name: &amp;apos;Windows 11&amp;apos;, os.arch: &amp;apos;amd64&amp;apos;, os.version: &amp;apos;10.0&amp;apos;, java.version: &amp;apos;17.0.7&amp;apos;
Driver info: org.openqa.selenium.chrome.ChromeDriver
Capabilities {acceptInsecureCerts: false, browserName: chrome, browserVersion: 123.0.6312.88, chrome: {chromedriverVersion: 123.0.6312.86 (9b72c47a0536..., userDataDir: C:\Users\ROHIDA~1\AppData\L...}, fedcm:accounts: true, goog:chromeOptions: {debuggerAddress: localhost:50184}, networkConnectionEnabled: false, pageLoadStrategy: normal, platformName: windows, proxy: Proxy(), se:cdp: ws://localhost:50184/devtoo..., se:cdpVersion: 123.0.6312.88, setWindowRect: true, strictFileInteractability: false, timeouts: {implicit: 0, pageLoad: 300000, script: 30000}, unhandledPromptBehavior: dismiss and notify, webauthn:extension:credBlob: true, webauthn:extension:largeBlob: true, webauthn:extension:minPinLength: true, webauthn:extension:prf: true, webauthn:virtualAuthenticators: true}
Session ID: ae569e4757384da842d2525843a993f7">
      <![CDATA[org.openqa.selenium.TimeoutException: Expected condition failed: waiting for visibility of element located by By.xpath: (//li[normalize-space()='Exclude Bid'])[1] (tried for 30 second(s) with 500 milliseconds interval)
Build info: version: '4.18.1', revision: 'b1d3319b48'
System info: os.name: 'Windows 11', os.arch: 'amd64', os.version: '10.0', java.version: '17.0.7'
Driver info: org.openqa.selenium.chrome.ChromeDriver
Capabilities {acceptInsecureCerts: false, browserName: chrome, browserVersion: 123.0.6312.88, chrome: {chromedriverVersion: 123.0.6312.86 (9b72c47a0536..., userDataDir: C:\Users\ROHIDA~1\AppData\L...}, fedcm:accounts: true, goog:chromeOptions: {debuggerAddress: localhost:50184}, networkConnectionEnabled: false, pageLoadStrategy: normal, platformName: windows, proxy: Proxy(), se:cdp: ws://localhost:50184/devtoo..., se:cdpVersion: 123.0.6312.88, setWindowRect: true, strictFileInteractability: false, timeouts: {implicit: 0, pageLoad: 300000, script: 30000}, unhandledPromptBehavior: dismiss and notify, webauthn:extension:credBlob: true, webauthn:extension:largeBlob: true, webauthn:extension:minPinLength: true, webauthn:extension:prf: true, webauthn:virtualAuthenticators: true}
Session ID: ae569e4757384da842d2525843a993f7
at org.openqa.selenium.support.ui.WebDriverWait.timeoutException(WebDriverWait.java:84)
at org.openqa.selenium.support.ui.FluentWait.until(FluentWait.java:228)
at pageObjects.AUP_QA_POM_Mayur.sponsorexcludeincludemultiplebid(AUP_QA_POM_Mayur.java:2374)
at testClasses.Tests_QA_AUP_Mayur.Sponsorcanexcludeincludesinglemultiplebids(Tests_QA_AUP_Mayur.java:188)
at java.base/java.util.ArrayList.forEach(ArrayList.java:1511)
... Removed 27 stack frames]]>
    </failure>
  </testcase> <!-- Sponsorcanexcludeincludesinglemultiplebids -->
  <testcase classname="testClasses.Tests_QA_AUP_Mayur" name="Addcommentbulkaction" time="50.368">
    <skipped/>
  </testcase> <!-- Addcommentbulkaction -->
  <testcase classname="testClasses.Tests_QA_AUP_Mayur" name="Addcommentbulkaction" time="53.179">
    <failure type="org.openqa.selenium.NoSuchElementException" message="no such element: Unable to locate element: {&amp;quot;method&amp;quot;:&amp;quot;xpath&amp;quot;,&amp;quot;selector&amp;quot;:&amp;quot;//a[text()=&amp;apos;R317_ETE&amp;apos;]&amp;quot;}
  (Session info: chrome=123.0.6312.88)
For documentation on this error, please visit: https://www.selenium.dev/documentation/webdriver/troubleshooting/errors#no-such-element-exception
Build info: version: &amp;apos;4.18.1&amp;apos;, revision: &amp;apos;b1d3319b48&amp;apos;
System info: os.name: &amp;apos;Windows 11&amp;apos;, os.arch: &amp;apos;amd64&amp;apos;, os.version: &amp;apos;10.0&amp;apos;, java.version: &amp;apos;17.0.7&amp;apos;
Driver info: org.openqa.selenium.chrome.ChromeDriver
Command: [e2057b679162fa29787d8cc1207005ee, findElement {value=//a[text()=&amp;apos;R317_ETE&amp;apos;], using=xpath}]
Capabilities {acceptInsecureCerts: false, browserName: chrome, browserVersion: 123.0.6312.88, chrome: {chromedriverVersion: 123.0.6312.86 (9b72c47a0536..., userDataDir: C:\Users\ROHIDA~1\AppData\L...}, fedcm:accounts: true, goog:chromeOptions: {debuggerAddress: localhost:50260}, networkConnectionEnabled: false, pageLoadStrategy: normal, platformName: windows, proxy: Proxy(), se:cdp: ws://localhost:50260/devtoo..., se:cdpVersion: 123.0.6312.88, setWindowRect: true, strictFileInteractability: false, timeouts: {implicit: 0, pageLoad: 300000, script: 30000}, unhandledPromptBehavior: dismiss and notify, webauthn:extension:credBlob: true, webauthn:extension:largeBlob: true, webauthn:extension:minPinLength: true, webauthn:extension:prf: true, webauthn:virtualAuthenticators: true}
Session ID: e2057b679162fa29787d8cc1207005ee">
      <![CDATA[org.openqa.selenium.NoSuchElementException: no such element: Unable to locate element: {"method":"xpath","selector":"//a[text()='R317_ETE']"}
  (Session info: chrome=123.0.6312.88)
For documentation on this error, please visit: https://www.selenium.dev/documentation/webdriver/troubleshooting/errors#no-such-element-exception
Build info: version: '4.18.1', revision: 'b1d3319b48'
System info: os.name: 'Windows 11', os.arch: 'amd64', os.version: '10.0', java.version: '17.0.7'
Driver info: org.openqa.selenium.chrome.ChromeDriver
Command: [e2057b679162fa29787d8cc1207005ee, findElement {value=//a[text()='R317_ETE'], using=xpath}]
Capabilities {acceptInsecureCerts: false, browserName: chrome, browserVersion: 123.0.6312.88, chrome: {chromedriverVersion: 123.0.6312.86 (9b72c47a0536..., userDataDir: C:\Users\ROHIDA~1\AppData\L...}, fedcm:accounts: true, goog:chromeOptions: {debuggerAddress: localhost:50260}, networkConnectionEnabled: false, pageLoadStrategy: normal, platformName: windows, proxy: Proxy(), se:cdp: ws://localhost:50260/devtoo..., se:cdpVersion: 123.0.6312.88, setWindowRect: true, strictFileInteractability: false, timeouts: {implicit: 0, pageLoad: 300000, script: 30000}, unhandledPromptBehavior: dismiss and notify, webauthn:extension:credBlob: true, webauthn:extension:largeBlob: true, webauthn:extension:minPinLength: true, webauthn:extension:prf: true, webauthn:virtualAuthenticators: true}
Session ID: e2057b679162fa29787d8cc1207005ee
at org.openqa.selenium.remote.ErrorCodec.decode(ErrorCodec.java:167)
at org.openqa.selenium.remote.codec.w3c.W3CHttpResponseCodec.decode(W3CHttpResponseCodec.java:138)
at org.openqa.selenium.remote.codec.w3c.W3CHttpResponseCodec.decode(W3CHttpResponseCodec.java:50)
at org.openqa.selenium.remote.HttpCommandExecutor.execute(HttpCommandExecutor.java:190)
at org.openqa.selenium.remote.service.DriverCommandExecutor.invokeExecute(DriverCommandExecutor.java:216)
at org.openqa.selenium.remote.service.DriverCommandExecutor.execute(DriverCommandExecutor.java:174)
at org.openqa.selenium.remote.RemoteWebDriver.execute(RemoteWebDriver.java:519)
at org.openqa.selenium.remote.ElementLocation$ElementFinder$2.findElement(ElementLocation.java:165)
at org.openqa.selenium.remote.ElementLocation.findElement(ElementLocation.java:59)
at org.openqa.selenium.remote.RemoteWebDriver.findElement(RemoteWebDriver.java:356)
at org.openqa.selenium.remote.RemoteWebDriver.findElement(RemoteWebDriver.java:350)
at pageObjects.AUP_QA_POM_Mayur.addcommentbulkaction(AUP_QA_POM_Mayur.java:2428)
at testClasses.Tests_QA_AUP_Mayur.Addcommentbulkaction(Tests_QA_AUP_Mayur.java:198)
at java.base/java.util.ArrayList.forEach(ArrayList.java:1511)
... Removed 31 stack frames]]>
    </failure>
  </testcase> <!-- Addcommentbulkaction -->
  <testcase classname="testClasses.Tests_QA_AUP_Mayur" name="ValidateFinancialSettlementReportsENGSP" time="84.913">
    <skipped/>
  </testcase> <!-- ValidateFinancialSettlementReportsENGSP -->
  <testcase classname="testClasses.Tests_QA_AUP_Mayur" name="ValidateFinancialSettlementReportsENGSP" time="81.809">
    <failure type="org.openqa.selenium.NoSuchElementException" message="no such element: Unable to locate element: {&amp;quot;method&amp;quot;:&amp;quot;xpath&amp;quot;,&amp;quot;selector&amp;quot;:&amp;quot;//*[@aria-label=&amp;apos;Download Financial Settlement Report for event R317_RS_After_Certify_CA&amp;apos;]&amp;quot;}
  (Session info: chrome=123.0.6312.88)
For documentation on this error, please visit: https://www.selenium.dev/documentation/webdriver/troubleshooting/errors#no-such-element-exception
Build info: version: &amp;apos;4.18.1&amp;apos;, revision: &amp;apos;b1d3319b48&amp;apos;
System info: os.name: &amp;apos;Windows 11&amp;apos;, os.arch: &amp;apos;amd64&amp;apos;, os.version: &amp;apos;10.0&amp;apos;, java.version: &amp;apos;17.0.7&amp;apos;
Driver info: org.openqa.selenium.chrome.ChromeDriver
Command: [d9141894471d455110a8ec6e3504d1ab, findElement {value=//*[@aria-label=&amp;apos;Download Financial Settlement Report for event R317_RS_After_Certify_CA&amp;apos;], using=xpath}]
Capabilities {acceptInsecureCerts: false, browserName: chrome, browserVersion: 123.0.6312.88, chrome: {chromedriverVersion: 123.0.6312.86 (9b72c47a0536..., userDataDir: C:\Users\ROHIDA~1\AppData\L...}, fedcm:accounts: true, goog:chromeOptions: {debuggerAddress: localhost:50353}, networkConnectionEnabled: false, pageLoadStrategy: normal, platformName: windows, proxy: Proxy(), se:cdp: ws://localhost:50353/devtoo..., se:cdpVersion: 123.0.6312.88, setWindowRect: true, strictFileInteractability: false, timeouts: {implicit: 0, pageLoad: 300000, script: 30000}, unhandledPromptBehavior: dismiss and notify, webauthn:extension:credBlob: true, webauthn:extension:largeBlob: true, webauthn:extension:minPinLength: true, webauthn:extension:prf: true, webauthn:virtualAuthenticators: true}
Session ID: d9141894471d455110a8ec6e3504d1ab">
      <![CDATA[org.openqa.selenium.NoSuchElementException: no such element: Unable to locate element: {"method":"xpath","selector":"//*[@aria-label='Download Financial Settlement Report for event R317_RS_After_Certify_CA']"}
  (Session info: chrome=123.0.6312.88)
For documentation on this error, please visit: https://www.selenium.dev/documentation/webdriver/troubleshooting/errors#no-such-element-exception
Build info: version: '4.18.1', revision: 'b1d3319b48'
System info: os.name: 'Windows 11', os.arch: 'amd64', os.version: '10.0', java.version: '17.0.7'
Driver info: org.openqa.selenium.chrome.ChromeDriver
Command: [d9141894471d455110a8ec6e3504d1ab, findElement {value=//*[@aria-label='Download Financial Settlement Report for event R317_RS_After_Certify_CA'], using=xpath}]
Capabilities {acceptInsecureCerts: false, browserName: chrome, browserVersion: 123.0.6312.88, chrome: {chromedriverVersion: 123.0.6312.86 (9b72c47a0536..., userDataDir: C:\Users\ROHIDA~1\AppData\L...}, fedcm:accounts: true, goog:chromeOptions: {debuggerAddress: localhost:50353}, networkConnectionEnabled: false, pageLoadStrategy: normal, platformName: windows, proxy: Proxy(), se:cdp: ws://localhost:50353/devtoo..., se:cdpVersion: 123.0.6312.88, setWindowRect: true, strictFileInteractability: false, timeouts: {implicit: 0, pageLoad: 300000, script: 30000}, unhandledPromptBehavior: dismiss and notify, webauthn:extension:credBlob: true, webauthn:extension:largeBlob: true, webauthn:extension:minPinLength: true, webauthn:extension:prf: true, webauthn:virtualAuthenticators: true}
Session ID: d9141894471d455110a8ec6e3504d1ab
at org.openqa.selenium.remote.ErrorCodec.decode(ErrorCodec.java:167)
at org.openqa.selenium.remote.codec.w3c.W3CHttpResponseCodec.decode(W3CHttpResponseCodec.java:138)
at org.openqa.selenium.remote.codec.w3c.W3CHttpResponseCodec.decode(W3CHttpResponseCodec.java:50)
at org.openqa.selenium.remote.HttpCommandExecutor.execute(HttpCommandExecutor.java:190)
at org.openqa.selenium.remote.service.DriverCommandExecutor.invokeExecute(DriverCommandExecutor.java:216)
at org.openqa.selenium.remote.service.DriverCommandExecutor.execute(DriverCommandExecutor.java:174)
at org.openqa.selenium.remote.RemoteWebDriver.execute(RemoteWebDriver.java:519)
at org.openqa.selenium.remote.ElementLocation$ElementFinder$2.findElement(ElementLocation.java:165)
at org.openqa.selenium.remote.ElementLocation.findElement(ElementLocation.java:59)
at org.openqa.selenium.remote.RemoteWebDriver.findElement(RemoteWebDriver.java:356)
at org.openqa.selenium.remote.RemoteWebDriver.findElement(RemoteWebDriver.java:350)
at org.openqa.selenium.support.pagefactory.DefaultElementLocator.findElement(DefaultElementLocator.java:68)
at org.openqa.selenium.support.pagefactory.internal.LocatingElementHandler.invoke(LocatingElementHandler.java:38)
at jdk.proxy2/jdk.proxy2.$Proxy14.click(Unknown Source)
at pageObjects.AUP_QA_POM_Mayur.ValidateFinancialSettlementReportsFSAQCENG(AUP_QA_POM_Mayur.java:4765)
at testClasses.Tests_QA_AUP_Mayur.ValidateFinancialSettlementReportsENGSP(Tests_QA_AUP_Mayur.java:216)
at java.base/java.util.ArrayList.forEach(ArrayList.java:1511)
... Removed 31 stack frames]]>
    </failure>
  </testcase> <!-- ValidateFinancialSettlementReportsENGSP -->
  <testcase classname="testClasses.Tests_QA_AUP_Mayur" name="ValidateFinancialSettlementReportsENGSP" time="86.874">
    <skipped/>
  </testcase> <!-- ValidateFinancialSettlementReportsENGSP -->
  <testcase classname="testClasses.Tests_QA_AUP_Mayur" name="ValidateFinancialSettlementReportsENGSP" time="83.335">
    <failure type="org.openqa.selenium.NoSuchElementException" message="no such element: Unable to locate element: {&amp;quot;method&amp;quot;:&amp;quot;xpath&amp;quot;,&amp;quot;selector&amp;quot;:&amp;quot;//*[@aria-label=&amp;apos;Download Financial Settlement Report for event R317_RS_After_Certify_CA&amp;apos;]&amp;quot;}
  (Session info: chrome=123.0.6312.88)
For documentation on this error, please visit: https://www.selenium.dev/documentation/webdriver/troubleshooting/errors#no-such-element-exception
Build info: version: &amp;apos;4.18.1&amp;apos;, revision: &amp;apos;b1d3319b48&amp;apos;
System info: os.name: &amp;apos;Windows 11&amp;apos;, os.arch: &amp;apos;amd64&amp;apos;, os.version: &amp;apos;10.0&amp;apos;, java.version: &amp;apos;17.0.7&amp;apos;
Driver info: org.openqa.selenium.chrome.ChromeDriver
Command: [f912ce828a5b355e2a179df2b0f6957e, findElement {value=//*[@aria-label=&amp;apos;Download Financial Settlement Report for event R317_RS_After_Certify_CA&amp;apos;], using=xpath}]
Capabilities {acceptInsecureCerts: false, browserName: chrome, browserVersion: 123.0.6312.88, chrome: {chromedriverVersion: 123.0.6312.86 (9b72c47a0536..., userDataDir: C:\Users\ROHIDA~1\AppData\L...}, fedcm:accounts: true, goog:chromeOptions: {debuggerAddress: localhost:50458}, networkConnectionEnabled: false, pageLoadStrategy: normal, platformName: windows, proxy: Proxy(), se:cdp: ws://localhost:50458/devtoo..., se:cdpVersion: 123.0.6312.88, setWindowRect: true, strictFileInteractability: false, timeouts: {implicit: 0, pageLoad: 300000, script: 30000}, unhandledPromptBehavior: dismiss and notify, webauthn:extension:credBlob: true, webauthn:extension:largeBlob: true, webauthn:extension:minPinLength: true, webauthn:extension:prf: true, webauthn:virtualAuthenticators: true}
Session ID: f912ce828a5b355e2a179df2b0f6957e">
      <![CDATA[org.openqa.selenium.NoSuchElementException: no such element: Unable to locate element: {"method":"xpath","selector":"//*[@aria-label='Download Financial Settlement Report for event R317_RS_After_Certify_CA']"}
  (Session info: chrome=123.0.6312.88)
For documentation on this error, please visit: https://www.selenium.dev/documentation/webdriver/troubleshooting/errors#no-such-element-exception
Build info: version: '4.18.1', revision: 'b1d3319b48'
System info: os.name: 'Windows 11', os.arch: 'amd64', os.version: '10.0', java.version: '17.0.7'
Driver info: org.openqa.selenium.chrome.ChromeDriver
Command: [f912ce828a5b355e2a179df2b0f6957e, findElement {value=//*[@aria-label='Download Financial Settlement Report for event R317_RS_After_Certify_CA'], using=xpath}]
Capabilities {acceptInsecureCerts: false, browserName: chrome, browserVersion: 123.0.6312.88, chrome: {chromedriverVersion: 123.0.6312.86 (9b72c47a0536..., userDataDir: C:\Users\ROHIDA~1\AppData\L...}, fedcm:accounts: true, goog:chromeOptions: {debuggerAddress: localhost:50458}, networkConnectionEnabled: false, pageLoadStrategy: normal, platformName: windows, proxy: Proxy(), se:cdp: ws://localhost:50458/devtoo..., se:cdpVersion: 123.0.6312.88, setWindowRect: true, strictFileInteractability: false, timeouts: {implicit: 0, pageLoad: 300000, script: 30000}, unhandledPromptBehavior: dismiss and notify, webauthn:extension:credBlob: true, webauthn:extension:largeBlob: true, webauthn:extension:minPinLength: true, webauthn:extension:prf: true, webauthn:virtualAuthenticators: true}
Session ID: f912ce828a5b355e2a179df2b0f6957e
at org.openqa.selenium.remote.ErrorCodec.decode(ErrorCodec.java:167)
at org.openqa.selenium.remote.codec.w3c.W3CHttpResponseCodec.decode(W3CHttpResponseCodec.java:138)
at org.openqa.selenium.remote.codec.w3c.W3CHttpResponseCodec.decode(W3CHttpResponseCodec.java:50)
at org.openqa.selenium.remote.HttpCommandExecutor.execute(HttpCommandExecutor.java:190)
at org.openqa.selenium.remote.service.DriverCommandExecutor.invokeExecute(DriverCommandExecutor.java:216)
at org.openqa.selenium.remote.service.DriverCommandExecutor.execute(DriverCommandExecutor.java:174)
at org.openqa.selenium.remote.RemoteWebDriver.execute(RemoteWebDriver.java:519)
at org.openqa.selenium.remote.ElementLocation$ElementFinder$2.findElement(ElementLocation.java:165)
at org.openqa.selenium.remote.ElementLocation.findElement(ElementLocation.java:59)
at org.openqa.selenium.remote.RemoteWebDriver.findElement(RemoteWebDriver.java:356)
at org.openqa.selenium.remote.RemoteWebDriver.findElement(RemoteWebDriver.java:350)
at org.openqa.selenium.support.pagefactory.DefaultElementLocator.findElement(DefaultElementLocator.java:68)
at org.openqa.selenium.support.pagefactory.internal.LocatingElementHandler.invoke(LocatingElementHandler.java:38)
at jdk.proxy2/jdk.proxy2.$Proxy14.click(Unknown Source)
at pageObjects.AUP_QA_POM_Mayur.ValidateFinancialSettlementReportsFSAQCENG(AUP_QA_POM_Mayur.java:4765)
at testClasses.Tests_QA_AUP_Mayur.ValidateFinancialSettlementReportsENGSP(Tests_QA_AUP_Mayur.java:216)
at java.base/java.util.ArrayList.forEach(ArrayList.java:1511)
... Removed 31 stack frames]]>
    </failure>
  </testcase> <!-- ValidateFinancialSettlementReportsENGSP -->
  <testcase classname="testClasses.Tests_QA_AUP_Mayur" name="ValidateFinancialSettlementReportsENGSP" time="82.992">
    <skipped/>
  </testcase> <!-- ValidateFinancialSettlementReportsENGSP -->
  <testcase classname="testClasses.Tests_QA_AUP_Mayur" name="ValidateFinancialSettlementReportsENGSP" time="81.568">
    <failure type="org.openqa.selenium.NoSuchElementException" message="no such element: Unable to locate element: {&amp;quot;method&amp;quot;:&amp;quot;xpath&amp;quot;,&amp;quot;selector&amp;quot;:&amp;quot;//*[@aria-label=&amp;apos;Download Financial Settlement Report for event R317_RS_After_Certify_CA&amp;apos;]&amp;quot;}
  (Session info: chrome=123.0.6312.88)
For documentation on this error, please visit: https://www.selenium.dev/documentation/webdriver/troubleshooting/errors#no-such-element-exception
Build info: version: &amp;apos;4.18.1&amp;apos;, revision: &amp;apos;b1d3319b48&amp;apos;
System info: os.name: &amp;apos;Windows 11&amp;apos;, os.arch: &amp;apos;amd64&amp;apos;, os.version: &amp;apos;10.0&amp;apos;, java.version: &amp;apos;17.0.7&amp;apos;
Driver info: org.openqa.selenium.chrome.ChromeDriver
Command: [7d59955755a1d42f977c1b0617210f97, findElement {value=//*[@aria-label=&amp;apos;Download Financial Settlement Report for event R317_RS_After_Certify_CA&amp;apos;], using=xpath}]
Capabilities {acceptInsecureCerts: false, browserName: chrome, browserVersion: 123.0.6312.88, chrome: {chromedriverVersion: 123.0.6312.86 (9b72c47a0536..., userDataDir: C:\Users\ROHIDA~1\AppData\L...}, fedcm:accounts: true, goog:chromeOptions: {debuggerAddress: localhost:50556}, networkConnectionEnabled: false, pageLoadStrategy: normal, platformName: windows, proxy: Proxy(), se:cdp: ws://localhost:50556/devtoo..., se:cdpVersion: 123.0.6312.88, setWindowRect: true, strictFileInteractability: false, timeouts: {implicit: 0, pageLoad: 300000, script: 30000}, unhandledPromptBehavior: dismiss and notify, webauthn:extension:credBlob: true, webauthn:extension:largeBlob: true, webauthn:extension:minPinLength: true, webauthn:extension:prf: true, webauthn:virtualAuthenticators: true}
Session ID: 7d59955755a1d42f977c1b0617210f97">
      <![CDATA[org.openqa.selenium.NoSuchElementException: no such element: Unable to locate element: {"method":"xpath","selector":"//*[@aria-label='Download Financial Settlement Report for event R317_RS_After_Certify_CA']"}
  (Session info: chrome=123.0.6312.88)
For documentation on this error, please visit: https://www.selenium.dev/documentation/webdriver/troubleshooting/errors#no-such-element-exception
Build info: version: '4.18.1', revision: 'b1d3319b48'
System info: os.name: 'Windows 11', os.arch: 'amd64', os.version: '10.0', java.version: '17.0.7'
Driver info: org.openqa.selenium.chrome.ChromeDriver
Command: [7d59955755a1d42f977c1b0617210f97, findElement {value=//*[@aria-label='Download Financial Settlement Report for event R317_RS_After_Certify_CA'], using=xpath}]
Capabilities {acceptInsecureCerts: false, browserName: chrome, browserVersion: 123.0.6312.88, chrome: {chromedriverVersion: 123.0.6312.86 (9b72c47a0536..., userDataDir: C:\Users\ROHIDA~1\AppData\L...}, fedcm:accounts: true, goog:chromeOptions: {debuggerAddress: localhost:50556}, networkConnectionEnabled: false, pageLoadStrategy: normal, platformName: windows, proxy: Proxy(), se:cdp: ws://localhost:50556/devtoo..., se:cdpVersion: 123.0.6312.88, setWindowRect: true, strictFileInteractability: false, timeouts: {implicit: 0, pageLoad: 300000, script: 30000}, unhandledPromptBehavior: dismiss and notify, webauthn:extension:credBlob: true, webauthn:extension:largeBlob: true, webauthn:extension:minPinLength: true, webauthn:extension:prf: true, webauthn:virtualAuthenticators: true}
Session ID: 7d59955755a1d42f977c1b0617210f97
at org.openqa.selenium.remote.ErrorCodec.decode(ErrorCodec.java:167)
at org.openqa.selenium.remote.codec.w3c.W3CHttpResponseCodec.decode(W3CHttpResponseCodec.java:138)
at org.openqa.selenium.remote.codec.w3c.W3CHttpResponseCodec.decode(W3CHttpResponseCodec.java:50)
at org.openqa.selenium.remote.HttpCommandExecutor.execute(HttpCommandExecutor.java:190)
at org.openqa.selenium.remote.service.DriverCommandExecutor.invokeExecute(DriverCommandExecutor.java:216)
at org.openqa.selenium.remote.service.DriverCommandExecutor.execute(DriverCommandExecutor.java:174)
at org.openqa.selenium.remote.RemoteWebDriver.execute(RemoteWebDriver.java:519)
at org.openqa.selenium.remote.ElementLocation$ElementFinder$2.findElement(ElementLocation.java:165)
at org.openqa.selenium.remote.ElementLocation.findElement(ElementLocation.java:59)
at org.openqa.selenium.remote.RemoteWebDriver.findElement(RemoteWebDriver.java:356)
at org.openqa.selenium.remote.RemoteWebDriver.findElement(RemoteWebDriver.java:350)
at org.openqa.selenium.support.pagefactory.DefaultElementLocator.findElement(DefaultElementLocator.java:68)
at org.openqa.selenium.support.pagefactory.internal.LocatingElementHandler.invoke(LocatingElementHandler.java:38)
at jdk.proxy2/jdk.proxy2.$Proxy14.click(Unknown Source)
at pageObjects.AUP_QA_POM_Mayur.ValidateFinancialSettlementReportsFSAQCENG(AUP_QA_POM_Mayur.java:4765)
at testClasses.Tests_QA_AUP_Mayur.ValidateFinancialSettlementReportsENGSP(Tests_QA_AUP_Mayur.java:216)
at java.base/java.util.ArrayList.forEach(ArrayList.java:1511)
... Removed 31 stack frames]]>
    </failure>
  </testcase> <!-- ValidateFinancialSettlementReportsENGSP -->
  <testcase classname="testClasses.Tests_QA_AUP_Mayur" name="ValidateFinancialSettlementReportsENGSP" time="82.149">
    <skipped/>
  </testcase> <!-- ValidateFinancialSettlementReportsENGSP -->
  <testcase classname="testClasses.Tests_QA_AUP_Mayur" name="ValidateFinancialSettlementReportsENGSP" time="90.207">
    <failure type="org.openqa.selenium.NoSuchElementException" message="no such element: Unable to locate element: {&amp;quot;method&amp;quot;:&amp;quot;xpath&amp;quot;,&amp;quot;selector&amp;quot;:&amp;quot;//*[@aria-label=&amp;apos;Download Financial Settlement Report for event R317_RS_After_Certify_CA&amp;apos;]&amp;quot;}
  (Session info: chrome=123.0.6312.88)
For documentation on this error, please visit: https://www.selenium.dev/documentation/webdriver/troubleshooting/errors#no-such-element-exception
Build info: version: &amp;apos;4.18.1&amp;apos;, revision: &amp;apos;b1d3319b48&amp;apos;
System info: os.name: &amp;apos;Windows 11&amp;apos;, os.arch: &amp;apos;amd64&amp;apos;, os.version: &amp;apos;10.0&amp;apos;, java.version: &amp;apos;17.0.7&amp;apos;
Driver info: org.openqa.selenium.chrome.ChromeDriver
Command: [8ae43c3f864f00500ca689a942d807a0, findElement {value=//*[@aria-label=&amp;apos;Download Financial Settlement Report for event R317_RS_After_Certify_CA&amp;apos;], using=xpath}]
Capabilities {acceptInsecureCerts: false, browserName: chrome, browserVersion: 123.0.6312.88, chrome: {chromedriverVersion: 123.0.6312.86 (9b72c47a0536..., userDataDir: C:\Users\ROHIDA~1\AppData\L...}, fedcm:accounts: true, goog:chromeOptions: {debuggerAddress: localhost:50636}, networkConnectionEnabled: false, pageLoadStrategy: normal, platformName: windows, proxy: Proxy(), se:cdp: ws://localhost:50636/devtoo..., se:cdpVersion: 123.0.6312.88, setWindowRect: true, strictFileInteractability: false, timeouts: {implicit: 0, pageLoad: 300000, script: 30000}, unhandledPromptBehavior: dismiss and notify, webauthn:extension:credBlob: true, webauthn:extension:largeBlob: true, webauthn:extension:minPinLength: true, webauthn:extension:prf: true, webauthn:virtualAuthenticators: true}
Session ID: 8ae43c3f864f00500ca689a942d807a0">
      <![CDATA[org.openqa.selenium.NoSuchElementException: no such element: Unable to locate element: {"method":"xpath","selector":"//*[@aria-label='Download Financial Settlement Report for event R317_RS_After_Certify_CA']"}
  (Session info: chrome=123.0.6312.88)
For documentation on this error, please visit: https://www.selenium.dev/documentation/webdriver/troubleshooting/errors#no-such-element-exception
Build info: version: '4.18.1', revision: 'b1d3319b48'
System info: os.name: 'Windows 11', os.arch: 'amd64', os.version: '10.0', java.version: '17.0.7'
Driver info: org.openqa.selenium.chrome.ChromeDriver
Command: [8ae43c3f864f00500ca689a942d807a0, findElement {value=//*[@aria-label='Download Financial Settlement Report for event R317_RS_After_Certify_CA'], using=xpath}]
Capabilities {acceptInsecureCerts: false, browserName: chrome, browserVersion: 123.0.6312.88, chrome: {chromedriverVersion: 123.0.6312.86 (9b72c47a0536..., userDataDir: C:\Users\ROHIDA~1\AppData\L...}, fedcm:accounts: true, goog:chromeOptions: {debuggerAddress: localhost:50636}, networkConnectionEnabled: false, pageLoadStrategy: normal, platformName: windows, proxy: Proxy(), se:cdp: ws://localhost:50636/devtoo..., se:cdpVersion: 123.0.6312.88, setWindowRect: true, strictFileInteractability: false, timeouts: {implicit: 0, pageLoad: 300000, script: 30000}, unhandledPromptBehavior: dismiss and notify, webauthn:extension:credBlob: true, webauthn:extension:largeBlob: true, webauthn:extension:minPinLength: true, webauthn:extension:prf: true, webauthn:virtualAuthenticators: true}
Session ID: 8ae43c3f864f00500ca689a942d807a0
at org.openqa.selenium.remote.ErrorCodec.decode(ErrorCodec.java:167)
at org.openqa.selenium.remote.codec.w3c.W3CHttpResponseCodec.decode(W3CHttpResponseCodec.java:138)
at org.openqa.selenium.remote.codec.w3c.W3CHttpResponseCodec.decode(W3CHttpResponseCodec.java:50)
at org.openqa.selenium.remote.HttpCommandExecutor.execute(HttpCommandExecutor.java:190)
at org.openqa.selenium.remote.service.DriverCommandExecutor.invokeExecute(DriverCommandExecutor.java:216)
at org.openqa.selenium.remote.service.DriverCommandExecutor.execute(DriverCommandExecutor.java:174)
at org.openqa.selenium.remote.RemoteWebDriver.execute(RemoteWebDriver.java:519)
at org.openqa.selenium.remote.ElementLocation$ElementFinder$2.findElement(ElementLocation.java:165)
at org.openqa.selenium.remote.ElementLocation.findElement(ElementLocation.java:59)
at org.openqa.selenium.remote.RemoteWebDriver.findElement(RemoteWebDriver.java:356)
at org.openqa.selenium.remote.RemoteWebDriver.findElement(RemoteWebDriver.java:350)
at org.openqa.selenium.support.pagefactory.DefaultElementLocator.findElement(DefaultElementLocator.java:68)
at org.openqa.selenium.support.pagefactory.internal.LocatingElementHandler.invoke(LocatingElementHandler.java:38)
at jdk.proxy2/jdk.proxy2.$Proxy14.click(Unknown Source)
at pageObjects.AUP_QA_POM_Mayur.ValidateFinancialSettlementReportsFSAQCENG(AUP_QA_POM_Mayur.java:4765)
at testClasses.Tests_QA_AUP_Mayur.ValidateFinancialSettlementReportsENGSP(Tests_QA_AUP_Mayur.java:216)
at java.base/java.util.ArrayList.forEach(ArrayList.java:1511)
... Removed 31 stack frames]]>
    </failure>
  </testcase> <!-- ValidateFinancialSettlementReportsENGSP -->
  <testcase classname="testClasses.Tests_QA_AUP_Mayur" name="ValidateAllowancedeliveryReportsQC" time="31.593">
    <skipped/>
  </testcase> <!-- ValidateAllowancedeliveryReportsQC -->
  <testcase classname="testClasses.Tests_QA_AUP_Mayur" name="ValidateAllowancedeliveryReportsQC" time="27.484">
    <failure type="java.lang.IllegalArgumentException" message="Keys to send should be a not null CharSequence">
      <![CDATA[java.lang.IllegalArgumentException: Keys to send should be a not null CharSequence
at org.openqa.selenium.remote.RemoteWebElement.sendKeys(RemoteWebElement.java:96)
at pageObjects.AUP_QA_POM_Mayur.ValidateemissiondeliveryReportsSBMAQC(AUP_QA_POM_Mayur.java:5394)
at testClasses.Tests_QA_AUP_Mayur.ValidateAllowancedeliveryReportsQC(Tests_QA_AUP_Mayur.java:235)
at java.base/java.util.ArrayList.forEach(ArrayList.java:1511)
... Removed 27 stack frames]]>
    </failure>
  </testcase> <!-- ValidateAllowancedeliveryReportsQC -->
  <testcase classname="testClasses.Tests_QA_AUP_Mayur" name="DataintheBidsReportiscorrectQC" time="27.611">
    <skipped/>
  </testcase> <!-- DataintheBidsReportiscorrectQC -->
  <testcase classname="testClasses.Tests_QA_AUP_Mayur" name="DataintheBidsReportiscorrectQC" time="31.213">
    <failure type="java.lang.IllegalArgumentException" message="Keys to send should be a not null CharSequence">
      <![CDATA[java.lang.IllegalArgumentException: Keys to send should be a not null CharSequence
at org.openqa.selenium.remote.RemoteWebElement.sendKeys(RemoteWebElement.java:96)
at pageObjects.AUP_QA_POM_Mayur.ValidateBidsReportqcsbma(AUP_QA_POM_Mayur.java:5643)
at testClasses.Tests_QA_AUP_Mayur.DataintheBidsReportiscorrectQC(Tests_QA_AUP_Mayur.java:247)
at java.base/java.util.ArrayList.forEach(ArrayList.java:1511)
... Removed 27 stack frames]]>
    </failure>
  </testcase> <!-- DataintheBidsReportiscorrectQC -->
  <testcase classname="testClasses.Tests_QA_AUP_Mayur" name="ValidateClientBidAuditReportsQC" time="26.097">
    <skipped/>
  </testcase> <!-- ValidateClientBidAuditReportsQC -->
  <testcase classname="testClasses.Tests_QA_AUP_Mayur" name="ValidateClientBidAuditReportsQC" time="35.56">
    <failure type="java.lang.IllegalArgumentException" message="Keys to send should be a not null CharSequence">
      <![CDATA[java.lang.IllegalArgumentException: Keys to send should be a not null CharSequence
at org.openqa.selenium.remote.RemoteWebElement.sendKeys(RemoteWebElement.java:96)
at pageObjects.AUP_QA_POM_Mayur.ValidateClientBidsAuditReportqcsbma(AUP_QA_POM_Mayur.java:5698)
at testClasses.Tests_QA_AUP_Mayur.ValidateClientBidAuditReportsQC(Tests_QA_AUP_Mayur.java:260)
at java.base/java.util.ArrayList.forEach(ArrayList.java:1511)
... Removed 27 stack frames]]>
    </failure>
  </testcase> <!-- ValidateClientBidAuditReportsQC -->
  <testcase classname="testClasses.Tests_QA_AUP_Mayur" name="ValidateClientBidReportsQC" time="31.313">
    <skipped/>
  </testcase> <!-- ValidateClientBidReportsQC -->
  <testcase classname="testClasses.Tests_QA_AUP_Mayur" name="ValidateClientBidReportsQC" time="26.731">
    <failure type="java.lang.IllegalArgumentException" message="Keys to send should be a not null CharSequence">
      <![CDATA[java.lang.IllegalArgumentException: Keys to send should be a not null CharSequence
at org.openqa.selenium.remote.RemoteWebElement.sendKeys(RemoteWebElement.java:96)
at pageObjects.AUP_QA_POM_Mayur.ValidateClientBidsReportqcsbma(AUP_QA_POM_Mayur.java:5826)
at testClasses.Tests_QA_AUP_Mayur.ValidateClientBidReportsQC(Tests_QA_AUP_Mayur.java:283)
at java.base/java.util.ArrayList.forEach(ArrayList.java:1511)
... Removed 27 stack frames]]>
    </failure>
  </testcase> <!-- ValidateClientBidReportsQC -->
  <testcase classname="testClasses.Tests_QA_AUP_Mayur" name="ValidateClientBidReportsQC" time="24.627">
    <skipped/>
  </testcase> <!-- ValidateClientBidReportsQC -->
  <testcase classname="testClasses.Tests_QA_AUP_Mayur" name="ValidateClientBidReportsQC" time="27.427">
    <failure type="java.lang.IllegalArgumentException" message="Keys to send should be a not null CharSequence">
      <![CDATA[java.lang.IllegalArgumentException: Keys to send should be a not null CharSequence
at org.openqa.selenium.remote.RemoteWebElement.sendKeys(RemoteWebElement.java:96)
at pageObjects.AUP_QA_POM_Mayur.ValidateClientBidsReportqcsbma(AUP_QA_POM_Mayur.java:5826)
at testClasses.Tests_QA_AUP_Mayur.ValidateClientBidReportsQC(Tests_QA_AUP_Mayur.java:283)
at java.base/java.util.ArrayList.forEach(ArrayList.java:1511)
... Removed 27 stack frames]]>
    </failure>
  </testcase> <!-- ValidateClientBidReportsQC -->
  <testcase classname="testClasses.Tests_QA_AUP_Mayur" name="ValidateClientBidReportsQC" time="28.017">
    <skipped/>
  </testcase> <!-- ValidateClientBidReportsQC -->
  <testcase classname="testClasses.Tests_QA_AUP_Mayur" name="ValidateClientBidReportsQC" time="30.873">
    <failure type="java.lang.IllegalArgumentException" message="Keys to send should be a not null CharSequence">
      <![CDATA[java.lang.IllegalArgumentException: Keys to send should be a not null CharSequence
at org.openqa.selenium.remote.RemoteWebElement.sendKeys(RemoteWebElement.java:96)
at pageObjects.AUP_QA_POM_Mayur.ValidateClientBidsReportqcsbma(AUP_QA_POM_Mayur.java:5826)
at testClasses.Tests_QA_AUP_Mayur.ValidateClientBidReportsQC(Tests_QA_AUP_Mayur.java:283)
at java.base/java.util.ArrayList.forEach(ArrayList.java:1511)
... Removed 27 stack frames]]>
    </failure>
  </testcase> <!-- ValidateClientBidReportsQC -->
  <testcase classname="testClasses.Tests_QA_AUP_Mayur" name="ValidateClientBidReportsQC" time="24.861">
    <skipped/>
  </testcase> <!-- ValidateClientBidReportsQC -->
  <testcase classname="testClasses.Tests_QA_AUP_Mayur" name="ValidateClientBidReportsQC" time="26.421">
    <failure type="java.lang.IllegalArgumentException" message="Keys to send should be a not null CharSequence">
      <![CDATA[java.lang.IllegalArgumentException: Keys to send should be a not null CharSequence
at org.openqa.selenium.remote.RemoteWebElement.sendKeys(RemoteWebElement.java:96)
at pageObjects.AUP_QA_POM_Mayur.ValidateClientBidsReportqcsbma(AUP_QA_POM_Mayur.java:5826)
at testClasses.Tests_QA_AUP_Mayur.ValidateClientBidReportsQC(Tests_QA_AUP_Mayur.java:283)
at java.base/java.util.ArrayList.forEach(ArrayList.java:1511)
... Removed 27 stack frames]]>
    </failure>
  </testcase> <!-- ValidateClientBidReportsQC -->
  <testcase classname="testClasses.Tests_QA_AUP_Mayur" name="ValidateClientBidReportsCA" time="55.954"/>
  <testcase classname="testClasses.Tests_QA_AUP_Mayur" name="ValidateClientBidReportsARQC" time="75.231"/>
  <testcase classname="testClasses.Tests_QA_AUP_Mayur" name="ValidateClientBidReportsARCA" time="56.531"/>
  <testcase classname="testClasses.Tests_QA_AUP_Mayur" name="ValidateFinancialStatementReportsCA" time="78.956"/>
  <testcase classname="testClasses.Tests_QA_AUP_Mayur" name="ValidateFinancialStatementReportsCA" time="79.33"/>
  <testcase classname="testClasses.TestSuitesTestCases" name="verifySponsorCanAccessUserAdministrationScreenFromContextualNavigationBar" time="22.818"/>
  <testcase classname="testClasses.TestSuitesTestCases" name="verifyOnlySponsorRoleHasAccessToViewTheUserAdminScreen" time="123.407">
    <skipped/>
  </testcase> <!-- verifyOnlySponsorRoleHasAccessToViewTheUserAdminScreen -->
  <testcase classname="testClasses.TestSuitesTestCases" name="verifyOnlySponsorRoleHasAccessToViewTheUserAdminScreen" time="125.159">
    <failure type="org.openqa.selenium.TimeoutException" message="Expected condition failed: waiting for visibility of element located by By.xpath: //*[text()=&amp;apos;Monitoring&amp;apos;] (tried for 30 second(s) with 500 milliseconds interval)
Build info: version: &amp;apos;4.18.1&amp;apos;, revision: &amp;apos;b1d3319b48&amp;apos;
System info: os.name: &amp;apos;Windows 11&amp;apos;, os.arch: &amp;apos;amd64&amp;apos;, os.version: &amp;apos;10.0&amp;apos;, java.version: &amp;apos;17.0.7&amp;apos;
Driver info: org.openqa.selenium.chrome.ChromeDriver
Capabilities {acceptInsecureCerts: false, browserName: chrome, browserVersion: 123.0.6312.88, chrome: {chromedriverVersion: 123.0.6312.86 (9b72c47a0536..., userDataDir: C:\Users\ROHIDA~1\AppData\L...}, fedcm:accounts: true, goog:chromeOptions: {debuggerAddress: localhost:51563}, networkConnectionEnabled: false, pageLoadStrategy: normal, platformName: windows, proxy: Proxy(), se:cdp: ws://localhost:51563/devtoo..., se:cdpVersion: 123.0.6312.88, setWindowRect: true, strictFileInteractability: false, timeouts: {implicit: 0, pageLoad: 300000, script: 30000}, unhandledPromptBehavior: dismiss and notify, webauthn:extension:credBlob: true, webauthn:extension:largeBlob: true, webauthn:extension:minPinLength: true, webauthn:extension:prf: true, webauthn:virtualAuthenticators: true}
Session ID: a46927dab984ec00a1c97056a509358d">
      <![CDATA[org.openqa.selenium.TimeoutException: Expected condition failed: waiting for visibility of element located by By.xpath: //*[text()='Monitoring'] (tried for 30 second(s) with 500 milliseconds interval)
Build info: version: '4.18.1', revision: 'b1d3319b48'
System info: os.name: 'Windows 11', os.arch: 'amd64', os.version: '10.0', java.version: '17.0.7'
Driver info: org.openqa.selenium.chrome.ChromeDriver
Capabilities {acceptInsecureCerts: false, browserName: chrome, browserVersion: 123.0.6312.88, chrome: {chromedriverVersion: 123.0.6312.86 (9b72c47a0536..., userDataDir: C:\Users\ROHIDA~1\AppData\L...}, fedcm:accounts: true, goog:chromeOptions: {debuggerAddress: localhost:51563}, networkConnectionEnabled: false, pageLoadStrategy: normal, platformName: windows, proxy: Proxy(), se:cdp: ws://localhost:51563/devtoo..., se:cdpVersion: 123.0.6312.88, setWindowRect: true, strictFileInteractability: false, timeouts: {implicit: 0, pageLoad: 300000, script: 30000}, unhandledPromptBehavior: dismiss and notify, webauthn:extension:credBlob: true, webauthn:extension:largeBlob: true, webauthn:extension:minPinLength: true, webauthn:extension:prf: true, webauthn:virtualAuthenticators: true}
Session ID: a46927dab984ec00a1c97056a509358d
at org.openqa.selenium.support.ui.WebDriverWait.timeoutException(WebDriverWait.java:84)
at org.openqa.selenium.support.ui.FluentWait.until(FluentWait.java:228)
at pageObjects.CreateEvent.clickbtnAdmin(CreateEvent.java:1775)
at pageObjects.POM_Test_Suites.verifyEACanAccessUserAdministrationScreen(POM_Test_Suites.java:459)
at testClasses.TestSuitesTestCases.verifyOnlySponsorRoleHasAccessToViewTheUserAdminScreen(TestSuitesTestCases.java:45)
at java.base/java.util.ArrayList.forEach(ArrayList.java:1511)
... Removed 27 stack frames]]>
    </failure>
  </testcase> <!-- verifyOnlySponsorRoleHasAccessToViewTheUserAdminScreen -->
  <testcase classname="testClasses.TestSuitesTestCases" name="verifyUserAdminscreenFollowsWFGuidelines" time="25.423"/>
  <testcase classname="testClasses.TestSuitesTestCases" name="verifySponsorMustBeAbleToSearchTheDataByFirstName" time="34.811"/>
  <testcase classname="testClasses.TestSuitesTestCases" name="verifySponsorMustBeAbleToSearchTheDataByLastName" time="94.258">
    <skipped/>
  </testcase> <!-- verifySponsorMustBeAbleToSearchTheDataByLastName -->
  <testcase classname="testClasses.TestSuitesTestCases" name="verifySponsorMustBeAbleToSearchTheDataByLastName" time="91.436">
    <failure type="org.openqa.selenium.TimeoutException" message="Expected condition failed: waiting for element to be clickable: Proxy element for: DefaultElementLocator &amp;apos;By.xpath: //td[text()=&amp;apos;California&amp;apos;]&amp;apos; (tried for 30 second(s) with 500 milliseconds interval)">
      <![CDATA[org.openqa.selenium.TimeoutException: Expected condition failed: waiting for element to be clickable: Proxy element for: DefaultElementLocator 'By.xpath: //td[text()='California']' (tried for 30 second(s) with 500 milliseconds interval)
at org.openqa.selenium.support.ui.WebDriverWait.timeoutException(WebDriverWait.java:84)
at org.openqa.selenium.support.ui.FluentWait.until(FluentWait.java:228)
at pageObjects.POM_Test_Suites.searchTheDataByLastName(POM_Test_Suites.java:630)
at testClasses.TestSuitesTestCases.verifySponsorMustBeAbleToSearchTheDataByLastName(TestSuitesTestCases.java:119)
at java.base/java.util.ArrayList.forEach(ArrayList.java:1511)
Caused by: org.openqa.selenium.NoSuchElementException: no such element: Unable to locate element: {"method":"xpath","selector":"//td[text()='California']"}
  (Session info: chrome=123.0.6312.88)
For documentation on this error, please visit: https://www.selenium.dev/documentation/webdriver/troubleshooting/errors#no-such-element-exception
Build info: version: '4.18.1', revision: 'b1d3319b48'
System info: os.name: 'Windows 11', os.arch: 'amd64', os.version: '10.0', java.version: '17.0.7'
Driver info: org.openqa.selenium.chrome.ChromeDriver
Command: [4cac2b790d8a3939d36330d9c1f6fed7, findElement {value=//td[text()='California'], using=xpath}]
Capabilities {acceptInsecureCerts: false, browserName: chrome, browserVersion: 123.0.6312.88, chrome: {chromedriverVersion: 123.0.6312.86 (9b72c47a0536..., userDataDir: C:\Users\ROHIDA~1\AppData\L...}, fedcm:accounts: true, goog:chromeOptions: {debuggerAddress: localhost:51714}, networkConnectionEnabled: false, pageLoadStrategy: normal, platformName: windows, proxy: Proxy(), se:cdp: ws://localhost:51714/devtoo..., se:cdpVersion: 123.0.6312.88, setWindowRect: true, strictFileInteractability: false, timeouts: {implicit: 0, pageLoad: 300000, script: 30000}, unhandledPromptBehavior: dismiss and notify, webauthn:extension:credBlob: true, webauthn:extension:largeBlob: true, webauthn:extension:minPinLength: true, webauthn:extension:prf: true, webauthn:virtualAuthenticators: true}
Session ID: 4cac2b790d8a3939d36330d9c1f6fed7
at org.openqa.selenium.remote.ErrorCodec.decode(ErrorCodec.java:167)
at org.openqa.selenium.remote.codec.w3c.W3CHttpResponseCodec.decode(W3CHttpResponseCodec.java:138)
at org.openqa.selenium.remote.codec.w3c.W3CHttpResponseCodec.decode(W3CHttpResponseCodec.java:50)
at org.openqa.selenium.remote.HttpCommandExecutor.execute(HttpCommandExecutor.java:190)
at org.openqa.selenium.remote.service.DriverCommandExecutor.invokeExecute(DriverCommandExecutor.java:216)
at org.openqa.selenium.remote.service.DriverCommandExecutor.execute(DriverCommandExecutor.java:174)
at org.openqa.selenium.remote.RemoteWebDriver.execute(RemoteWebDriver.java:519)
at org.openqa.selenium.remote.ElementLocation$ElementFinder$2.findElement(ElementLocation.java:165)
at org.openqa.selenium.remote.ElementLocation.findElement(ElementLocation.java:59)
at org.openqa.selenium.remote.RemoteWebDriver.findElement(RemoteWebDriver.java:356)
at org.openqa.selenium.remote.RemoteWebDriver.findElement(RemoteWebDriver.java:350)
at org.openqa.selenium.support.pagefactory.DefaultElementLocator.findElement(DefaultElementLocator.java:68)
at org.openqa.selenium.support.pagefactory.internal.LocatingElementHandler.invoke(LocatingElementHandler.java:38)
at jdk.proxy2/jdk.proxy2.$Proxy14.isDisplayed(Unknown Source)
at org.openqa.selenium.support.ui.ExpectedConditions.elementIfVisible(ExpectedConditions.java:304)
at org.openqa.selenium.support.ui.ExpectedConditions$10.apply(ExpectedConditions.java:290)
at org.openqa.selenium.support.ui.ExpectedConditions$10.apply(ExpectedConditions.java:287)
at org.openqa.selenium.support.ui.ExpectedConditions$23.apply(ExpectedConditions.java:656)
at org.openqa.selenium.support.ui.ExpectedConditions$23.apply(ExpectedConditions.java:652)
at org.openqa.selenium.support.ui.FluentWait.until(FluentWait.java:203)
... 30 more
... Removed 31 stack frames]]>
    </failure>
  </testcase> <!-- verifySponsorMustBeAbleToSearchTheDataByLastName -->
  <testcase classname="testClasses.TestSuitesTestCases" name="verifySponsorMustBeAbleToSearchTheDataByEmailID" time="31.156"/>
  <testcase classname="testClasses.TestSuitesTestCases" name="verifySponsorMustBeAbleToSearchTheDataByEntityName" time="28.963"/>
  <testcase classname="testClasses.TestSuitesTestCases" name="verifyTheSearchIsCaseInsensitive" time="91.092">
    <skipped/>
  </testcase> <!-- verifyTheSearchIsCaseInsensitive -->
  <testcase classname="testClasses.TestSuitesTestCases" name="verifyTheSearchIsCaseInsensitive" time="92.864">
    <failure type="org.openqa.selenium.TimeoutException" message="Expected condition failed: waiting for element to be clickable: Proxy element for: DefaultElementLocator &amp;apos;By.xpath: //td[text()=&amp;apos;California&amp;apos;]&amp;apos; (tried for 30 second(s) with 500 milliseconds interval)">
      <![CDATA[org.openqa.selenium.TimeoutException: Expected condition failed: waiting for element to be clickable: Proxy element for: DefaultElementLocator 'By.xpath: //td[text()='California']' (tried for 30 second(s) with 500 milliseconds interval)
at org.openqa.selenium.support.ui.WebDriverWait.timeoutException(WebDriverWait.java:84)
at org.openqa.selenium.support.ui.FluentWait.until(FluentWait.java:228)
at pageObjects.POM_Test_Suites.searchIsCaseInsensitive(POM_Test_Suites.java:711)
at testClasses.TestSuitesTestCases.verifyTheSearchIsCaseInsensitive(TestSuitesTestCases.java:181)
at java.base/java.util.ArrayList.forEach(ArrayList.java:1511)
Caused by: org.openqa.selenium.NoSuchElementException: no such element: Unable to locate element: {"method":"xpath","selector":"//td[text()='California']"}
  (Session info: chrome=123.0.6312.88)
For documentation on this error, please visit: https://www.selenium.dev/documentation/webdriver/troubleshooting/errors#no-such-element-exception
Build info: version: '4.18.1', revision: 'b1d3319b48'
System info: os.name: 'Windows 11', os.arch: 'amd64', os.version: '10.0', java.version: '17.0.7'
Driver info: org.openqa.selenium.chrome.ChromeDriver
Command: [56f32331d28bc177d418dbbedac215a6, findElement {value=//td[text()='California'], using=xpath}]
Capabilities {acceptInsecureCerts: false, browserName: chrome, browserVersion: 123.0.6312.88, chrome: {chromedriverVersion: 123.0.6312.86 (9b72c47a0536..., userDataDir: C:\Users\ROHIDA~1\AppData\L...}, fedcm:accounts: true, goog:chromeOptions: {debuggerAddress: localhost:51883}, networkConnectionEnabled: false, pageLoadStrategy: normal, platformName: windows, proxy: Proxy(), se:cdp: ws://localhost:51883/devtoo..., se:cdpVersion: 123.0.6312.88, setWindowRect: true, strictFileInteractability: false, timeouts: {implicit: 0, pageLoad: 300000, script: 30000}, unhandledPromptBehavior: dismiss and notify, webauthn:extension:credBlob: true, webauthn:extension:largeBlob: true, webauthn:extension:minPinLength: true, webauthn:extension:prf: true, webauthn:virtualAuthenticators: true}
Session ID: 56f32331d28bc177d418dbbedac215a6
at org.openqa.selenium.remote.ErrorCodec.decode(ErrorCodec.java:167)
at org.openqa.selenium.remote.codec.w3c.W3CHttpResponseCodec.decode(W3CHttpResponseCodec.java:138)
at org.openqa.selenium.remote.codec.w3c.W3CHttpResponseCodec.decode(W3CHttpResponseCodec.java:50)
at org.openqa.selenium.remote.HttpCommandExecutor.execute(HttpCommandExecutor.java:190)
at org.openqa.selenium.remote.service.DriverCommandExecutor.invokeExecute(DriverCommandExecutor.java:216)
at org.openqa.selenium.remote.service.DriverCommandExecutor.execute(DriverCommandExecutor.java:174)
at org.openqa.selenium.remote.RemoteWebDriver.execute(RemoteWebDriver.java:519)
at org.openqa.selenium.remote.ElementLocation$ElementFinder$2.findElement(ElementLocation.java:165)
at org.openqa.selenium.remote.ElementLocation.findElement(ElementLocation.java:59)
at org.openqa.selenium.remote.RemoteWebDriver.findElement(RemoteWebDriver.java:356)
at org.openqa.selenium.remote.RemoteWebDriver.findElement(RemoteWebDriver.java:350)
at org.openqa.selenium.support.pagefactory.DefaultElementLocator.findElement(DefaultElementLocator.java:68)
at org.openqa.selenium.support.pagefactory.internal.LocatingElementHandler.invoke(LocatingElementHandler.java:38)
at jdk.proxy2/jdk.proxy2.$Proxy14.isDisplayed(Unknown Source)
at org.openqa.selenium.support.ui.ExpectedConditions.elementIfVisible(ExpectedConditions.java:304)
at org.openqa.selenium.support.ui.ExpectedConditions$10.apply(ExpectedConditions.java:290)
at org.openqa.selenium.support.ui.ExpectedConditions$10.apply(ExpectedConditions.java:287)
at org.openqa.selenium.support.ui.ExpectedConditions$23.apply(ExpectedConditions.java:656)
at org.openqa.selenium.support.ui.ExpectedConditions$23.apply(ExpectedConditions.java:652)
at org.openqa.selenium.support.ui.FluentWait.until(FluentWait.java:203)
... 30 more
... Removed 31 stack frames]]>
    </failure>
  </testcase> <!-- verifyTheSearchIsCaseInsensitive -->
  <testcase classname="testClasses.TestSuitesTestCases" name="verifyTheUserCanSelecTheOptionOnTheSearchDropDown" time="93.185"/>
  <testcase classname="testClasses.TestSuitesTestCases" name="verifyTheUserCanSelecTheOptionOnTheSearchDropDown" time="28.874"/>
  <testcase classname="testClasses.TestSuitesTestCases" name="verifyTheUserCanSelecTheOptionOnTheSearchDropDown" time="31.248"/>
  <testcase classname="testClasses.TestSuitesTestCases" name="verifyUserGridHasTheCorrectColumnsInTheCorrectOrder" time="24.792"/>
  <testcase classname="testClasses.TestSuitesTestCases" name="verifyThePaginationFeatureOnThePageWorks" time="37.665"/>
  <testcase classname="testClasses.TestSuitesTestCases" name="verifyUserGridDisplaysTheLegalEntityNameAssociatedWithAROnly" time="44.532"/>
  <testcase classname="testClasses.TestSuitesTestCases" name="verifyUserGridDisplaysTheLegalEntityNameAssociatedWithAROnly" time="46.392"/>
  <testcase classname="testClasses.TestSuitesTestCases" name="verifyUserGridDisplaysTheLegalEntityNameAssociatedWithAROnly" time="110.285">
    <skipped/>
  </testcase> <!-- verifyUserGridDisplaysTheLegalEntityNameAssociatedWithAROnly -->
  <testcase classname="testClasses.TestSuitesTestCases" name="verifyUserGridDisplaysTheLegalEntityNameAssociatedWithAROnly" time="51.121"/>
  <testcase classname="testClasses.TestSuitesTestCases" name="verifyUserGridDisplaysTheLegalEntityNameAssociatedWithAROnly" time="48.551"/>
  <testcase classname="testClasses.TestSuitesTestCases" name="verifyUserGridDisplaysTheLegalEntityNameAssociatedWithAROnly" time="46.151"/>
  <testcase classname="testClasses.TestSuitesTestCases" name="verifyUserGridDisplaysTheFirstAndLastNameEmailAddressUserRoleColumns" time="21.563"/>
  <testcase classname="testClasses.TestSuitesTestCases" name="verifyUserGridDisplaysTheFirstAndLastNameEmailAddressUserRoleColumns" time="21.179"/>
  <testcase classname="testClasses.TestSuitesTestCases" name="verifyUserGridDisplaysTheFirstAndLastNameEmailAddressUserRoleColumns" time="20.657"/>
  <testcase classname="testClasses.TestSuitesTestCases" name="verifyUserGridDisplaysTheRegistryHoldingAccountNumberAssociatedWithTheEntityOnly" time="46.019"/>
  <testcase classname="testClasses.TestSuitesTestCases" name="verifyUserGridDisplaysTheRegistryHoldingAccountNumberAssociatedWithTheEntityOnly" time="45.535"/>
  <testcase classname="testClasses.TestSuitesTestCases" name="verifyUserGridDisplaysTheRegistryHoldingAccountNumberAssociatedWithTheEntityOnly" time="47.286"/>
  <testcase classname="testClasses.TestSuitesTestCases" name="verifyUserGridDisplaysTheRegistryHoldingAccountNumberAssociatedWithTheEntityOnly" time="45.391"/>
  <testcase classname="testClasses.TestSuitesTestCases" name="verifyUserGridDisplaysTheRegistryHoldingAccountNumberAssociatedWithTheEntityOnly" time="51.637"/>
  <testcase classname="testClasses.TestSuitesTestCases" name="verifyUserGridDisplaysTheLastUpdateAndUpdatedBy" time="28.225"/>
  <testcase classname="testClasses.TestSuitesTestCases" name="verifyUserGridDisplaysTheActionButtonPerRow" time="72.564"/>
  <testcase classname="testClasses.TestSuitesTestCases" name="verifySponsorCannotResetHisOwnSecurityQuestionsAndSponsorTriesToDeactivateHisOwnAccount" time="91.805"/>
  <testcase classname="testClasses.TestSuitesTestCases" name="verifySponsorCannotResetHisOwnSecurityQuestionsAndSponsorTriesToDeactivateHisOwnAccount" time="90.671"/>
  <testcase classname="testClasses.TestSuitesTestCases" name="verifySponsorCancancelTheDeactivation" time="37.766"/>
  <testcase classname="testClasses.TestSuitesTestCases" name="verifySponsorneedsToConfirmTheDeactivationAndActivationProcess" time="66.369">
    <skipped/>
  </testcase> <!-- verifySponsorneedsToConfirmTheDeactivationAndActivationProcess -->
  <testcase classname="testClasses.TestSuitesTestCases" name="verifySponsorneedsToConfirmTheDeactivationAndActivationProcess" time="67.088">
    <failure type="org.openqa.selenium.TimeoutException" message="Expected condition failed: waiting for element to be clickable: [[ChromeDriver: chrome on windows (1a8eb93a2f7290d9b96604c224e70fc9)] -&amp;gt; xpath: //select[@id=&amp;apos;demo-customized-select&amp;apos;]] (tried for 30 second(s) with 500 milliseconds interval)
Build info: version: &amp;apos;4.18.1&amp;apos;, revision: &amp;apos;b1d3319b48&amp;apos;
System info: os.name: &amp;apos;Windows 11&amp;apos;, os.arch: &amp;apos;amd64&amp;apos;, os.version: &amp;apos;10.0&amp;apos;, java.version: &amp;apos;17.0.7&amp;apos;
Driver info: org.openqa.selenium.chrome.ChromeDriver
Capabilities {acceptInsecureCerts: false, browserName: chrome, browserVersion: 123.0.6312.88, chrome: {chromedriverVersion: 123.0.6312.86 (9b72c47a0536..., userDataDir: C:\Users\ROHIDA~1\AppData\L...}, fedcm:accounts: true, goog:chromeOptions: {debuggerAddress: localhost:52999}, networkConnectionEnabled: false, pageLoadStrategy: normal, platformName: windows, proxy: Proxy(), se:cdp: ws://localhost:52999/devtoo..., se:cdpVersion: 123.0.6312.88, setWindowRect: true, strictFileInteractability: false, timeouts: {implicit: 0, pageLoad: 300000, script: 30000}, unhandledPromptBehavior: dismiss and notify, webauthn:extension:credBlob: true, webauthn:extension:largeBlob: true, webauthn:extension:minPinLength: true, webauthn:extension:prf: true, webauthn:virtualAuthenticators: true}
Session ID: 1a8eb93a2f7290d9b96604c224e70fc9">
      <![CDATA[org.openqa.selenium.TimeoutException: Expected condition failed: waiting for element to be clickable: [[ChromeDriver: chrome on windows (1a8eb93a2f7290d9b96604c224e70fc9)] -> xpath: //select[@id='demo-customized-select']] (tried for 30 second(s) with 500 milliseconds interval)
Build info: version: '4.18.1', revision: 'b1d3319b48'
System info: os.name: 'Windows 11', os.arch: 'amd64', os.version: '10.0', java.version: '17.0.7'
Driver info: org.openqa.selenium.chrome.ChromeDriver
Capabilities {acceptInsecureCerts: false, browserName: chrome, browserVersion: 123.0.6312.88, chrome: {chromedriverVersion: 123.0.6312.86 (9b72c47a0536..., userDataDir: C:\Users\ROHIDA~1\AppData\L...}, fedcm:accounts: true, goog:chromeOptions: {debuggerAddress: localhost:52999}, networkConnectionEnabled: false, pageLoadStrategy: normal, platformName: windows, proxy: Proxy(), se:cdp: ws://localhost:52999/devtoo..., se:cdpVersion: 123.0.6312.88, setWindowRect: true, strictFileInteractability: false, timeouts: {implicit: 0, pageLoad: 300000, script: 30000}, unhandledPromptBehavior: dismiss and notify, webauthn:extension:credBlob: true, webauthn:extension:largeBlob: true, webauthn:extension:minPinLength: true, webauthn:extension:prf: true, webauthn:virtualAuthenticators: true}
Session ID: 1a8eb93a2f7290d9b96604c224e70fc9
at org.openqa.selenium.support.ui.WebDriverWait.timeoutException(WebDriverWait.java:84)
at org.openqa.selenium.support.ui.FluentWait.until(FluentWait.java:228)
at pageObjects.POM_Test_Suites.verifyDeactivation(POM_Test_Suites.java:1374)
at testClasses.TestSuitesTestCases.verifySponsorneedsToConfirmTheDeactivationAndActivationProcess(TestSuitesTestCases.java:426)
at java.base/java.util.ArrayList.forEach(ArrayList.java:1511)
... Removed 27 stack frames]]>
    </failure>
  </testcase> <!-- verifySponsorneedsToConfirmTheDeactivationAndActivationProcess -->
  <testcase classname="testClasses.TestSuitesTestCases" name="verifySponsorneedsToConfirmTheDeactivationAndActivationProcess" time="65.042">
    <skipped/>
  </testcase> <!-- verifySponsorneedsToConfirmTheDeactivationAndActivationProcess -->
  <testcase classname="testClasses.TestSuitesTestCases" name="verifySponsorneedsToConfirmTheDeactivationAndActivationProcess" time="65.734">
    <failure type="org.openqa.selenium.TimeoutException" message="Expected condition failed: waiting for element to be clickable: [[ChromeDriver: chrome on windows (232e77818092ae380749160cb15da2ab)] -&amp;gt; xpath: //select[@id=&amp;apos;demo-customized-select&amp;apos;]] (tried for 30 second(s) with 500 milliseconds interval)
Build info: version: &amp;apos;4.18.1&amp;apos;, revision: &amp;apos;b1d3319b48&amp;apos;
System info: os.name: &amp;apos;Windows 11&amp;apos;, os.arch: &amp;apos;amd64&amp;apos;, os.version: &amp;apos;10.0&amp;apos;, java.version: &amp;apos;17.0.7&amp;apos;
Driver info: org.openqa.selenium.chrome.ChromeDriver
Capabilities {acceptInsecureCerts: false, browserName: chrome, browserVersion: 123.0.6312.88, chrome: {chromedriverVersion: 123.0.6312.86 (9b72c47a0536..., userDataDir: C:\Users\ROHIDA~1\AppData\L...}, fedcm:accounts: true, goog:chromeOptions: {debuggerAddress: localhost:53083}, networkConnectionEnabled: false, pageLoadStrategy: normal, platformName: windows, proxy: Proxy(), se:cdp: ws://localhost:53083/devtoo..., se:cdpVersion: 123.0.6312.88, setWindowRect: true, strictFileInteractability: false, timeouts: {implicit: 0, pageLoad: 300000, script: 30000}, unhandledPromptBehavior: dismiss and notify, webauthn:extension:credBlob: true, webauthn:extension:largeBlob: true, webauthn:extension:minPinLength: true, webauthn:extension:prf: true, webauthn:virtualAuthenticators: true}
Session ID: 232e77818092ae380749160cb15da2ab">
      <![CDATA[org.openqa.selenium.TimeoutException: Expected condition failed: waiting for element to be clickable: [[ChromeDriver: chrome on windows (232e77818092ae380749160cb15da2ab)] -> xpath: //select[@id='demo-customized-select']] (tried for 30 second(s) with 500 milliseconds interval)
Build info: version: '4.18.1', revision: 'b1d3319b48'
System info: os.name: 'Windows 11', os.arch: 'amd64', os.version: '10.0', java.version: '17.0.7'
Driver info: org.openqa.selenium.chrome.ChromeDriver
Capabilities {acceptInsecureCerts: false, browserName: chrome, browserVersion: 123.0.6312.88, chrome: {chromedriverVersion: 123.0.6312.86 (9b72c47a0536..., userDataDir: C:\Users\ROHIDA~1\AppData\L...}, fedcm:accounts: true, goog:chromeOptions: {debuggerAddress: localhost:53083}, networkConnectionEnabled: false, pageLoadStrategy: normal, platformName: windows, proxy: Proxy(), se:cdp: ws://localhost:53083/devtoo..., se:cdpVersion: 123.0.6312.88, setWindowRect: true, strictFileInteractability: false, timeouts: {implicit: 0, pageLoad: 300000, script: 30000}, unhandledPromptBehavior: dismiss and notify, webauthn:extension:credBlob: true, webauthn:extension:largeBlob: true, webauthn:extension:minPinLength: true, webauthn:extension:prf: true, webauthn:virtualAuthenticators: true}
Session ID: 232e77818092ae380749160cb15da2ab
at org.openqa.selenium.support.ui.WebDriverWait.timeoutException(WebDriverWait.java:84)
at org.openqa.selenium.support.ui.FluentWait.until(FluentWait.java:228)
at pageObjects.POM_Test_Suites.verifyDeactivation(POM_Test_Suites.java:1374)
at testClasses.TestSuitesTestCases.verifySponsorneedsToConfirmTheDeactivationAndActivationProcess(TestSuitesTestCases.java:426)
at java.base/java.util.ArrayList.forEach(ArrayList.java:1511)
... Removed 27 stack frames]]>
    </failure>
  </testcase> <!-- verifySponsorneedsToConfirmTheDeactivationAndActivationProcess -->
  <testcase classname="testClasses.TestSuitesTestCases" name="verifySponsorneedsToConfirmTheDeactivationAndActivationProcess" time="63.96">
    <skipped/>
  </testcase> <!-- verifySponsorneedsToConfirmTheDeactivationAndActivationProcess -->
  <testcase classname="testClasses.TestSuitesTestCases" name="verifySponsorneedsToConfirmTheDeactivationAndActivationProcess" time="65.956">
    <failure type="org.openqa.selenium.TimeoutException" message="Expected condition failed: waiting for element to be clickable: [[ChromeDriver: chrome on windows (26690d4df8eee03bb9e93dc5d985c132)] -&amp;gt; xpath: //select[@id=&amp;apos;demo-customized-select&amp;apos;]] (tried for 30 second(s) with 500 milliseconds interval)
Build info: version: &amp;apos;4.18.1&amp;apos;, revision: &amp;apos;b1d3319b48&amp;apos;
System info: os.name: &amp;apos;Windows 11&amp;apos;, os.arch: &amp;apos;amd64&amp;apos;, os.version: &amp;apos;10.0&amp;apos;, java.version: &amp;apos;17.0.7&amp;apos;
Driver info: org.openqa.selenium.chrome.ChromeDriver
Capabilities {acceptInsecureCerts: false, browserName: chrome, browserVersion: 123.0.6312.88, chrome: {chromedriverVersion: 123.0.6312.86 (9b72c47a0536..., userDataDir: C:\Users\ROHIDA~1\AppData\L...}, fedcm:accounts: true, goog:chromeOptions: {debuggerAddress: localhost:53172}, networkConnectionEnabled: false, pageLoadStrategy: normal, platformName: windows, proxy: Proxy(), se:cdp: ws://localhost:53172/devtoo..., se:cdpVersion: 123.0.6312.88, setWindowRect: true, strictFileInteractability: false, timeouts: {implicit: 0, pageLoad: 300000, script: 30000}, unhandledPromptBehavior: dismiss and notify, webauthn:extension:credBlob: true, webauthn:extension:largeBlob: true, webauthn:extension:minPinLength: true, webauthn:extension:prf: true, webauthn:virtualAuthenticators: true}
Session ID: 26690d4df8eee03bb9e93dc5d985c132">
      <![CDATA[org.openqa.selenium.TimeoutException: Expected condition failed: waiting for element to be clickable: [[ChromeDriver: chrome on windows (26690d4df8eee03bb9e93dc5d985c132)] -> xpath: //select[@id='demo-customized-select']] (tried for 30 second(s) with 500 milliseconds interval)
Build info: version: '4.18.1', revision: 'b1d3319b48'
System info: os.name: 'Windows 11', os.arch: 'amd64', os.version: '10.0', java.version: '17.0.7'
Driver info: org.openqa.selenium.chrome.ChromeDriver
Capabilities {acceptInsecureCerts: false, browserName: chrome, browserVersion: 123.0.6312.88, chrome: {chromedriverVersion: 123.0.6312.86 (9b72c47a0536..., userDataDir: C:\Users\ROHIDA~1\AppData\L...}, fedcm:accounts: true, goog:chromeOptions: {debuggerAddress: localhost:53172}, networkConnectionEnabled: false, pageLoadStrategy: normal, platformName: windows, proxy: Proxy(), se:cdp: ws://localhost:53172/devtoo..., se:cdpVersion: 123.0.6312.88, setWindowRect: true, strictFileInteractability: false, timeouts: {implicit: 0, pageLoad: 300000, script: 30000}, unhandledPromptBehavior: dismiss and notify, webauthn:extension:credBlob: true, webauthn:extension:largeBlob: true, webauthn:extension:minPinLength: true, webauthn:extension:prf: true, webauthn:virtualAuthenticators: true}
Session ID: 26690d4df8eee03bb9e93dc5d985c132
at org.openqa.selenium.support.ui.WebDriverWait.timeoutException(WebDriverWait.java:84)
at org.openqa.selenium.support.ui.FluentWait.until(FluentWait.java:228)
at pageObjects.POM_Test_Suites.verifyDeactivation(POM_Test_Suites.java:1374)
at testClasses.TestSuitesTestCases.verifySponsorneedsToConfirmTheDeactivationAndActivationProcess(TestSuitesTestCases.java:426)
at java.base/java.util.ArrayList.forEach(ArrayList.java:1511)
... Removed 27 stack frames]]>
    </failure>
  </testcase> <!-- verifySponsorneedsToConfirmTheDeactivationAndActivationProcess -->
  <testcase classname="testClasses.TestSuitesTestCases" name="verifySponsorneedsToConfirmTheDeactivationAndActivationProcess" time="65.666">
    <skipped/>
  </testcase> <!-- verifySponsorneedsToConfirmTheDeactivationAndActivationProcess -->
  <testcase classname="testClasses.TestSuitesTestCases" name="verifySponsorneedsToConfirmTheDeactivationAndActivationProcess" time="63.938">
    <failure type="org.openqa.selenium.TimeoutException" message="Expected condition failed: waiting for element to be clickable: [[ChromeDriver: chrome on windows (76f3b2c5b90ce6413cf3e1cdf999706a)] -&amp;gt; xpath: //select[@id=&amp;apos;demo-customized-select&amp;apos;]] (tried for 30 second(s) with 500 milliseconds interval)
Build info: version: &amp;apos;4.18.1&amp;apos;, revision: &amp;apos;b1d3319b48&amp;apos;
System info: os.name: &amp;apos;Windows 11&amp;apos;, os.arch: &amp;apos;amd64&amp;apos;, os.version: &amp;apos;10.0&amp;apos;, java.version: &amp;apos;17.0.7&amp;apos;
Driver info: org.openqa.selenium.chrome.ChromeDriver
Capabilities {acceptInsecureCerts: false, browserName: chrome, browserVersion: 123.0.6312.88, chrome: {chromedriverVersion: 123.0.6312.86 (9b72c47a0536..., userDataDir: C:\Users\ROHIDA~1\AppData\L...}, fedcm:accounts: true, goog:chromeOptions: {debuggerAddress: localhost:53258}, networkConnectionEnabled: false, pageLoadStrategy: normal, platformName: windows, proxy: Proxy(), se:cdp: ws://localhost:53258/devtoo..., se:cdpVersion: 123.0.6312.88, setWindowRect: true, strictFileInteractability: false, timeouts: {implicit: 0, pageLoad: 300000, script: 30000}, unhandledPromptBehavior: dismiss and notify, webauthn:extension:credBlob: true, webauthn:extension:largeBlob: true, webauthn:extension:minPinLength: true, webauthn:extension:prf: true, webauthn:virtualAuthenticators: true}
Session ID: 76f3b2c5b90ce6413cf3e1cdf999706a">
      <![CDATA[org.openqa.selenium.TimeoutException: Expected condition failed: waiting for element to be clickable: [[ChromeDriver: chrome on windows (76f3b2c5b90ce6413cf3e1cdf999706a)] -> xpath: //select[@id='demo-customized-select']] (tried for 30 second(s) with 500 milliseconds interval)
Build info: version: '4.18.1', revision: 'b1d3319b48'
System info: os.name: 'Windows 11', os.arch: 'amd64', os.version: '10.0', java.version: '17.0.7'
Driver info: org.openqa.selenium.chrome.ChromeDriver
Capabilities {acceptInsecureCerts: false, browserName: chrome, browserVersion: 123.0.6312.88, chrome: {chromedriverVersion: 123.0.6312.86 (9b72c47a0536..., userDataDir: C:\Users\ROHIDA~1\AppData\L...}, fedcm:accounts: true, goog:chromeOptions: {debuggerAddress: localhost:53258}, networkConnectionEnabled: false, pageLoadStrategy: normal, platformName: windows, proxy: Proxy(), se:cdp: ws://localhost:53258/devtoo..., se:cdpVersion: 123.0.6312.88, setWindowRect: true, strictFileInteractability: false, timeouts: {implicit: 0, pageLoad: 300000, script: 30000}, unhandledPromptBehavior: dismiss and notify, webauthn:extension:credBlob: true, webauthn:extension:largeBlob: true, webauthn:extension:minPinLength: true, webauthn:extension:prf: true, webauthn:virtualAuthenticators: true}
Session ID: 76f3b2c5b90ce6413cf3e1cdf999706a
at org.openqa.selenium.support.ui.WebDriverWait.timeoutException(WebDriverWait.java:84)
at org.openqa.selenium.support.ui.FluentWait.until(FluentWait.java:228)
at pageObjects.POM_Test_Suites.verifyDeactivation(POM_Test_Suites.java:1374)
at testClasses.TestSuitesTestCases.verifySponsorneedsToConfirmTheDeactivationAndActivationProcess(TestSuitesTestCases.java:426)
at java.base/java.util.ArrayList.forEach(ArrayList.java:1511)
... Removed 27 stack frames]]>
    </failure>
  </testcase> <!-- verifySponsorneedsToConfirmTheDeactivationAndActivationProcess -->
  <testcase classname="testClasses.TestSuitesTestCases" name="verifyTheSelectedUserSecurityQuestionsAreReset" time="37.518"/>
  <testcase classname="testClasses.TestSuitesTestCases" name="verifyUserGridDisplaysOnlyOneRecordPerUniqueUserEntityRelationForARUserRecord" time="28.538"/>
  <testcase classname="testClasses.TestSuitesTestCases" name="verifyUserGridDisplaysOnlyOneRecordPerUniqueUserEntityRelationForARUserRecord" time="30.958"/>
  <testcase classname="testClasses.TestSuitesTestCases" name="verifySponsorActionsAreApplicableToUsersWithinTheirJurisdiction" time="98.547"/>
  <testcase classname="testClasses.TestSuitesTestCases" name="verifySponsorBulkActionsAreApplicableToUsersWithinTheirJurisdiction" time="100.714"/>
  <testcase classname="testClasses.TestSuitesTestCases" name="verifySponsorIsAbleToInputTheAdminUserEmailAddressAndSpecifyAnAdminUserRole" time="85.448">
    <skipped/>
  </testcase> <!-- verifySponsorIsAbleToInputTheAdminUserEmailAddressAndSpecifyAnAdminUserRole -->
  <testcase classname="testClasses.TestSuitesTestCases" name="verifySponsorIsAbleToInputTheAdminUserEmailAddressAndSpecifyAnAdminUserRole" time="84.016">
    <failure type="org.openqa.selenium.TimeoutException" message="Expected condition failed: waiting for visibility of Proxy element for: DefaultElementLocator &amp;apos;By.xpath: //*[text()=&amp;apos;Add a New User&amp;apos;]&amp;apos; (tried for 30 second(s) with 500 milliseconds interval)">
      <![CDATA[org.openqa.selenium.TimeoutException: Expected condition failed: waiting for visibility of Proxy element for: DefaultElementLocator 'By.xpath: //*[text()='Add a New User']' (tried for 30 second(s) with 500 milliseconds interval)
at org.openqa.selenium.support.ui.WebDriverWait.timeoutException(WebDriverWait.java:84)
at org.openqa.selenium.support.ui.FluentWait.until(FluentWait.java:228)
at pageObjects.POM_Test_Suites.verifyInputTheAdminUserEmailAddressAndSpecifyAnEventAdminUserRole(POM_Test_Suites.java:1750)
at testClasses.TestSuitesTestCases.verifySponsorIsAbleToInputTheAdminUserEmailAddressAndSpecifyAnAdminUserRole(TestSuitesTestCases.java:514)
at java.base/java.util.ArrayList.forEach(ArrayList.java:1511)
Caused by: org.openqa.selenium.NoSuchElementException: no such element: Unable to locate element: {"method":"xpath","selector":"//*[text()='Add a New User']"}
  (Session info: chrome=123.0.6312.88)
For documentation on this error, please visit: https://www.selenium.dev/documentation/webdriver/troubleshooting/errors#no-such-element-exception
Build info: version: '4.18.1', revision: 'b1d3319b48'
System info: os.name: 'Windows 11', os.arch: 'amd64', os.version: '10.0', java.version: '17.0.7'
Driver info: org.openqa.selenium.chrome.ChromeDriver
Command: [0e67abd5b1fa53e753e55ce5c30e25d6, findElement {value=//*[text()='Add a New User'], using=xpath}]
Capabilities {acceptInsecureCerts: false, browserName: chrome, browserVersion: 123.0.6312.88, chrome: {chromedriverVersion: 123.0.6312.86 (9b72c47a0536..., userDataDir: C:\Users\ROHIDA~1\AppData\L...}, fedcm:accounts: true, goog:chromeOptions: {debuggerAddress: localhost:53549}, networkConnectionEnabled: false, pageLoadStrategy: normal, platformName: windows, proxy: Proxy(), se:cdp: ws://localhost:53549/devtoo..., se:cdpVersion: 123.0.6312.88, setWindowRect: true, strictFileInteractability: false, timeouts: {implicit: 0, pageLoad: 300000, script: 30000}, unhandledPromptBehavior: dismiss and notify, webauthn:extension:credBlob: true, webauthn:extension:largeBlob: true, webauthn:extension:minPinLength: true, webauthn:extension:prf: true, webauthn:virtualAuthenticators: true}
Session ID: 0e67abd5b1fa53e753e55ce5c30e25d6
at org.openqa.selenium.remote.ErrorCodec.decode(ErrorCodec.java:167)
at org.openqa.selenium.remote.codec.w3c.W3CHttpResponseCodec.decode(W3CHttpResponseCodec.java:138)
at org.openqa.selenium.remote.codec.w3c.W3CHttpResponseCodec.decode(W3CHttpResponseCodec.java:50)
at org.openqa.selenium.remote.HttpCommandExecutor.execute(HttpCommandExecutor.java:190)
at org.openqa.selenium.remote.service.DriverCommandExecutor.invokeExecute(DriverCommandExecutor.java:216)
at org.openqa.selenium.remote.service.DriverCommandExecutor.execute(DriverCommandExecutor.java:174)
at org.openqa.selenium.remote.RemoteWebDriver.execute(RemoteWebDriver.java:519)
at org.openqa.selenium.remote.ElementLocation$ElementFinder$2.findElement(ElementLocation.java:165)
at org.openqa.selenium.remote.ElementLocation.findElement(ElementLocation.java:59)
at org.openqa.selenium.remote.RemoteWebDriver.findElement(RemoteWebDriver.java:356)
at org.openqa.selenium.remote.RemoteWebDriver.findElement(RemoteWebDriver.java:350)
at org.openqa.selenium.support.pagefactory.DefaultElementLocator.findElement(DefaultElementLocator.java:68)
at org.openqa.selenium.support.pagefactory.internal.LocatingElementHandler.invoke(LocatingElementHandler.java:38)
at jdk.proxy2/jdk.proxy2.$Proxy14.isDisplayed(Unknown Source)
at org.openqa.selenium.support.ui.ExpectedConditions.elementIfVisible(ExpectedConditions.java:304)
at org.openqa.selenium.support.ui.ExpectedConditions$10.apply(ExpectedConditions.java:290)
at org.openqa.selenium.support.ui.ExpectedConditions$10.apply(ExpectedConditions.java:287)
at org.openqa.selenium.support.ui.FluentWait.until(FluentWait.java:203)
... 30 more
... Removed 31 stack frames]]>
    </failure>
  </testcase> <!-- verifySponsorIsAbleToInputTheAdminUserEmailAddressAndSpecifyAnAdminUserRole -->
  <testcase classname="testClasses.TestSuitesTestCases" name="verifyAddNewUserBySponsor" time="0.0">
    <failure type="org.testng.TestNGException" message="
Method public void testClasses.TestSuitesTestCases.verifyAddNewUserBySponsor(java.lang.String) throws java.lang.Exception requires a @DataProvider named : verifyAddNewUserBySponsor">
      <![CDATA[org.testng.TestNGException: 
Method public void testClasses.TestSuitesTestCases.verifyAddNewUserBySponsor(java.lang.String) throws java.lang.Exception requires a @DataProvider named : verifyAddNewUserBySponsor
at java.base/java.util.ArrayList.forEach(ArrayList.java:1511)
... Removed 24 stack frames]]>
    </failure>
  </testcase> <!-- verifyAddNewUserBySponsor -->
  <testcase classname="testClasses.TestSuitesTestCases" name="verifyAddExistingUserBySponsor" time="29.383"/>
  <testcase classname="testClasses.TestSuitesTestCases" name="verifyCancelAddUserBySponsor" time="25.512"/>
  <testcase classname="testClasses.TestSuitesTestCases" name="verifyTheSponsorEntersIncorrectFormat" time="28.804"/>
  <testcase classname="testClasses.TestSuitesTestCases" name="verifyTheSponsorTriesToAddAnExistingSponsorFRomSAmeJurisdiction" time="27.176"/>
  <testcase classname="testClasses.TestSuitesTestCases" name="verifySponsorCanGenerateTheUserActivityAuditReport" time="20.656">
    <skipped/>
  </testcase> <!-- verifySponsorCanGenerateTheUserActivityAuditReport -->
  <testcase classname="testClasses.TestSuitesTestCases" name="verifySponsorCanGenerateTheUserActivityAuditReport" time="27.003">
    <failure type="org.openqa.selenium.ElementClickInterceptedException" message="element click intercepted: Element &amp;lt;span class=&amp;quot;MuiButton-label&amp;quot;&amp;gt;...&amp;lt;/span&amp;gt; is not clickable at point (1117, 204). Other element would receive the click: &amp;lt;div class=&amp;quot;MuiGrid-root jss853 MuiGrid-item MuiGrid-justify-xs-flex-end MuiGrid-grid-xs-12&amp;quot;&amp;gt;...&amp;lt;/div&amp;gt;
  (Session info: chrome=123.0.6312.88)
Build info: version: &amp;apos;4.18.1&amp;apos;, revision: &amp;apos;b1d3319b48&amp;apos;
System info: os.name: &amp;apos;Windows 11&amp;apos;, os.arch: &amp;apos;amd64&amp;apos;, os.version: &amp;apos;10.0&amp;apos;, java.version: &amp;apos;17.0.7&amp;apos;
Driver info: org.openqa.selenium.chrome.ChromeDriver
Command: [668e5881cb42649cedf1cd4970418d0c, clickElement {id=f.92D45685AB680F423F4DE7942143EF29.d.0CFC343F87181C7B71A12A729BF03408.e.124}]
Capabilities {acceptInsecureCerts: false, browserName: chrome, browserVersion: 123.0.6312.88, chrome: {chromedriverVersion: 123.0.6312.86 (9b72c47a0536..., userDataDir: C:\Users\ROHIDA~1\AppData\L...}, fedcm:accounts: true, goog:chromeOptions: {debuggerAddress: localhost:53786}, networkConnectionEnabled: false, pageLoadStrategy: normal, platformName: windows, proxy: Proxy(), se:cdp: ws://localhost:53786/devtoo..., se:cdpVersion: 123.0.6312.88, setWindowRect: true, strictFileInteractability: false, timeouts: {implicit: 0, pageLoad: 300000, script: 30000}, unhandledPromptBehavior: dismiss and notify, webauthn:extension:credBlob: true, webauthn:extension:largeBlob: true, webauthn:extension:minPinLength: true, webauthn:extension:prf: true, webauthn:virtualAuthenticators: true}
Element: [[ChromeDriver: chrome on windows (668e5881cb42649cedf1cd4970418d0c)] -&amp;gt; xpath: //span[text()=&amp;apos;USER ACTIVITY AUDIT REPORT&amp;apos;]]
Session ID: 668e5881cb42649cedf1cd4970418d0c">
      <![CDATA[org.openqa.selenium.ElementClickInterceptedException: element click intercepted: Element <span class="MuiButton-label">...</span> is not clickable at point (1117, 204). Other element would receive the click: <div class="MuiGrid-root jss853 MuiGrid-item MuiGrid-justify-xs-flex-end MuiGrid-grid-xs-12">...</div>
  (Session info: chrome=123.0.6312.88)
Build info: version: '4.18.1', revision: 'b1d3319b48'
System info: os.name: 'Windows 11', os.arch: 'amd64', os.version: '10.0', java.version: '17.0.7'
Driver info: org.openqa.selenium.chrome.ChromeDriver
Command: [668e5881cb42649cedf1cd4970418d0c, clickElement {id=f.92D45685AB680F423F4DE7942143EF29.d.0CFC343F87181C7B71A12A729BF03408.e.124}]
Capabilities {acceptInsecureCerts: false, browserName: chrome, browserVersion: 123.0.6312.88, chrome: {chromedriverVersion: 123.0.6312.86 (9b72c47a0536..., userDataDir: C:\Users\ROHIDA~1\AppData\L...}, fedcm:accounts: true, goog:chromeOptions: {debuggerAddress: localhost:53786}, networkConnectionEnabled: false, pageLoadStrategy: normal, platformName: windows, proxy: Proxy(), se:cdp: ws://localhost:53786/devtoo..., se:cdpVersion: 123.0.6312.88, setWindowRect: true, strictFileInteractability: false, timeouts: {implicit: 0, pageLoad: 300000, script: 30000}, unhandledPromptBehavior: dismiss and notify, webauthn:extension:credBlob: true, webauthn:extension:largeBlob: true, webauthn:extension:minPinLength: true, webauthn:extension:prf: true, webauthn:virtualAuthenticators: true}
Element: [[ChromeDriver: chrome on windows (668e5881cb42649cedf1cd4970418d0c)] -> xpath: //span[text()='USER ACTIVITY AUDIT REPORT']]
Session ID: 668e5881cb42649cedf1cd4970418d0c
at org.openqa.selenium.remote.ErrorCodec.decode(ErrorCodec.java:167)
at org.openqa.selenium.remote.codec.w3c.W3CHttpResponseCodec.decode(W3CHttpResponseCodec.java:138)
at org.openqa.selenium.remote.codec.w3c.W3CHttpResponseCodec.decode(W3CHttpResponseCodec.java:50)
at org.openqa.selenium.remote.HttpCommandExecutor.execute(HttpCommandExecutor.java:190)
at org.openqa.selenium.remote.service.DriverCommandExecutor.invokeExecute(DriverCommandExecutor.java:216)
at org.openqa.selenium.remote.service.DriverCommandExecutor.execute(DriverCommandExecutor.java:174)
at org.openqa.selenium.remote.RemoteWebDriver.execute(RemoteWebDriver.java:519)
at org.openqa.selenium.remote.RemoteWebElement.execute(RemoteWebElement.java:223)
at org.openqa.selenium.remote.RemoteWebElement.click(RemoteWebElement.java:76)
at org.openqa.selenium.support.pagefactory.internal.LocatingElementHandler.invoke(LocatingElementHandler.java:51)
at jdk.proxy2/jdk.proxy2.$Proxy14.click(Unknown Source)
at pageObjects.POM_Test_Suites.downloadTheUserActivityAuditReport(POM_Test_Suites.java:2365)
at testClasses.TestSuitesTestCases.verifySponsorCanGenerateTheUserActivityAuditReport(TestSuitesTestCases.java:635)
at java.base/java.util.ArrayList.forEach(ArrayList.java:1511)
... Removed 35 stack frames]]>
    </failure>
  </testcase> <!-- verifySponsorCanGenerateTheUserActivityAuditReport -->
  <testcase classname="testClasses.TestSuitesTestCases" name="verifySponsorCanGenerateTheUserManagementReport" time="24.932">
    <skipped/>
  </testcase> <!-- verifySponsorCanGenerateTheUserManagementReport -->
  <testcase classname="testClasses.TestSuitesTestCases" name="verifySponsorCanGenerateTheUserManagementReport" time="26.685">
    <failure type="org.openqa.selenium.ElementClickInterceptedException" message="element click intercepted: Element &amp;lt;span class=&amp;quot;MuiButton-label&amp;quot;&amp;gt;...&amp;lt;/span&amp;gt; is not clickable at point (929, 531). Other element would receive the click: &amp;lt;div style=&amp;quot;position: absolute; height: 6px; right: 2px; bottom: 2px; left: 2px; border-radius: 3px;&amp;quot;&amp;gt;...&amp;lt;/div&amp;gt;
  (Session info: chrome=123.0.6312.88)
Build info: version: &amp;apos;4.18.1&amp;apos;, revision: &amp;apos;b1d3319b48&amp;apos;
System info: os.name: &amp;apos;Windows 11&amp;apos;, os.arch: &amp;apos;amd64&amp;apos;, os.version: &amp;apos;10.0&amp;apos;, java.version: &amp;apos;17.0.7&amp;apos;
Driver info: org.openqa.selenium.chrome.ChromeDriver
Command: [78d98eeb7805fc5f0414aa19c4cf1745, clickElement {id=f.D769A405A8A2288D7BAEFF0611DB14B2.d.C2ECB5DA55D3557F73FEC7668F4F588A.e.124}]
Capabilities {acceptInsecureCerts: false, browserName: chrome, browserVersion: 123.0.6312.88, chrome: {chromedriverVersion: 123.0.6312.86 (9b72c47a0536..., userDataDir: C:\Users\ROHIDA~1\AppData\L...}, fedcm:accounts: true, goog:chromeOptions: {debuggerAddress: localhost:53867}, networkConnectionEnabled: false, pageLoadStrategy: normal, platformName: windows, proxy: Proxy(), se:cdp: ws://localhost:53867/devtoo..., se:cdpVersion: 123.0.6312.88, setWindowRect: true, strictFileInteractability: false, timeouts: {implicit: 0, pageLoad: 300000, script: 30000}, unhandledPromptBehavior: dismiss and notify, webauthn:extension:credBlob: true, webauthn:extension:largeBlob: true, webauthn:extension:minPinLength: true, webauthn:extension:prf: true, webauthn:virtualAuthenticators: true}
Element: [[ChromeDriver: chrome on windows (78d98eeb7805fc5f0414aa19c4cf1745)] -&amp;gt; xpath: //*[text()=&amp;apos;USER MGMT REPORT&amp;apos;]]
Session ID: 78d98eeb7805fc5f0414aa19c4cf1745">
      <![CDATA[org.openqa.selenium.ElementClickInterceptedException: element click intercepted: Element <span class="MuiButton-label">...</span> is not clickable at point (929, 531). Other element would receive the click: <div style="position: absolute; height: 6px; right: 2px; bottom: 2px; left: 2px; border-radius: 3px;">...</div>
  (Session info: chrome=123.0.6312.88)
Build info: version: '4.18.1', revision: 'b1d3319b48'
System info: os.name: 'Windows 11', os.arch: 'amd64', os.version: '10.0', java.version: '17.0.7'
Driver info: org.openqa.selenium.chrome.ChromeDriver
Command: [78d98eeb7805fc5f0414aa19c4cf1745, clickElement {id=f.D769A405A8A2288D7BAEFF0611DB14B2.d.C2ECB5DA55D3557F73FEC7668F4F588A.e.124}]
Capabilities {acceptInsecureCerts: false, browserName: chrome, browserVersion: 123.0.6312.88, chrome: {chromedriverVersion: 123.0.6312.86 (9b72c47a0536..., userDataDir: C:\Users\ROHIDA~1\AppData\L...}, fedcm:accounts: true, goog:chromeOptions: {debuggerAddress: localhost:53867}, networkConnectionEnabled: false, pageLoadStrategy: normal, platformName: windows, proxy: Proxy(), se:cdp: ws://localhost:53867/devtoo..., se:cdpVersion: 123.0.6312.88, setWindowRect: true, strictFileInteractability: false, timeouts: {implicit: 0, pageLoad: 300000, script: 30000}, unhandledPromptBehavior: dismiss and notify, webauthn:extension:credBlob: true, webauthn:extension:largeBlob: true, webauthn:extension:minPinLength: true, webauthn:extension:prf: true, webauthn:virtualAuthenticators: true}
Element: [[ChromeDriver: chrome on windows (78d98eeb7805fc5f0414aa19c4cf1745)] -> xpath: //*[text()='USER MGMT REPORT']]
Session ID: 78d98eeb7805fc5f0414aa19c4cf1745
at org.openqa.selenium.remote.ErrorCodec.decode(ErrorCodec.java:167)
at org.openqa.selenium.remote.codec.w3c.W3CHttpResponseCodec.decode(W3CHttpResponseCodec.java:138)
at org.openqa.selenium.remote.codec.w3c.W3CHttpResponseCodec.decode(W3CHttpResponseCodec.java:50)
at org.openqa.selenium.remote.HttpCommandExecutor.execute(HttpCommandExecutor.java:190)
at org.openqa.selenium.remote.service.DriverCommandExecutor.invokeExecute(DriverCommandExecutor.java:216)
at org.openqa.selenium.remote.service.DriverCommandExecutor.execute(DriverCommandExecutor.java:174)
at org.openqa.selenium.remote.RemoteWebDriver.execute(RemoteWebDriver.java:519)
at org.openqa.selenium.remote.RemoteWebElement.execute(RemoteWebElement.java:223)
at org.openqa.selenium.remote.RemoteWebElement.click(RemoteWebElement.java:76)
at org.openqa.selenium.support.pagefactory.internal.LocatingElementHandler.invoke(LocatingElementHandler.java:51)
at jdk.proxy2/jdk.proxy2.$Proxy14.click(Unknown Source)
at pageObjects.POM_Test_Suites.downloadTheUserManagementReport(POM_Test_Suites.java:2393)
at testClasses.TestSuitesTestCases.verifySponsorCanGenerateTheUserManagementReport(TestSuitesTestCases.java:653)
at java.base/java.util.ArrayList.forEach(ArrayList.java:1511)
... Removed 35 stack frames]]>
    </failure>
  </testcase> <!-- verifySponsorCanGenerateTheUserManagementReport -->
  <testcase classname="testClasses.Tests_QA_AUP_Vikram" name="BidsReportCommentAndFieldsDetailsFunctionalityForNovaScotiaSBAEvent" time="0.0">
    <ignored/>
  </testcase> <!-- BidsReportCommentAndFieldsDetailsFunctionalityForNovaScotiaSBAEvent -->
  <testcase classname="testClasses.Tests_QA_AUP_Vikram" name="NovaScotia1DownloadResultReportandValidations" time="0.0">
    <ignored/>
  </testcase> <!-- NovaScotia1DownloadResultReportandValidations -->
  <testcase classname="testClasses.Tests_QA_AUP_Rohi" name="C31861_Qualified_Bidders_report_is_dynamic_report_Bidding_period_is_open" time="0.0">
    <ignored/>
  </testcase> <!-- C31861_Qualified_Bidders_report_is_dynamic_report_Bidding_period_is_open -->
  <testcase classname="testClasses.Tests_QA_AUP_Vikram" name="DownloadNovaScotiaBidsAuditReportandValidations" time="0.0">
    <ignored/>
  </testcase> <!-- DownloadNovaScotiaBidsAuditReportandValidations -->
  <testcase classname="testClasses.Tests_QA_AUP_Vikram" name="DownloadNovaScotiaBidsReportandValidations" time="0.0">
    <ignored/>
  </testcase> <!-- DownloadNovaScotiaBidsReportandValidations -->
  <testcase classname="testClasses.Tests_QA_AUP_Vikram" name="DownloadNovaScotiaFinancialStatementReportandValidations" time="0.0">
    <ignored/>
  </testcase> <!-- DownloadNovaScotiaFinancialStatementReportandValidations -->
  <testcase classname="testClasses.Tests_QA_AUP_Mayur" name="ValidateClientBidReportsARNS" time="0.0">
    <ignored/>
  </testcase> <!-- ValidateClientBidReportsARNS -->
</testsuite> <!-- Test -->
