<?xml version="1.0" encoding="UTF-8"?>
<testng-results retried="19" ignored="0" total="127" passed="108" failed="0" skipped="0">
  <reporter-output>
    <line>
      <![CDATA[Chrome launched]]>
    </line>
    <line>
      <![CDATA[Navigated to BaseUrl: https://www.qa-wci-auction.org]]>
    </line>
    <line>
      <![CDATA[Chrome launched]]>
    </line>
    <line>
      <![CDATA[Navigated to BaseUrl: https://www.qa-wci-auction.org]]>
    </line>
    <line>
      <![CDATA[Chrome launched]]>
    </line>
    <line>
      <![CDATA[Navigated to BaseUrl: https://www.qa-wci-auction.org]]>
    </line>
    <line>
      <![CDATA[Chrome launched]]>
    </line>
    <line>
      <![CDATA[Navigated to BaseUrl: https://www.qa-wci-auction.org]]>
    </line>
    <line>
      <![CDATA[Chrome launched]]>
    </line>
    <line>
      <![CDATA[Navigated to BaseUrl: https://www.qa-wci-auction.org]]>
    </line>
    <line>
      <![CDATA[Chrome launched]]>
    </line>
    <line>
      <![CDATA[Navigated to BaseUrl: https://www.qa-wci-auction.org]]>
    </line>
    <line>
      <![CDATA[Chrome launched]]>
    </line>
    <line>
      <![CDATA[Navigated to BaseUrl: https://www.qa-wci-auction.org]]>
    </line>
    <line>
      <![CDATA[Chrome launched]]>
    </line>
    <line>
      <![CDATA[Navigated to BaseUrl: https://www.qa-wci-auction.org]]>
    </line>
    <line>
      <![CDATA[Chrome launched]]>
    </line>
    <line>
      <![CDATA[Navigated to BaseUrl: https://www.qa-wci-auction.org]]>
    </line>
    <line>
      <![CDATA[Chrome launched]]>
    </line>
    <line>
      <![CDATA[Navigated to BaseUrl: https://www.qa-wci-auction.org]]>
    </line>
    <line>
      <![CDATA[Chrome launched]]>
    </line>
    <line>
      <![CDATA[Navigated to BaseUrl: https://www.qa-wci-auction.org]]>
    </line>
    <line>
      <![CDATA[Chrome launched]]>
    </line>
    <line>
      <![CDATA[Navigated to BaseUrl: https://www.qa-wci-auction.org]]>
    </line>
    <line>
      <![CDATA[Chrome launched]]>
    </line>
    <line>
      <![CDATA[Navigated to BaseUrl: https://www.qa-wci-auction.org]]>
    </line>
    <line>
      <![CDATA[Chrome launched]]>
    </line>
    <line>
      <![CDATA[Navigated to BaseUrl: https://www.qa-wci-auction.org]]>
    </line>
    <line>
      <![CDATA[Chrome launched]]>
    </line>
    <line>
      <![CDATA[Navigated to BaseUrl: https://www.qa-wci-auction.org]]>
    </line>
    <line>
      <![CDATA[Chrome launched]]>
    </line>
    <line>
      <![CDATA[Navigated to BaseUrl: https://www.qa-wci-auction.org]]>
    </line>
    <line>
      <![CDATA[Chrome launched]]>
    </line>
    <line>
      <![CDATA[Navigated to BaseUrl: https://www.qa-wci-auction.org]]>
    </line>
    <line>
      <![CDATA[Chrome launched]]>
    </line>
    <line>
      <![CDATA[Navigated to BaseUrl: https://www.qa-wci-auction.org]]>
    </line>
    <line>
      <![CDATA[Chrome launched]]>
    </line>
    <line>
      <![CDATA[Navigated to BaseUrl: https://www.qa-wci-auction.org]]>
    </line>
    <line>
      <![CDATA[Chrome launched]]>
    </line>
    <line>
      <![CDATA[Navigated to BaseUrl: https://www.qa-wci-auction.org]]>
    </line>
    <line>
      <![CDATA[Chrome launched]]>
    </line>
    <line>
      <![CDATA[Navigated to BaseUrl: https://www.qa-wci-auction.org]]>
    </line>
    <line>
      <![CDATA[Chrome launched]]>
    </line>
    <line>
      <![CDATA[Navigated to BaseUrl: https://www.qa-wci-auction.org]]>
    </line>
    <line>
      <![CDATA[Chrome launched]]>
    </line>
    <line>
      <![CDATA[Navigated to BaseUrl: https://www.qa-wci-auction.org]]>
    </line>
    <line>
      <![CDATA[Chrome launched]]>
    </line>
    <line>
      <![CDATA[Navigated to BaseUrl: https://www.qa-wci-auction.org]]>
    </line>
    <line>
      <![CDATA[Chrome launched]]>
    </line>
    <line>
      <![CDATA[Navigated to BaseUrl: https://www.qa-wci-auction.org]]>
    </line>
    <line>
      <![CDATA[Chrome launched]]>
    </line>
    <line>
      <![CDATA[Navigated to BaseUrl: https://www.qa-wci-auction.org]]>
    </line>
    <line>
      <![CDATA[Chrome launched]]>
    </line>
    <line>
      <![CDATA[Navigated to BaseUrl: https://www.qa-wci-auction.org]]>
    </line>
    <line>
      <![CDATA[Chrome launched]]>
    </line>
    <line>
      <![CDATA[Navigated to BaseUrl: https://www.qa-wci-auction.org]]>
    </line>
    <line>
      <![CDATA[Chrome launched]]>
    </line>
    <line>
      <![CDATA[Navigated to BaseUrl: https://www.qa-wci-auction.org]]>
    </line>
    <line>
      <![CDATA[Chrome launched]]>
    </line>
    <line>
      <![CDATA[Navigated to BaseUrl: https://www.qa-wci-auction.org]]>
    </line>
    <line>
      <![CDATA[Chrome launched]]>
    </line>
    <line>
      <![CDATA[Navigated to BaseUrl: https://www.qa-wci-auction.org]]>
    </line>
    <line>
      <![CDATA[Chrome launched]]>
    </line>
    <line>
      <![CDATA[Navigated to BaseUrl: https://www.qa-wci-auction.org]]>
    </line>
    <line>
      <![CDATA[Chrome launched]]>
    </line>
    <line>
      <![CDATA[Navigated to BaseUrl: https://www.qa-wci-auction.org]]>
    </line>
    <line>
      <![CDATA[Chrome launched]]>
    </line>
    <line>
      <![CDATA[Navigated to BaseUrl: https://www.qa-wci-auction.org]]>
    </line>
    <line>
      <![CDATA[Chrome launched]]>
    </line>
    <line>
      <![CDATA[Navigated to BaseUrl: https://www.qa-wci-auction.org]]>
    </line>
    <line>
      <![CDATA[Chrome launched]]>
    </line>
    <line>
      <![CDATA[Navigated to BaseUrl: https://www.qa-wci-auction.org]]>
    </line>
    <line>
      <![CDATA[Chrome launched]]>
    </line>
    <line>
      <![CDATA[Navigated to BaseUrl: https://www.qa-wci-auction.org]]>
    </line>
    <line>
      <![CDATA[Chrome launched]]>
    </line>
    <line>
      <![CDATA[Navigated to BaseUrl: https://www.qa-wci-auction.org]]>
    </line>
    <line>
      <![CDATA[Chrome launched]]>
    </line>
    <line>
      <![CDATA[Navigated to BaseUrl: https://www.qa-wci-auction.org]]>
    </line>
    <line>
      <![CDATA[Chrome launched]]>
    </line>
    <line>
      <![CDATA[Navigated to BaseUrl: https://www.qa-wci-auction.org]]>
    </line>
    <line>
      <![CDATA[Chrome launched]]>
    </line>
    <line>
      <![CDATA[Navigated to BaseUrl: https://www.qa-wci-auction.org]]>
    </line>
    <line>
      <![CDATA[Chrome launched]]>
    </line>
    <line>
      <![CDATA[Navigated to BaseUrl: https://www.qa-wci-auction.org]]>
    </line>
    <line>
      <![CDATA[Chrome launched]]>
    </line>
    <line>
      <![CDATA[Navigated to BaseUrl: https://www.qa-wci-auction.org]]>
    </line>
    <line>
      <![CDATA[Chrome launched]]>
    </line>
    <line>
      <![CDATA[Navigated to BaseUrl: https://www.qa-wci-auction.org]]>
    </line>
    <line>
      <![CDATA[Chrome launched]]>
    </line>
    <line>
      <![CDATA[Navigated to BaseUrl: https://www.qa-wci-auction.org]]>
    </line>
    <line>
      <![CDATA[Chrome launched]]>
    </line>
    <line>
      <![CDATA[Navigated to BaseUrl: https://www.qa-wci-auction.org]]>
    </line>
    <line>
      <![CDATA[Chrome launched]]>
    </line>
    <line>
      <![CDATA[Navigated to BaseUrl: https://www.qa-wci-auction.org]]>
    </line>
    <line>
      <![CDATA[Chrome launched]]>
    </line>
    <line>
      <![CDATA[Navigated to BaseUrl: https://www.qa-wci-auction.org]]>
    </line>
    <line>
      <![CDATA[Chrome launched]]>
    </line>
    <line>
      <![CDATA[Navigated to BaseUrl: https://www.qa-wci-auction.org]]>
    </line>
    <line>
      <![CDATA[Chrome launched]]>
    </line>
    <line>
      <![CDATA[Navigated to BaseUrl: https://www.qa-wci-auction.org]]>
    </line>
    <line>
      <![CDATA[Chrome launched]]>
    </line>
    <line>
      <![CDATA[Navigated to BaseUrl: https://www.qa-wci-auction.org]]>
    </line>
    <line>
      <![CDATA[Chrome launched]]>
    </line>
    <line>
      <![CDATA[Navigated to BaseUrl: https://www.qa-wci-auction.org]]>
    </line>
    <line>
      <![CDATA[Chrome launched]]>
    </line>
    <line>
      <![CDATA[Navigated to BaseUrl: https://www.qa-wci-auction.org]]>
    </line>
    <line>
      <![CDATA[Chrome launched]]>
    </line>
    <line>
      <![CDATA[Navigated to BaseUrl: https://www.qa-wci-auction.org]]>
    </line>
    <line>
      <![CDATA[Chrome launched]]>
    </line>
    <line>
      <![CDATA[Navigated to BaseUrl: https://www.qa-wci-auction.org]]>
    </line>
    <line>
      <![CDATA[Chrome launched]]>
    </line>
    <line>
      <![CDATA[Navigated to BaseUrl: https://www.qa-wci-auction.org]]>
    </line>
    <line>
      <![CDATA[Chrome launched]]>
    </line>
    <line>
      <![CDATA[Navigated to BaseUrl: https://www.qa-wci-auction.org]]>
    </line>
    <line>
      <![CDATA[Chrome launched]]>
    </line>
    <line>
      <![CDATA[Navigated to BaseUrl: https://www.qa-wci-auction.org]]>
    </line>
    <line>
      <![CDATA[Chrome launched]]>
    </line>
    <line>
      <![CDATA[Navigated to BaseUrl: https://www.qa-wci-auction.org]]>
    </line>
    <line>
      <![CDATA[Chrome launched]]>
    </line>
    <line>
      <![CDATA[Navigated to BaseUrl: https://www.qa-wci-auction.org]]>
    </line>
    <line>
      <![CDATA[Chrome launched]]>
    </line>
    <line>
      <![CDATA[Navigated to BaseUrl: https://www.qa-wci-auction.org]]>
    </line>
    <line>
      <![CDATA[Chrome launched]]>
    </line>
    <line>
      <![CDATA[Navigated to BaseUrl: https://www.qa-wci-auction.org]]>
    </line>
    <line>
      <![CDATA[Chrome launched]]>
    </line>
    <line>
      <![CDATA[Navigated to BaseUrl: https://www.qa-wci-auction.org]]>
    </line>
    <line>
      <![CDATA[Chrome launched]]>
    </line>
    <line>
      <![CDATA[Navigated to BaseUrl: https://www.qa-wci-auction.org]]>
    </line>
    <line>
      <![CDATA[Chrome launched]]>
    </line>
    <line>
      <![CDATA[Navigated to BaseUrl: https://www.qa-wci-auction.org]]>
    </line>
    <line>
      <![CDATA[Chrome launched]]>
    </line>
    <line>
      <![CDATA[Navigated to BaseUrl: https://www.qa-wci-auction.org]]>
    </line>
    <line>
      <![CDATA[Chrome launched]]>
    </line>
    <line>
      <![CDATA[Navigated to BaseUrl: https://www.qa-wci-auction.org]]>
    </line>
    <line>
      <![CDATA[Chrome launched]]>
    </line>
    <line>
      <![CDATA[Navigated to BaseUrl: https://www.qa-wci-auction.org]]>
    </line>
    <line>
      <![CDATA[Chrome launched]]>
    </line>
    <line>
      <![CDATA[Navigated to BaseUrl: https://www.qa-wci-auction.org]]>
    </line>
    <line>
      <![CDATA[Chrome launched]]>
    </line>
    <line>
      <![CDATA[Navigated to BaseUrl: https://www.qa-wci-auction.org]]>
    </line>
    <line>
      <![CDATA[Chrome launched]]>
    </line>
    <line>
      <![CDATA[Navigated to BaseUrl: https://www.qa-wci-auction.org]]>
    </line>
    <line>
      <![CDATA[Chrome launched]]>
    </line>
    <line>
      <![CDATA[Navigated to BaseUrl: https://www.qa-wci-auction.org]]>
    </line>
    <line>
      <![CDATA[Chrome launched]]>
    </line>
    <line>
      <![CDATA[Navigated to BaseUrl: https://www.qa-wci-auction.org]]>
    </line>
    <line>
      <![CDATA[Chrome launched]]>
    </line>
    <line>
      <![CDATA[Navigated to BaseUrl: https://www.qa-wci-auction.org]]>
    </line>
    <line>
      <![CDATA[Chrome launched]]>
    </line>
    <line>
      <![CDATA[Navigated to BaseUrl: https://www.qa-wci-auction.org]]>
    </line>
    <line>
      <![CDATA[Chrome launched]]>
    </line>
    <line>
      <![CDATA[Navigated to BaseUrl: https://www.qa-wci-auction.org]]>
    </line>
    <line>
      <![CDATA[Chrome launched]]>
    </line>
    <line>
      <![CDATA[Navigated to BaseUrl: https://www.qa-wci-auction.org]]>
    </line>
    <line>
      <![CDATA[Chrome launched]]>
    </line>
    <line>
      <![CDATA[Navigated to BaseUrl: https://www.qa-wci-auction.org]]>
    </line>
    <line>
      <![CDATA[Chrome launched]]>
    </line>
    <line>
      <![CDATA[Navigated to BaseUrl: https://www.qa-wci-auction.org]]>
    </line>
    <line>
      <![CDATA[Chrome launched]]>
    </line>
    <line>
      <![CDATA[Navigated to BaseUrl: https://www.qa-wci-auction.org]]>
    </line>
    <line>
      <![CDATA[Chrome launched]]>
    </line>
    <line>
      <![CDATA[Navigated to BaseUrl: https://www.qa-wci-auction.org]]>
    </line>
    <line>
      <![CDATA[Chrome launched]]>
    </line>
    <line>
      <![CDATA[Navigated to BaseUrl: https://www.qa-wci-auction.org]]>
    </line>
    <line>
      <![CDATA[Chrome launched]]>
    </line>
    <line>
      <![CDATA[Navigated to BaseUrl: https://www.qa-wci-auction.org]]>
    </line>
    <line>
      <![CDATA[Chrome launched]]>
    </line>
    <line>
      <![CDATA[Navigated to BaseUrl: https://www.qa-wci-auction.org]]>
    </line>
    <line>
      <![CDATA[Chrome launched]]>
    </line>
    <line>
      <![CDATA[Navigated to BaseUrl: https://www.qa-wci-auction.org]]>
    </line>
    <line>
      <![CDATA[Chrome launched]]>
    </line>
    <line>
      <![CDATA[Navigated to BaseUrl: https://www.qa-wci-auction.org]]>
    </line>
    <line>
      <![CDATA[Chrome launched]]>
    </line>
    <line>
      <![CDATA[Navigated to BaseUrl: https://www.qa-wci-auction.org]]>
    </line>
    <line>
      <![CDATA[Chrome launched]]>
    </line>
    <line>
      <![CDATA[Navigated to BaseUrl: https://www.qa-wci-auction.org]]>
    </line>
    <line>
      <![CDATA[Chrome launched]]>
    </line>
    <line>
      <![CDATA[Navigated to BaseUrl: https://www.qa-wci-auction.org]]>
    </line>
    <line>
      <![CDATA[Chrome launched]]>
    </line>
    <line>
      <![CDATA[Navigated to BaseUrl: https://www.qa-wci-auction.org]]>
    </line>
    <line>
      <![CDATA[Chrome launched]]>
    </line>
    <line>
      <![CDATA[Navigated to BaseUrl: https://www.qa-wci-auction.org]]>
    </line>
    <line>
      <![CDATA[Chrome launched]]>
    </line>
    <line>
      <![CDATA[Navigated to BaseUrl: https://www.qa-wci-auction.org]]>
    </line>
    <line>
      <![CDATA[Chrome launched]]>
    </line>
    <line>
      <![CDATA[Navigated to BaseUrl: https://www.qa-wci-auction.org]]>
    </line>
    <line>
      <![CDATA[Chrome launched]]>
    </line>
    <line>
      <![CDATA[Navigated to BaseUrl: https://www.qa-wci-auction.org]]>
    </line>
    <line>
      <![CDATA[Chrome launched]]>
    </line>
    <line>
      <![CDATA[Navigated to BaseUrl: https://www.qa-wci-auction.org]]>
    </line>
    <line>
      <![CDATA[Chrome launched]]>
    </line>
    <line>
      <![CDATA[Navigated to BaseUrl: https://www.qa-wci-auction.org]]>
    </line>
    <line>
      <![CDATA[Chrome launched]]>
    </line>
    <line>
      <![CDATA[Navigated to BaseUrl: https://www.qa-wci-auction.org]]>
    </line>
    <line>
      <![CDATA[Chrome launched]]>
    </line>
    <line>
      <![CDATA[Navigated to BaseUrl: https://www.qa-wci-auction.org]]>
    </line>
    <line>
      <![CDATA[Chrome launched]]>
    </line>
    <line>
      <![CDATA[Navigated to BaseUrl: https://www.qa-wci-auction.org]]>
    </line>
    <line>
      <![CDATA[Chrome launched]]>
    </line>
    <line>
      <![CDATA[Navigated to BaseUrl: https://www.qa-wci-auction.org]]>
    </line>
    <line>
      <![CDATA[Chrome launched]]>
    </line>
    <line>
      <![CDATA[Navigated to BaseUrl: https://www.qa-wci-auction.org]]>
    </line>
    <line>
      <![CDATA[Chrome launched]]>
    </line>
    <line>
      <![CDATA[Navigated to BaseUrl: https://www.qa-wci-auction.org]]>
    </line>
    <line>
      <![CDATA[Chrome launched]]>
    </line>
    <line>
      <![CDATA[Navigated to BaseUrl: https://www.qa-wci-auction.org]]>
    </line>
    <line>
      <![CDATA[Chrome launched]]>
    </line>
    <line>
      <![CDATA[Navigated to BaseUrl: https://www.qa-wci-auction.org]]>
    </line>
    <line>
      <![CDATA[Chrome launched]]>
    </line>
    <line>
      <![CDATA[Navigated to BaseUrl: https://www.qa-wci-auction.org]]>
    </line>
    <line>
      <![CDATA[Chrome launched]]>
    </line>
    <line>
      <![CDATA[Navigated to BaseUrl: https://www.qa-wci-auction.org]]>
    </line>
    <line>
      <![CDATA[Chrome launched]]>
    </line>
    <line>
      <![CDATA[Navigated to BaseUrl: https://www.qa-wci-auction.org]]>
    </line>
    <line>
      <![CDATA[Chrome launched]]>
    </line>
    <line>
      <![CDATA[Navigated to BaseUrl: https://www.qa-wci-auction.org]]>
    </line>
    <line>
      <![CDATA[Chrome launched]]>
    </line>
    <line>
      <![CDATA[Navigated to BaseUrl: https://www.qa-wci-auction.org]]>
    </line>
    <line>
      <![CDATA[Chrome launched]]>
    </line>
    <line>
      <![CDATA[Navigated to BaseUrl: https://www.qa-wci-auction.org]]>
    </line>
    <line>
      <![CDATA[Chrome launched]]>
    </line>
    <line>
      <![CDATA[Navigated to BaseUrl: https://www.qa-wci-auction.org]]>
    </line>
    <line>
      <![CDATA[Chrome launched]]>
    </line>
    <line>
      <![CDATA[Navigated to BaseUrl: https://www.qa-wci-auction.org]]>
    </line>
    <line>
      <![CDATA[Chrome launched]]>
    </line>
    <line>
      <![CDATA[Navigated to BaseUrl: https://www.qa-wci-auction.org]]>
    </line>
    <line>
      <![CDATA[Chrome launched]]>
    </line>
    <line>
      <![CDATA[Navigated to BaseUrl: https://www.qa-wci-auction.org]]>
    </line>
    <line>
      <![CDATA[Chrome launched]]>
    </line>
    <line>
      <![CDATA[Navigated to BaseUrl: https://www.qa-wci-auction.org]]>
    </line>
    <line>
      <![CDATA[Chrome launched]]>
    </line>
    <line>
      <![CDATA[Navigated to BaseUrl: https://www.qa-wci-auction.org]]>
    </line>
    <line>
      <![CDATA[Chrome launched]]>
    </line>
    <line>
      <![CDATA[Navigated to BaseUrl: https://www.qa-wci-auction.org]]>
    </line>
    <line>
      <![CDATA[Chrome launched]]>
    </line>
    <line>
      <![CDATA[Navigated to BaseUrl: https://www.qa-wci-auction.org]]>
    </line>
    <line>
      <![CDATA[Chrome launched]]>
    </line>
    <line>
      <![CDATA[Navigated to BaseUrl: https://www.qa-wci-auction.org]]>
    </line>
    <line>
      <![CDATA[Chrome launched]]>
    </line>
    <line>
      <![CDATA[Navigated to BaseUrl: https://www.qa-wci-auction.org]]>
    </line>
    <line>
      <![CDATA[Chrome launched]]>
    </line>
    <line>
      <![CDATA[Navigated to BaseUrl: https://www.qa-wci-auction.org]]>
    </line>
    <line>
      <![CDATA[Chrome launched]]>
    </line>
    <line>
      <![CDATA[Navigated to BaseUrl: https://www.qa-wci-auction.org]]>
    </line>
    <line>
      <![CDATA[Chrome launched]]>
    </line>
    <line>
      <![CDATA[Navigated to BaseUrl: https://www.qa-wci-auction.org]]>
    </line>
    <line>
      <![CDATA[Chrome launched]]>
    </line>
    <line>
      <![CDATA[Navigated to BaseUrl: https://www.qa-wci-auction.org]]>
    </line>
    <line>
      <![CDATA[Chrome launched]]>
    </line>
    <line>
      <![CDATA[Navigated to BaseUrl: https://www.qa-wci-auction.org]]>
    </line>
    <line>
      <![CDATA[Chrome launched]]>
    </line>
    <line>
      <![CDATA[Navigated to BaseUrl: https://www.qa-wci-auction.org]]>
    </line>
    <line>
      <![CDATA[Chrome launched]]>
    </line>
    <line>
      <![CDATA[Navigated to BaseUrl: https://www.qa-wci-auction.org]]>
    </line>
  </reporter-output>
  <suite started-at="2024-05-27T14:12:00 IST" name="Suite" finished-at="2024-05-27T16:40:47 IST" duration-ms="8927362">
    <groups>
    </groups>
    <test started-at="2024-05-27T14:12:00 IST" name="Test" finished-at="2024-05-27T16:40:47 IST" duration-ms="8927362">
      <class name="prescribed_Event_Test.PrescribedEvent_A56">
        <test-method signature="CreateNewEvent_A56()[pri:1, instance:prescribed_Event_Test.PrescribedEvent_A56@2c1b194a]" started-at="2024-05-27T16:01:04 IST" name="CreateNewEvent_A56" finished-at="2024-05-27T16:01:59 IST" duration-ms="54619" status="PASS">
          <reporter-output>
            <line>
              <![CDATA[Chrome launched]]>
            </line>
            <line>
              <![CDATA[Navigated to BaseUrl: https://www.qa-wci-auction.org]]>
            </line>
          </reporter-output>
        </test-method> <!-- CreateNewEvent_A56 -->
        <test-method signature="Approval_By_QuebecSponsor_A56()[pri:2, instance:prescribed_Event_Test.PrescribedEvent_A56@2c1b194a]" started-at="2024-05-27T16:02:00 IST" name="Approval_By_QuebecSponsor_A56" finished-at="2024-05-27T16:02:54 IST" duration-ms="54639" status="PASS">
          <reporter-output>
            <line>
              <![CDATA[Chrome launched]]>
            </line>
            <line>
              <![CDATA[Navigated to BaseUrl: https://www.qa-wci-auction.org]]>
            </line>
          </reporter-output>
        </test-method> <!-- Approval_By_QuebecSponsor_A56 -->
        <test-method signature="SET_FXRATE_QC_A56()[pri:3, instance:prescribed_Event_Test.PrescribedEvent_A56@2c1b194a]" started-at="2024-05-27T16:02:55 IST" name="SET_FXRATE_QC_A56" finished-at="2024-05-27T16:04:03 IST" duration-ms="68141" status="PASS">
          <reporter-output>
            <line>
              <![CDATA[Chrome launched]]>
            </line>
            <line>
              <![CDATA[Navigated to BaseUrl: https://www.qa-wci-auction.org]]>
            </line>
          </reporter-output>
        </test-method> <!-- SET_FXRATE_QC_A56 -->
        <test-method retried="true" signature="SET_FXRATE_CA_A56()[pri:4, instance:prescribed_Event_Test.PrescribedEvent_A56@2c1b194a]" started-at="2024-05-27T16:04:04 IST" name="SET_FXRATE_CA_A56" finished-at="2024-05-27T16:04:24 IST" duration-ms="20105" status="SKIP">
          <exception class="org.openqa.selenium.ElementClickInterceptedException">
            <message>
              <![CDATA[element click intercepted: Element <span class="MuiButton-label">...</span> is not clickable at point (274, 117). Other element would receive the click: <div id="appSpinner" class="jss645">...</div>
  (Session info: chrome=125.0.6422.112)
Build info: version: '4.18.1', revision: 'b1d3319b48'
System info: os.name: 'Windows 11', os.arch: 'amd64', os.version: '10.0', java.version: '20.0.1'
Driver info: org.openqa.selenium.chrome.ChromeDriver
Command: [337b97d23ff5c7053215b1e66b12dbe1, clickElement {id=f.2F6950185AC7E8F5119671AF9A0D6413.d.FD471F5CCDF05824DD588F120BBD82FD.e.51}]
Capabilities {acceptInsecureCerts: false, browserName: chrome, browserVersion: 125.0.6422.112, chrome: {chromedriverVersion: 125.0.6422.78 (14db42ec38ad..., userDataDir: C:\Users\ROHITV~1\AppData\L...}, fedcm:accounts: true, goog:chromeOptions: {debuggerAddress: localhost:51119}, networkConnectionEnabled: false, pageLoadStrategy: normal, platformName: windows, proxy: Proxy(), se:cdp: ws://localhost:51119/devtoo..., se:cdpVersion: 125.0.6422.112, setWindowRect: true, strictFileInteractability: false, timeouts: {implicit: 0, pageLoad: 300000, script: 30000}, unhandledPromptBehavior: dismiss and notify, webauthn:extension:credBlob: true, webauthn:extension:largeBlob: true, webauthn:extension:minPinLength: true, webauthn:extension:prf: true, webauthn:virtualAuthenticators: true}
Element: [[ChromeDriver: chrome on windows (337b97d23ff5c7053215b1e66b12dbe1)] -> xpath: //span[text()='Administration']]
Session ID: 337b97d23ff5c7053215b1e66b12dbe1]]>
            </message>
            <full-stacktrace>
              <![CDATA[org.openqa.selenium.ElementClickInterceptedException: element click intercepted: Element <span class="MuiButton-label">...</span> is not clickable at point (274, 117). Other element would receive the click: <div id="appSpinner" class="jss645">...</div>
  (Session info: chrome=125.0.6422.112)
Build info: version: '4.18.1', revision: 'b1d3319b48'
System info: os.name: 'Windows 11', os.arch: 'amd64', os.version: '10.0', java.version: '20.0.1'
Driver info: org.openqa.selenium.chrome.ChromeDriver
Command: [337b97d23ff5c7053215b1e66b12dbe1, clickElement {id=f.2F6950185AC7E8F5119671AF9A0D6413.d.FD471F5CCDF05824DD588F120BBD82FD.e.51}]
Capabilities {acceptInsecureCerts: false, browserName: chrome, browserVersion: 125.0.6422.112, chrome: {chromedriverVersion: 125.0.6422.78 (14db42ec38ad..., userDataDir: C:\Users\ROHITV~1\AppData\L...}, fedcm:accounts: true, goog:chromeOptions: {debuggerAddress: localhost:51119}, networkConnectionEnabled: false, pageLoadStrategy: normal, platformName: windows, proxy: Proxy(), se:cdp: ws://localhost:51119/devtoo..., se:cdpVersion: 125.0.6422.112, setWindowRect: true, strictFileInteractability: false, timeouts: {implicit: 0, pageLoad: 300000, script: 30000}, unhandledPromptBehavior: dismiss and notify, webauthn:extension:credBlob: true, webauthn:extension:largeBlob: true, webauthn:extension:minPinLength: true, webauthn:extension:prf: true, webauthn:virtualAuthenticators: true}
Element: [[ChromeDriver: chrome on windows (337b97d23ff5c7053215b1e66b12dbe1)] -> xpath: //span[text()='Administration']]
Session ID: 337b97d23ff5c7053215b1e66b12dbe1
at java.base/jdk.internal.reflect.DirectConstructorHandleAccessor.newInstance(DirectConstructorHandleAccessor.java:67)
at java.base/java.lang.reflect.Constructor.newInstanceWithCaller(Constructor.java:500)
at java.base/java.lang.reflect.Constructor.newInstance(Constructor.java:484)
at org.openqa.selenium.remote.ErrorCodec.decode(ErrorCodec.java:167)
at org.openqa.selenium.remote.codec.w3c.W3CHttpResponseCodec.decode(W3CHttpResponseCodec.java:138)
at org.openqa.selenium.remote.codec.w3c.W3CHttpResponseCodec.decode(W3CHttpResponseCodec.java:50)
at org.openqa.selenium.remote.HttpCommandExecutor.execute(HttpCommandExecutor.java:190)
at org.openqa.selenium.remote.service.DriverCommandExecutor.invokeExecute(DriverCommandExecutor.java:216)
at org.openqa.selenium.remote.service.DriverCommandExecutor.execute(DriverCommandExecutor.java:174)
at org.openqa.selenium.remote.RemoteWebDriver.execute(RemoteWebDriver.java:519)
at org.openqa.selenium.remote.RemoteWebElement.execute(RemoteWebElement.java:223)
at org.openqa.selenium.remote.RemoteWebElement.click(RemoteWebElement.java:76)
at java.base/jdk.internal.reflect.DirectMethodHandleAccessor.invoke(DirectMethodHandleAccessor.java:104)
at java.base/java.lang.reflect.Method.invoke(Method.java:578)
at org.openqa.selenium.support.pagefactory.internal.LocatingElementHandler.invoke(LocatingElementHandler.java:51)
at jdk.proxy2/jdk.proxy2.$Proxy13.click(Unknown Source)
at pageObjects.com_pomClassForJointAuctionTieBreaker.setFXrateCal_PE9(com_pomClassForJointAuctionTieBreaker.java:8377)
at prescribed_Event_Test.PrescribedEvent_A56.SET_FXRATE_CA_A56(PrescribedEvent_A56.java:78)
at java.base/jdk.internal.reflect.DirectMethodHandleAccessor.invoke(DirectMethodHandleAccessor.java:104)
at java.base/java.lang.reflect.Method.invoke(Method.java:578)
at org.testng.internal.MethodInvocationHelper.invokeMethod(MethodInvocationHelper.java:132)
at org.testng.internal.TestInvoker.invokeMethod(TestInvoker.java:599)
at org.testng.internal.TestInvoker.invokeTestMethod(TestInvoker.java:174)
at org.testng.internal.MethodRunner.runInSequence(MethodRunner.java:46)
at org.testng.internal.TestInvoker$MethodInvocationAgent.invoke(TestInvoker.java:822)
at org.testng.internal.TestInvoker.invokeTestMethods(TestInvoker.java:147)
at org.testng.internal.TestMethodWorker.invokeTestMethods(TestMethodWorker.java:146)
at org.testng.internal.TestMethodWorker.run(TestMethodWorker.java:128)
at java.base/java.util.ArrayList.forEach(ArrayList.java:1511)
at org.testng.TestRunner.privateRun(TestRunner.java:764)
at org.testng.TestRunner.run(TestRunner.java:585)
at org.testng.SuiteRunner.runTest(SuiteRunner.java:384)
at org.testng.SuiteRunner.runSequentially(SuiteRunner.java:378)
at org.testng.SuiteRunner.privateRun(SuiteRunner.java:337)
at org.testng.SuiteRunner.run(SuiteRunner.java:286)
at org.testng.SuiteRunnerWorker.runSuite(SuiteRunnerWorker.java:53)
at org.testng.SuiteRunnerWorker.run(SuiteRunnerWorker.java:96)
at org.testng.TestNG.runSuitesSequentially(TestNG.java:1218)
at org.testng.TestNG.runSuitesLocally(TestNG.java:1140)
at org.testng.TestNG.runSuites(TestNG.java:1069)
at org.testng.TestNG.run(TestNG.java:1037)
at org.testng.remote.AbstractRemoteTestNG.run(AbstractRemoteTestNG.java:115)
at org.testng.remote.RemoteTestNG.initAndRun(RemoteTestNG.java:251)
at org.testng.remote.RemoteTestNG.main(RemoteTestNG.java:77)
]]>
            </full-stacktrace>
          </exception> <!-- org.openqa.selenium.ElementClickInterceptedException -->
          <reporter-output>
            <line>
              <![CDATA[Chrome launched]]>
            </line>
            <line>
              <![CDATA[Navigated to BaseUrl: https://www.qa-wci-auction.org]]>
            </line>
          </reporter-output>
        </test-method> <!-- SET_FXRATE_CA_A56 -->
        <test-method retried="true" signature="SET_FXRATE_CA_A56()[pri:4, instance:prescribed_Event_Test.PrescribedEvent_A56@2c1b194a]" started-at="2024-05-27T16:04:25 IST" name="SET_FXRATE_CA_A56" finished-at="2024-05-27T16:04:45 IST" duration-ms="20117" status="SKIP">
          <exception class="org.openqa.selenium.ElementClickInterceptedException">
            <message>
              <![CDATA[element click intercepted: Element <span class="MuiButton-label">...</span> is not clickable at point (274, 117). Other element would receive the click: <div id="appSpinner" class="jss645">...</div>
  (Session info: chrome=125.0.6422.112)
Build info: version: '4.18.1', revision: 'b1d3319b48'
System info: os.name: 'Windows 11', os.arch: 'amd64', os.version: '10.0', java.version: '20.0.1'
Driver info: org.openqa.selenium.chrome.ChromeDriver
Command: [7053b8e54e61347977f62b30a667b765, clickElement {id=f.4050B53196A9904E415599A245111C57.d.C2EA61E66EABCA7DABD77C08F7BAFED2.e.50}]
Capabilities {acceptInsecureCerts: false, browserName: chrome, browserVersion: 125.0.6422.112, chrome: {chromedriverVersion: 125.0.6422.78 (14db42ec38ad..., userDataDir: C:\Users\ROHITV~1\AppData\L...}, fedcm:accounts: true, goog:chromeOptions: {debuggerAddress: localhost:51161}, networkConnectionEnabled: false, pageLoadStrategy: normal, platformName: windows, proxy: Proxy(), se:cdp: ws://localhost:51161/devtoo..., se:cdpVersion: 125.0.6422.112, setWindowRect: true, strictFileInteractability: false, timeouts: {implicit: 0, pageLoad: 300000, script: 30000}, unhandledPromptBehavior: dismiss and notify, webauthn:extension:credBlob: true, webauthn:extension:largeBlob: true, webauthn:extension:minPinLength: true, webauthn:extension:prf: true, webauthn:virtualAuthenticators: true}
Element: [[ChromeDriver: chrome on windows (7053b8e54e61347977f62b30a667b765)] -> xpath: //span[text()='Administration']]
Session ID: 7053b8e54e61347977f62b30a667b765]]>
            </message>
            <full-stacktrace>
              <![CDATA[org.openqa.selenium.ElementClickInterceptedException: element click intercepted: Element <span class="MuiButton-label">...</span> is not clickable at point (274, 117). Other element would receive the click: <div id="appSpinner" class="jss645">...</div>
  (Session info: chrome=125.0.6422.112)
Build info: version: '4.18.1', revision: 'b1d3319b48'
System info: os.name: 'Windows 11', os.arch: 'amd64', os.version: '10.0', java.version: '20.0.1'
Driver info: org.openqa.selenium.chrome.ChromeDriver
Command: [7053b8e54e61347977f62b30a667b765, clickElement {id=f.4050B53196A9904E415599A245111C57.d.C2EA61E66EABCA7DABD77C08F7BAFED2.e.50}]
Capabilities {acceptInsecureCerts: false, browserName: chrome, browserVersion: 125.0.6422.112, chrome: {chromedriverVersion: 125.0.6422.78 (14db42ec38ad..., userDataDir: C:\Users\ROHITV~1\AppData\L...}, fedcm:accounts: true, goog:chromeOptions: {debuggerAddress: localhost:51161}, networkConnectionEnabled: false, pageLoadStrategy: normal, platformName: windows, proxy: Proxy(), se:cdp: ws://localhost:51161/devtoo..., se:cdpVersion: 125.0.6422.112, setWindowRect: true, strictFileInteractability: false, timeouts: {implicit: 0, pageLoad: 300000, script: 30000}, unhandledPromptBehavior: dismiss and notify, webauthn:extension:credBlob: true, webauthn:extension:largeBlob: true, webauthn:extension:minPinLength: true, webauthn:extension:prf: true, webauthn:virtualAuthenticators: true}
Element: [[ChromeDriver: chrome on windows (7053b8e54e61347977f62b30a667b765)] -> xpath: //span[text()='Administration']]
Session ID: 7053b8e54e61347977f62b30a667b765
at java.base/jdk.internal.reflect.DirectConstructorHandleAccessor.newInstance(DirectConstructorHandleAccessor.java:67)
at java.base/java.lang.reflect.Constructor.newInstanceWithCaller(Constructor.java:500)
at java.base/java.lang.reflect.Constructor.newInstance(Constructor.java:484)
at org.openqa.selenium.remote.ErrorCodec.decode(ErrorCodec.java:167)
at org.openqa.selenium.remote.codec.w3c.W3CHttpResponseCodec.decode(W3CHttpResponseCodec.java:138)
at org.openqa.selenium.remote.codec.w3c.W3CHttpResponseCodec.decode(W3CHttpResponseCodec.java:50)
at org.openqa.selenium.remote.HttpCommandExecutor.execute(HttpCommandExecutor.java:190)
at org.openqa.selenium.remote.service.DriverCommandExecutor.invokeExecute(DriverCommandExecutor.java:216)
at org.openqa.selenium.remote.service.DriverCommandExecutor.execute(DriverCommandExecutor.java:174)
at org.openqa.selenium.remote.RemoteWebDriver.execute(RemoteWebDriver.java:519)
at org.openqa.selenium.remote.RemoteWebElement.execute(RemoteWebElement.java:223)
at org.openqa.selenium.remote.RemoteWebElement.click(RemoteWebElement.java:76)
at java.base/jdk.internal.reflect.DirectMethodHandleAccessor.invoke(DirectMethodHandleAccessor.java:104)
at java.base/java.lang.reflect.Method.invoke(Method.java:578)
at org.openqa.selenium.support.pagefactory.internal.LocatingElementHandler.invoke(LocatingElementHandler.java:51)
at jdk.proxy2/jdk.proxy2.$Proxy13.click(Unknown Source)
at pageObjects.com_pomClassForJointAuctionTieBreaker.setFXrateCal_PE9(com_pomClassForJointAuctionTieBreaker.java:8377)
at prescribed_Event_Test.PrescribedEvent_A56.SET_FXRATE_CA_A56(PrescribedEvent_A56.java:78)
at java.base/jdk.internal.reflect.DirectMethodHandleAccessor.invoke(DirectMethodHandleAccessor.java:104)
at java.base/java.lang.reflect.Method.invoke(Method.java:578)
at org.testng.internal.MethodInvocationHelper.invokeMethod(MethodInvocationHelper.java:132)
at org.testng.internal.TestInvoker.invokeMethod(TestInvoker.java:599)
at org.testng.internal.TestInvoker.retryFailed(TestInvoker.java:214)
at org.testng.internal.MethodRunner.runInSequence(MethodRunner.java:58)
at org.testng.internal.TestInvoker$MethodInvocationAgent.invoke(TestInvoker.java:822)
at org.testng.internal.TestInvoker.invokeTestMethods(TestInvoker.java:147)
at org.testng.internal.TestMethodWorker.invokeTestMethods(TestMethodWorker.java:146)
at org.testng.internal.TestMethodWorker.run(TestMethodWorker.java:128)
at java.base/java.util.ArrayList.forEach(ArrayList.java:1511)
at org.testng.TestRunner.privateRun(TestRunner.java:764)
at org.testng.TestRunner.run(TestRunner.java:585)
at org.testng.SuiteRunner.runTest(SuiteRunner.java:384)
at org.testng.SuiteRunner.runSequentially(SuiteRunner.java:378)
at org.testng.SuiteRunner.privateRun(SuiteRunner.java:337)
at org.testng.SuiteRunner.run(SuiteRunner.java:286)
at org.testng.SuiteRunnerWorker.runSuite(SuiteRunnerWorker.java:53)
at org.testng.SuiteRunnerWorker.run(SuiteRunnerWorker.java:96)
at org.testng.TestNG.runSuitesSequentially(TestNG.java:1218)
at org.testng.TestNG.runSuitesLocally(TestNG.java:1140)
at org.testng.TestNG.runSuites(TestNG.java:1069)
at org.testng.TestNG.run(TestNG.java:1037)
at org.testng.remote.AbstractRemoteTestNG.run(AbstractRemoteTestNG.java:115)
at org.testng.remote.RemoteTestNG.initAndRun(RemoteTestNG.java:251)
at org.testng.remote.RemoteTestNG.main(RemoteTestNG.java:77)
]]>
            </full-stacktrace>
          </exception> <!-- org.openqa.selenium.ElementClickInterceptedException -->
          <reporter-output>
            <line>
              <![CDATA[Chrome launched]]>
            </line>
            <line>
              <![CDATA[Navigated to BaseUrl: https://www.qa-wci-auction.org]]>
            </line>
          </reporter-output>
        </test-method> <!-- SET_FXRATE_CA_A56 -->
        <test-method signature="SET_FXRATE_CA_A56()[pri:4, instance:prescribed_Event_Test.PrescribedEvent_A56@2c1b194a]" started-at="2024-05-27T16:04:45 IST" name="SET_FXRATE_CA_A56" finished-at="2024-05-27T16:05:21 IST" duration-ms="36072" status="PASS">
          <reporter-output>
            <line>
              <![CDATA[Chrome launched]]>
            </line>
            <line>
              <![CDATA[Navigated to BaseUrl: https://www.qa-wci-auction.org]]>
            </line>
          </reporter-output>
        </test-method> <!-- SET_FXRATE_CA_A56 -->
        <test-method retried="true" signature="Execute_API()[pri:5, instance:prescribed_Event_Test.PrescribedEvent_A56@2c1b194a]" started-at="2024-05-27T16:05:22 IST" name="Execute_API" finished-at="2024-05-27T16:06:08 IST" duration-ms="45956" status="SKIP">
          <exception class="org.openqa.selenium.ElementClickInterceptedException">
            <message>
              <![CDATA[element click intercepted: Element <span class="MuiButton-label">...</span> is not clickable at point (1423, 194). Other element would receive the click: <td class="MuiTableCell-root MuiTableCell-body">...</td>
  (Session info: chrome=125.0.6422.112)
Build info: version: '4.18.1', revision: 'b1d3319b48'
System info: os.name: 'Windows 11', os.arch: 'amd64', os.version: '10.0', java.version: '20.0.1'
Driver info: org.openqa.selenium.chrome.ChromeDriver
Command: [b53062799ed7164b871a84413ac58987, clickElement {id=f.D602F6DD1FC767EC62E9DCADAA56CA2F.d.D48BD9D48FC81E4CEE6E6EE3FFAF57D3.e.164}]
Capabilities {acceptInsecureCerts: false, browserName: chrome, browserVersion: 125.0.6422.112, chrome: {chromedriverVersion: 125.0.6422.78 (14db42ec38ad..., userDataDir: C:\Users\ROHITV~1\AppData\L...}, fedcm:accounts: true, goog:chromeOptions: {debuggerAddress: localhost:51260}, networkConnectionEnabled: false, pageLoadStrategy: normal, platformName: windows, proxy: Proxy(), se:cdp: ws://localhost:51260/devtoo..., se:cdpVersion: 125.0.6422.112, setWindowRect: true, strictFileInteractability: false, timeouts: {implicit: 0, pageLoad: 300000, script: 30000}, unhandledPromptBehavior: dismiss and notify, webauthn:extension:credBlob: true, webauthn:extension:largeBlob: true, webauthn:extension:minPinLength: true, webauthn:extension:prf: true, webauthn:virtualAuthenticators: true}
Element: [[ChromeDriver: chrome on windows (b53062799ed7164b871a84413ac58987)] -> xpath: (//*[text()='Execute'])[3]]
Session ID: b53062799ed7164b871a84413ac58987]]>
            </message>
            <full-stacktrace>
              <![CDATA[org.openqa.selenium.ElementClickInterceptedException: element click intercepted: Element <span class="MuiButton-label">...</span> is not clickable at point (1423, 194). Other element would receive the click: <td class="MuiTableCell-root MuiTableCell-body">...</td>
  (Session info: chrome=125.0.6422.112)
Build info: version: '4.18.1', revision: 'b1d3319b48'
System info: os.name: 'Windows 11', os.arch: 'amd64', os.version: '10.0', java.version: '20.0.1'
Driver info: org.openqa.selenium.chrome.ChromeDriver
Command: [b53062799ed7164b871a84413ac58987, clickElement {id=f.D602F6DD1FC767EC62E9DCADAA56CA2F.d.D48BD9D48FC81E4CEE6E6EE3FFAF57D3.e.164}]
Capabilities {acceptInsecureCerts: false, browserName: chrome, browserVersion: 125.0.6422.112, chrome: {chromedriverVersion: 125.0.6422.78 (14db42ec38ad..., userDataDir: C:\Users\ROHITV~1\AppData\L...}, fedcm:accounts: true, goog:chromeOptions: {debuggerAddress: localhost:51260}, networkConnectionEnabled: false, pageLoadStrategy: normal, platformName: windows, proxy: Proxy(), se:cdp: ws://localhost:51260/devtoo..., se:cdpVersion: 125.0.6422.112, setWindowRect: true, strictFileInteractability: false, timeouts: {implicit: 0, pageLoad: 300000, script: 30000}, unhandledPromptBehavior: dismiss and notify, webauthn:extension:credBlob: true, webauthn:extension:largeBlob: true, webauthn:extension:minPinLength: true, webauthn:extension:prf: true, webauthn:virtualAuthenticators: true}
Element: [[ChromeDriver: chrome on windows (b53062799ed7164b871a84413ac58987)] -> xpath: (//*[text()='Execute'])[3]]
Session ID: b53062799ed7164b871a84413ac58987
at java.base/jdk.internal.reflect.DirectConstructorHandleAccessor.newInstance(DirectConstructorHandleAccessor.java:67)
at java.base/java.lang.reflect.Constructor.newInstanceWithCaller(Constructor.java:500)
at java.base/java.lang.reflect.Constructor.newInstance(Constructor.java:484)
at org.openqa.selenium.remote.ErrorCodec.decode(ErrorCodec.java:167)
at org.openqa.selenium.remote.codec.w3c.W3CHttpResponseCodec.decode(W3CHttpResponseCodec.java:138)
at org.openqa.selenium.remote.codec.w3c.W3CHttpResponseCodec.decode(W3CHttpResponseCodec.java:50)
at org.openqa.selenium.remote.HttpCommandExecutor.execute(HttpCommandExecutor.java:190)
at org.openqa.selenium.remote.service.DriverCommandExecutor.invokeExecute(DriverCommandExecutor.java:216)
at org.openqa.selenium.remote.service.DriverCommandExecutor.execute(DriverCommandExecutor.java:174)
at org.openqa.selenium.remote.RemoteWebDriver.execute(RemoteWebDriver.java:519)
at org.openqa.selenium.remote.RemoteWebElement.execute(RemoteWebElement.java:223)
at org.openqa.selenium.remote.RemoteWebElement.click(RemoteWebElement.java:76)
at java.base/jdk.internal.reflect.DirectMethodHandleAccessor.invoke(DirectMethodHandleAccessor.java:104)
at java.base/java.lang.reflect.Method.invoke(Method.java:578)
at org.openqa.selenium.support.pagefactory.internal.LocatingElementHandler.invoke(LocatingElementHandler.java:51)
at jdk.proxy2/jdk.proxy2.$Proxy13.click(Unknown Source)
at pageObjects.com_pomClassForJointAuctionTieBreaker.executeAPIGetBidLimitations(com_pomClassForJointAuctionTieBreaker.java:8559)
at prescribed_Event_Test.PrescribedEvent_A56.Execute_API(PrescribedEvent_A56.java:92)
at java.base/jdk.internal.reflect.DirectMethodHandleAccessor.invoke(DirectMethodHandleAccessor.java:104)
at java.base/java.lang.reflect.Method.invoke(Method.java:578)
at org.testng.internal.MethodInvocationHelper.invokeMethod(MethodInvocationHelper.java:132)
at org.testng.internal.TestInvoker.invokeMethod(TestInvoker.java:599)
at org.testng.internal.TestInvoker.invokeTestMethod(TestInvoker.java:174)
at org.testng.internal.MethodRunner.runInSequence(MethodRunner.java:46)
at org.testng.internal.TestInvoker$MethodInvocationAgent.invoke(TestInvoker.java:822)
at org.testng.internal.TestInvoker.invokeTestMethods(TestInvoker.java:147)
at org.testng.internal.TestMethodWorker.invokeTestMethods(TestMethodWorker.java:146)
at org.testng.internal.TestMethodWorker.run(TestMethodWorker.java:128)
at java.base/java.util.ArrayList.forEach(ArrayList.java:1511)
at org.testng.TestRunner.privateRun(TestRunner.java:764)
at org.testng.TestRunner.run(TestRunner.java:585)
at org.testng.SuiteRunner.runTest(SuiteRunner.java:384)
at org.testng.SuiteRunner.runSequentially(SuiteRunner.java:378)
at org.testng.SuiteRunner.privateRun(SuiteRunner.java:337)
at org.testng.SuiteRunner.run(SuiteRunner.java:286)
at org.testng.SuiteRunnerWorker.runSuite(SuiteRunnerWorker.java:53)
at org.testng.SuiteRunnerWorker.run(SuiteRunnerWorker.java:96)
at org.testng.TestNG.runSuitesSequentially(TestNG.java:1218)
at org.testng.TestNG.runSuitesLocally(TestNG.java:1140)
at org.testng.TestNG.runSuites(TestNG.java:1069)
at org.testng.TestNG.run(TestNG.java:1037)
at org.testng.remote.AbstractRemoteTestNG.run(AbstractRemoteTestNG.java:115)
at org.testng.remote.RemoteTestNG.initAndRun(RemoteTestNG.java:251)
at org.testng.remote.RemoteTestNG.main(RemoteTestNG.java:77)
]]>
            </full-stacktrace>
          </exception> <!-- org.openqa.selenium.ElementClickInterceptedException -->
          <reporter-output>
            <line>
              <![CDATA[Chrome launched]]>
            </line>
            <line>
              <![CDATA[Navigated to BaseUrl: https://www.qa-wci-auction.org]]>
            </line>
          </reporter-output>
        </test-method> <!-- Execute_API -->
        <test-method signature="Execute_API()[pri:5, instance:prescribed_Event_Test.PrescribedEvent_A56@2c1b194a]" started-at="2024-05-27T16:06:09 IST" name="Execute_API" finished-at="2024-05-27T16:07:09 IST" duration-ms="59762" status="PASS">
          <reporter-output>
            <line>
              <![CDATA[Chrome launched]]>
            </line>
            <line>
              <![CDATA[Navigated to BaseUrl: https://www.qa-wci-auction.org]]>
            </line>
          </reporter-output>
        </test-method> <!-- Execute_API -->
        <test-method retried="true" signature="Placing_Bids_FirstEntity_A56()[pri:6, instance:prescribed_Event_Test.PrescribedEvent_A56@2c1b194a]" started-at="2024-05-27T16:07:09 IST" name="Placing_Bids_FirstEntity_A56" finished-at="2024-05-27T16:08:10 IST" duration-ms="61034" status="SKIP">
          <exception class="org.openqa.selenium.TimeoutException">
            <message>
              <![CDATA[Expected condition failed: waiting for visibility of element located by By.xpath: //*[text()='BIDDING CLOSES IN'] (tried for 30 second(s) with 500 milliseconds interval)
Build info: version: '4.18.1', revision: 'b1d3319b48'
System info: os.name: 'Windows 11', os.arch: 'amd64', os.version: '10.0', java.version: '20.0.1'
Driver info: org.openqa.selenium.chrome.ChromeDriver
Capabilities {acceptInsecureCerts: false, browserName: chrome, browserVersion: 125.0.6422.112, chrome: {chromedriverVersion: 125.0.6422.78 (14db42ec38ad..., userDataDir: C:\Users\ROHITV~1\AppData\L...}, fedcm:accounts: true, goog:chromeOptions: {debuggerAddress: localhost:51386}, networkConnectionEnabled: false, pageLoadStrategy: normal, platformName: windows, proxy: Proxy(), se:cdp: ws://localhost:51386/devtoo..., se:cdpVersion: 125.0.6422.112, setWindowRect: true, strictFileInteractability: false, timeouts: {implicit: 0, pageLoad: 300000, script: 30000}, unhandledPromptBehavior: dismiss and notify, webauthn:extension:credBlob: true, webauthn:extension:largeBlob: true, webauthn:extension:minPinLength: true, webauthn:extension:prf: true, webauthn:virtualAuthenticators: true}
Session ID: e68633ef11d1c09b4cf68260e83a5054]]>
            </message>
            <full-stacktrace>
              <![CDATA[org.openqa.selenium.TimeoutException: Expected condition failed: waiting for visibility of element located by By.xpath: //*[text()='BIDDING CLOSES IN'] (tried for 30 second(s) with 500 milliseconds interval)
Build info: version: '4.18.1', revision: 'b1d3319b48'
System info: os.name: 'Windows 11', os.arch: 'amd64', os.version: '10.0', java.version: '20.0.1'
Driver info: org.openqa.selenium.chrome.ChromeDriver
Capabilities {acceptInsecureCerts: false, browserName: chrome, browserVersion: 125.0.6422.112, chrome: {chromedriverVersion: 125.0.6422.78 (14db42ec38ad..., userDataDir: C:\Users\ROHITV~1\AppData\L...}, fedcm:accounts: true, goog:chromeOptions: {debuggerAddress: localhost:51386}, networkConnectionEnabled: false, pageLoadStrategy: normal, platformName: windows, proxy: Proxy(), se:cdp: ws://localhost:51386/devtoo..., se:cdpVersion: 125.0.6422.112, setWindowRect: true, strictFileInteractability: false, timeouts: {implicit: 0, pageLoad: 300000, script: 30000}, unhandledPromptBehavior: dismiss and notify, webauthn:extension:credBlob: true, webauthn:extension:largeBlob: true, webauthn:extension:minPinLength: true, webauthn:extension:prf: true, webauthn:virtualAuthenticators: true}
Session ID: e68633ef11d1c09b4cf68260e83a5054
at org.openqa.selenium.support.ui.WebDriverWait.timeoutException(WebDriverWait.java:84)
at org.openqa.selenium.support.ui.FluentWait.until(FluentWait.java:228)
at pageObjects.com_pomClassForJointAuctionTieBreaker.BiddingByARforTestData1_PE9(com_pomClassForJointAuctionTieBreaker.java:12811)
at prescribed_Event_Test.PrescribedEvent_A56.Placing_Bids_FirstEntity_A56(PrescribedEvent_A56.java:106)
at java.base/jdk.internal.reflect.DirectMethodHandleAccessor.invoke(DirectMethodHandleAccessor.java:104)
at java.base/java.lang.reflect.Method.invoke(Method.java:578)
at org.testng.internal.MethodInvocationHelper.invokeMethod(MethodInvocationHelper.java:132)
at org.testng.internal.TestInvoker.invokeMethod(TestInvoker.java:599)
at org.testng.internal.TestInvoker.invokeTestMethod(TestInvoker.java:174)
at org.testng.internal.MethodRunner.runInSequence(MethodRunner.java:46)
at org.testng.internal.TestInvoker$MethodInvocationAgent.invoke(TestInvoker.java:822)
at org.testng.internal.TestInvoker.invokeTestMethods(TestInvoker.java:147)
at org.testng.internal.TestMethodWorker.invokeTestMethods(TestMethodWorker.java:146)
at org.testng.internal.TestMethodWorker.run(TestMethodWorker.java:128)
at java.base/java.util.ArrayList.forEach(ArrayList.java:1511)
at org.testng.TestRunner.privateRun(TestRunner.java:764)
at org.testng.TestRunner.run(TestRunner.java:585)
at org.testng.SuiteRunner.runTest(SuiteRunner.java:384)
at org.testng.SuiteRunner.runSequentially(SuiteRunner.java:378)
at org.testng.SuiteRunner.privateRun(SuiteRunner.java:337)
at org.testng.SuiteRunner.run(SuiteRunner.java:286)
at org.testng.SuiteRunnerWorker.runSuite(SuiteRunnerWorker.java:53)
at org.testng.SuiteRunnerWorker.run(SuiteRunnerWorker.java:96)
at org.testng.TestNG.runSuitesSequentially(TestNG.java:1218)
at org.testng.TestNG.runSuitesLocally(TestNG.java:1140)
at org.testng.TestNG.runSuites(TestNG.java:1069)
at org.testng.TestNG.run(TestNG.java:1037)
at org.testng.remote.AbstractRemoteTestNG.run(AbstractRemoteTestNG.java:115)
at org.testng.remote.RemoteTestNG.initAndRun(RemoteTestNG.java:251)
at org.testng.remote.RemoteTestNG.main(RemoteTestNG.java:77)
]]>
            </full-stacktrace>
          </exception> <!-- org.openqa.selenium.TimeoutException -->
          <reporter-output>
            <line>
              <![CDATA[Chrome launched]]>
            </line>
            <line>
              <![CDATA[Navigated to BaseUrl: https://www.qa-wci-auction.org]]>
            </line>
          </reporter-output>
        </test-method> <!-- Placing_Bids_FirstEntity_A56 -->
        <test-method signature="Placing_Bids_FirstEntity_A56()[pri:6, instance:prescribed_Event_Test.PrescribedEvent_A56@2c1b194a]" started-at="2024-05-27T16:08:11 IST" name="Placing_Bids_FirstEntity_A56" finished-at="2024-05-27T16:09:53 IST" duration-ms="101969" status="PASS">
          <reporter-output>
            <line>
              <![CDATA[Chrome launched]]>
            </line>
            <line>
              <![CDATA[Navigated to BaseUrl: https://www.qa-wci-auction.org]]>
            </line>
          </reporter-output>
        </test-method> <!-- Placing_Bids_FirstEntity_A56 -->
        <test-method signature="Placing_Bids_SecondEntity_A56()[pri:7, instance:prescribed_Event_Test.PrescribedEvent_A56@2c1b194a]" started-at="2024-05-27T16:09:53 IST" name="Placing_Bids_SecondEntity_A56" finished-at="2024-05-27T16:11:09 IST" duration-ms="75324" status="PASS">
          <reporter-output>
            <line>
              <![CDATA[Chrome launched]]>
            </line>
            <line>
              <![CDATA[Navigated to BaseUrl: https://www.qa-wci-auction.org]]>
            </line>
          </reporter-output>
        </test-method> <!-- Placing_Bids_SecondEntity_A56 -->
        <test-method signature="Placing_Bids_ThirdEntity_A56()[pri:8, instance:prescribed_Event_Test.PrescribedEvent_A56@2c1b194a]" started-at="2024-05-27T16:11:09 IST" name="Placing_Bids_ThirdEntity_A56" finished-at="2024-05-27T16:12:26 IST" duration-ms="76137" status="PASS">
          <reporter-output>
            <line>
              <![CDATA[Chrome launched]]>
            </line>
            <line>
              <![CDATA[Navigated to BaseUrl: https://www.qa-wci-auction.org]]>
            </line>
          </reporter-output>
        </test-method> <!-- Placing_Bids_ThirdEntity_A56 -->
        <test-method signature="Placing_Bids_FourthEntity_A56()[pri:9, instance:prescribed_Event_Test.PrescribedEvent_A56@2c1b194a]" started-at="2024-05-27T16:12:26 IST" name="Placing_Bids_FourthEntity_A56" finished-at="2024-05-27T16:13:49 IST" duration-ms="83060" status="PASS">
          <reporter-output>
            <line>
              <![CDATA[Chrome launched]]>
            </line>
            <line>
              <![CDATA[Navigated to BaseUrl: https://www.qa-wci-auction.org]]>
            </line>
          </reporter-output>
        </test-method> <!-- Placing_Bids_FourthEntity_A56 -->
        <test-method signature="Placing_Bids_FifthEntity_A56()[pri:10, instance:prescribed_Event_Test.PrescribedEvent_A56@2c1b194a]" started-at="2024-05-27T16:13:50 IST" name="Placing_Bids_FifthEntity_A56" finished-at="2024-05-27T16:15:12 IST" duration-ms="82209" status="PASS">
          <reporter-output>
            <line>
              <![CDATA[Chrome launched]]>
            </line>
            <line>
              <![CDATA[Navigated to BaseUrl: https://www.qa-wci-auction.org]]>
            </line>
          </reporter-output>
        </test-method> <!-- Placing_Bids_FifthEntity_A56 -->
        <test-method signature="Closing_Bidding_Window()[pri:11, instance:prescribed_Event_Test.PrescribedEvent_A56@2c1b194a]" started-at="2024-05-27T16:15:13 IST" name="Closing_Bidding_Window" finished-at="2024-05-27T16:16:42 IST" duration-ms="88701" status="PASS">
          <reporter-output>
            <line>
              <![CDATA[Chrome launched]]>
            </line>
            <line>
              <![CDATA[Navigated to BaseUrl: https://www.qa-wci-auction.org]]>
            </line>
          </reporter-output>
        </test-method> <!-- Closing_Bidding_Window -->
        <test-method signature="Approval_By_QuebecSponsor_For_Edit_BiddingWindow_CloseTime()[pri:12, instance:prescribed_Event_Test.PrescribedEvent_A56@2c1b194a]" started-at="2024-05-27T16:16:42 IST" name="Approval_By_QuebecSponsor_For_Edit_BiddingWindow_CloseTime" finished-at="2024-05-27T16:17:40 IST" duration-ms="57098" status="PASS">
          <reporter-output>
            <line>
              <![CDATA[Chrome launched]]>
            </line>
            <line>
              <![CDATA[Navigated to BaseUrl: https://www.qa-wci-auction.org]]>
            </line>
          </reporter-output>
        </test-method> <!-- Approval_By_QuebecSponsor_For_Edit_BiddingWindow_CloseTime -->
        <test-method signature="Run_Algorithm_California()[pri:13, instance:prescribed_Event_Test.PrescribedEvent_A56@2c1b194a]" started-at="2024-05-27T16:17:40 IST" name="Run_Algorithm_California" finished-at="2024-05-27T16:18:24 IST" duration-ms="43776" status="PASS">
          <reporter-output>
            <line>
              <![CDATA[Chrome launched]]>
            </line>
            <line>
              <![CDATA[Navigated to BaseUrl: https://www.qa-wci-auction.org]]>
            </line>
          </reporter-output>
        </test-method> <!-- Run_Algorithm_California -->
        <test-method signature="Run_Algorithm_Quebec()[pri:14, instance:prescribed_Event_Test.PrescribedEvent_A56@2c1b194a]" started-at="2024-05-27T16:18:24 IST" name="Run_Algorithm_Quebec" finished-at="2024-05-27T16:19:29 IST" duration-ms="64399" status="PASS">
          <reporter-output>
            <line>
              <![CDATA[Chrome launched]]>
            </line>
            <line>
              <![CDATA[Navigated to BaseUrl: https://www.qa-wci-auction.org]]>
            </line>
          </reporter-output>
        </test-method> <!-- Run_Algorithm_Quebec -->
        <test-method signature="EventCertification_California()[pri:15, instance:prescribed_Event_Test.PrescribedEvent_A56@2c1b194a]" started-at="2024-05-27T16:19:30 IST" name="EventCertification_California" finished-at="2024-05-27T16:20:08 IST" duration-ms="38485" status="PASS">
          <reporter-output>
            <line>
              <![CDATA[Chrome launched]]>
            </line>
            <line>
              <![CDATA[Navigated to BaseUrl: https://www.qa-wci-auction.org]]>
            </line>
          </reporter-output>
        </test-method> <!-- EventCertification_California -->
        <test-method signature="EventCertification_DualApproval_Quebec()[pri:16, instance:prescribed_Event_Test.PrescribedEvent_A56@2c1b194a]" started-at="2024-05-27T16:20:09 IST" name="EventCertification_DualApproval_Quebec" finished-at="2024-05-27T16:21:13 IST" duration-ms="63816" status="PASS">
          <reporter-output>
            <line>
              <![CDATA[Chrome launched]]>
            </line>
            <line>
              <![CDATA[Navigated to BaseUrl: https://www.qa-wci-auction.org]]>
            </line>
          </reporter-output>
        </test-method> <!-- EventCertification_DualApproval_Quebec -->
      </class> <!-- prescribed_Event_Test.PrescribedEvent_A56 -->
      <class name="prescribed_Event_Test.PrescribedEvent_A50">
        <test-method retried="true" signature="CreateNewEvent_A50()[pri:1, instance:prescribed_Event_Test.PrescribedEvent_A50@1de5f259]" started-at="2024-05-27T14:12:00 IST" name="CreateNewEvent_A50" finished-at="2024-05-27T14:12:12 IST" duration-ms="12217" status="SKIP">
          <exception class="org.openqa.selenium.ElementClickInterceptedException">
            <message>
              <![CDATA[element click intercepted: Element <span class="MuiButton-label">...</span> is not clickable at point (1440, 65). Other element would receive the click: <div id="appSpinner" class="jss379">...</div>
  (Session info: chrome=125.0.6422.112)
Build info: version: '4.18.1', revision: 'b1d3319b48'
System info: os.name: 'Windows 11', os.arch: 'amd64', os.version: '10.0', java.version: '20.0.1'
Driver info: org.openqa.selenium.chrome.ChromeDriver
Command: [f2fea39edb5ee5ca0ad5ab4ce5559278, clickElement {id=f.D70D4E9E0FE523FE58AD24CED2B4168A.d.EC0442F827357A70AC62DFF9674612E9.e.22}]
Capabilities {acceptInsecureCerts: false, browserName: chrome, browserVersion: 125.0.6422.112, chrome: {chromedriverVersion: 125.0.6422.78 (14db42ec38ad..., userDataDir: C:\Users\ROHITV~1\AppData\L...}, fedcm:accounts: true, goog:chromeOptions: {debuggerAddress: localhost:61121}, networkConnectionEnabled: false, pageLoadStrategy: normal, platformName: windows, proxy: Proxy(), se:cdp: ws://localhost:61121/devtoo..., se:cdpVersion: 125.0.6422.112, setWindowRect: true, strictFileInteractability: false, timeouts: {implicit: 0, pageLoad: 300000, script: 30000}, unhandledPromptBehavior: dismiss and notify, webauthn:extension:credBlob: true, webauthn:extension:largeBlob: true, webauthn:extension:minPinLength: true, webauthn:extension:prf: true, webauthn:virtualAuthenticators: true}
Element: [[ChromeDriver: chrome on windows (f2fea39edb5ee5ca0ad5ab4ce5559278)] -> xpath: //*[text()='Log in']]
Session ID: f2fea39edb5ee5ca0ad5ab4ce5559278]]>
            </message>
            <full-stacktrace>
              <![CDATA[org.openqa.selenium.ElementClickInterceptedException: element click intercepted: Element <span class="MuiButton-label">...</span> is not clickable at point (1440, 65). Other element would receive the click: <div id="appSpinner" class="jss379">...</div>
  (Session info: chrome=125.0.6422.112)
Build info: version: '4.18.1', revision: 'b1d3319b48'
System info: os.name: 'Windows 11', os.arch: 'amd64', os.version: '10.0', java.version: '20.0.1'
Driver info: org.openqa.selenium.chrome.ChromeDriver
Command: [f2fea39edb5ee5ca0ad5ab4ce5559278, clickElement {id=f.D70D4E9E0FE523FE58AD24CED2B4168A.d.EC0442F827357A70AC62DFF9674612E9.e.22}]
Capabilities {acceptInsecureCerts: false, browserName: chrome, browserVersion: 125.0.6422.112, chrome: {chromedriverVersion: 125.0.6422.78 (14db42ec38ad..., userDataDir: C:\Users\ROHITV~1\AppData\L...}, fedcm:accounts: true, goog:chromeOptions: {debuggerAddress: localhost:61121}, networkConnectionEnabled: false, pageLoadStrategy: normal, platformName: windows, proxy: Proxy(), se:cdp: ws://localhost:61121/devtoo..., se:cdpVersion: 125.0.6422.112, setWindowRect: true, strictFileInteractability: false, timeouts: {implicit: 0, pageLoad: 300000, script: 30000}, unhandledPromptBehavior: dismiss and notify, webauthn:extension:credBlob: true, webauthn:extension:largeBlob: true, webauthn:extension:minPinLength: true, webauthn:extension:prf: true, webauthn:virtualAuthenticators: true}
Element: [[ChromeDriver: chrome on windows (f2fea39edb5ee5ca0ad5ab4ce5559278)] -> xpath: //*[text()='Log in']]
Session ID: f2fea39edb5ee5ca0ad5ab4ce5559278
at java.base/jdk.internal.reflect.DirectConstructorHandleAccessor.newInstance(DirectConstructorHandleAccessor.java:67)
at java.base/java.lang.reflect.Constructor.newInstanceWithCaller(Constructor.java:500)
at java.base/java.lang.reflect.Constructor.newInstance(Constructor.java:484)
at org.openqa.selenium.remote.ErrorCodec.decode(ErrorCodec.java:167)
at org.openqa.selenium.remote.codec.w3c.W3CHttpResponseCodec.decode(W3CHttpResponseCodec.java:138)
at org.openqa.selenium.remote.codec.w3c.W3CHttpResponseCodec.decode(W3CHttpResponseCodec.java:50)
at org.openqa.selenium.remote.HttpCommandExecutor.execute(HttpCommandExecutor.java:190)
at org.openqa.selenium.remote.service.DriverCommandExecutor.invokeExecute(DriverCommandExecutor.java:216)
at org.openqa.selenium.remote.service.DriverCommandExecutor.execute(DriverCommandExecutor.java:174)
at org.openqa.selenium.remote.RemoteWebDriver.execute(RemoteWebDriver.java:519)
at org.openqa.selenium.remote.RemoteWebElement.execute(RemoteWebElement.java:223)
at org.openqa.selenium.remote.RemoteWebElement.click(RemoteWebElement.java:76)
at java.base/jdk.internal.reflect.DirectMethodHandleAccessor.invoke(DirectMethodHandleAccessor.java:104)
at java.base/java.lang.reflect.Method.invoke(Method.java:578)
at org.openqa.selenium.support.pagefactory.internal.LocatingElementHandler.invoke(LocatingElementHandler.java:51)
at jdk.proxy2/jdk.proxy2.$Proxy13.click(Unknown Source)
at pageObjects.com_pomClassForJointAuctionTieBreaker.sponsorLoginCa2(com_pomClassForJointAuctionTieBreaker.java:21319)
at prescribed_Event_Test.PrescribedEvent_A50.CreateNewEvent_A50(PrescribedEvent_A50.java:31)
at java.base/jdk.internal.reflect.DirectMethodHandleAccessor.invoke(DirectMethodHandleAccessor.java:104)
at java.base/java.lang.reflect.Method.invoke(Method.java:578)
at org.testng.internal.MethodInvocationHelper.invokeMethod(MethodInvocationHelper.java:132)
at org.testng.internal.TestInvoker.invokeMethod(TestInvoker.java:599)
at org.testng.internal.TestInvoker.invokeTestMethod(TestInvoker.java:174)
at org.testng.internal.MethodRunner.runInSequence(MethodRunner.java:46)
at org.testng.internal.TestInvoker$MethodInvocationAgent.invoke(TestInvoker.java:822)
at org.testng.internal.TestInvoker.invokeTestMethods(TestInvoker.java:147)
at org.testng.internal.TestMethodWorker.invokeTestMethods(TestMethodWorker.java:146)
at org.testng.internal.TestMethodWorker.run(TestMethodWorker.java:128)
at java.base/java.util.ArrayList.forEach(ArrayList.java:1511)
at org.testng.TestRunner.privateRun(TestRunner.java:764)
at org.testng.TestRunner.run(TestRunner.java:585)
at org.testng.SuiteRunner.runTest(SuiteRunner.java:384)
at org.testng.SuiteRunner.runSequentially(SuiteRunner.java:378)
at org.testng.SuiteRunner.privateRun(SuiteRunner.java:337)
at org.testng.SuiteRunner.run(SuiteRunner.java:286)
at org.testng.SuiteRunnerWorker.runSuite(SuiteRunnerWorker.java:53)
at org.testng.SuiteRunnerWorker.run(SuiteRunnerWorker.java:96)
at org.testng.TestNG.runSuitesSequentially(TestNG.java:1218)
at org.testng.TestNG.runSuitesLocally(TestNG.java:1140)
at org.testng.TestNG.runSuites(TestNG.java:1069)
at org.testng.TestNG.run(TestNG.java:1037)
at org.testng.remote.AbstractRemoteTestNG.run(AbstractRemoteTestNG.java:115)
at org.testng.remote.RemoteTestNG.initAndRun(RemoteTestNG.java:251)
at org.testng.remote.RemoteTestNG.main(RemoteTestNG.java:77)
]]>
            </full-stacktrace>
          </exception> <!-- org.openqa.selenium.ElementClickInterceptedException -->
          <reporter-output>
            <line>
              <![CDATA[Chrome launched]]>
            </line>
            <line>
              <![CDATA[Navigated to BaseUrl: https://www.qa-wci-auction.org]]>
            </line>
          </reporter-output>
        </test-method> <!-- CreateNewEvent_A50 -->
        <test-method signature="CreateNewEvent_A50()[pri:1, instance:prescribed_Event_Test.PrescribedEvent_A50@1de5f259]" started-at="2024-05-27T14:12:13 IST" name="CreateNewEvent_A50" finished-at="2024-05-27T14:13:43 IST" duration-ms="90286" status="PASS">
          <reporter-output>
            <line>
              <![CDATA[Chrome launched]]>
            </line>
            <line>
              <![CDATA[Navigated to BaseUrl: https://www.qa-wci-auction.org]]>
            </line>
          </reporter-output>
        </test-method> <!-- CreateNewEvent_A50 -->
        <test-method signature="Approval_By_QuebecSponsor_A50()[pri:2, instance:prescribed_Event_Test.PrescribedEvent_A50@1de5f259]" started-at="2024-05-27T14:13:44 IST" name="Approval_By_QuebecSponsor_A50" finished-at="2024-05-27T14:14:54 IST" duration-ms="69814" status="PASS">
          <reporter-output>
            <line>
              <![CDATA[Chrome launched]]>
            </line>
            <line>
              <![CDATA[Navigated to BaseUrl: https://www.qa-wci-auction.org]]>
            </line>
          </reporter-output>
        </test-method> <!-- Approval_By_QuebecSponsor_A50 -->
        <test-method signature="SET_FXRATE_QC_A50()[pri:3, instance:prescribed_Event_Test.PrescribedEvent_A50@1de5f259]" started-at="2024-05-27T14:14:54 IST" name="SET_FXRATE_QC_A50" finished-at="2024-05-27T14:16:04 IST" duration-ms="69886" status="PASS">
          <reporter-output>
            <line>
              <![CDATA[Chrome launched]]>
            </line>
            <line>
              <![CDATA[Navigated to BaseUrl: https://www.qa-wci-auction.org]]>
            </line>
          </reporter-output>
        </test-method> <!-- SET_FXRATE_QC_A50 -->
        <test-method signature="SET_FXRATE_CA_A50()[pri:4, instance:prescribed_Event_Test.PrescribedEvent_A50@1de5f259]" started-at="2024-05-27T14:16:05 IST" name="SET_FXRATE_CA_A50" finished-at="2024-05-27T14:16:42 IST" duration-ms="37195" status="PASS">
          <reporter-output>
            <line>
              <![CDATA[Chrome launched]]>
            </line>
            <line>
              <![CDATA[Navigated to BaseUrl: https://www.qa-wci-auction.org]]>
            </line>
          </reporter-output>
        </test-method> <!-- SET_FXRATE_CA_A50 -->
        <test-method retried="true" signature="Execute_API()[pri:5, instance:prescribed_Event_Test.PrescribedEvent_A50@1de5f259]" started-at="2024-05-27T14:16:44 IST" name="Execute_API" finished-at="2024-05-27T14:17:26 IST" duration-ms="42308" status="SKIP">
          <exception class="org.openqa.selenium.ElementClickInterceptedException">
            <message>
              <![CDATA[element click intercepted: Element <span class="MuiButton-label">...</span> is not clickable at point (1423, 194). Other element would receive the click: <td class="MuiTableCell-root MuiTableCell-body">...</td>
  (Session info: chrome=125.0.6422.112)
Build info: version: '4.18.1', revision: 'b1d3319b48'
System info: os.name: 'Windows 11', os.arch: 'amd64', os.version: '10.0', java.version: '20.0.1'
Driver info: org.openqa.selenium.chrome.ChromeDriver
Command: [5cf76620075b5350c0e517b0c5483c76, clickElement {id=f.729CE458C1CF2F5805E3D24FD7B027B5.d.6221F79A1393FD4757660F88401CAB60.e.163}]
Capabilities {acceptInsecureCerts: false, browserName: chrome, browserVersion: 125.0.6422.112, chrome: {chromedriverVersion: 125.0.6422.78 (14db42ec38ad..., userDataDir: C:\Users\ROHITV~1\AppData\L...}, fedcm:accounts: true, goog:chromeOptions: {debuggerAddress: localhost:61515}, networkConnectionEnabled: false, pageLoadStrategy: normal, platformName: windows, proxy: Proxy(), se:cdp: ws://localhost:61515/devtoo..., se:cdpVersion: 125.0.6422.112, setWindowRect: true, strictFileInteractability: false, timeouts: {implicit: 0, pageLoad: 300000, script: 30000}, unhandledPromptBehavior: dismiss and notify, webauthn:extension:credBlob: true, webauthn:extension:largeBlob: true, webauthn:extension:minPinLength: true, webauthn:extension:prf: true, webauthn:virtualAuthenticators: true}
Element: [[ChromeDriver: chrome on windows (5cf76620075b5350c0e517b0c5483c76)] -> xpath: (//*[text()='Execute'])[3]]
Session ID: 5cf76620075b5350c0e517b0c5483c76]]>
            </message>
            <full-stacktrace>
              <![CDATA[org.openqa.selenium.ElementClickInterceptedException: element click intercepted: Element <span class="MuiButton-label">...</span> is not clickable at point (1423, 194). Other element would receive the click: <td class="MuiTableCell-root MuiTableCell-body">...</td>
  (Session info: chrome=125.0.6422.112)
Build info: version: '4.18.1', revision: 'b1d3319b48'
System info: os.name: 'Windows 11', os.arch: 'amd64', os.version: '10.0', java.version: '20.0.1'
Driver info: org.openqa.selenium.chrome.ChromeDriver
Command: [5cf76620075b5350c0e517b0c5483c76, clickElement {id=f.729CE458C1CF2F5805E3D24FD7B027B5.d.6221F79A1393FD4757660F88401CAB60.e.163}]
Capabilities {acceptInsecureCerts: false, browserName: chrome, browserVersion: 125.0.6422.112, chrome: {chromedriverVersion: 125.0.6422.78 (14db42ec38ad..., userDataDir: C:\Users\ROHITV~1\AppData\L...}, fedcm:accounts: true, goog:chromeOptions: {debuggerAddress: localhost:61515}, networkConnectionEnabled: false, pageLoadStrategy: normal, platformName: windows, proxy: Proxy(), se:cdp: ws://localhost:61515/devtoo..., se:cdpVersion: 125.0.6422.112, setWindowRect: true, strictFileInteractability: false, timeouts: {implicit: 0, pageLoad: 300000, script: 30000}, unhandledPromptBehavior: dismiss and notify, webauthn:extension:credBlob: true, webauthn:extension:largeBlob: true, webauthn:extension:minPinLength: true, webauthn:extension:prf: true, webauthn:virtualAuthenticators: true}
Element: [[ChromeDriver: chrome on windows (5cf76620075b5350c0e517b0c5483c76)] -> xpath: (//*[text()='Execute'])[3]]
Session ID: 5cf76620075b5350c0e517b0c5483c76
at java.base/jdk.internal.reflect.DirectConstructorHandleAccessor.newInstance(DirectConstructorHandleAccessor.java:67)
at java.base/java.lang.reflect.Constructor.newInstanceWithCaller(Constructor.java:500)
at java.base/java.lang.reflect.Constructor.newInstance(Constructor.java:484)
at org.openqa.selenium.remote.ErrorCodec.decode(ErrorCodec.java:167)
at org.openqa.selenium.remote.codec.w3c.W3CHttpResponseCodec.decode(W3CHttpResponseCodec.java:138)
at org.openqa.selenium.remote.codec.w3c.W3CHttpResponseCodec.decode(W3CHttpResponseCodec.java:50)
at org.openqa.selenium.remote.HttpCommandExecutor.execute(HttpCommandExecutor.java:190)
at org.openqa.selenium.remote.service.DriverCommandExecutor.invokeExecute(DriverCommandExecutor.java:216)
at org.openqa.selenium.remote.service.DriverCommandExecutor.execute(DriverCommandExecutor.java:174)
at org.openqa.selenium.remote.RemoteWebDriver.execute(RemoteWebDriver.java:519)
at org.openqa.selenium.remote.RemoteWebElement.execute(RemoteWebElement.java:223)
at org.openqa.selenium.remote.RemoteWebElement.click(RemoteWebElement.java:76)
at java.base/jdk.internal.reflect.DirectMethodHandleAccessor.invoke(DirectMethodHandleAccessor.java:104)
at java.base/java.lang.reflect.Method.invoke(Method.java:578)
at org.openqa.selenium.support.pagefactory.internal.LocatingElementHandler.invoke(LocatingElementHandler.java:51)
at jdk.proxy2/jdk.proxy2.$Proxy13.click(Unknown Source)
at pageObjects.com_pomClassForJointAuctionTieBreaker.executeAPIGetBidLimitations(com_pomClassForJointAuctionTieBreaker.java:8559)
at prescribed_Event_Test.PrescribedEvent_A50.Execute_API(PrescribedEvent_A50.java:93)
at java.base/jdk.internal.reflect.DirectMethodHandleAccessor.invoke(DirectMethodHandleAccessor.java:104)
at java.base/java.lang.reflect.Method.invoke(Method.java:578)
at org.testng.internal.MethodInvocationHelper.invokeMethod(MethodInvocationHelper.java:132)
at org.testng.internal.TestInvoker.invokeMethod(TestInvoker.java:599)
at org.testng.internal.TestInvoker.invokeTestMethod(TestInvoker.java:174)
at org.testng.internal.MethodRunner.runInSequence(MethodRunner.java:46)
at org.testng.internal.TestInvoker$MethodInvocationAgent.invoke(TestInvoker.java:822)
at org.testng.internal.TestInvoker.invokeTestMethods(TestInvoker.java:147)
at org.testng.internal.TestMethodWorker.invokeTestMethods(TestMethodWorker.java:146)
at org.testng.internal.TestMethodWorker.run(TestMethodWorker.java:128)
at java.base/java.util.ArrayList.forEach(ArrayList.java:1511)
at org.testng.TestRunner.privateRun(TestRunner.java:764)
at org.testng.TestRunner.run(TestRunner.java:585)
at org.testng.SuiteRunner.runTest(SuiteRunner.java:384)
at org.testng.SuiteRunner.runSequentially(SuiteRunner.java:378)
at org.testng.SuiteRunner.privateRun(SuiteRunner.java:337)
at org.testng.SuiteRunner.run(SuiteRunner.java:286)
at org.testng.SuiteRunnerWorker.runSuite(SuiteRunnerWorker.java:53)
at org.testng.SuiteRunnerWorker.run(SuiteRunnerWorker.java:96)
at org.testng.TestNG.runSuitesSequentially(TestNG.java:1218)
at org.testng.TestNG.runSuitesLocally(TestNG.java:1140)
at org.testng.TestNG.runSuites(TestNG.java:1069)
at org.testng.TestNG.run(TestNG.java:1037)
at org.testng.remote.AbstractRemoteTestNG.run(AbstractRemoteTestNG.java:115)
at org.testng.remote.RemoteTestNG.initAndRun(RemoteTestNG.java:251)
at org.testng.remote.RemoteTestNG.main(RemoteTestNG.java:77)
]]>
            </full-stacktrace>
          </exception> <!-- org.openqa.selenium.ElementClickInterceptedException -->
          <reporter-output>
            <line>
              <![CDATA[Chrome launched]]>
            </line>
            <line>
              <![CDATA[Navigated to BaseUrl: https://www.qa-wci-auction.org]]>
            </line>
          </reporter-output>
        </test-method> <!-- Execute_API -->
        <test-method signature="Execute_API()[pri:5, instance:prescribed_Event_Test.PrescribedEvent_A50@1de5f259]" started-at="2024-05-27T14:17:27 IST" name="Execute_API" finished-at="2024-05-27T14:18:26 IST" duration-ms="59406" status="PASS">
          <reporter-output>
            <line>
              <![CDATA[Chrome launched]]>
            </line>
            <line>
              <![CDATA[Navigated to BaseUrl: https://www.qa-wci-auction.org]]>
            </line>
          </reporter-output>
        </test-method> <!-- Execute_API -->
        <test-method retried="true" signature="Placing_Bids_FirstEntity_A50()[pri:6, instance:prescribed_Event_Test.PrescribedEvent_A50@1de5f259]" started-at="2024-05-27T14:18:27 IST" name="Placing_Bids_FirstEntity_A50" finished-at="2024-05-27T14:20:31 IST" duration-ms="124679" status="SKIP">
          <exception class="org.openqa.selenium.TimeoutException">
            <message>
              <![CDATA[Expected condition failed: waiting for visibility of element located by By.xpath: //*[text()='BIDDING CLOSES IN'] (tried for 30 second(s) with 500 milliseconds interval)
Build info: version: '4.18.1', revision: 'b1d3319b48'
System info: os.name: 'Windows 11', os.arch: 'amd64', os.version: '10.0', java.version: '20.0.1'
Driver info: org.openqa.selenium.chrome.ChromeDriver
Capabilities {acceptInsecureCerts: false, browserName: chrome, browserVersion: 125.0.6422.112, chrome: {chromedriverVersion: 125.0.6422.78 (14db42ec38ad..., userDataDir: C:\Users\ROHITV~1\AppData\L...}, fedcm:accounts: true, goog:chromeOptions: {debuggerAddress: localhost:61637}, networkConnectionEnabled: false, pageLoadStrategy: normal, platformName: windows, proxy: Proxy(), se:cdp: ws://localhost:61637/devtoo..., se:cdpVersion: 125.0.6422.112, setWindowRect: true, strictFileInteractability: false, timeouts: {implicit: 0, pageLoad: 300000, script: 30000}, unhandledPromptBehavior: dismiss and notify, webauthn:extension:credBlob: true, webauthn:extension:largeBlob: true, webauthn:extension:minPinLength: true, webauthn:extension:prf: true, webauthn:virtualAuthenticators: true}
Session ID: 406988d11d574a1d7661fd4e013427e7]]>
            </message>
            <full-stacktrace>
              <![CDATA[org.openqa.selenium.TimeoutException: Expected condition failed: waiting for visibility of element located by By.xpath: //*[text()='BIDDING CLOSES IN'] (tried for 30 second(s) with 500 milliseconds interval)
Build info: version: '4.18.1', revision: 'b1d3319b48'
System info: os.name: 'Windows 11', os.arch: 'amd64', os.version: '10.0', java.version: '20.0.1'
Driver info: org.openqa.selenium.chrome.ChromeDriver
Capabilities {acceptInsecureCerts: false, browserName: chrome, browserVersion: 125.0.6422.112, chrome: {chromedriverVersion: 125.0.6422.78 (14db42ec38ad..., userDataDir: C:\Users\ROHITV~1\AppData\L...}, fedcm:accounts: true, goog:chromeOptions: {debuggerAddress: localhost:61637}, networkConnectionEnabled: false, pageLoadStrategy: normal, platformName: windows, proxy: Proxy(), se:cdp: ws://localhost:61637/devtoo..., se:cdpVersion: 125.0.6422.112, setWindowRect: true, strictFileInteractability: false, timeouts: {implicit: 0, pageLoad: 300000, script: 30000}, unhandledPromptBehavior: dismiss and notify, webauthn:extension:credBlob: true, webauthn:extension:largeBlob: true, webauthn:extension:minPinLength: true, webauthn:extension:prf: true, webauthn:virtualAuthenticators: true}
Session ID: 406988d11d574a1d7661fd4e013427e7
at org.openqa.selenium.support.ui.WebDriverWait.timeoutException(WebDriverWait.java:84)
at org.openqa.selenium.support.ui.FluentWait.until(FluentWait.java:228)
at pageObjects.com_pomClassForJointAuctionTieBreaker.BiddingByARforTestData1_PE6(com_pomClassForJointAuctionTieBreaker.java:12743)
at prescribed_Event_Test.PrescribedEvent_A50.Placing_Bids_FirstEntity_A50(PrescribedEvent_A50.java:107)
at java.base/jdk.internal.reflect.DirectMethodHandleAccessor.invoke(DirectMethodHandleAccessor.java:104)
at java.base/java.lang.reflect.Method.invoke(Method.java:578)
at org.testng.internal.MethodInvocationHelper.invokeMethod(MethodInvocationHelper.java:132)
at org.testng.internal.TestInvoker.invokeMethod(TestInvoker.java:599)
at org.testng.internal.TestInvoker.invokeTestMethod(TestInvoker.java:174)
at org.testng.internal.MethodRunner.runInSequence(MethodRunner.java:46)
at org.testng.internal.TestInvoker$MethodInvocationAgent.invoke(TestInvoker.java:822)
at org.testng.internal.TestInvoker.invokeTestMethods(TestInvoker.java:147)
at org.testng.internal.TestMethodWorker.invokeTestMethods(TestMethodWorker.java:146)
at org.testng.internal.TestMethodWorker.run(TestMethodWorker.java:128)
at java.base/java.util.ArrayList.forEach(ArrayList.java:1511)
at org.testng.TestRunner.privateRun(TestRunner.java:764)
at org.testng.TestRunner.run(TestRunner.java:585)
at org.testng.SuiteRunner.runTest(SuiteRunner.java:384)
at org.testng.SuiteRunner.runSequentially(SuiteRunner.java:378)
at org.testng.SuiteRunner.privateRun(SuiteRunner.java:337)
at org.testng.SuiteRunner.run(SuiteRunner.java:286)
at org.testng.SuiteRunnerWorker.runSuite(SuiteRunnerWorker.java:53)
at org.testng.SuiteRunnerWorker.run(SuiteRunnerWorker.java:96)
at org.testng.TestNG.runSuitesSequentially(TestNG.java:1218)
at org.testng.TestNG.runSuitesLocally(TestNG.java:1140)
at org.testng.TestNG.runSuites(TestNG.java:1069)
at org.testng.TestNG.run(TestNG.java:1037)
at org.testng.remote.AbstractRemoteTestNG.run(AbstractRemoteTestNG.java:115)
at org.testng.remote.RemoteTestNG.initAndRun(RemoteTestNG.java:251)
at org.testng.remote.RemoteTestNG.main(RemoteTestNG.java:77)
]]>
            </full-stacktrace>
          </exception> <!-- org.openqa.selenium.TimeoutException -->
          <reporter-output>
            <line>
              <![CDATA[Chrome launched]]>
            </line>
            <line>
              <![CDATA[Navigated to BaseUrl: https://www.qa-wci-auction.org]]>
            </line>
          </reporter-output>
        </test-method> <!-- Placing_Bids_FirstEntity_A50 -->
        <test-method signature="Placing_Bids_FirstEntity_A50()[pri:6, instance:prescribed_Event_Test.PrescribedEvent_A50@1de5f259]" started-at="2024-05-27T14:20:32 IST" name="Placing_Bids_FirstEntity_A50" finished-at="2024-05-27T14:23:08 IST" duration-ms="155964" status="PASS">
          <reporter-output>
            <line>
              <![CDATA[Chrome launched]]>
            </line>
            <line>
              <![CDATA[Navigated to BaseUrl: https://www.qa-wci-auction.org]]>
            </line>
          </reporter-output>
        </test-method> <!-- Placing_Bids_FirstEntity_A50 -->
        <test-method signature="Placing_Bids_SecondEntity_A50()[pri:7, instance:prescribed_Event_Test.PrescribedEvent_A50@1de5f259]" started-at="2024-05-27T14:23:08 IST" name="Placing_Bids_SecondEntity_A50" finished-at="2024-05-27T14:25:37 IST" duration-ms="148376" status="PASS">
          <reporter-output>
            <line>
              <![CDATA[Chrome launched]]>
            </line>
            <line>
              <![CDATA[Navigated to BaseUrl: https://www.qa-wci-auction.org]]>
            </line>
          </reporter-output>
        </test-method> <!-- Placing_Bids_SecondEntity_A50 -->
        <test-method signature="Placing_Bids_ThirdEntity_A50()[pri:8, instance:prescribed_Event_Test.PrescribedEvent_A50@1de5f259]" started-at="2024-05-27T14:25:38 IST" name="Placing_Bids_ThirdEntity_A50" finished-at="2024-05-27T14:28:04 IST" duration-ms="146402" status="PASS">
          <reporter-output>
            <line>
              <![CDATA[Chrome launched]]>
            </line>
            <line>
              <![CDATA[Navigated to BaseUrl: https://www.qa-wci-auction.org]]>
            </line>
          </reporter-output>
        </test-method> <!-- Placing_Bids_ThirdEntity_A50 -->
        <test-method signature="Placing_Bids_FourthEntity_A50()[pri:9, instance:prescribed_Event_Test.PrescribedEvent_A50@1de5f259]" started-at="2024-05-27T14:28:05 IST" name="Placing_Bids_FourthEntity_A50" finished-at="2024-05-27T14:30:29 IST" duration-ms="144028" status="PASS">
          <reporter-output>
            <line>
              <![CDATA[Chrome launched]]>
            </line>
            <line>
              <![CDATA[Navigated to BaseUrl: https://www.qa-wci-auction.org]]>
            </line>
          </reporter-output>
        </test-method> <!-- Placing_Bids_FourthEntity_A50 -->
        <test-method signature="Placing_Bids_FifthEntity_A50()[pri:10, instance:prescribed_Event_Test.PrescribedEvent_A50@1de5f259]" started-at="2024-05-27T14:30:29 IST" name="Placing_Bids_FifthEntity_A50" finished-at="2024-05-27T14:33:00 IST" duration-ms="150756" status="PASS">
          <reporter-output>
            <line>
              <![CDATA[Chrome launched]]>
            </line>
            <line>
              <![CDATA[Navigated to BaseUrl: https://www.qa-wci-auction.org]]>
            </line>
          </reporter-output>
        </test-method> <!-- Placing_Bids_FifthEntity_A50 -->
        <test-method signature="Closing_Bidding_Window()[pri:11, instance:prescribed_Event_Test.PrescribedEvent_A50@1de5f259]" started-at="2024-05-27T14:33:01 IST" name="Closing_Bidding_Window" finished-at="2024-05-27T14:34:23 IST" duration-ms="82415" status="PASS">
          <reporter-output>
            <line>
              <![CDATA[Chrome launched]]>
            </line>
            <line>
              <![CDATA[Navigated to BaseUrl: https://www.qa-wci-auction.org]]>
            </line>
          </reporter-output>
        </test-method> <!-- Closing_Bidding_Window -->
        <test-method signature="Approval_By_QuebecSponsor_For_Edit_BiddingWindow_CloseTime()[pri:12, instance:prescribed_Event_Test.PrescribedEvent_A50@1de5f259]" started-at="2024-05-27T14:34:24 IST" name="Approval_By_QuebecSponsor_For_Edit_BiddingWindow_CloseTime" finished-at="2024-05-27T14:35:25 IST" duration-ms="60589" status="PASS">
          <reporter-output>
            <line>
              <![CDATA[Chrome launched]]>
            </line>
            <line>
              <![CDATA[Navigated to BaseUrl: https://www.qa-wci-auction.org]]>
            </line>
          </reporter-output>
        </test-method> <!-- Approval_By_QuebecSponsor_For_Edit_BiddingWindow_CloseTime -->
        <test-method signature="Run_Algorithm_California()[pri:13, instance:prescribed_Event_Test.PrescribedEvent_A50@1de5f259]" started-at="2024-05-27T14:35:25 IST" name="Run_Algorithm_California" finished-at="2024-05-27T14:36:07 IST" duration-ms="41754" status="PASS">
          <reporter-output>
            <line>
              <![CDATA[Chrome launched]]>
            </line>
            <line>
              <![CDATA[Navigated to BaseUrl: https://www.qa-wci-auction.org]]>
            </line>
          </reporter-output>
        </test-method> <!-- Run_Algorithm_California -->
        <test-method signature="Run_Algorithm_Quebec()[pri:14, instance:prescribed_Event_Test.PrescribedEvent_A50@1de5f259]" started-at="2024-05-27T14:36:08 IST" name="Run_Algorithm_Quebec" finished-at="2024-05-27T14:37:13 IST" duration-ms="65070" status="PASS">
          <reporter-output>
            <line>
              <![CDATA[Chrome launched]]>
            </line>
            <line>
              <![CDATA[Navigated to BaseUrl: https://www.qa-wci-auction.org]]>
            </line>
          </reporter-output>
        </test-method> <!-- Run_Algorithm_Quebec -->
        <test-method signature="EventCertification_California()[pri:15, instance:prescribed_Event_Test.PrescribedEvent_A50@1de5f259]" started-at="2024-05-27T14:37:13 IST" name="EventCertification_California" finished-at="2024-05-27T14:37:49 IST" duration-ms="35986" status="PASS">
          <reporter-output>
            <line>
              <![CDATA[Chrome launched]]>
            </line>
            <line>
              <![CDATA[Navigated to BaseUrl: https://www.qa-wci-auction.org]]>
            </line>
          </reporter-output>
        </test-method> <!-- EventCertification_California -->
        <test-method signature="EventCertification_DualApproval_Quebec()[pri:16, instance:prescribed_Event_Test.PrescribedEvent_A50@1de5f259]" started-at="2024-05-27T14:37:50 IST" name="EventCertification_DualApproval_Quebec" finished-at="2024-05-27T14:38:52 IST" duration-ms="61694" status="PASS">
          <reporter-output>
            <line>
              <![CDATA[Chrome launched]]>
            </line>
            <line>
              <![CDATA[Navigated to BaseUrl: https://www.qa-wci-auction.org]]>
            </line>
          </reporter-output>
        </test-method> <!-- EventCertification_DualApproval_Quebec -->
      </class> <!-- prescribed_Event_Test.PrescribedEvent_A50 -->
      <class name="prescribed_Event_Test.PrescribedEvent_A218">
        <test-method signature="CreateNewEvent_A218()[pri:1, instance:prescribed_Event_Test.PrescribedEvent_A218@729d991e]" started-at="2024-05-27T14:38:52 IST" name="CreateNewEvent_A218" finished-at="2024-05-27T14:39:48 IST" duration-ms="55180" status="PASS">
          <reporter-output>
            <line>
              <![CDATA[Chrome launched]]>
            </line>
            <line>
              <![CDATA[Navigated to BaseUrl: https://www.qa-wci-auction.org]]>
            </line>
          </reporter-output>
        </test-method> <!-- CreateNewEvent_A218 -->
        <test-method signature="Approval_By_WashingtonSecondSponsorA218()[pri:2, instance:prescribed_Event_Test.PrescribedEvent_A218@729d991e]" started-at="2024-05-27T14:39:48 IST" name="Approval_By_WashingtonSecondSponsorA218" finished-at="2024-05-27T14:40:27 IST" duration-ms="38538" status="PASS">
          <reporter-output>
            <line>
              <![CDATA[Chrome launched]]>
            </line>
            <line>
              <![CDATA[Navigated to BaseUrl: https://www.qa-wci-auction.org]]>
            </line>
          </reporter-output>
        </test-method> <!-- Approval_By_WashingtonSecondSponsorA218 -->
        <test-method retried="true" signature="Execute_API()[pri:3, instance:prescribed_Event_Test.PrescribedEvent_A218@729d991e]" started-at="2024-05-27T14:40:27 IST" name="Execute_API" finished-at="2024-05-27T14:41:12 IST" duration-ms="44664" status="SKIP">
          <exception class="org.openqa.selenium.ElementClickInterceptedException">
            <message>
              <![CDATA[element click intercepted: Element <span class="MuiButton-label">...</span> is not clickable at point (1423, 194). Other element would receive the click: <td class="MuiTableCell-root MuiTableCell-body">...</td>
  (Session info: chrome=125.0.6422.112)
Build info: version: '4.18.1', revision: 'b1d3319b48'
System info: os.name: 'Windows 11', os.arch: 'amd64', os.version: '10.0', java.version: '20.0.1'
Driver info: org.openqa.selenium.chrome.ChromeDriver
Command: [0313a73be29165c83484cca8e0d5f15b, clickElement {id=f.A2F30913E0618AEFA587B52F2DC9CDDC.d.C04ED8EE58CD7840BF8C3C28052F24C0.e.169}]
Capabilities {acceptInsecureCerts: false, browserName: chrome, browserVersion: 125.0.6422.112, chrome: {chromedriverVersion: 125.0.6422.78 (14db42ec38ad..., userDataDir: C:\Users\ROHITV~1\AppData\L...}, fedcm:accounts: true, goog:chromeOptions: {debuggerAddress: localhost:62825}, networkConnectionEnabled: false, pageLoadStrategy: normal, platformName: windows, proxy: Proxy(), se:cdp: ws://localhost:62825/devtoo..., se:cdpVersion: 125.0.6422.112, setWindowRect: true, strictFileInteractability: false, timeouts: {implicit: 0, pageLoad: 300000, script: 30000}, unhandledPromptBehavior: dismiss and notify, webauthn:extension:credBlob: true, webauthn:extension:largeBlob: true, webauthn:extension:minPinLength: true, webauthn:extension:prf: true, webauthn:virtualAuthenticators: true}
Element: [[ChromeDriver: chrome on windows (0313a73be29165c83484cca8e0d5f15b)] -> xpath: (//*[text()='Execute'])[3]]
Session ID: 0313a73be29165c83484cca8e0d5f15b]]>
            </message>
            <full-stacktrace>
              <![CDATA[org.openqa.selenium.ElementClickInterceptedException: element click intercepted: Element <span class="MuiButton-label">...</span> is not clickable at point (1423, 194). Other element would receive the click: <td class="MuiTableCell-root MuiTableCell-body">...</td>
  (Session info: chrome=125.0.6422.112)
Build info: version: '4.18.1', revision: 'b1d3319b48'
System info: os.name: 'Windows 11', os.arch: 'amd64', os.version: '10.0', java.version: '20.0.1'
Driver info: org.openqa.selenium.chrome.ChromeDriver
Command: [0313a73be29165c83484cca8e0d5f15b, clickElement {id=f.A2F30913E0618AEFA587B52F2DC9CDDC.d.C04ED8EE58CD7840BF8C3C28052F24C0.e.169}]
Capabilities {acceptInsecureCerts: false, browserName: chrome, browserVersion: 125.0.6422.112, chrome: {chromedriverVersion: 125.0.6422.78 (14db42ec38ad..., userDataDir: C:\Users\ROHITV~1\AppData\L...}, fedcm:accounts: true, goog:chromeOptions: {debuggerAddress: localhost:62825}, networkConnectionEnabled: false, pageLoadStrategy: normal, platformName: windows, proxy: Proxy(), se:cdp: ws://localhost:62825/devtoo..., se:cdpVersion: 125.0.6422.112, setWindowRect: true, strictFileInteractability: false, timeouts: {implicit: 0, pageLoad: 300000, script: 30000}, unhandledPromptBehavior: dismiss and notify, webauthn:extension:credBlob: true, webauthn:extension:largeBlob: true, webauthn:extension:minPinLength: true, webauthn:extension:prf: true, webauthn:virtualAuthenticators: true}
Element: [[ChromeDriver: chrome on windows (0313a73be29165c83484cca8e0d5f15b)] -> xpath: (//*[text()='Execute'])[3]]
Session ID: 0313a73be29165c83484cca8e0d5f15b
at java.base/jdk.internal.reflect.DirectConstructorHandleAccessor.newInstance(DirectConstructorHandleAccessor.java:67)
at java.base/java.lang.reflect.Constructor.newInstanceWithCaller(Constructor.java:500)
at java.base/java.lang.reflect.Constructor.newInstance(Constructor.java:484)
at org.openqa.selenium.remote.ErrorCodec.decode(ErrorCodec.java:167)
at org.openqa.selenium.remote.codec.w3c.W3CHttpResponseCodec.decode(W3CHttpResponseCodec.java:138)
at org.openqa.selenium.remote.codec.w3c.W3CHttpResponseCodec.decode(W3CHttpResponseCodec.java:50)
at org.openqa.selenium.remote.HttpCommandExecutor.execute(HttpCommandExecutor.java:190)
at org.openqa.selenium.remote.service.DriverCommandExecutor.invokeExecute(DriverCommandExecutor.java:216)
at org.openqa.selenium.remote.service.DriverCommandExecutor.execute(DriverCommandExecutor.java:174)
at org.openqa.selenium.remote.RemoteWebDriver.execute(RemoteWebDriver.java:519)
at org.openqa.selenium.remote.RemoteWebElement.execute(RemoteWebElement.java:223)
at org.openqa.selenium.remote.RemoteWebElement.click(RemoteWebElement.java:76)
at java.base/jdk.internal.reflect.DirectMethodHandleAccessor.invoke(DirectMethodHandleAccessor.java:104)
at java.base/java.lang.reflect.Method.invoke(Method.java:578)
at org.openqa.selenium.support.pagefactory.internal.LocatingElementHandler.invoke(LocatingElementHandler.java:51)
at jdk.proxy2/jdk.proxy2.$Proxy13.click(Unknown Source)
at pageObjects.com_pomClassForJointAuctionTieBreaker.executeAPIGetBidLimitations(com_pomClassForJointAuctionTieBreaker.java:8559)
at prescribed_Event_Test.PrescribedEvent_A218.Execute_API(PrescribedEvent_A218.java:67)
at java.base/jdk.internal.reflect.DirectMethodHandleAccessor.invoke(DirectMethodHandleAccessor.java:104)
at java.base/java.lang.reflect.Method.invoke(Method.java:578)
at org.testng.internal.MethodInvocationHelper.invokeMethod(MethodInvocationHelper.java:132)
at org.testng.internal.TestInvoker.invokeMethod(TestInvoker.java:599)
at org.testng.internal.TestInvoker.invokeTestMethod(TestInvoker.java:174)
at org.testng.internal.MethodRunner.runInSequence(MethodRunner.java:46)
at org.testng.internal.TestInvoker$MethodInvocationAgent.invoke(TestInvoker.java:822)
at org.testng.internal.TestInvoker.invokeTestMethods(TestInvoker.java:147)
at org.testng.internal.TestMethodWorker.invokeTestMethods(TestMethodWorker.java:146)
at org.testng.internal.TestMethodWorker.run(TestMethodWorker.java:128)
at java.base/java.util.ArrayList.forEach(ArrayList.java:1511)
at org.testng.TestRunner.privateRun(TestRunner.java:764)
at org.testng.TestRunner.run(TestRunner.java:585)
at org.testng.SuiteRunner.runTest(SuiteRunner.java:384)
at org.testng.SuiteRunner.runSequentially(SuiteRunner.java:378)
at org.testng.SuiteRunner.privateRun(SuiteRunner.java:337)
at org.testng.SuiteRunner.run(SuiteRunner.java:286)
at org.testng.SuiteRunnerWorker.runSuite(SuiteRunnerWorker.java:53)
at org.testng.SuiteRunnerWorker.run(SuiteRunnerWorker.java:96)
at org.testng.TestNG.runSuitesSequentially(TestNG.java:1218)
at org.testng.TestNG.runSuitesLocally(TestNG.java:1140)
at org.testng.TestNG.runSuites(TestNG.java:1069)
at org.testng.TestNG.run(TestNG.java:1037)
at org.testng.remote.AbstractRemoteTestNG.run(AbstractRemoteTestNG.java:115)
at org.testng.remote.RemoteTestNG.initAndRun(RemoteTestNG.java:251)
at org.testng.remote.RemoteTestNG.main(RemoteTestNG.java:77)
]]>
            </full-stacktrace>
          </exception> <!-- org.openqa.selenium.ElementClickInterceptedException -->
          <reporter-output>
            <line>
              <![CDATA[Chrome launched]]>
            </line>
            <line>
              <![CDATA[Navigated to BaseUrl: https://www.qa-wci-auction.org]]>
            </line>
          </reporter-output>
        </test-method> <!-- Execute_API -->
        <test-method signature="Execute_API()[pri:3, instance:prescribed_Event_Test.PrescribedEvent_A218@729d991e]" started-at="2024-05-27T14:41:13 IST" name="Execute_API" finished-at="2024-05-27T14:42:12 IST" duration-ms="59307" status="PASS">
          <reporter-output>
            <line>
              <![CDATA[Chrome launched]]>
            </line>
            <line>
              <![CDATA[Navigated to BaseUrl: https://www.qa-wci-auction.org]]>
            </line>
          </reporter-output>
        </test-method> <!-- Execute_API -->
        <test-method signature="Placing_Bids_FirstEntity_A218()[pri:4, instance:prescribed_Event_Test.PrescribedEvent_A218@729d991e]" started-at="2024-05-27T14:42:13 IST" name="Placing_Bids_FirstEntity_A218" finished-at="2024-05-27T14:44:02 IST" duration-ms="109363" status="PASS">
          <reporter-output>
            <line>
              <![CDATA[Chrome launched]]>
            </line>
            <line>
              <![CDATA[Navigated to BaseUrl: https://www.qa-wci-auction.org]]>
            </line>
          </reporter-output>
        </test-method> <!-- Placing_Bids_FirstEntity_A218 -->
        <test-method signature="Placing_Bids_SecondEntity_A218()[pri:5, instance:prescribed_Event_Test.PrescribedEvent_A218@729d991e]" started-at="2024-05-27T14:44:03 IST" name="Placing_Bids_SecondEntity_A218" finished-at="2024-05-27T14:45:49 IST" duration-ms="106180" status="PASS">
          <reporter-output>
            <line>
              <![CDATA[Chrome launched]]>
            </line>
            <line>
              <![CDATA[Navigated to BaseUrl: https://www.qa-wci-auction.org]]>
            </line>
          </reporter-output>
        </test-method> <!-- Placing_Bids_SecondEntity_A218 -->
        <test-method signature="Placing_Bids_ThirdEntity_A218()[pri:6, instance:prescribed_Event_Test.PrescribedEvent_A218@729d991e]" started-at="2024-05-27T14:45:50 IST" name="Placing_Bids_ThirdEntity_A218" finished-at="2024-05-27T14:47:22 IST" duration-ms="91629" status="PASS">
          <reporter-output>
            <line>
              <![CDATA[Chrome launched]]>
            </line>
            <line>
              <![CDATA[Navigated to BaseUrl: https://www.qa-wci-auction.org]]>
            </line>
          </reporter-output>
        </test-method> <!-- Placing_Bids_ThirdEntity_A218 -->
        <test-method signature="Closing_Bidding_Window()[pri:7, instance:prescribed_Event_Test.PrescribedEvent_A218@729d991e]" started-at="2024-05-27T14:47:22 IST" name="Closing_Bidding_Window" finished-at="2024-05-27T14:48:40 IST" duration-ms="77978" status="PASS">
          <reporter-output>
            <line>
              <![CDATA[Chrome launched]]>
            </line>
            <line>
              <![CDATA[Navigated to BaseUrl: https://www.qa-wci-auction.org]]>
            </line>
          </reporter-output>
        </test-method> <!-- Closing_Bidding_Window -->
        <test-method signature="Approval_By_WashingtonSponsor2_For_Edit_BiddingWindow_CloseTime()[pri:8, instance:prescribed_Event_Test.PrescribedEvent_A218@729d991e]" started-at="2024-05-27T14:48:41 IST" name="Approval_By_WashingtonSponsor2_For_Edit_BiddingWindow_CloseTime" finished-at="2024-05-27T14:49:25 IST" duration-ms="43939" status="PASS">
          <reporter-output>
            <line>
              <![CDATA[Chrome launched]]>
            </line>
            <line>
              <![CDATA[Navigated to BaseUrl: https://www.qa-wci-auction.org]]>
            </line>
          </reporter-output>
        </test-method> <!-- Approval_By_WashingtonSponsor2_For_Edit_BiddingWindow_CloseTime -->
        <test-method retried="true" signature="Run_Algorithm_WashingtonFirstSponsor()[pri:9, instance:prescribed_Event_Test.PrescribedEvent_A218@729d991e]" started-at="2024-05-27T14:49:26 IST" name="Run_Algorithm_WashingtonFirstSponsor" finished-at="2024-05-27T14:50:01 IST" duration-ms="35368" status="SKIP">
          <exception class="org.openqa.selenium.ElementClickInterceptedException">
            <message>
              <![CDATA[element click intercepted: Element <span class="MuiButton-label">...</span> is not clickable at point (1098, 650). Other element would receive the click: <div>...</div>
  (Session info: chrome=125.0.6422.112)
Build info: version: '4.18.1', revision: 'b1d3319b48'
System info: os.name: 'Windows 11', os.arch: 'amd64', os.version: '10.0', java.version: '20.0.1'
Driver info: org.openqa.selenium.chrome.ChromeDriver
Command: [b3afb64ee818b001a52448f873795a14, clickElement {id=f.B2124F8721BAD626F4250D5C26813D95.d.D992403E2EB940EA96A99AFC852F6E06.e.162}]
Capabilities {acceptInsecureCerts: false, browserName: chrome, browserVersion: 125.0.6422.112, chrome: {chromedriverVersion: 125.0.6422.78 (14db42ec38ad..., userDataDir: C:\Users\ROHITV~1\AppData\L...}, fedcm:accounts: true, goog:chromeOptions: {debuggerAddress: localhost:63294}, networkConnectionEnabled: false, pageLoadStrategy: normal, platformName: windows, proxy: Proxy(), se:cdp: ws://localhost:63294/devtoo..., se:cdpVersion: 125.0.6422.112, setWindowRect: true, strictFileInteractability: false, timeouts: {implicit: 0, pageLoad: 300000, script: 30000}, unhandledPromptBehavior: dismiss and notify, webauthn:extension:credBlob: true, webauthn:extension:largeBlob: true, webauthn:extension:minPinLength: true, webauthn:extension:prf: true, webauthn:virtualAuthenticators: true}
Element: [[ChromeDriver: chrome on windows (b3afb64ee818b001a52448f873795a14)] -> xpath: (//*[text()='RUN ALGORITHM'])[2]]
Session ID: b3afb64ee818b001a52448f873795a14]]>
            </message>
            <full-stacktrace>
              <![CDATA[org.openqa.selenium.ElementClickInterceptedException: element click intercepted: Element <span class="MuiButton-label">...</span> is not clickable at point (1098, 650). Other element would receive the click: <div>...</div>
  (Session info: chrome=125.0.6422.112)
Build info: version: '4.18.1', revision: 'b1d3319b48'
System info: os.name: 'Windows 11', os.arch: 'amd64', os.version: '10.0', java.version: '20.0.1'
Driver info: org.openqa.selenium.chrome.ChromeDriver
Command: [b3afb64ee818b001a52448f873795a14, clickElement {id=f.B2124F8721BAD626F4250D5C26813D95.d.D992403E2EB940EA96A99AFC852F6E06.e.162}]
Capabilities {acceptInsecureCerts: false, browserName: chrome, browserVersion: 125.0.6422.112, chrome: {chromedriverVersion: 125.0.6422.78 (14db42ec38ad..., userDataDir: C:\Users\ROHITV~1\AppData\L...}, fedcm:accounts: true, goog:chromeOptions: {debuggerAddress: localhost:63294}, networkConnectionEnabled: false, pageLoadStrategy: normal, platformName: windows, proxy: Proxy(), se:cdp: ws://localhost:63294/devtoo..., se:cdpVersion: 125.0.6422.112, setWindowRect: true, strictFileInteractability: false, timeouts: {implicit: 0, pageLoad: 300000, script: 30000}, unhandledPromptBehavior: dismiss and notify, webauthn:extension:credBlob: true, webauthn:extension:largeBlob: true, webauthn:extension:minPinLength: true, webauthn:extension:prf: true, webauthn:virtualAuthenticators: true}
Element: [[ChromeDriver: chrome on windows (b3afb64ee818b001a52448f873795a14)] -> xpath: (//*[text()='RUN ALGORITHM'])[2]]
Session ID: b3afb64ee818b001a52448f873795a14
at java.base/jdk.internal.reflect.DirectConstructorHandleAccessor.newInstance(DirectConstructorHandleAccessor.java:67)
at java.base/java.lang.reflect.Constructor.newInstanceWithCaller(Constructor.java:500)
at java.base/java.lang.reflect.Constructor.newInstance(Constructor.java:484)
at org.openqa.selenium.remote.ErrorCodec.decode(ErrorCodec.java:167)
at org.openqa.selenium.remote.codec.w3c.W3CHttpResponseCodec.decode(W3CHttpResponseCodec.java:138)
at org.openqa.selenium.remote.codec.w3c.W3CHttpResponseCodec.decode(W3CHttpResponseCodec.java:50)
at org.openqa.selenium.remote.HttpCommandExecutor.execute(HttpCommandExecutor.java:190)
at org.openqa.selenium.remote.service.DriverCommandExecutor.invokeExecute(DriverCommandExecutor.java:216)
at org.openqa.selenium.remote.service.DriverCommandExecutor.execute(DriverCommandExecutor.java:174)
at org.openqa.selenium.remote.RemoteWebDriver.execute(RemoteWebDriver.java:519)
at org.openqa.selenium.remote.RemoteWebElement.execute(RemoteWebElement.java:223)
at org.openqa.selenium.remote.RemoteWebElement.click(RemoteWebElement.java:76)
at java.base/jdk.internal.reflect.DirectMethodHandleAccessor.invoke(DirectMethodHandleAccessor.java:104)
at java.base/java.lang.reflect.Method.invoke(Method.java:578)
at org.openqa.selenium.support.pagefactory.internal.LocatingElementHandler.invoke(LocatingElementHandler.java:51)
at jdk.proxy2/jdk.proxy2.$Proxy13.click(Unknown Source)
at pageObjects.com_pomClassForJointAuctionTieBreaker.runAlgorithm(com_pomClassForJointAuctionTieBreaker.java:21214)
at prescribed_Event_Test.PrescribedEvent_A218.Run_Algorithm_WashingtonFirstSponsor(PrescribedEvent_A218.java:155)
at java.base/jdk.internal.reflect.DirectMethodHandleAccessor.invoke(DirectMethodHandleAccessor.java:104)
at java.base/java.lang.reflect.Method.invoke(Method.java:578)
at org.testng.internal.MethodInvocationHelper.invokeMethod(MethodInvocationHelper.java:132)
at org.testng.internal.TestInvoker.invokeMethod(TestInvoker.java:599)
at org.testng.internal.TestInvoker.invokeTestMethod(TestInvoker.java:174)
at org.testng.internal.MethodRunner.runInSequence(MethodRunner.java:46)
at org.testng.internal.TestInvoker$MethodInvocationAgent.invoke(TestInvoker.java:822)
at org.testng.internal.TestInvoker.invokeTestMethods(TestInvoker.java:147)
at org.testng.internal.TestMethodWorker.invokeTestMethods(TestMethodWorker.java:146)
at org.testng.internal.TestMethodWorker.run(TestMethodWorker.java:128)
at java.base/java.util.ArrayList.forEach(ArrayList.java:1511)
at org.testng.TestRunner.privateRun(TestRunner.java:764)
at org.testng.TestRunner.run(TestRunner.java:585)
at org.testng.SuiteRunner.runTest(SuiteRunner.java:384)
at org.testng.SuiteRunner.runSequentially(SuiteRunner.java:378)
at org.testng.SuiteRunner.privateRun(SuiteRunner.java:337)
at org.testng.SuiteRunner.run(SuiteRunner.java:286)
at org.testng.SuiteRunnerWorker.runSuite(SuiteRunnerWorker.java:53)
at org.testng.SuiteRunnerWorker.run(SuiteRunnerWorker.java:96)
at org.testng.TestNG.runSuitesSequentially(TestNG.java:1218)
at org.testng.TestNG.runSuitesLocally(TestNG.java:1140)
at org.testng.TestNG.runSuites(TestNG.java:1069)
at org.testng.TestNG.run(TestNG.java:1037)
at org.testng.remote.AbstractRemoteTestNG.run(AbstractRemoteTestNG.java:115)
at org.testng.remote.RemoteTestNG.initAndRun(RemoteTestNG.java:251)
at org.testng.remote.RemoteTestNG.main(RemoteTestNG.java:77)
]]>
            </full-stacktrace>
          </exception> <!-- org.openqa.selenium.ElementClickInterceptedException -->
          <reporter-output>
            <line>
              <![CDATA[Chrome launched]]>
            </line>
            <line>
              <![CDATA[Navigated to BaseUrl: https://www.qa-wci-auction.org]]>
            </line>
          </reporter-output>
        </test-method> <!-- Run_Algorithm_WashingtonFirstSponsor -->
        <test-method signature="Run_Algorithm_WashingtonFirstSponsor()[pri:9, instance:prescribed_Event_Test.PrescribedEvent_A218@729d991e]" started-at="2024-05-27T14:50:01 IST" name="Run_Algorithm_WashingtonFirstSponsor" finished-at="2024-05-27T14:50:46 IST" duration-ms="44119" status="PASS">
          <reporter-output>
            <line>
              <![CDATA[Chrome launched]]>
            </line>
            <line>
              <![CDATA[Navigated to BaseUrl: https://www.qa-wci-auction.org]]>
            </line>
          </reporter-output>
        </test-method> <!-- Run_Algorithm_WashingtonFirstSponsor -->
        <test-method signature="Run_Algorithm_WashingtonSecondSponsor()[pri:10, instance:prescribed_Event_Test.PrescribedEvent_A218@729d991e]" started-at="2024-05-27T14:50:46 IST" name="Run_Algorithm_WashingtonSecondSponsor" finished-at="2024-05-27T14:51:26 IST" duration-ms="39779" status="PASS">
          <reporter-output>
            <line>
              <![CDATA[Chrome launched]]>
            </line>
            <line>
              <![CDATA[Navigated to BaseUrl: https://www.qa-wci-auction.org]]>
            </line>
          </reporter-output>
        </test-method> <!-- Run_Algorithm_WashingtonSecondSponsor -->
        <test-method signature="EventCertification_WashingtonFirstSponsor()[pri:11, instance:prescribed_Event_Test.PrescribedEvent_A218@729d991e]" started-at="2024-05-27T14:51:27 IST" name="EventCertification_WashingtonFirstSponsor" finished-at="2024-05-27T14:52:05 IST" duration-ms="38551" status="PASS">
          <reporter-output>
            <line>
              <![CDATA[Chrome launched]]>
            </line>
            <line>
              <![CDATA[Navigated to BaseUrl: https://www.qa-wci-auction.org]]>
            </line>
          </reporter-output>
        </test-method> <!-- EventCertification_WashingtonFirstSponsor -->
        <test-method signature="EventCertification_WashingtonSecondSponsor()[pri:12, instance:prescribed_Event_Test.PrescribedEvent_A218@729d991e]" started-at="2024-05-27T14:52:06 IST" name="EventCertification_WashingtonSecondSponsor" finished-at="2024-05-27T14:52:37 IST" duration-ms="30878" status="PASS">
          <reporter-output>
            <line>
              <![CDATA[Chrome launched]]>
            </line>
            <line>
              <![CDATA[Navigated to BaseUrl: https://www.qa-wci-auction.org]]>
            </line>
          </reporter-output>
        </test-method> <!-- EventCertification_WashingtonSecondSponsor -->
      </class> <!-- prescribed_Event_Test.PrescribedEvent_A218 -->
      <class name="prescribed_Event_Test.PrescribedEvent_A51">
        <test-method signature="CreateNewEvent_A51()[pri:1, instance:prescribed_Event_Test.PrescribedEvent_A51@31fa1761]" started-at="2024-05-27T14:52:38 IST" name="CreateNewEvent_A51" finished-at="2024-05-27T14:53:38 IST" duration-ms="60192" status="PASS">
          <reporter-output>
            <line>
              <![CDATA[Chrome launched]]>
            </line>
            <line>
              <![CDATA[Navigated to BaseUrl: https://www.qa-wci-auction.org]]>
            </line>
          </reporter-output>
        </test-method> <!-- CreateNewEvent_A51 -->
        <test-method signature="Approval_By_QuebecSponsor_A51()[pri:2, instance:prescribed_Event_Test.PrescribedEvent_A51@31fa1761]" started-at="2024-05-27T14:53:38 IST" name="Approval_By_QuebecSponsor_A51" finished-at="2024-05-27T14:54:35 IST" duration-ms="56658" status="PASS">
          <reporter-output>
            <line>
              <![CDATA[Chrome launched]]>
            </line>
            <line>
              <![CDATA[Navigated to BaseUrl: https://www.qa-wci-auction.org]]>
            </line>
          </reporter-output>
        </test-method> <!-- Approval_By_QuebecSponsor_A51 -->
        <test-method signature="SET_FXRATE_QC_A51()[pri:3, instance:prescribed_Event_Test.PrescribedEvent_A51@31fa1761]" started-at="2024-05-27T14:54:36 IST" name="SET_FXRATE_QC_A51" finished-at="2024-05-27T14:55:46 IST" duration-ms="69774" status="PASS">
          <reporter-output>
            <line>
              <![CDATA[Chrome launched]]>
            </line>
            <line>
              <![CDATA[Navigated to BaseUrl: https://www.qa-wci-auction.org]]>
            </line>
          </reporter-output>
        </test-method> <!-- SET_FXRATE_QC_A51 -->
        <test-method signature="SET_FXRATE_CA_A51()[pri:4, instance:prescribed_Event_Test.PrescribedEvent_A51@31fa1761]" started-at="2024-05-27T14:55:47 IST" name="SET_FXRATE_CA_A51" finished-at="2024-05-27T14:56:24 IST" duration-ms="37636" status="PASS">
          <reporter-output>
            <line>
              <![CDATA[Chrome launched]]>
            </line>
            <line>
              <![CDATA[Navigated to BaseUrl: https://www.qa-wci-auction.org]]>
            </line>
          </reporter-output>
        </test-method> <!-- SET_FXRATE_CA_A51 -->
        <test-method retried="true" signature="Execute_API()[pri:5, instance:prescribed_Event_Test.PrescribedEvent_A51@31fa1761]" started-at="2024-05-27T14:56:26 IST" name="Execute_API" finished-at="2024-05-27T14:57:15 IST" duration-ms="49494" status="SKIP">
          <exception class="org.openqa.selenium.ElementClickInterceptedException">
            <message>
              <![CDATA[element click intercepted: Element <span class="MuiButton-label">...</span> is not clickable at point (1423, 194). Other element would receive the click: <td class="MuiTableCell-root MuiTableCell-body">...</td>
  (Session info: chrome=125.0.6422.112)
Build info: version: '4.18.1', revision: 'b1d3319b48'
System info: os.name: 'Windows 11', os.arch: 'amd64', os.version: '10.0', java.version: '20.0.1'
Driver info: org.openqa.selenium.chrome.ChromeDriver
Command: [62467dd1eb2a639c3601d6530c592d81, clickElement {id=f.06651E2ACBD110222AD28B529EBD740B.d.5D50A86D7E8164F29DAFDB8E7F6EEB2F.e.164}]
Capabilities {acceptInsecureCerts: false, browserName: chrome, browserVersion: 125.0.6422.112, chrome: {chromedriverVersion: 125.0.6422.78 (14db42ec38ad..., userDataDir: C:\Users\ROHITV~1\AppData\L...}, fedcm:accounts: true, goog:chromeOptions: {debuggerAddress: localhost:63315}, networkConnectionEnabled: false, pageLoadStrategy: normal, platformName: windows, proxy: Proxy(), se:cdp: ws://localhost:63315/devtoo..., se:cdpVersion: 125.0.6422.112, setWindowRect: true, strictFileInteractability: false, timeouts: {implicit: 0, pageLoad: 300000, script: 30000}, unhandledPromptBehavior: dismiss and notify, webauthn:extension:credBlob: true, webauthn:extension:largeBlob: true, webauthn:extension:minPinLength: true, webauthn:extension:prf: true, webauthn:virtualAuthenticators: true}
Element: [[ChromeDriver: chrome on windows (62467dd1eb2a639c3601d6530c592d81)] -> xpath: (//*[text()='Execute'])[3]]
Session ID: 62467dd1eb2a639c3601d6530c592d81]]>
            </message>
            <full-stacktrace>
              <![CDATA[org.openqa.selenium.ElementClickInterceptedException: element click intercepted: Element <span class="MuiButton-label">...</span> is not clickable at point (1423, 194). Other element would receive the click: <td class="MuiTableCell-root MuiTableCell-body">...</td>
  (Session info: chrome=125.0.6422.112)
Build info: version: '4.18.1', revision: 'b1d3319b48'
System info: os.name: 'Windows 11', os.arch: 'amd64', os.version: '10.0', java.version: '20.0.1'
Driver info: org.openqa.selenium.chrome.ChromeDriver
Command: [62467dd1eb2a639c3601d6530c592d81, clickElement {id=f.06651E2ACBD110222AD28B529EBD740B.d.5D50A86D7E8164F29DAFDB8E7F6EEB2F.e.164}]
Capabilities {acceptInsecureCerts: false, browserName: chrome, browserVersion: 125.0.6422.112, chrome: {chromedriverVersion: 125.0.6422.78 (14db42ec38ad..., userDataDir: C:\Users\ROHITV~1\AppData\L...}, fedcm:accounts: true, goog:chromeOptions: {debuggerAddress: localhost:63315}, networkConnectionEnabled: false, pageLoadStrategy: normal, platformName: windows, proxy: Proxy(), se:cdp: ws://localhost:63315/devtoo..., se:cdpVersion: 125.0.6422.112, setWindowRect: true, strictFileInteractability: false, timeouts: {implicit: 0, pageLoad: 300000, script: 30000}, unhandledPromptBehavior: dismiss and notify, webauthn:extension:credBlob: true, webauthn:extension:largeBlob: true, webauthn:extension:minPinLength: true, webauthn:extension:prf: true, webauthn:virtualAuthenticators: true}
Element: [[ChromeDriver: chrome on windows (62467dd1eb2a639c3601d6530c592d81)] -> xpath: (//*[text()='Execute'])[3]]
Session ID: 62467dd1eb2a639c3601d6530c592d81
at java.base/jdk.internal.reflect.DirectConstructorHandleAccessor.newInstance(DirectConstructorHandleAccessor.java:67)
at java.base/java.lang.reflect.Constructor.newInstanceWithCaller(Constructor.java:500)
at java.base/java.lang.reflect.Constructor.newInstance(Constructor.java:484)
at org.openqa.selenium.remote.ErrorCodec.decode(ErrorCodec.java:167)
at org.openqa.selenium.remote.codec.w3c.W3CHttpResponseCodec.decode(W3CHttpResponseCodec.java:138)
at org.openqa.selenium.remote.codec.w3c.W3CHttpResponseCodec.decode(W3CHttpResponseCodec.java:50)
at org.openqa.selenium.remote.HttpCommandExecutor.execute(HttpCommandExecutor.java:190)
at org.openqa.selenium.remote.service.DriverCommandExecutor.invokeExecute(DriverCommandExecutor.java:216)
at org.openqa.selenium.remote.service.DriverCommandExecutor.execute(DriverCommandExecutor.java:174)
at org.openqa.selenium.remote.RemoteWebDriver.execute(RemoteWebDriver.java:519)
at org.openqa.selenium.remote.RemoteWebElement.execute(RemoteWebElement.java:223)
at org.openqa.selenium.remote.RemoteWebElement.click(RemoteWebElement.java:76)
at java.base/jdk.internal.reflect.DirectMethodHandleAccessor.invoke(DirectMethodHandleAccessor.java:104)
at java.base/java.lang.reflect.Method.invoke(Method.java:578)
at org.openqa.selenium.support.pagefactory.internal.LocatingElementHandler.invoke(LocatingElementHandler.java:51)
at jdk.proxy2/jdk.proxy2.$Proxy13.click(Unknown Source)
at pageObjects.com_pomClassForJointAuctionTieBreaker.executeAPIGetBidLimitations(com_pomClassForJointAuctionTieBreaker.java:8559)
at prescribed_Event_Test.PrescribedEvent_A51.Execute_API(PrescribedEvent_A51.java:91)
at java.base/jdk.internal.reflect.DirectMethodHandleAccessor.invoke(DirectMethodHandleAccessor.java:104)
at java.base/java.lang.reflect.Method.invoke(Method.java:578)
at org.testng.internal.MethodInvocationHelper.invokeMethod(MethodInvocationHelper.java:132)
at org.testng.internal.TestInvoker.invokeMethod(TestInvoker.java:599)
at org.testng.internal.TestInvoker.invokeTestMethod(TestInvoker.java:174)
at org.testng.internal.MethodRunner.runInSequence(MethodRunner.java:46)
at org.testng.internal.TestInvoker$MethodInvocationAgent.invoke(TestInvoker.java:822)
at org.testng.internal.TestInvoker.invokeTestMethods(TestInvoker.java:147)
at org.testng.internal.TestMethodWorker.invokeTestMethods(TestMethodWorker.java:146)
at org.testng.internal.TestMethodWorker.run(TestMethodWorker.java:128)
at java.base/java.util.ArrayList.forEach(ArrayList.java:1511)
at org.testng.TestRunner.privateRun(TestRunner.java:764)
at org.testng.TestRunner.run(TestRunner.java:585)
at org.testng.SuiteRunner.runTest(SuiteRunner.java:384)
at org.testng.SuiteRunner.runSequentially(SuiteRunner.java:378)
at org.testng.SuiteRunner.privateRun(SuiteRunner.java:337)
at org.testng.SuiteRunner.run(SuiteRunner.java:286)
at org.testng.SuiteRunnerWorker.runSuite(SuiteRunnerWorker.java:53)
at org.testng.SuiteRunnerWorker.run(SuiteRunnerWorker.java:96)
at org.testng.TestNG.runSuitesSequentially(TestNG.java:1218)
at org.testng.TestNG.runSuitesLocally(TestNG.java:1140)
at org.testng.TestNG.runSuites(TestNG.java:1069)
at org.testng.TestNG.run(TestNG.java:1037)
at org.testng.remote.AbstractRemoteTestNG.run(AbstractRemoteTestNG.java:115)
at org.testng.remote.RemoteTestNG.initAndRun(RemoteTestNG.java:251)
at org.testng.remote.RemoteTestNG.main(RemoteTestNG.java:77)
]]>
            </full-stacktrace>
          </exception> <!-- org.openqa.selenium.ElementClickInterceptedException -->
          <reporter-output>
            <line>
              <![CDATA[Chrome launched]]>
            </line>
            <line>
              <![CDATA[Navigated to BaseUrl: https://www.qa-wci-auction.org]]>
            </line>
          </reporter-output>
        </test-method> <!-- Execute_API -->
        <test-method signature="Execute_API()[pri:5, instance:prescribed_Event_Test.PrescribedEvent_A51@31fa1761]" started-at="2024-05-27T14:57:16 IST" name="Execute_API" finished-at="2024-05-27T14:58:14 IST" duration-ms="58093" status="PASS">
          <reporter-output>
            <line>
              <![CDATA[Chrome launched]]>
            </line>
            <line>
              <![CDATA[Navigated to BaseUrl: https://www.qa-wci-auction.org]]>
            </line>
          </reporter-output>
        </test-method> <!-- Execute_API -->
        <test-method retried="true" signature="Placing_Bids_FirstEntity_A51()[pri:6, instance:prescribed_Event_Test.PrescribedEvent_A51@31fa1761]" started-at="2024-05-27T14:58:14 IST" name="Placing_Bids_FirstEntity_A51" finished-at="2024-05-27T15:00:20 IST" duration-ms="125354" status="SKIP">
          <exception class="org.openqa.selenium.TimeoutException">
            <message>
              <![CDATA[Expected condition failed: waiting for visibility of element located by By.xpath: //*[text()='BIDDING CLOSES IN'] (tried for 30 second(s) with 500 milliseconds interval)
Build info: version: '4.18.1', revision: 'b1d3319b48'
System info: os.name: 'Windows 11', os.arch: 'amd64', os.version: '10.0', java.version: '20.0.1'
Driver info: org.openqa.selenium.chrome.ChromeDriver
Capabilities {acceptInsecureCerts: false, browserName: chrome, browserVersion: 125.0.6422.112, chrome: {chromedriverVersion: 125.0.6422.78 (14db42ec38ad..., userDataDir: C:\Users\ROHITV~1\AppData\L...}, fedcm:accounts: true, goog:chromeOptions: {debuggerAddress: localhost:63516}, networkConnectionEnabled: false, pageLoadStrategy: normal, platformName: windows, proxy: Proxy(), se:cdp: ws://localhost:63516/devtoo..., se:cdpVersion: 125.0.6422.112, setWindowRect: true, strictFileInteractability: false, timeouts: {implicit: 0, pageLoad: 300000, script: 30000}, unhandledPromptBehavior: dismiss and notify, webauthn:extension:credBlob: true, webauthn:extension:largeBlob: true, webauthn:extension:minPinLength: true, webauthn:extension:prf: true, webauthn:virtualAuthenticators: true}
Session ID: 001619c0d5296cd66cd5ba6204719ab6]]>
            </message>
            <full-stacktrace>
              <![CDATA[org.openqa.selenium.TimeoutException: Expected condition failed: waiting for visibility of element located by By.xpath: //*[text()='BIDDING CLOSES IN'] (tried for 30 second(s) with 500 milliseconds interval)
Build info: version: '4.18.1', revision: 'b1d3319b48'
System info: os.name: 'Windows 11', os.arch: 'amd64', os.version: '10.0', java.version: '20.0.1'
Driver info: org.openqa.selenium.chrome.ChromeDriver
Capabilities {acceptInsecureCerts: false, browserName: chrome, browserVersion: 125.0.6422.112, chrome: {chromedriverVersion: 125.0.6422.78 (14db42ec38ad..., userDataDir: C:\Users\ROHITV~1\AppData\L...}, fedcm:accounts: true, goog:chromeOptions: {debuggerAddress: localhost:63516}, networkConnectionEnabled: false, pageLoadStrategy: normal, platformName: windows, proxy: Proxy(), se:cdp: ws://localhost:63516/devtoo..., se:cdpVersion: 125.0.6422.112, setWindowRect: true, strictFileInteractability: false, timeouts: {implicit: 0, pageLoad: 300000, script: 30000}, unhandledPromptBehavior: dismiss and notify, webauthn:extension:credBlob: true, webauthn:extension:largeBlob: true, webauthn:extension:minPinLength: true, webauthn:extension:prf: true, webauthn:virtualAuthenticators: true}
Session ID: 001619c0d5296cd66cd5ba6204719ab6
at org.openqa.selenium.support.ui.WebDriverWait.timeoutException(WebDriverWait.java:84)
at org.openqa.selenium.support.ui.FluentWait.until(FluentWait.java:228)
at pageObjects.com_pomClassForJointAuctionTieBreaker.BiddingByARforTestData1_PE8(com_pomClassForJointAuctionTieBreaker.java:12777)
at prescribed_Event_Test.PrescribedEvent_A51.Placing_Bids_FirstEntity_A51(PrescribedEvent_A51.java:105)
at java.base/jdk.internal.reflect.DirectMethodHandleAccessor.invoke(DirectMethodHandleAccessor.java:104)
at java.base/java.lang.reflect.Method.invoke(Method.java:578)
at org.testng.internal.MethodInvocationHelper.invokeMethod(MethodInvocationHelper.java:132)
at org.testng.internal.TestInvoker.invokeMethod(TestInvoker.java:599)
at org.testng.internal.TestInvoker.invokeTestMethod(TestInvoker.java:174)
at org.testng.internal.MethodRunner.runInSequence(MethodRunner.java:46)
at org.testng.internal.TestInvoker$MethodInvocationAgent.invoke(TestInvoker.java:822)
at org.testng.internal.TestInvoker.invokeTestMethods(TestInvoker.java:147)
at org.testng.internal.TestMethodWorker.invokeTestMethods(TestMethodWorker.java:146)
at org.testng.internal.TestMethodWorker.run(TestMethodWorker.java:128)
at java.base/java.util.ArrayList.forEach(ArrayList.java:1511)
at org.testng.TestRunner.privateRun(TestRunner.java:764)
at org.testng.TestRunner.run(TestRunner.java:585)
at org.testng.SuiteRunner.runTest(SuiteRunner.java:384)
at org.testng.SuiteRunner.runSequentially(SuiteRunner.java:378)
at org.testng.SuiteRunner.privateRun(SuiteRunner.java:337)
at org.testng.SuiteRunner.run(SuiteRunner.java:286)
at org.testng.SuiteRunnerWorker.runSuite(SuiteRunnerWorker.java:53)
at org.testng.SuiteRunnerWorker.run(SuiteRunnerWorker.java:96)
at org.testng.TestNG.runSuitesSequentially(TestNG.java:1218)
at org.testng.TestNG.runSuitesLocally(TestNG.java:1140)
at org.testng.TestNG.runSuites(TestNG.java:1069)
at org.testng.TestNG.run(TestNG.java:1037)
at org.testng.remote.AbstractRemoteTestNG.run(AbstractRemoteTestNG.java:115)
at org.testng.remote.RemoteTestNG.initAndRun(RemoteTestNG.java:251)
at org.testng.remote.RemoteTestNG.main(RemoteTestNG.java:77)
]]>
            </full-stacktrace>
          </exception> <!-- org.openqa.selenium.TimeoutException -->
          <reporter-output>
            <line>
              <![CDATA[Chrome launched]]>
            </line>
            <line>
              <![CDATA[Navigated to BaseUrl: https://www.qa-wci-auction.org]]>
            </line>
          </reporter-output>
        </test-method> <!-- Placing_Bids_FirstEntity_A51 -->
        <test-method signature="Placing_Bids_FirstEntity_A51()[pri:6, instance:prescribed_Event_Test.PrescribedEvent_A51@31fa1761]" started-at="2024-05-27T15:00:20 IST" name="Placing_Bids_FirstEntity_A51" finished-at="2024-05-27T15:03:06 IST" duration-ms="165679" status="PASS">
          <reporter-output>
            <line>
              <![CDATA[Chrome launched]]>
            </line>
            <line>
              <![CDATA[Navigated to BaseUrl: https://www.qa-wci-auction.org]]>
            </line>
          </reporter-output>
        </test-method> <!-- Placing_Bids_FirstEntity_A51 -->
        <test-method signature="Placing_Bids_SecondEntity_A51()[pri:7, instance:prescribed_Event_Test.PrescribedEvent_A51@31fa1761]" started-at="2024-05-27T15:03:07 IST" name="Placing_Bids_SecondEntity_A51" finished-at="2024-05-27T15:05:33 IST" duration-ms="146277" status="PASS">
          <reporter-output>
            <line>
              <![CDATA[Chrome launched]]>
            </line>
            <line>
              <![CDATA[Navigated to BaseUrl: https://www.qa-wci-auction.org]]>
            </line>
          </reporter-output>
        </test-method> <!-- Placing_Bids_SecondEntity_A51 -->
        <test-method signature="Placing_Bids_ThirdEntity_A51()[pri:8, instance:prescribed_Event_Test.PrescribedEvent_A51@31fa1761]" started-at="2024-05-27T15:05:34 IST" name="Placing_Bids_ThirdEntity_A51" finished-at="2024-05-27T15:07:58 IST" duration-ms="143898" status="PASS">
          <reporter-output>
            <line>
              <![CDATA[Chrome launched]]>
            </line>
            <line>
              <![CDATA[Navigated to BaseUrl: https://www.qa-wci-auction.org]]>
            </line>
          </reporter-output>
        </test-method> <!-- Placing_Bids_ThirdEntity_A51 -->
        <test-method signature="Placing_Bids_FourthEntity_A51()[pri:9, instance:prescribed_Event_Test.PrescribedEvent_A51@31fa1761]" started-at="2024-05-27T15:07:58 IST" name="Placing_Bids_FourthEntity_A51" finished-at="2024-05-27T15:10:27 IST" duration-ms="148451" status="PASS">
          <reporter-output>
            <line>
              <![CDATA[Chrome launched]]>
            </line>
            <line>
              <![CDATA[Navigated to BaseUrl: https://www.qa-wci-auction.org]]>
            </line>
          </reporter-output>
        </test-method> <!-- Placing_Bids_FourthEntity_A51 -->
        <test-method signature="Placing_Bids_FifthEntity_A51()[pri:10, instance:prescribed_Event_Test.PrescribedEvent_A51@31fa1761]" started-at="2024-05-27T15:10:27 IST" name="Placing_Bids_FifthEntity_A51" finished-at="2024-05-27T15:12:59 IST" duration-ms="151914" status="PASS">
          <reporter-output>
            <line>
              <![CDATA[Chrome launched]]>
            </line>
            <line>
              <![CDATA[Navigated to BaseUrl: https://www.qa-wci-auction.org]]>
            </line>
          </reporter-output>
        </test-method> <!-- Placing_Bids_FifthEntity_A51 -->
        <test-method signature="Closing_Bidding_Window()[pri:11, instance:prescribed_Event_Test.PrescribedEvent_A51@31fa1761]" started-at="2024-05-27T15:13:00 IST" name="Closing_Bidding_Window" finished-at="2024-05-27T15:14:36 IST" duration-ms="95795" status="PASS">
          <reporter-output>
            <line>
              <![CDATA[Chrome launched]]>
            </line>
            <line>
              <![CDATA[Navigated to BaseUrl: https://www.qa-wci-auction.org]]>
            </line>
          </reporter-output>
        </test-method> <!-- Closing_Bidding_Window -->
        <test-method signature="Approval_By_QuebecSponsor_For_Edit_BiddingWindow_CloseTime()[pri:12, instance:prescribed_Event_Test.PrescribedEvent_A51@31fa1761]" started-at="2024-05-27T15:14:37 IST" name="Approval_By_QuebecSponsor_For_Edit_BiddingWindow_CloseTime" finished-at="2024-05-27T15:15:38 IST" duration-ms="61483" status="PASS">
          <reporter-output>
            <line>
              <![CDATA[Chrome launched]]>
            </line>
            <line>
              <![CDATA[Navigated to BaseUrl: https://www.qa-wci-auction.org]]>
            </line>
          </reporter-output>
        </test-method> <!-- Approval_By_QuebecSponsor_For_Edit_BiddingWindow_CloseTime -->
        <test-method signature="Run_Algorithm_California()[pri:13, instance:prescribed_Event_Test.PrescribedEvent_A51@31fa1761]" started-at="2024-05-27T15:15:39 IST" name="Run_Algorithm_California" finished-at="2024-05-27T15:16:21 IST" duration-ms="42081" status="PASS">
          <reporter-output>
            <line>
              <![CDATA[Chrome launched]]>
            </line>
            <line>
              <![CDATA[Navigated to BaseUrl: https://www.qa-wci-auction.org]]>
            </line>
          </reporter-output>
        </test-method> <!-- Run_Algorithm_California -->
        <test-method signature="Run_Algorithm_Quebec()[pri:14, instance:prescribed_Event_Test.PrescribedEvent_A51@31fa1761]" started-at="2024-05-27T15:16:22 IST" name="Run_Algorithm_Quebec" finished-at="2024-05-27T15:17:26 IST" duration-ms="64487" status="PASS">
          <reporter-output>
            <line>
              <![CDATA[Chrome launched]]>
            </line>
            <line>
              <![CDATA[Navigated to BaseUrl: https://www.qa-wci-auction.org]]>
            </line>
          </reporter-output>
        </test-method> <!-- Run_Algorithm_Quebec -->
        <test-method signature="EventCertification_California()[pri:15, instance:prescribed_Event_Test.PrescribedEvent_A51@31fa1761]" started-at="2024-05-27T15:17:27 IST" name="EventCertification_California" finished-at="2024-05-27T15:18:02 IST" duration-ms="35568" status="PASS">
          <reporter-output>
            <line>
              <![CDATA[Chrome launched]]>
            </line>
            <line>
              <![CDATA[Navigated to BaseUrl: https://www.qa-wci-auction.org]]>
            </line>
          </reporter-output>
        </test-method> <!-- EventCertification_California -->
        <test-method signature="EventCertification_DualApproval_Quebec()[pri:16, instance:prescribed_Event_Test.PrescribedEvent_A51@31fa1761]" started-at="2024-05-27T15:18:03 IST" name="EventCertification_DualApproval_Quebec" finished-at="2024-05-27T15:19:03 IST" duration-ms="59795" status="PASS">
          <reporter-output>
            <line>
              <![CDATA[Chrome launched]]>
            </line>
            <line>
              <![CDATA[Navigated to BaseUrl: https://www.qa-wci-auction.org]]>
            </line>
          </reporter-output>
        </test-method> <!-- EventCertification_DualApproval_Quebec -->
      </class> <!-- prescribed_Event_Test.PrescribedEvent_A51 -->
      <class name="prescribed_Event_Test.PrescribedEvent_A47">
        <test-method signature="CreateNewEvent_A47()[pri:1, instance:prescribed_Event_Test.PrescribedEvent_A47@957e06]" started-at="2024-05-27T15:19:03 IST" name="CreateNewEvent_A47" finished-at="2024-05-27T15:19:57 IST" duration-ms="53284" status="PASS">
          <reporter-output>
            <line>
              <![CDATA[Chrome launched]]>
            </line>
            <line>
              <![CDATA[Navigated to BaseUrl: https://www.qa-wci-auction.org]]>
            </line>
          </reporter-output>
        </test-method> <!-- CreateNewEvent_A47 -->
        <test-method signature="Approval_By_QuebecSponsor_A47()[pri:2, instance:prescribed_Event_Test.PrescribedEvent_A47@957e06]" started-at="2024-05-27T15:19:57 IST" name="Approval_By_QuebecSponsor_A47" finished-at="2024-05-27T15:20:56 IST" duration-ms="58206" status="PASS">
          <reporter-output>
            <line>
              <![CDATA[Chrome launched]]>
            </line>
            <line>
              <![CDATA[Navigated to BaseUrl: https://www.qa-wci-auction.org]]>
            </line>
          </reporter-output>
        </test-method> <!-- Approval_By_QuebecSponsor_A47 -->
        <test-method signature="SET_FXRATE_QC_A47()[pri:3, instance:prescribed_Event_Test.PrescribedEvent_A47@957e06]" started-at="2024-05-27T15:20:56 IST" name="SET_FXRATE_QC_A47" finished-at="2024-05-27T15:22:10 IST" duration-ms="73818" status="PASS">
          <reporter-output>
            <line>
              <![CDATA[Chrome launched]]>
            </line>
            <line>
              <![CDATA[Navigated to BaseUrl: https://www.qa-wci-auction.org]]>
            </line>
          </reporter-output>
        </test-method> <!-- SET_FXRATE_QC_A47 -->
        <test-method retried="true" signature="SET_FXRATE_CA_A47()[pri:4, instance:prescribed_Event_Test.PrescribedEvent_A47@957e06]" started-at="2024-05-27T15:22:11 IST" name="SET_FXRATE_CA_A47" finished-at="2024-05-27T15:23:32 IST" duration-ms="81061" status="SKIP">
          <exception class="org.openqa.selenium.NoSuchElementException">
            <message>
              <![CDATA[no such element: Unable to locate element: {"method":"xpath","selector":"(//input[@class='MuiInputBase-input MuiInput-input Mui-disabled Mui-disabled'])[1]"}
  (Session info: chrome=125.0.6422.112)
For documentation on this error, please visit: https://www.selenium.dev/documentation/webdriver/troubleshooting/errors#no-such-element-exception
Build info: version: '4.18.1', revision: 'b1d3319b48'
System info: os.name: 'Windows 11', os.arch: 'amd64', os.version: '10.0', java.version: '20.0.1'
Driver info: org.openqa.selenium.chrome.ChromeDriver
Command: [f40dd5040851dc458a7a005465093aac, findElement {using=xpath, value=(//input[@class='MuiInputBase-input MuiInput-input Mui-disabled Mui-disabled'])[1]}]
Capabilities {acceptInsecureCerts: false, browserName: chrome, browserVersion: 125.0.6422.112, chrome: {chromedriverVersion: 125.0.6422.78 (14db42ec38ad..., userDataDir: C:\Users\ROHITV~1\AppData\L...}, fedcm:accounts: true, goog:chromeOptions: {debuggerAddress: localhost:64664}, networkConnectionEnabled: false, pageLoadStrategy: normal, platformName: windows, proxy: Proxy(), se:cdp: ws://localhost:64664/devtoo..., se:cdpVersion: 125.0.6422.112, setWindowRect: true, strictFileInteractability: false, timeouts: {implicit: 0, pageLoad: 300000, script: 30000}, unhandledPromptBehavior: dismiss and notify, webauthn:extension:credBlob: true, webauthn:extension:largeBlob: true, webauthn:extension:minPinLength: true, webauthn:extension:prf: true, webauthn:virtualAuthenticators: true}
Session ID: f40dd5040851dc458a7a005465093aac]]>
            </message>
            <full-stacktrace>
              <![CDATA[org.openqa.selenium.NoSuchElementException: no such element: Unable to locate element: {"method":"xpath","selector":"(//input[@class='MuiInputBase-input MuiInput-input Mui-disabled Mui-disabled'])[1]"}
  (Session info: chrome=125.0.6422.112)
For documentation on this error, please visit: https://www.selenium.dev/documentation/webdriver/troubleshooting/errors#no-such-element-exception
Build info: version: '4.18.1', revision: 'b1d3319b48'
System info: os.name: 'Windows 11', os.arch: 'amd64', os.version: '10.0', java.version: '20.0.1'
Driver info: org.openqa.selenium.chrome.ChromeDriver
Command: [f40dd5040851dc458a7a005465093aac, findElement {using=xpath, value=(//input[@class='MuiInputBase-input MuiInput-input Mui-disabled Mui-disabled'])[1]}]
Capabilities {acceptInsecureCerts: false, browserName: chrome, browserVersion: 125.0.6422.112, chrome: {chromedriverVersion: 125.0.6422.78 (14db42ec38ad..., userDataDir: C:\Users\ROHITV~1\AppData\L...}, fedcm:accounts: true, goog:chromeOptions: {debuggerAddress: localhost:64664}, networkConnectionEnabled: false, pageLoadStrategy: normal, platformName: windows, proxy: Proxy(), se:cdp: ws://localhost:64664/devtoo..., se:cdpVersion: 125.0.6422.112, setWindowRect: true, strictFileInteractability: false, timeouts: {implicit: 0, pageLoad: 300000, script: 30000}, unhandledPromptBehavior: dismiss and notify, webauthn:extension:credBlob: true, webauthn:extension:largeBlob: true, webauthn:extension:minPinLength: true, webauthn:extension:prf: true, webauthn:virtualAuthenticators: true}
Session ID: f40dd5040851dc458a7a005465093aac
at java.base/jdk.internal.reflect.DirectConstructorHandleAccessor.newInstance(DirectConstructorHandleAccessor.java:67)
at java.base/java.lang.reflect.Constructor.newInstanceWithCaller(Constructor.java:500)
at java.base/java.lang.reflect.Constructor.newInstance(Constructor.java:484)
at org.openqa.selenium.remote.ErrorCodec.decode(ErrorCodec.java:167)
at org.openqa.selenium.remote.codec.w3c.W3CHttpResponseCodec.decode(W3CHttpResponseCodec.java:138)
at org.openqa.selenium.remote.codec.w3c.W3CHttpResponseCodec.decode(W3CHttpResponseCodec.java:50)
at org.openqa.selenium.remote.HttpCommandExecutor.execute(HttpCommandExecutor.java:190)
at org.openqa.selenium.remote.service.DriverCommandExecutor.invokeExecute(DriverCommandExecutor.java:216)
at org.openqa.selenium.remote.service.DriverCommandExecutor.execute(DriverCommandExecutor.java:174)
at org.openqa.selenium.remote.RemoteWebDriver.execute(RemoteWebDriver.java:519)
at org.openqa.selenium.remote.ElementLocation$ElementFinder$2.findElement(ElementLocation.java:165)
at org.openqa.selenium.remote.ElementLocation.findElement(ElementLocation.java:59)
at org.openqa.selenium.remote.RemoteWebDriver.findElement(RemoteWebDriver.java:356)
at org.openqa.selenium.remote.RemoteWebDriver.findElement(RemoteWebDriver.java:350)
at org.openqa.selenium.support.pagefactory.DefaultElementLocator.findElement(DefaultElementLocator.java:68)
at org.openqa.selenium.support.pagefactory.internal.LocatingElementHandler.invoke(LocatingElementHandler.java:38)
at jdk.proxy2/jdk.proxy2.$Proxy13.getWrappedElement(Unknown Source)
at org.openqa.selenium.remote.internal.WebElementToJsonConverter.apply(WebElementToJsonConverter.java:50)
at java.base/java.util.stream.ReferencePipeline$3$1.accept(ReferencePipeline.java:197)
at java.base/java.util.Spliterators$ArraySpliterator.forEachRemaining(Spliterators.java:1006)
at java.base/java.util.stream.AbstractPipeline.copyInto(AbstractPipeline.java:509)
at java.base/java.util.stream.AbstractPipeline.wrapAndCopyInto(AbstractPipeline.java:499)
at java.base/java.util.stream.ReduceOps$ReduceOp.evaluateSequential(ReduceOps.java:921)
at java.base/java.util.stream.AbstractPipeline.evaluate(AbstractPipeline.java:234)
at java.base/java.util.stream.ReferencePipeline.collect(ReferencePipeline.java:682)
at org.openqa.selenium.remote.RemoteWebDriver.executeScript(RemoteWebDriver.java:462)
at pageObjects.com_pomClassForJointAuctionTieBreaker.setFXrateCal_PE4(com_pomClassForJointAuctionTieBreaker.java:8212)
at prescribed_Event_Test.PrescribedEvent_A47.SET_FXRATE_CA_A47(PrescribedEvent_A47.java:78)
at java.base/jdk.internal.reflect.DirectMethodHandleAccessor.invoke(DirectMethodHandleAccessor.java:104)
at java.base/java.lang.reflect.Method.invoke(Method.java:578)
at org.testng.internal.MethodInvocationHelper.invokeMethod(MethodInvocationHelper.java:132)
at org.testng.internal.TestInvoker.invokeMethod(TestInvoker.java:599)
at org.testng.internal.TestInvoker.invokeTestMethod(TestInvoker.java:174)
at org.testng.internal.MethodRunner.runInSequence(MethodRunner.java:46)
at org.testng.internal.TestInvoker$MethodInvocationAgent.invoke(TestInvoker.java:822)
at org.testng.internal.TestInvoker.invokeTestMethods(TestInvoker.java:147)
at org.testng.internal.TestMethodWorker.invokeTestMethods(TestMethodWorker.java:146)
at org.testng.internal.TestMethodWorker.run(TestMethodWorker.java:128)
at java.base/java.util.ArrayList.forEach(ArrayList.java:1511)
at org.testng.TestRunner.privateRun(TestRunner.java:764)
at org.testng.TestRunner.run(TestRunner.java:585)
at org.testng.SuiteRunner.runTest(SuiteRunner.java:384)
at org.testng.SuiteRunner.runSequentially(SuiteRunner.java:378)
at org.testng.SuiteRunner.privateRun(SuiteRunner.java:337)
at org.testng.SuiteRunner.run(SuiteRunner.java:286)
at org.testng.SuiteRunnerWorker.runSuite(SuiteRunnerWorker.java:53)
at org.testng.SuiteRunnerWorker.run(SuiteRunnerWorker.java:96)
at org.testng.TestNG.runSuitesSequentially(TestNG.java:1218)
at org.testng.TestNG.runSuitesLocally(TestNG.java:1140)
at org.testng.TestNG.runSuites(TestNG.java:1069)
at org.testng.TestNG.run(TestNG.java:1037)
at org.testng.remote.AbstractRemoteTestNG.run(AbstractRemoteTestNG.java:115)
at org.testng.remote.RemoteTestNG.initAndRun(RemoteTestNG.java:251)
at org.testng.remote.RemoteTestNG.main(RemoteTestNG.java:77)
]]>
            </full-stacktrace>
          </exception> <!-- org.openqa.selenium.NoSuchElementException -->
          <reporter-output>
            <line>
              <![CDATA[Chrome launched]]>
            </line>
            <line>
              <![CDATA[Navigated to BaseUrl: https://www.qa-wci-auction.org]]>
            </line>
          </reporter-output>
        </test-method> <!-- SET_FXRATE_CA_A47 -->
        <test-method signature="SET_FXRATE_CA_A47()[pri:4, instance:prescribed_Event_Test.PrescribedEvent_A47@957e06]" started-at="2024-05-27T15:23:32 IST" name="SET_FXRATE_CA_A47" finished-at="2024-05-27T15:24:12 IST" duration-ms="39902" status="PASS">
          <reporter-output>
            <line>
              <![CDATA[Chrome launched]]>
            </line>
            <line>
              <![CDATA[Navigated to BaseUrl: https://www.qa-wci-auction.org]]>
            </line>
          </reporter-output>
        </test-method> <!-- SET_FXRATE_CA_A47 -->
        <test-method retried="true" signature="Execute_API()[pri:5, instance:prescribed_Event_Test.PrescribedEvent_A47@957e06]" started-at="2024-05-27T15:24:13 IST" name="Execute_API" finished-at="2024-05-27T15:24:57 IST" duration-ms="43861" status="SKIP">
          <exception class="org.openqa.selenium.ElementClickInterceptedException">
            <message>
              <![CDATA[element click intercepted: Element <span class="MuiButton-label">...</span> is not clickable at point (1423, 194). Other element would receive the click: <td class="MuiTableCell-root MuiTableCell-body">...</td>
  (Session info: chrome=125.0.6422.112)
Build info: version: '4.18.1', revision: 'b1d3319b48'
System info: os.name: 'Windows 11', os.arch: 'amd64', os.version: '10.0', java.version: '20.0.1'
Driver info: org.openqa.selenium.chrome.ChromeDriver
Command: [9019125b2d5a0c66be9c608c30c9d1ce, clickElement {id=f.546F5261C144D00CE4010A29A0E0030D.d.0C9DC1E00121A59B7F1DE72970360947.e.161}]
Capabilities {acceptInsecureCerts: false, browserName: chrome, browserVersion: 125.0.6422.112, chrome: {chromedriverVersion: 125.0.6422.78 (14db42ec38ad..., userDataDir: C:\Users\ROHITV~1\AppData\L...}, fedcm:accounts: true, goog:chromeOptions: {debuggerAddress: localhost:64791}, networkConnectionEnabled: false, pageLoadStrategy: normal, platformName: windows, proxy: Proxy(), se:cdp: ws://localhost:64791/devtoo..., se:cdpVersion: 125.0.6422.112, setWindowRect: true, strictFileInteractability: false, timeouts: {implicit: 0, pageLoad: 300000, script: 30000}, unhandledPromptBehavior: dismiss and notify, webauthn:extension:credBlob: true, webauthn:extension:largeBlob: true, webauthn:extension:minPinLength: true, webauthn:extension:prf: true, webauthn:virtualAuthenticators: true}
Element: [[ChromeDriver: chrome on windows (9019125b2d5a0c66be9c608c30c9d1ce)] -> xpath: (//*[text()='Execute'])[3]]
Session ID: 9019125b2d5a0c66be9c608c30c9d1ce]]>
            </message>
            <full-stacktrace>
              <![CDATA[org.openqa.selenium.ElementClickInterceptedException: element click intercepted: Element <span class="MuiButton-label">...</span> is not clickable at point (1423, 194). Other element would receive the click: <td class="MuiTableCell-root MuiTableCell-body">...</td>
  (Session info: chrome=125.0.6422.112)
Build info: version: '4.18.1', revision: 'b1d3319b48'
System info: os.name: 'Windows 11', os.arch: 'amd64', os.version: '10.0', java.version: '20.0.1'
Driver info: org.openqa.selenium.chrome.ChromeDriver
Command: [9019125b2d5a0c66be9c608c30c9d1ce, clickElement {id=f.546F5261C144D00CE4010A29A0E0030D.d.0C9DC1E00121A59B7F1DE72970360947.e.161}]
Capabilities {acceptInsecureCerts: false, browserName: chrome, browserVersion: 125.0.6422.112, chrome: {chromedriverVersion: 125.0.6422.78 (14db42ec38ad..., userDataDir: C:\Users\ROHITV~1\AppData\L...}, fedcm:accounts: true, goog:chromeOptions: {debuggerAddress: localhost:64791}, networkConnectionEnabled: false, pageLoadStrategy: normal, platformName: windows, proxy: Proxy(), se:cdp: ws://localhost:64791/devtoo..., se:cdpVersion: 125.0.6422.112, setWindowRect: true, strictFileInteractability: false, timeouts: {implicit: 0, pageLoad: 300000, script: 30000}, unhandledPromptBehavior: dismiss and notify, webauthn:extension:credBlob: true, webauthn:extension:largeBlob: true, webauthn:extension:minPinLength: true, webauthn:extension:prf: true, webauthn:virtualAuthenticators: true}
Element: [[ChromeDriver: chrome on windows (9019125b2d5a0c66be9c608c30c9d1ce)] -> xpath: (//*[text()='Execute'])[3]]
Session ID: 9019125b2d5a0c66be9c608c30c9d1ce
at java.base/jdk.internal.reflect.DirectConstructorHandleAccessor.newInstance(DirectConstructorHandleAccessor.java:67)
at java.base/java.lang.reflect.Constructor.newInstanceWithCaller(Constructor.java:500)
at java.base/java.lang.reflect.Constructor.newInstance(Constructor.java:484)
at org.openqa.selenium.remote.ErrorCodec.decode(ErrorCodec.java:167)
at org.openqa.selenium.remote.codec.w3c.W3CHttpResponseCodec.decode(W3CHttpResponseCodec.java:138)
at org.openqa.selenium.remote.codec.w3c.W3CHttpResponseCodec.decode(W3CHttpResponseCodec.java:50)
at org.openqa.selenium.remote.HttpCommandExecutor.execute(HttpCommandExecutor.java:190)
at org.openqa.selenium.remote.service.DriverCommandExecutor.invokeExecute(DriverCommandExecutor.java:216)
at org.openqa.selenium.remote.service.DriverCommandExecutor.execute(DriverCommandExecutor.java:174)
at org.openqa.selenium.remote.RemoteWebDriver.execute(RemoteWebDriver.java:519)
at org.openqa.selenium.remote.RemoteWebElement.execute(RemoteWebElement.java:223)
at org.openqa.selenium.remote.RemoteWebElement.click(RemoteWebElement.java:76)
at java.base/jdk.internal.reflect.DirectMethodHandleAccessor.invoke(DirectMethodHandleAccessor.java:104)
at java.base/java.lang.reflect.Method.invoke(Method.java:578)
at org.openqa.selenium.support.pagefactory.internal.LocatingElementHandler.invoke(LocatingElementHandler.java:51)
at jdk.proxy2/jdk.proxy2.$Proxy13.click(Unknown Source)
at pageObjects.com_pomClassForJointAuctionTieBreaker.executeAPIGetBidLimitations(com_pomClassForJointAuctionTieBreaker.java:8559)
at prescribed_Event_Test.PrescribedEvent_A47.Execute_API(PrescribedEvent_A47.java:92)
at java.base/jdk.internal.reflect.DirectMethodHandleAccessor.invoke(DirectMethodHandleAccessor.java:104)
at java.base/java.lang.reflect.Method.invoke(Method.java:578)
at org.testng.internal.MethodInvocationHelper.invokeMethod(MethodInvocationHelper.java:132)
at org.testng.internal.TestInvoker.invokeMethod(TestInvoker.java:599)
at org.testng.internal.TestInvoker.invokeTestMethod(TestInvoker.java:174)
at org.testng.internal.MethodRunner.runInSequence(MethodRunner.java:46)
at org.testng.internal.TestInvoker$MethodInvocationAgent.invoke(TestInvoker.java:822)
at org.testng.internal.TestInvoker.invokeTestMethods(TestInvoker.java:147)
at org.testng.internal.TestMethodWorker.invokeTestMethods(TestMethodWorker.java:146)
at org.testng.internal.TestMethodWorker.run(TestMethodWorker.java:128)
at java.base/java.util.ArrayList.forEach(ArrayList.java:1511)
at org.testng.TestRunner.privateRun(TestRunner.java:764)
at org.testng.TestRunner.run(TestRunner.java:585)
at org.testng.SuiteRunner.runTest(SuiteRunner.java:384)
at org.testng.SuiteRunner.runSequentially(SuiteRunner.java:378)
at org.testng.SuiteRunner.privateRun(SuiteRunner.java:337)
at org.testng.SuiteRunner.run(SuiteRunner.java:286)
at org.testng.SuiteRunnerWorker.runSuite(SuiteRunnerWorker.java:53)
at org.testng.SuiteRunnerWorker.run(SuiteRunnerWorker.java:96)
at org.testng.TestNG.runSuitesSequentially(TestNG.java:1218)
at org.testng.TestNG.runSuitesLocally(TestNG.java:1140)
at org.testng.TestNG.runSuites(TestNG.java:1069)
at org.testng.TestNG.run(TestNG.java:1037)
at org.testng.remote.AbstractRemoteTestNG.run(AbstractRemoteTestNG.java:115)
at org.testng.remote.RemoteTestNG.initAndRun(RemoteTestNG.java:251)
at org.testng.remote.RemoteTestNG.main(RemoteTestNG.java:77)
]]>
            </full-stacktrace>
          </exception> <!-- org.openqa.selenium.ElementClickInterceptedException -->
          <reporter-output>
            <line>
              <![CDATA[Chrome launched]]>
            </line>
            <line>
              <![CDATA[Navigated to BaseUrl: https://www.qa-wci-auction.org]]>
            </line>
          </reporter-output>
        </test-method> <!-- Execute_API -->
        <test-method signature="Execute_API()[pri:5, instance:prescribed_Event_Test.PrescribedEvent_A47@957e06]" started-at="2024-05-27T15:24:58 IST" name="Execute_API" finished-at="2024-05-27T15:25:56 IST" duration-ms="58635" status="PASS">
          <reporter-output>
            <line>
              <![CDATA[Chrome launched]]>
            </line>
            <line>
              <![CDATA[Navigated to BaseUrl: https://www.qa-wci-auction.org]]>
            </line>
          </reporter-output>
        </test-method> <!-- Execute_API -->
        <test-method retried="true" signature="Placing_Bids_FirstEntity_A47()[pri:6, instance:prescribed_Event_Test.PrescribedEvent_A47@957e06]" started-at="2024-05-27T15:25:57 IST" name="Placing_Bids_FirstEntity_A47" finished-at="2024-05-27T15:27:03 IST" duration-ms="66563" status="SKIP">
          <exception class="org.openqa.selenium.TimeoutException">
            <message>
              <![CDATA[Expected condition failed: waiting for visibility of element located by By.xpath: //*[text()='BIDDING CLOSES IN'] (tried for 30 second(s) with 500 milliseconds interval)
Build info: version: '4.18.1', revision: 'b1d3319b48'
System info: os.name: 'Windows 11', os.arch: 'amd64', os.version: '10.0', java.version: '20.0.1'
Driver info: org.openqa.selenium.chrome.ChromeDriver
Capabilities {acceptInsecureCerts: false, browserName: chrome, browserVersion: 125.0.6422.112, chrome: {chromedriverVersion: 125.0.6422.78 (14db42ec38ad..., userDataDir: C:\Users\ROHITV~1\AppData\L...}, fedcm:accounts: true, goog:chromeOptions: {debuggerAddress: localhost:64900}, networkConnectionEnabled: false, pageLoadStrategy: normal, platformName: windows, proxy: Proxy(), se:cdp: ws://localhost:64900/devtoo..., se:cdpVersion: 125.0.6422.112, setWindowRect: true, strictFileInteractability: false, timeouts: {implicit: 0, pageLoad: 300000, script: 30000}, unhandledPromptBehavior: dismiss and notify, webauthn:extension:credBlob: true, webauthn:extension:largeBlob: true, webauthn:extension:minPinLength: true, webauthn:extension:prf: true, webauthn:virtualAuthenticators: true}
Session ID: e8089fb9f128212b87a1cc618eb1b7c1]]>
            </message>
            <full-stacktrace>
              <![CDATA[org.openqa.selenium.TimeoutException: Expected condition failed: waiting for visibility of element located by By.xpath: //*[text()='BIDDING CLOSES IN'] (tried for 30 second(s) with 500 milliseconds interval)
Build info: version: '4.18.1', revision: 'b1d3319b48'
System info: os.name: 'Windows 11', os.arch: 'amd64', os.version: '10.0', java.version: '20.0.1'
Driver info: org.openqa.selenium.chrome.ChromeDriver
Capabilities {acceptInsecureCerts: false, browserName: chrome, browserVersion: 125.0.6422.112, chrome: {chromedriverVersion: 125.0.6422.78 (14db42ec38ad..., userDataDir: C:\Users\ROHITV~1\AppData\L...}, fedcm:accounts: true, goog:chromeOptions: {debuggerAddress: localhost:64900}, networkConnectionEnabled: false, pageLoadStrategy: normal, platformName: windows, proxy: Proxy(), se:cdp: ws://localhost:64900/devtoo..., se:cdpVersion: 125.0.6422.112, setWindowRect: true, strictFileInteractability: false, timeouts: {implicit: 0, pageLoad: 300000, script: 30000}, unhandledPromptBehavior: dismiss and notify, webauthn:extension:credBlob: true, webauthn:extension:largeBlob: true, webauthn:extension:minPinLength: true, webauthn:extension:prf: true, webauthn:virtualAuthenticators: true}
Session ID: e8089fb9f128212b87a1cc618eb1b7c1
at org.openqa.selenium.support.ui.WebDriverWait.timeoutException(WebDriverWait.java:84)
at org.openqa.selenium.support.ui.FluentWait.until(FluentWait.java:228)
at pageObjects.com_pomClassForJointAuctionTieBreaker.BiddingByARforTestData1_PE3(com_pomClassForJointAuctionTieBreaker.java:12673)
at prescribed_Event_Test.PrescribedEvent_A47.Placing_Bids_FirstEntity_A47(PrescribedEvent_A47.java:105)
at java.base/jdk.internal.reflect.DirectMethodHandleAccessor.invoke(DirectMethodHandleAccessor.java:104)
at java.base/java.lang.reflect.Method.invoke(Method.java:578)
at org.testng.internal.MethodInvocationHelper.invokeMethod(MethodInvocationHelper.java:132)
at org.testng.internal.TestInvoker.invokeMethod(TestInvoker.java:599)
at org.testng.internal.TestInvoker.invokeTestMethod(TestInvoker.java:174)
at org.testng.internal.MethodRunner.runInSequence(MethodRunner.java:46)
at org.testng.internal.TestInvoker$MethodInvocationAgent.invoke(TestInvoker.java:822)
at org.testng.internal.TestInvoker.invokeTestMethods(TestInvoker.java:147)
at org.testng.internal.TestMethodWorker.invokeTestMethods(TestMethodWorker.java:146)
at org.testng.internal.TestMethodWorker.run(TestMethodWorker.java:128)
at java.base/java.util.ArrayList.forEach(ArrayList.java:1511)
at org.testng.TestRunner.privateRun(TestRunner.java:764)
at org.testng.TestRunner.run(TestRunner.java:585)
at org.testng.SuiteRunner.runTest(SuiteRunner.java:384)
at org.testng.SuiteRunner.runSequentially(SuiteRunner.java:378)
at org.testng.SuiteRunner.privateRun(SuiteRunner.java:337)
at org.testng.SuiteRunner.run(SuiteRunner.java:286)
at org.testng.SuiteRunnerWorker.runSuite(SuiteRunnerWorker.java:53)
at org.testng.SuiteRunnerWorker.run(SuiteRunnerWorker.java:96)
at org.testng.TestNG.runSuitesSequentially(TestNG.java:1218)
at org.testng.TestNG.runSuitesLocally(TestNG.java:1140)
at org.testng.TestNG.runSuites(TestNG.java:1069)
at org.testng.TestNG.run(TestNG.java:1037)
at org.testng.remote.AbstractRemoteTestNG.run(AbstractRemoteTestNG.java:115)
at org.testng.remote.RemoteTestNG.initAndRun(RemoteTestNG.java:251)
at org.testng.remote.RemoteTestNG.main(RemoteTestNG.java:77)
]]>
            </full-stacktrace>
          </exception> <!-- org.openqa.selenium.TimeoutException -->
          <reporter-output>
            <line>
              <![CDATA[Chrome launched]]>
            </line>
            <line>
              <![CDATA[Navigated to BaseUrl: https://www.qa-wci-auction.org]]>
            </line>
          </reporter-output>
        </test-method> <!-- Placing_Bids_FirstEntity_A47 -->
        <test-method signature="Placing_Bids_FirstEntity_A47()[pri:6, instance:prescribed_Event_Test.PrescribedEvent_A47@957e06]" started-at="2024-05-27T15:27:04 IST" name="Placing_Bids_FirstEntity_A47" finished-at="2024-05-27T15:28:39 IST" duration-ms="94941" status="PASS">
          <reporter-output>
            <line>
              <![CDATA[Chrome launched]]>
            </line>
            <line>
              <![CDATA[Navigated to BaseUrl: https://www.qa-wci-auction.org]]>
            </line>
          </reporter-output>
        </test-method> <!-- Placing_Bids_FirstEntity_A47 -->
        <test-method signature="Placing_Bids_SecondEntity_A47()[pri:7, instance:prescribed_Event_Test.PrescribedEvent_A47@957e06]" started-at="2024-05-27T15:28:40 IST" name="Placing_Bids_SecondEntity_A47" finished-at="2024-05-27T15:30:11 IST" duration-ms="91438" status="PASS">
          <reporter-output>
            <line>
              <![CDATA[Chrome launched]]>
            </line>
            <line>
              <![CDATA[Navigated to BaseUrl: https://www.qa-wci-auction.org]]>
            </line>
          </reporter-output>
        </test-method> <!-- Placing_Bids_SecondEntity_A47 -->
        <test-method signature="Placing_Bids_ThirdEntity_A47()[pri:8, instance:prescribed_Event_Test.PrescribedEvent_A47@957e06]" started-at="2024-05-27T15:30:12 IST" name="Placing_Bids_ThirdEntity_A47" finished-at="2024-05-27T15:31:40 IST" duration-ms="88310" status="PASS">
          <reporter-output>
            <line>
              <![CDATA[Chrome launched]]>
            </line>
            <line>
              <![CDATA[Navigated to BaseUrl: https://www.qa-wci-auction.org]]>
            </line>
          </reporter-output>
        </test-method> <!-- Placing_Bids_ThirdEntity_A47 -->
        <test-method signature="Placing_Bids_FourthEntity_A47()[pri:9, instance:prescribed_Event_Test.PrescribedEvent_A47@957e06]" started-at="2024-05-27T15:31:41 IST" name="Placing_Bids_FourthEntity_A47" finished-at="2024-05-27T15:33:13 IST" duration-ms="91905" status="PASS">
          <reporter-output>
            <line>
              <![CDATA[Chrome launched]]>
            </line>
            <line>
              <![CDATA[Navigated to BaseUrl: https://www.qa-wci-auction.org]]>
            </line>
          </reporter-output>
        </test-method> <!-- Placing_Bids_FourthEntity_A47 -->
        <test-method signature="Placing_Bids_FifthEntity_A47()[pri:10, instance:prescribed_Event_Test.PrescribedEvent_A47@957e06]" started-at="2024-05-27T15:33:13 IST" name="Placing_Bids_FifthEntity_A47" finished-at="2024-05-27T15:34:45 IST" duration-ms="92190" status="PASS">
          <reporter-output>
            <line>
              <![CDATA[Chrome launched]]>
            </line>
            <line>
              <![CDATA[Navigated to BaseUrl: https://www.qa-wci-auction.org]]>
            </line>
          </reporter-output>
        </test-method> <!-- Placing_Bids_FifthEntity_A47 -->
        <test-method signature="Closing_Bidding_Window()[pri:11, instance:prescribed_Event_Test.PrescribedEvent_A47@957e06]" started-at="2024-05-27T15:34:46 IST" name="Closing_Bidding_Window" finished-at="2024-05-27T15:36:18 IST" duration-ms="91364" status="PASS">
          <reporter-output>
            <line>
              <![CDATA[Chrome launched]]>
            </line>
            <line>
              <![CDATA[Navigated to BaseUrl: https://www.qa-wci-auction.org]]>
            </line>
          </reporter-output>
        </test-method> <!-- Closing_Bidding_Window -->
        <test-method signature="Approval_By_QuebecSponsor_For_Edit_BiddingWindow_CloseTime()[pri:12, instance:prescribed_Event_Test.PrescribedEvent_A47@957e06]" started-at="2024-05-27T15:36:18 IST" name="Approval_By_QuebecSponsor_For_Edit_BiddingWindow_CloseTime" finished-at="2024-05-27T15:37:15 IST" duration-ms="56433" status="PASS">
          <reporter-output>
            <line>
              <![CDATA[Chrome launched]]>
            </line>
            <line>
              <![CDATA[Navigated to BaseUrl: https://www.qa-wci-auction.org]]>
            </line>
          </reporter-output>
        </test-method> <!-- Approval_By_QuebecSponsor_For_Edit_BiddingWindow_CloseTime -->
        <test-method signature="Run_Algorithm_California()[pri:13, instance:prescribed_Event_Test.PrescribedEvent_A47@957e06]" started-at="2024-05-27T15:37:15 IST" name="Run_Algorithm_California" finished-at="2024-05-27T15:37:59 IST" duration-ms="43206" status="PASS">
          <reporter-output>
            <line>
              <![CDATA[Chrome launched]]>
            </line>
            <line>
              <![CDATA[Navigated to BaseUrl: https://www.qa-wci-auction.org]]>
            </line>
          </reporter-output>
        </test-method> <!-- Run_Algorithm_California -->
        <test-method signature="Run_Algorithm_Quebec()[pri:14, instance:prescribed_Event_Test.PrescribedEvent_A47@957e06]" started-at="2024-05-27T15:37:59 IST" name="Run_Algorithm_Quebec" finished-at="2024-05-27T15:39:04 IST" duration-ms="64457" status="PASS">
          <reporter-output>
            <line>
              <![CDATA[Chrome launched]]>
            </line>
            <line>
              <![CDATA[Navigated to BaseUrl: https://www.qa-wci-auction.org]]>
            </line>
          </reporter-output>
        </test-method> <!-- Run_Algorithm_Quebec -->
        <test-method signature="EventCertification_California()[pri:15, instance:prescribed_Event_Test.PrescribedEvent_A47@957e06]" started-at="2024-05-27T15:39:04 IST" name="EventCertification_California" finished-at="2024-05-27T15:39:40 IST" duration-ms="35819" status="PASS">
          <reporter-output>
            <line>
              <![CDATA[Chrome launched]]>
            </line>
            <line>
              <![CDATA[Navigated to BaseUrl: https://www.qa-wci-auction.org]]>
            </line>
          </reporter-output>
        </test-method> <!-- EventCertification_California -->
        <test-method signature="EventCertification_DualApproval_Quebec()[pri:16, instance:prescribed_Event_Test.PrescribedEvent_A47@957e06]" started-at="2024-05-27T15:39:41 IST" name="EventCertification_DualApproval_Quebec" finished-at="2024-05-27T15:40:46 IST" duration-ms="65372" status="PASS">
          <reporter-output>
            <line>
              <![CDATA[Chrome launched]]>
            </line>
            <line>
              <![CDATA[Navigated to BaseUrl: https://www.qa-wci-auction.org]]>
            </line>
          </reporter-output>
        </test-method> <!-- EventCertification_DualApproval_Quebec -->
      </class> <!-- prescribed_Event_Test.PrescribedEvent_A47 -->
      <class name="prescribed_Event_Test.PrescribedEvent_A57">
        <test-method signature="CreateNewEvent_A57()[pri:1, instance:prescribed_Event_Test.PrescribedEvent_A57@32502377]" started-at="2024-05-27T15:40:47 IST" name="CreateNewEvent_A57" finished-at="2024-05-27T15:41:43 IST" duration-ms="55972" status="PASS">
          <reporter-output>
            <line>
              <![CDATA[Chrome launched]]>
            </line>
            <line>
              <![CDATA[Navigated to BaseUrl: https://www.qa-wci-auction.org]]>
            </line>
          </reporter-output>
        </test-method> <!-- CreateNewEvent_A57 -->
        <test-method signature="Approval_By_QuebecSponsor_A57()[pri:2, instance:prescribed_Event_Test.PrescribedEvent_A57@32502377]" started-at="2024-05-27T15:41:44 IST" name="Approval_By_QuebecSponsor_A57" finished-at="2024-05-27T15:42:40 IST" duration-ms="56282" status="PASS">
          <reporter-output>
            <line>
              <![CDATA[Chrome launched]]>
            </line>
            <line>
              <![CDATA[Navigated to BaseUrl: https://www.qa-wci-auction.org]]>
            </line>
          </reporter-output>
        </test-method> <!-- Approval_By_QuebecSponsor_A57 -->
        <test-method signature="SET_FXRATE_QC_A57()[pri:3, instance:prescribed_Event_Test.PrescribedEvent_A57@32502377]" started-at="2024-05-27T15:42:41 IST" name="SET_FXRATE_QC_A57" finished-at="2024-05-27T15:43:50 IST" duration-ms="69671" status="PASS">
          <reporter-output>
            <line>
              <![CDATA[Chrome launched]]>
            </line>
            <line>
              <![CDATA[Navigated to BaseUrl: https://www.qa-wci-auction.org]]>
            </line>
          </reporter-output>
        </test-method> <!-- SET_FXRATE_QC_A57 -->
        <test-method signature="SET_FXRATE_CA_A57()[pri:4, instance:prescribed_Event_Test.PrescribedEvent_A57@32502377]" started-at="2024-05-27T15:43:51 IST" name="SET_FXRATE_CA_A57" finished-at="2024-05-27T15:44:29 IST" duration-ms="37633" status="PASS">
          <reporter-output>
            <line>
              <![CDATA[Chrome launched]]>
            </line>
            <line>
              <![CDATA[Navigated to BaseUrl: https://www.qa-wci-auction.org]]>
            </line>
          </reporter-output>
        </test-method> <!-- SET_FXRATE_CA_A57 -->
        <test-method retried="true" signature="Execute_API()[pri:5, instance:prescribed_Event_Test.PrescribedEvent_A57@32502377]" started-at="2024-05-27T15:44:30 IST" name="Execute_API" finished-at="2024-05-27T15:45:15 IST" duration-ms="45130" status="SKIP">
          <exception class="org.openqa.selenium.ElementClickInterceptedException">
            <message>
              <![CDATA[element click intercepted: Element <span class="MuiButton-label">...</span> is not clickable at point (1423, 194). Other element would receive the click: <td class="MuiTableCell-root MuiTableCell-body">...</td>
  (Session info: chrome=125.0.6422.112)
Build info: version: '4.18.1', revision: 'b1d3319b48'
System info: os.name: 'Windows 11', os.arch: 'amd64', os.version: '10.0', java.version: '20.0.1'
Driver info: org.openqa.selenium.chrome.ChromeDriver
Command: [a4742e6a30cd739be9e7cf46201f6b4f, clickElement {id=f.2A119CFC581ABBC2BF4B5A3A1A6687CC.d.BF6F184FB340FDDB4F3F40C7C58894F5.e.162}]
Capabilities {acceptInsecureCerts: false, browserName: chrome, browserVersion: 125.0.6422.112, chrome: {chromedriverVersion: 125.0.6422.78 (14db42ec38ad..., userDataDir: C:\Users\ROHITV~1\AppData\L...}, fedcm:accounts: true, goog:chromeOptions: {debuggerAddress: localhost:49807}, networkConnectionEnabled: false, pageLoadStrategy: normal, platformName: windows, proxy: Proxy(), se:cdp: ws://localhost:49807/devtoo..., se:cdpVersion: 125.0.6422.112, setWindowRect: true, strictFileInteractability: false, timeouts: {implicit: 0, pageLoad: 300000, script: 30000}, unhandledPromptBehavior: dismiss and notify, webauthn:extension:credBlob: true, webauthn:extension:largeBlob: true, webauthn:extension:minPinLength: true, webauthn:extension:prf: true, webauthn:virtualAuthenticators: true}
Element: [[ChromeDriver: chrome on windows (a4742e6a30cd739be9e7cf46201f6b4f)] -> xpath: (//*[text()='Execute'])[3]]
Session ID: a4742e6a30cd739be9e7cf46201f6b4f]]>
            </message>
            <full-stacktrace>
              <![CDATA[org.openqa.selenium.ElementClickInterceptedException: element click intercepted: Element <span class="MuiButton-label">...</span> is not clickable at point (1423, 194). Other element would receive the click: <td class="MuiTableCell-root MuiTableCell-body">...</td>
  (Session info: chrome=125.0.6422.112)
Build info: version: '4.18.1', revision: 'b1d3319b48'
System info: os.name: 'Windows 11', os.arch: 'amd64', os.version: '10.0', java.version: '20.0.1'
Driver info: org.openqa.selenium.chrome.ChromeDriver
Command: [a4742e6a30cd739be9e7cf46201f6b4f, clickElement {id=f.2A119CFC581ABBC2BF4B5A3A1A6687CC.d.BF6F184FB340FDDB4F3F40C7C58894F5.e.162}]
Capabilities {acceptInsecureCerts: false, browserName: chrome, browserVersion: 125.0.6422.112, chrome: {chromedriverVersion: 125.0.6422.78 (14db42ec38ad..., userDataDir: C:\Users\ROHITV~1\AppData\L...}, fedcm:accounts: true, goog:chromeOptions: {debuggerAddress: localhost:49807}, networkConnectionEnabled: false, pageLoadStrategy: normal, platformName: windows, proxy: Proxy(), se:cdp: ws://localhost:49807/devtoo..., se:cdpVersion: 125.0.6422.112, setWindowRect: true, strictFileInteractability: false, timeouts: {implicit: 0, pageLoad: 300000, script: 30000}, unhandledPromptBehavior: dismiss and notify, webauthn:extension:credBlob: true, webauthn:extension:largeBlob: true, webauthn:extension:minPinLength: true, webauthn:extension:prf: true, webauthn:virtualAuthenticators: true}
Element: [[ChromeDriver: chrome on windows (a4742e6a30cd739be9e7cf46201f6b4f)] -> xpath: (//*[text()='Execute'])[3]]
Session ID: a4742e6a30cd739be9e7cf46201f6b4f
at java.base/jdk.internal.reflect.DirectConstructorHandleAccessor.newInstance(DirectConstructorHandleAccessor.java:67)
at java.base/java.lang.reflect.Constructor.newInstanceWithCaller(Constructor.java:500)
at java.base/java.lang.reflect.Constructor.newInstance(Constructor.java:484)
at org.openqa.selenium.remote.ErrorCodec.decode(ErrorCodec.java:167)
at org.openqa.selenium.remote.codec.w3c.W3CHttpResponseCodec.decode(W3CHttpResponseCodec.java:138)
at org.openqa.selenium.remote.codec.w3c.W3CHttpResponseCodec.decode(W3CHttpResponseCodec.java:50)
at org.openqa.selenium.remote.HttpCommandExecutor.execute(HttpCommandExecutor.java:190)
at org.openqa.selenium.remote.service.DriverCommandExecutor.invokeExecute(DriverCommandExecutor.java:216)
at org.openqa.selenium.remote.service.DriverCommandExecutor.execute(DriverCommandExecutor.java:174)
at org.openqa.selenium.remote.RemoteWebDriver.execute(RemoteWebDriver.java:519)
at org.openqa.selenium.remote.RemoteWebElement.execute(RemoteWebElement.java:223)
at org.openqa.selenium.remote.RemoteWebElement.click(RemoteWebElement.java:76)
at java.base/jdk.internal.reflect.DirectMethodHandleAccessor.invoke(DirectMethodHandleAccessor.java:104)
at java.base/java.lang.reflect.Method.invoke(Method.java:578)
at org.openqa.selenium.support.pagefactory.internal.LocatingElementHandler.invoke(LocatingElementHandler.java:51)
at jdk.proxy2/jdk.proxy2.$Proxy13.click(Unknown Source)
at pageObjects.com_pomClassForJointAuctionTieBreaker.executeAPIGetBidLimitations(com_pomClassForJointAuctionTieBreaker.java:8559)
at prescribed_Event_Test.PrescribedEvent_A57.Execute_API(PrescribedEvent_A57.java:92)
at java.base/jdk.internal.reflect.DirectMethodHandleAccessor.invoke(DirectMethodHandleAccessor.java:104)
at java.base/java.lang.reflect.Method.invoke(Method.java:578)
at org.testng.internal.MethodInvocationHelper.invokeMethod(MethodInvocationHelper.java:132)
at org.testng.internal.TestInvoker.invokeMethod(TestInvoker.java:599)
at org.testng.internal.TestInvoker.invokeTestMethod(TestInvoker.java:174)
at org.testng.internal.MethodRunner.runInSequence(MethodRunner.java:46)
at org.testng.internal.TestInvoker$MethodInvocationAgent.invoke(TestInvoker.java:822)
at org.testng.internal.TestInvoker.invokeTestMethods(TestInvoker.java:147)
at org.testng.internal.TestMethodWorker.invokeTestMethods(TestMethodWorker.java:146)
at org.testng.internal.TestMethodWorker.run(TestMethodWorker.java:128)
at java.base/java.util.ArrayList.forEach(ArrayList.java:1511)
at org.testng.TestRunner.privateRun(TestRunner.java:764)
at org.testng.TestRunner.run(TestRunner.java:585)
at org.testng.SuiteRunner.runTest(SuiteRunner.java:384)
at org.testng.SuiteRunner.runSequentially(SuiteRunner.java:378)
at org.testng.SuiteRunner.privateRun(SuiteRunner.java:337)
at org.testng.SuiteRunner.run(SuiteRunner.java:286)
at org.testng.SuiteRunnerWorker.runSuite(SuiteRunnerWorker.java:53)
at org.testng.SuiteRunnerWorker.run(SuiteRunnerWorker.java:96)
at org.testng.TestNG.runSuitesSequentially(TestNG.java:1218)
at org.testng.TestNG.runSuitesLocally(TestNG.java:1140)
at org.testng.TestNG.runSuites(TestNG.java:1069)
at org.testng.TestNG.run(TestNG.java:1037)
at org.testng.remote.AbstractRemoteTestNG.run(AbstractRemoteTestNG.java:115)
at org.testng.remote.RemoteTestNG.initAndRun(RemoteTestNG.java:251)
at org.testng.remote.RemoteTestNG.main(RemoteTestNG.java:77)
]]>
            </full-stacktrace>
          </exception> <!-- org.openqa.selenium.ElementClickInterceptedException -->
          <reporter-output>
            <line>
              <![CDATA[Chrome launched]]>
            </line>
            <line>
              <![CDATA[Navigated to BaseUrl: https://www.qa-wci-auction.org]]>
            </line>
          </reporter-output>
        </test-method> <!-- Execute_API -->
        <test-method signature="Execute_API()[pri:5, instance:prescribed_Event_Test.PrescribedEvent_A57@32502377]" started-at="2024-05-27T15:45:15 IST" name="Execute_API" finished-at="2024-05-27T15:46:16 IST" duration-ms="60567" status="PASS">
          <reporter-output>
            <line>
              <![CDATA[Chrome launched]]>
            </line>
            <line>
              <![CDATA[Navigated to BaseUrl: https://www.qa-wci-auction.org]]>
            </line>
          </reporter-output>
        </test-method> <!-- Execute_API -->
        <test-method retried="true" signature="Placing_Bids_FirstEntity_A57()[pri:6, instance:prescribed_Event_Test.PrescribedEvent_A57@32502377]" started-at="2024-05-27T15:46:17 IST" name="Placing_Bids_FirstEntity_A57" finished-at="2024-05-27T15:47:52 IST" duration-ms="95637" status="SKIP">
          <exception class="org.openqa.selenium.TimeoutException">
            <message>
              <![CDATA[Expected condition failed: waiting for visibility of element located by By.xpath: //*[text()='BIDDING CLOSES IN'] (tried for 30 second(s) with 500 milliseconds interval)
Build info: version: '4.18.1', revision: 'b1d3319b48'
System info: os.name: 'Windows 11', os.arch: 'amd64', os.version: '10.0', java.version: '20.0.1'
Driver info: org.openqa.selenium.chrome.ChromeDriver
Capabilities {acceptInsecureCerts: false, browserName: chrome, browserVersion: 125.0.6422.112, chrome: {chromedriverVersion: 125.0.6422.78 (14db42ec38ad..., userDataDir: C:\Users\ROHITV~1\AppData\L...}, fedcm:accounts: true, goog:chromeOptions: {debuggerAddress: localhost:49933}, networkConnectionEnabled: false, pageLoadStrategy: normal, platformName: windows, proxy: Proxy(), se:cdp: ws://localhost:49933/devtoo..., se:cdpVersion: 125.0.6422.112, setWindowRect: true, strictFileInteractability: false, timeouts: {implicit: 0, pageLoad: 300000, script: 30000}, unhandledPromptBehavior: dismiss and notify, webauthn:extension:credBlob: true, webauthn:extension:largeBlob: true, webauthn:extension:minPinLength: true, webauthn:extension:prf: true, webauthn:virtualAuthenticators: true}
Session ID: 63cebb3319b25d92ea863bb4506a3a0f]]>
            </message>
            <full-stacktrace>
              <![CDATA[org.openqa.selenium.TimeoutException: Expected condition failed: waiting for visibility of element located by By.xpath: //*[text()='BIDDING CLOSES IN'] (tried for 30 second(s) with 500 milliseconds interval)
Build info: version: '4.18.1', revision: 'b1d3319b48'
System info: os.name: 'Windows 11', os.arch: 'amd64', os.version: '10.0', java.version: '20.0.1'
Driver info: org.openqa.selenium.chrome.ChromeDriver
Capabilities {acceptInsecureCerts: false, browserName: chrome, browserVersion: 125.0.6422.112, chrome: {chromedriverVersion: 125.0.6422.78 (14db42ec38ad..., userDataDir: C:\Users\ROHITV~1\AppData\L...}, fedcm:accounts: true, goog:chromeOptions: {debuggerAddress: localhost:49933}, networkConnectionEnabled: false, pageLoadStrategy: normal, platformName: windows, proxy: Proxy(), se:cdp: ws://localhost:49933/devtoo..., se:cdpVersion: 125.0.6422.112, setWindowRect: true, strictFileInteractability: false, timeouts: {implicit: 0, pageLoad: 300000, script: 30000}, unhandledPromptBehavior: dismiss and notify, webauthn:extension:credBlob: true, webauthn:extension:largeBlob: true, webauthn:extension:minPinLength: true, webauthn:extension:prf: true, webauthn:virtualAuthenticators: true}
Session ID: 63cebb3319b25d92ea863bb4506a3a0f
at org.openqa.selenium.support.ui.WebDriverWait.timeoutException(WebDriverWait.java:84)
at org.openqa.selenium.support.ui.FluentWait.until(FluentWait.java:228)
at pageObjects.com_pomClassForJointAuctionTieBreaker.BiddingByARforTestData1_PE10(com_pomClassForJointAuctionTieBreaker.java:12846)
at prescribed_Event_Test.PrescribedEvent_A57.Placing_Bids_FirstEntity_A57(PrescribedEvent_A57.java:106)
at java.base/jdk.internal.reflect.DirectMethodHandleAccessor.invoke(DirectMethodHandleAccessor.java:104)
at java.base/java.lang.reflect.Method.invoke(Method.java:578)
at org.testng.internal.MethodInvocationHelper.invokeMethod(MethodInvocationHelper.java:132)
at org.testng.internal.TestInvoker.invokeMethod(TestInvoker.java:599)
at org.testng.internal.TestInvoker.invokeTestMethod(TestInvoker.java:174)
at org.testng.internal.MethodRunner.runInSequence(MethodRunner.java:46)
at org.testng.internal.TestInvoker$MethodInvocationAgent.invoke(TestInvoker.java:822)
at org.testng.internal.TestInvoker.invokeTestMethods(TestInvoker.java:147)
at org.testng.internal.TestMethodWorker.invokeTestMethods(TestMethodWorker.java:146)
at org.testng.internal.TestMethodWorker.run(TestMethodWorker.java:128)
at java.base/java.util.ArrayList.forEach(ArrayList.java:1511)
at org.testng.TestRunner.privateRun(TestRunner.java:764)
at org.testng.TestRunner.run(TestRunner.java:585)
at org.testng.SuiteRunner.runTest(SuiteRunner.java:384)
at org.testng.SuiteRunner.runSequentially(SuiteRunner.java:378)
at org.testng.SuiteRunner.privateRun(SuiteRunner.java:337)
at org.testng.SuiteRunner.run(SuiteRunner.java:286)
at org.testng.SuiteRunnerWorker.runSuite(SuiteRunnerWorker.java:53)
at org.testng.SuiteRunnerWorker.run(SuiteRunnerWorker.java:96)
at org.testng.TestNG.runSuitesSequentially(TestNG.java:1218)
at org.testng.TestNG.runSuitesLocally(TestNG.java:1140)
at org.testng.TestNG.runSuites(TestNG.java:1069)
at org.testng.TestNG.run(TestNG.java:1037)
at org.testng.remote.AbstractRemoteTestNG.run(AbstractRemoteTestNG.java:115)
at org.testng.remote.RemoteTestNG.initAndRun(RemoteTestNG.java:251)
at org.testng.remote.RemoteTestNG.main(RemoteTestNG.java:77)
]]>
            </full-stacktrace>
          </exception> <!-- org.openqa.selenium.TimeoutException -->
          <reporter-output>
            <line>
              <![CDATA[Chrome launched]]>
            </line>
            <line>
              <![CDATA[Navigated to BaseUrl: https://www.qa-wci-auction.org]]>
            </line>
          </reporter-output>
        </test-method> <!-- Placing_Bids_FirstEntity_A57 -->
        <test-method signature="Placing_Bids_FirstEntity_A57()[pri:6, instance:prescribed_Event_Test.PrescribedEvent_A57@32502377]" started-at="2024-05-27T15:47:53 IST" name="Placing_Bids_FirstEntity_A57" finished-at="2024-05-27T15:49:56 IST" duration-ms="123688" status="PASS">
          <reporter-output>
            <line>
              <![CDATA[Chrome launched]]>
            </line>
            <line>
              <![CDATA[Navigated to BaseUrl: https://www.qa-wci-auction.org]]>
            </line>
          </reporter-output>
        </test-method> <!-- Placing_Bids_FirstEntity_A57 -->
        <test-method signature="Placing_Bids_SecondEntity_A57()[pri:7, instance:prescribed_Event_Test.PrescribedEvent_A57@32502377]" started-at="2024-05-27T15:49:57 IST" name="Placing_Bids_SecondEntity_A57" finished-at="2024-05-27T15:51:17 IST" duration-ms="79929" status="PASS">
          <reporter-output>
            <line>
              <![CDATA[Chrome launched]]>
            </line>
            <line>
              <![CDATA[Navigated to BaseUrl: https://www.qa-wci-auction.org]]>
            </line>
          </reporter-output>
        </test-method> <!-- Placing_Bids_SecondEntity_A57 -->
        <test-method signature="Placing_Bids_ThirdEntity_A57()[pri:8, instance:prescribed_Event_Test.PrescribedEvent_A57@32502377]" started-at="2024-05-27T15:51:18 IST" name="Placing_Bids_ThirdEntity_A57" finished-at="2024-05-27T15:52:36 IST" duration-ms="78003" status="PASS">
          <reporter-output>
            <line>
              <![CDATA[Chrome launched]]>
            </line>
            <line>
              <![CDATA[Navigated to BaseUrl: https://www.qa-wci-auction.org]]>
            </line>
          </reporter-output>
        </test-method> <!-- Placing_Bids_ThirdEntity_A57 -->
        <test-method signature="Placing_Bids_FourthEntity_A57()[pri:9, instance:prescribed_Event_Test.PrescribedEvent_A57@32502377]" started-at="2024-05-27T15:52:36 IST" name="Placing_Bids_FourthEntity_A57" finished-at="2024-05-27T15:53:58 IST" duration-ms="81061" status="PASS">
          <reporter-output>
            <line>
              <![CDATA[Chrome launched]]>
            </line>
            <line>
              <![CDATA[Navigated to BaseUrl: https://www.qa-wci-auction.org]]>
            </line>
          </reporter-output>
        </test-method> <!-- Placing_Bids_FourthEntity_A57 -->
        <test-method signature="Placing_Bids_FifthEntity_A57()[pri:10, instance:prescribed_Event_Test.PrescribedEvent_A57@32502377]" started-at="2024-05-27T15:53:58 IST" name="Placing_Bids_FifthEntity_A57" finished-at="2024-05-27T15:55:17 IST" duration-ms="79110" status="PASS">
          <reporter-output>
            <line>
              <![CDATA[Chrome launched]]>
            </line>
            <line>
              <![CDATA[Navigated to BaseUrl: https://www.qa-wci-auction.org]]>
            </line>
          </reporter-output>
        </test-method> <!-- Placing_Bids_FifthEntity_A57 -->
        <test-method signature="Closing_Bidding_Window()[pri:11, instance:prescribed_Event_Test.PrescribedEvent_A57@32502377]" started-at="2024-05-27T15:55:18 IST" name="Closing_Bidding_Window" finished-at="2024-05-27T15:56:38 IST" duration-ms="80186" status="PASS">
          <reporter-output>
            <line>
              <![CDATA[Chrome launched]]>
            </line>
            <line>
              <![CDATA[Navigated to BaseUrl: https://www.qa-wci-auction.org]]>
            </line>
          </reporter-output>
        </test-method> <!-- Closing_Bidding_Window -->
        <test-method signature="Approval_By_QuebecSponsor_For_Edit_BiddingWindow_CloseTime()[pri:12, instance:prescribed_Event_Test.PrescribedEvent_A57@32502377]" started-at="2024-05-27T15:56:39 IST" name="Approval_By_QuebecSponsor_For_Edit_BiddingWindow_CloseTime" finished-at="2024-05-27T15:57:36 IST" duration-ms="57105" status="PASS">
          <reporter-output>
            <line>
              <![CDATA[Chrome launched]]>
            </line>
            <line>
              <![CDATA[Navigated to BaseUrl: https://www.qa-wci-auction.org]]>
            </line>
          </reporter-output>
        </test-method> <!-- Approval_By_QuebecSponsor_For_Edit_BiddingWindow_CloseTime -->
        <test-method signature="Run_Algorithm_California()[pri:13, instance:prescribed_Event_Test.PrescribedEvent_A57@32502377]" started-at="2024-05-27T15:57:37 IST" name="Run_Algorithm_California" finished-at="2024-05-27T15:58:16 IST" duration-ms="39045" status="PASS">
          <reporter-output>
            <line>
              <![CDATA[Chrome launched]]>
            </line>
            <line>
              <![CDATA[Navigated to BaseUrl: https://www.qa-wci-auction.org]]>
            </line>
          </reporter-output>
        </test-method> <!-- Run_Algorithm_California -->
        <test-method signature="Run_Algorithm_Quebec()[pri:14, instance:prescribed_Event_Test.PrescribedEvent_A57@32502377]" started-at="2024-05-27T15:58:17 IST" name="Run_Algorithm_Quebec" finished-at="2024-05-27T15:59:22 IST" duration-ms="65355" status="PASS">
          <reporter-output>
            <line>
              <![CDATA[Chrome launched]]>
            </line>
            <line>
              <![CDATA[Navigated to BaseUrl: https://www.qa-wci-auction.org]]>
            </line>
          </reporter-output>
        </test-method> <!-- Run_Algorithm_Quebec -->
        <test-method signature="EventCertification_California()[pri:15, instance:prescribed_Event_Test.PrescribedEvent_A57@32502377]" started-at="2024-05-27T15:59:23 IST" name="EventCertification_California" finished-at="2024-05-27T15:59:59 IST" duration-ms="36798" status="PASS">
          <reporter-output>
            <line>
              <![CDATA[Chrome launched]]>
            </line>
            <line>
              <![CDATA[Navigated to BaseUrl: https://www.qa-wci-auction.org]]>
            </line>
          </reporter-output>
        </test-method> <!-- EventCertification_California -->
        <test-method signature="EventCertification_DualApproval_Quebec()[pri:16, instance:prescribed_Event_Test.PrescribedEvent_A57@32502377]" started-at="2024-05-27T16:00:00 IST" name="EventCertification_DualApproval_Quebec" finished-at="2024-05-27T16:01:04 IST" duration-ms="63729" status="PASS">
          <reporter-output>
            <line>
              <![CDATA[Chrome launched]]>
            </line>
            <line>
              <![CDATA[Navigated to BaseUrl: https://www.qa-wci-auction.org]]>
            </line>
          </reporter-output>
        </test-method> <!-- EventCertification_DualApproval_Quebec -->
      </class> <!-- prescribed_Event_Test.PrescribedEvent_A57 -->
      <class name="prescribed_Event_Test.PrescribedEvent_A49">
        <test-method signature="CreateNewEvent_A49()[pri:1, instance:prescribed_Event_Test.PrescribedEvent_A49@4dbb42b7]" started-at="2024-05-27T16:21:14 IST" name="CreateNewEvent_A49" finished-at="2024-05-27T16:22:08 IST" duration-ms="54556" status="PASS">
          <reporter-output>
            <line>
              <![CDATA[Chrome launched]]>
            </line>
            <line>
              <![CDATA[Navigated to BaseUrl: https://www.qa-wci-auction.org]]>
            </line>
          </reporter-output>
        </test-method> <!-- CreateNewEvent_A49 -->
        <test-method signature="Approval_By_QuebecSponsor_A49()[pri:2, instance:prescribed_Event_Test.PrescribedEvent_A49@4dbb42b7]" started-at="2024-05-27T16:22:09 IST" name="Approval_By_QuebecSponsor_A49" finished-at="2024-05-27T16:23:06 IST" duration-ms="57100" status="PASS">
          <reporter-output>
            <line>
              <![CDATA[Chrome launched]]>
            </line>
            <line>
              <![CDATA[Navigated to BaseUrl: https://www.qa-wci-auction.org]]>
            </line>
          </reporter-output>
        </test-method> <!-- Approval_By_QuebecSponsor_A49 -->
        <test-method signature="SET_FXRATE_QC_A49()[pri:3, instance:prescribed_Event_Test.PrescribedEvent_A49@4dbb42b7]" started-at="2024-05-27T16:23:07 IST" name="SET_FXRATE_QC_A49" finished-at="2024-05-27T16:24:15 IST" duration-ms="68233" status="PASS">
          <reporter-output>
            <line>
              <![CDATA[Chrome launched]]>
            </line>
            <line>
              <![CDATA[Navigated to BaseUrl: https://www.qa-wci-auction.org]]>
            </line>
          </reporter-output>
        </test-method> <!-- SET_FXRATE_QC_A49 -->
        <test-method signature="SET_FXRATE_CA_A49()[pri:4, instance:prescribed_Event_Test.PrescribedEvent_A49@4dbb42b7]" started-at="2024-05-27T16:24:16 IST" name="SET_FXRATE_CA_A49" finished-at="2024-05-27T16:24:54 IST" duration-ms="38112" status="PASS">
          <reporter-output>
            <line>
              <![CDATA[Chrome launched]]>
            </line>
            <line>
              <![CDATA[Navigated to BaseUrl: https://www.qa-wci-auction.org]]>
            </line>
          </reporter-output>
        </test-method> <!-- SET_FXRATE_CA_A49 -->
        <test-method retried="true" signature="Execute_API()[pri:5, instance:prescribed_Event_Test.PrescribedEvent_A49@4dbb42b7]" started-at="2024-05-27T16:24:55 IST" name="Execute_API" finished-at="2024-05-27T16:25:39 IST" duration-ms="44233" status="SKIP">
          <exception class="org.openqa.selenium.ElementClickInterceptedException">
            <message>
              <![CDATA[element click intercepted: Element <span class="MuiButton-label">...</span> is not clickable at point (1423, 194). Other element would receive the click: <td class="MuiTableCell-root MuiTableCell-body">...</td>
  (Session info: chrome=125.0.6422.112)
Build info: version: '4.18.1', revision: 'b1d3319b48'
System info: os.name: 'Windows 11', os.arch: 'amd64', os.version: '10.0', java.version: '20.0.1'
Driver info: org.openqa.selenium.chrome.ChromeDriver
Command: [9aae8dec3b265e50ae0ab2cb6e24cdb8, clickElement {id=f.8C12B9D29EECA8E79631FC8684CFACEB.d.EB45B5DD7581B32A01CA9A38403B8AB4.e.179}]
Capabilities {acceptInsecureCerts: false, browserName: chrome, browserVersion: 125.0.6422.112, chrome: {chromedriverVersion: 125.0.6422.78 (14db42ec38ad..., userDataDir: C:\Users\ROHITV~1\AppData\L...}, fedcm:accounts: true, goog:chromeOptions: {debuggerAddress: localhost:52664}, networkConnectionEnabled: false, pageLoadStrategy: normal, platformName: windows, proxy: Proxy(), se:cdp: ws://localhost:52664/devtoo..., se:cdpVersion: 125.0.6422.112, setWindowRect: true, strictFileInteractability: false, timeouts: {implicit: 0, pageLoad: 300000, script: 30000}, unhandledPromptBehavior: dismiss and notify, webauthn:extension:credBlob: true, webauthn:extension:largeBlob: true, webauthn:extension:minPinLength: true, webauthn:extension:prf: true, webauthn:virtualAuthenticators: true}
Element: [[ChromeDriver: chrome on windows (9aae8dec3b265e50ae0ab2cb6e24cdb8)] -> xpath: (//*[text()='Execute'])[3]]
Session ID: 9aae8dec3b265e50ae0ab2cb6e24cdb8]]>
            </message>
            <full-stacktrace>
              <![CDATA[org.openqa.selenium.ElementClickInterceptedException: element click intercepted: Element <span class="MuiButton-label">...</span> is not clickable at point (1423, 194). Other element would receive the click: <td class="MuiTableCell-root MuiTableCell-body">...</td>
  (Session info: chrome=125.0.6422.112)
Build info: version: '4.18.1', revision: 'b1d3319b48'
System info: os.name: 'Windows 11', os.arch: 'amd64', os.version: '10.0', java.version: '20.0.1'
Driver info: org.openqa.selenium.chrome.ChromeDriver
Command: [9aae8dec3b265e50ae0ab2cb6e24cdb8, clickElement {id=f.8C12B9D29EECA8E79631FC8684CFACEB.d.EB45B5DD7581B32A01CA9A38403B8AB4.e.179}]
Capabilities {acceptInsecureCerts: false, browserName: chrome, browserVersion: 125.0.6422.112, chrome: {chromedriverVersion: 125.0.6422.78 (14db42ec38ad..., userDataDir: C:\Users\ROHITV~1\AppData\L...}, fedcm:accounts: true, goog:chromeOptions: {debuggerAddress: localhost:52664}, networkConnectionEnabled: false, pageLoadStrategy: normal, platformName: windows, proxy: Proxy(), se:cdp: ws://localhost:52664/devtoo..., se:cdpVersion: 125.0.6422.112, setWindowRect: true, strictFileInteractability: false, timeouts: {implicit: 0, pageLoad: 300000, script: 30000}, unhandledPromptBehavior: dismiss and notify, webauthn:extension:credBlob: true, webauthn:extension:largeBlob: true, webauthn:extension:minPinLength: true, webauthn:extension:prf: true, webauthn:virtualAuthenticators: true}
Element: [[ChromeDriver: chrome on windows (9aae8dec3b265e50ae0ab2cb6e24cdb8)] -> xpath: (//*[text()='Execute'])[3]]
Session ID: 9aae8dec3b265e50ae0ab2cb6e24cdb8
at java.base/jdk.internal.reflect.DirectConstructorHandleAccessor.newInstance(DirectConstructorHandleAccessor.java:67)
at java.base/java.lang.reflect.Constructor.newInstanceWithCaller(Constructor.java:500)
at java.base/java.lang.reflect.Constructor.newInstance(Constructor.java:484)
at org.openqa.selenium.remote.ErrorCodec.decode(ErrorCodec.java:167)
at org.openqa.selenium.remote.codec.w3c.W3CHttpResponseCodec.decode(W3CHttpResponseCodec.java:138)
at org.openqa.selenium.remote.codec.w3c.W3CHttpResponseCodec.decode(W3CHttpResponseCodec.java:50)
at org.openqa.selenium.remote.HttpCommandExecutor.execute(HttpCommandExecutor.java:190)
at org.openqa.selenium.remote.service.DriverCommandExecutor.invokeExecute(DriverCommandExecutor.java:216)
at org.openqa.selenium.remote.service.DriverCommandExecutor.execute(DriverCommandExecutor.java:174)
at org.openqa.selenium.remote.RemoteWebDriver.execute(RemoteWebDriver.java:519)
at org.openqa.selenium.remote.RemoteWebElement.execute(RemoteWebElement.java:223)
at org.openqa.selenium.remote.RemoteWebElement.click(RemoteWebElement.java:76)
at java.base/jdk.internal.reflect.DirectMethodHandleAccessor.invoke(DirectMethodHandleAccessor.java:104)
at java.base/java.lang.reflect.Method.invoke(Method.java:578)
at org.openqa.selenium.support.pagefactory.internal.LocatingElementHandler.invoke(LocatingElementHandler.java:51)
at jdk.proxy2/jdk.proxy2.$Proxy13.click(Unknown Source)
at pageObjects.com_pomClassForJointAuctionTieBreaker.executeAPIGetBidLimitations(com_pomClassForJointAuctionTieBreaker.java:8559)
at prescribed_Event_Test.PrescribedEvent_A49.Execute_API(PrescribedEvent_A49.java:92)
at java.base/jdk.internal.reflect.DirectMethodHandleAccessor.invoke(DirectMethodHandleAccessor.java:104)
at java.base/java.lang.reflect.Method.invoke(Method.java:578)
at org.testng.internal.MethodInvocationHelper.invokeMethod(MethodInvocationHelper.java:132)
at org.testng.internal.TestInvoker.invokeMethod(TestInvoker.java:599)
at org.testng.internal.TestInvoker.invokeTestMethod(TestInvoker.java:174)
at org.testng.internal.MethodRunner.runInSequence(MethodRunner.java:46)
at org.testng.internal.TestInvoker$MethodInvocationAgent.invoke(TestInvoker.java:822)
at org.testng.internal.TestInvoker.invokeTestMethods(TestInvoker.java:147)
at org.testng.internal.TestMethodWorker.invokeTestMethods(TestMethodWorker.java:146)
at org.testng.internal.TestMethodWorker.run(TestMethodWorker.java:128)
at java.base/java.util.ArrayList.forEach(ArrayList.java:1511)
at org.testng.TestRunner.privateRun(TestRunner.java:764)
at org.testng.TestRunner.run(TestRunner.java:585)
at org.testng.SuiteRunner.runTest(SuiteRunner.java:384)
at org.testng.SuiteRunner.runSequentially(SuiteRunner.java:378)
at org.testng.SuiteRunner.privateRun(SuiteRunner.java:337)
at org.testng.SuiteRunner.run(SuiteRunner.java:286)
at org.testng.SuiteRunnerWorker.runSuite(SuiteRunnerWorker.java:53)
at org.testng.SuiteRunnerWorker.run(SuiteRunnerWorker.java:96)
at org.testng.TestNG.runSuitesSequentially(TestNG.java:1218)
at org.testng.TestNG.runSuitesLocally(TestNG.java:1140)
at org.testng.TestNG.runSuites(TestNG.java:1069)
at org.testng.TestNG.run(TestNG.java:1037)
at org.testng.remote.AbstractRemoteTestNG.run(AbstractRemoteTestNG.java:115)
at org.testng.remote.RemoteTestNG.initAndRun(RemoteTestNG.java:251)
at org.testng.remote.RemoteTestNG.main(RemoteTestNG.java:77)
]]>
            </full-stacktrace>
          </exception> <!-- org.openqa.selenium.ElementClickInterceptedException -->
          <reporter-output>
            <line>
              <![CDATA[Chrome launched]]>
            </line>
            <line>
              <![CDATA[Navigated to BaseUrl: https://www.qa-wci-auction.org]]>
            </line>
          </reporter-output>
        </test-method> <!-- Execute_API -->
        <test-method signature="Execute_API()[pri:5, instance:prescribed_Event_Test.PrescribedEvent_A49@4dbb42b7]" started-at="2024-05-27T16:25:39 IST" name="Execute_API" finished-at="2024-05-27T16:26:40 IST" duration-ms="60802" status="PASS">
          <reporter-output>
            <line>
              <![CDATA[Chrome launched]]>
            </line>
            <line>
              <![CDATA[Navigated to BaseUrl: https://www.qa-wci-auction.org]]>
            </line>
          </reporter-output>
        </test-method> <!-- Execute_API -->
        <test-method retried="true" signature="Placing_Bids_FirstEntity_A49()[pri:6, instance:prescribed_Event_Test.PrescribedEvent_A49@4dbb42b7]" started-at="2024-05-27T16:26:41 IST" name="Placing_Bids_FirstEntity_A49" finished-at="2024-05-27T16:27:37 IST" duration-ms="56405" status="SKIP">
          <exception class="org.openqa.selenium.TimeoutException">
            <message>
              <![CDATA[Expected condition failed: waiting for visibility of element located by By.xpath: //*[text()='BIDDING CLOSES IN'] (tried for 30 second(s) with 500 milliseconds interval)
Build info: version: '4.18.1', revision: 'b1d3319b48'
System info: os.name: 'Windows 11', os.arch: 'amd64', os.version: '10.0', java.version: '20.0.1'
Driver info: org.openqa.selenium.chrome.ChromeDriver
Capabilities {acceptInsecureCerts: false, browserName: chrome, browserVersion: 125.0.6422.112, chrome: {chromedriverVersion: 125.0.6422.78 (14db42ec38ad..., userDataDir: C:\Users\ROHITV~1\AppData\L...}, fedcm:accounts: true, goog:chromeOptions: {debuggerAddress: localhost:52779}, networkConnectionEnabled: false, pageLoadStrategy: normal, platformName: windows, proxy: Proxy(), se:cdp: ws://localhost:52779/devtoo..., se:cdpVersion: 125.0.6422.112, setWindowRect: true, strictFileInteractability: false, timeouts: {implicit: 0, pageLoad: 300000, script: 30000}, unhandledPromptBehavior: dismiss and notify, webauthn:extension:credBlob: true, webauthn:extension:largeBlob: true, webauthn:extension:minPinLength: true, webauthn:extension:prf: true, webauthn:virtualAuthenticators: true}
Session ID: f1d89d4351f809139e3cef34f1001e6a]]>
            </message>
            <full-stacktrace>
              <![CDATA[org.openqa.selenium.TimeoutException: Expected condition failed: waiting for visibility of element located by By.xpath: //*[text()='BIDDING CLOSES IN'] (tried for 30 second(s) with 500 milliseconds interval)
Build info: version: '4.18.1', revision: 'b1d3319b48'
System info: os.name: 'Windows 11', os.arch: 'amd64', os.version: '10.0', java.version: '20.0.1'
Driver info: org.openqa.selenium.chrome.ChromeDriver
Capabilities {acceptInsecureCerts: false, browserName: chrome, browserVersion: 125.0.6422.112, chrome: {chromedriverVersion: 125.0.6422.78 (14db42ec38ad..., userDataDir: C:\Users\ROHITV~1\AppData\L...}, fedcm:accounts: true, goog:chromeOptions: {debuggerAddress: localhost:52779}, networkConnectionEnabled: false, pageLoadStrategy: normal, platformName: windows, proxy: Proxy(), se:cdp: ws://localhost:52779/devtoo..., se:cdpVersion: 125.0.6422.112, setWindowRect: true, strictFileInteractability: false, timeouts: {implicit: 0, pageLoad: 300000, script: 30000}, unhandledPromptBehavior: dismiss and notify, webauthn:extension:credBlob: true, webauthn:extension:largeBlob: true, webauthn:extension:minPinLength: true, webauthn:extension:prf: true, webauthn:virtualAuthenticators: true}
Session ID: f1d89d4351f809139e3cef34f1001e6a
at org.openqa.selenium.support.ui.WebDriverWait.timeoutException(WebDriverWait.java:84)
at org.openqa.selenium.support.ui.FluentWait.until(FluentWait.java:228)
at pageObjects.com_pomClassForJointAuctionTieBreaker.BiddingByARforTestData1_PE6(com_pomClassForJointAuctionTieBreaker.java:12743)
at prescribed_Event_Test.PrescribedEvent_A49.Placing_Bids_FirstEntity_A49(PrescribedEvent_A49.java:106)
at java.base/jdk.internal.reflect.DirectMethodHandleAccessor.invoke(DirectMethodHandleAccessor.java:104)
at java.base/java.lang.reflect.Method.invoke(Method.java:578)
at org.testng.internal.MethodInvocationHelper.invokeMethod(MethodInvocationHelper.java:132)
at org.testng.internal.TestInvoker.invokeMethod(TestInvoker.java:599)
at org.testng.internal.TestInvoker.invokeTestMethod(TestInvoker.java:174)
at org.testng.internal.MethodRunner.runInSequence(MethodRunner.java:46)
at org.testng.internal.TestInvoker$MethodInvocationAgent.invoke(TestInvoker.java:822)
at org.testng.internal.TestInvoker.invokeTestMethods(TestInvoker.java:147)
at org.testng.internal.TestMethodWorker.invokeTestMethods(TestMethodWorker.java:146)
at org.testng.internal.TestMethodWorker.run(TestMethodWorker.java:128)
at java.base/java.util.ArrayList.forEach(ArrayList.java:1511)
at org.testng.TestRunner.privateRun(TestRunner.java:764)
at org.testng.TestRunner.run(TestRunner.java:585)
at org.testng.SuiteRunner.runTest(SuiteRunner.java:384)
at org.testng.SuiteRunner.runSequentially(SuiteRunner.java:378)
at org.testng.SuiteRunner.privateRun(SuiteRunner.java:337)
at org.testng.SuiteRunner.run(SuiteRunner.java:286)
at org.testng.SuiteRunnerWorker.runSuite(SuiteRunnerWorker.java:53)
at org.testng.SuiteRunnerWorker.run(SuiteRunnerWorker.java:96)
at org.testng.TestNG.runSuitesSequentially(TestNG.java:1218)
at org.testng.TestNG.runSuitesLocally(TestNG.java:1140)
at org.testng.TestNG.runSuites(TestNG.java:1069)
at org.testng.TestNG.run(TestNG.java:1037)
at org.testng.remote.AbstractRemoteTestNG.run(AbstractRemoteTestNG.java:115)
at org.testng.remote.RemoteTestNG.initAndRun(RemoteTestNG.java:251)
at org.testng.remote.RemoteTestNG.main(RemoteTestNG.java:77)
]]>
            </full-stacktrace>
          </exception> <!-- org.openqa.selenium.TimeoutException -->
          <reporter-output>
            <line>
              <![CDATA[Chrome launched]]>
            </line>
            <line>
              <![CDATA[Navigated to BaseUrl: https://www.qa-wci-auction.org]]>
            </line>
          </reporter-output>
        </test-method> <!-- Placing_Bids_FirstEntity_A49 -->
        <test-method retried="true" signature="Placing_Bids_FirstEntity_A49()[pri:6, instance:prescribed_Event_Test.PrescribedEvent_A49@4dbb42b7]" started-at="2024-05-27T16:27:38 IST" name="Placing_Bids_FirstEntity_A49" finished-at="2024-05-27T16:28:31 IST" duration-ms="53624" status="SKIP">
          <exception class="org.openqa.selenium.TimeoutException">
            <message>
              <![CDATA[Expected condition failed: waiting for visibility of element located by By.xpath: //*[text()='BIDDING CLOSES IN'] (tried for 30 second(s) with 500 milliseconds interval)
Build info: version: '4.18.1', revision: 'b1d3319b48'
System info: os.name: 'Windows 11', os.arch: 'amd64', os.version: '10.0', java.version: '20.0.1'
Driver info: org.openqa.selenium.chrome.ChromeDriver
Capabilities {acceptInsecureCerts: false, browserName: chrome, browserVersion: 125.0.6422.112, chrome: {chromedriverVersion: 125.0.6422.78 (14db42ec38ad..., userDataDir: C:\Users\ROHITV~1\AppData\L...}, fedcm:accounts: true, goog:chromeOptions: {debuggerAddress: localhost:52836}, networkConnectionEnabled: false, pageLoadStrategy: normal, platformName: windows, proxy: Proxy(), se:cdp: ws://localhost:52836/devtoo..., se:cdpVersion: 125.0.6422.112, setWindowRect: true, strictFileInteractability: false, timeouts: {implicit: 0, pageLoad: 300000, script: 30000}, unhandledPromptBehavior: dismiss and notify, webauthn:extension:credBlob: true, webauthn:extension:largeBlob: true, webauthn:extension:minPinLength: true, webauthn:extension:prf: true, webauthn:virtualAuthenticators: true}
Session ID: 3a5123b2dcbdca0fb2ffb612856ce126]]>
            </message>
            <full-stacktrace>
              <![CDATA[org.openqa.selenium.TimeoutException: Expected condition failed: waiting for visibility of element located by By.xpath: //*[text()='BIDDING CLOSES IN'] (tried for 30 second(s) with 500 milliseconds interval)
Build info: version: '4.18.1', revision: 'b1d3319b48'
System info: os.name: 'Windows 11', os.arch: 'amd64', os.version: '10.0', java.version: '20.0.1'
Driver info: org.openqa.selenium.chrome.ChromeDriver
Capabilities {acceptInsecureCerts: false, browserName: chrome, browserVersion: 125.0.6422.112, chrome: {chromedriverVersion: 125.0.6422.78 (14db42ec38ad..., userDataDir: C:\Users\ROHITV~1\AppData\L...}, fedcm:accounts: true, goog:chromeOptions: {debuggerAddress: localhost:52836}, networkConnectionEnabled: false, pageLoadStrategy: normal, platformName: windows, proxy: Proxy(), se:cdp: ws://localhost:52836/devtoo..., se:cdpVersion: 125.0.6422.112, setWindowRect: true, strictFileInteractability: false, timeouts: {implicit: 0, pageLoad: 300000, script: 30000}, unhandledPromptBehavior: dismiss and notify, webauthn:extension:credBlob: true, webauthn:extension:largeBlob: true, webauthn:extension:minPinLength: true, webauthn:extension:prf: true, webauthn:virtualAuthenticators: true}
Session ID: 3a5123b2dcbdca0fb2ffb612856ce126
at org.openqa.selenium.support.ui.WebDriverWait.timeoutException(WebDriverWait.java:84)
at org.openqa.selenium.support.ui.FluentWait.until(FluentWait.java:228)
at pageObjects.com_pomClassForJointAuctionTieBreaker.BiddingByARforTestData1_PE6(com_pomClassForJointAuctionTieBreaker.java:12743)
at prescribed_Event_Test.PrescribedEvent_A49.Placing_Bids_FirstEntity_A49(PrescribedEvent_A49.java:106)
at java.base/jdk.internal.reflect.DirectMethodHandleAccessor.invoke(DirectMethodHandleAccessor.java:104)
at java.base/java.lang.reflect.Method.invoke(Method.java:578)
at org.testng.internal.MethodInvocationHelper.invokeMethod(MethodInvocationHelper.java:132)
at org.testng.internal.TestInvoker.invokeMethod(TestInvoker.java:599)
at org.testng.internal.TestInvoker.retryFailed(TestInvoker.java:214)
at org.testng.internal.MethodRunner.runInSequence(MethodRunner.java:58)
at org.testng.internal.TestInvoker$MethodInvocationAgent.invoke(TestInvoker.java:822)
at org.testng.internal.TestInvoker.invokeTestMethods(TestInvoker.java:147)
at org.testng.internal.TestMethodWorker.invokeTestMethods(TestMethodWorker.java:146)
at org.testng.internal.TestMethodWorker.run(TestMethodWorker.java:128)
at java.base/java.util.ArrayList.forEach(ArrayList.java:1511)
at org.testng.TestRunner.privateRun(TestRunner.java:764)
at org.testng.TestRunner.run(TestRunner.java:585)
at org.testng.SuiteRunner.runTest(SuiteRunner.java:384)
at org.testng.SuiteRunner.runSequentially(SuiteRunner.java:378)
at org.testng.SuiteRunner.privateRun(SuiteRunner.java:337)
at org.testng.SuiteRunner.run(SuiteRunner.java:286)
at org.testng.SuiteRunnerWorker.runSuite(SuiteRunnerWorker.java:53)
at org.testng.SuiteRunnerWorker.run(SuiteRunnerWorker.java:96)
at org.testng.TestNG.runSuitesSequentially(TestNG.java:1218)
at org.testng.TestNG.runSuitesLocally(TestNG.java:1140)
at org.testng.TestNG.runSuites(TestNG.java:1069)
at org.testng.TestNG.run(TestNG.java:1037)
at org.testng.remote.AbstractRemoteTestNG.run(AbstractRemoteTestNG.java:115)
at org.testng.remote.RemoteTestNG.initAndRun(RemoteTestNG.java:251)
at org.testng.remote.RemoteTestNG.main(RemoteTestNG.java:77)
]]>
            </full-stacktrace>
          </exception> <!-- org.openqa.selenium.TimeoutException -->
          <reporter-output>
            <line>
              <![CDATA[Chrome launched]]>
            </line>
            <line>
              <![CDATA[Navigated to BaseUrl: https://www.qa-wci-auction.org]]>
            </line>
          </reporter-output>
        </test-method> <!-- Placing_Bids_FirstEntity_A49 -->
        <test-method signature="Placing_Bids_FirstEntity_A49()[pri:6, instance:prescribed_Event_Test.PrescribedEvent_A49@4dbb42b7]" started-at="2024-05-27T16:28:32 IST" name="Placing_Bids_FirstEntity_A49" finished-at="2024-05-27T16:29:57 IST" duration-ms="84689" status="PASS">
          <reporter-output>
            <line>
              <![CDATA[Chrome launched]]>
            </line>
            <line>
              <![CDATA[Navigated to BaseUrl: https://www.qa-wci-auction.org]]>
            </line>
          </reporter-output>
        </test-method> <!-- Placing_Bids_FirstEntity_A49 -->
        <test-method signature="Placing_Bids_SecondEntity_A49()[pri:7, instance:prescribed_Event_Test.PrescribedEvent_A49@4dbb42b7]" started-at="2024-05-27T16:29:57 IST" name="Placing_Bids_SecondEntity_A49" finished-at="2024-05-27T16:31:12 IST" duration-ms="75153" status="PASS">
          <reporter-output>
            <line>
              <![CDATA[Chrome launched]]>
            </line>
            <line>
              <![CDATA[Navigated to BaseUrl: https://www.qa-wci-auction.org]]>
            </line>
          </reporter-output>
        </test-method> <!-- Placing_Bids_SecondEntity_A49 -->
        <test-method signature="Placing_Bids_ThirdEntity_A49()[pri:8, instance:prescribed_Event_Test.PrescribedEvent_A49@4dbb42b7]" started-at="2024-05-27T16:31:13 IST" name="Placing_Bids_ThirdEntity_A49" finished-at="2024-05-27T16:32:31 IST" duration-ms="77370" status="PASS">
          <reporter-output>
            <line>
              <![CDATA[Chrome launched]]>
            </line>
            <line>
              <![CDATA[Navigated to BaseUrl: https://www.qa-wci-auction.org]]>
            </line>
          </reporter-output>
        </test-method> <!-- Placing_Bids_ThirdEntity_A49 -->
        <test-method signature="Placing_Bids_FourthEntity_A49()[pri:9, instance:prescribed_Event_Test.PrescribedEvent_A49@4dbb42b7]" started-at="2024-05-27T16:32:31 IST" name="Placing_Bids_FourthEntity_A49" finished-at="2024-05-27T16:33:47 IST" duration-ms="75824" status="PASS">
          <reporter-output>
            <line>
              <![CDATA[Chrome launched]]>
            </line>
            <line>
              <![CDATA[Navigated to BaseUrl: https://www.qa-wci-auction.org]]>
            </line>
          </reporter-output>
        </test-method> <!-- Placing_Bids_FourthEntity_A49 -->
        <test-method signature="Placing_Bids_FifthEntity_A49()[pri:10, instance:prescribed_Event_Test.PrescribedEvent_A49@4dbb42b7]" started-at="2024-05-27T16:33:48 IST" name="Placing_Bids_FifthEntity_A49" finished-at="2024-05-27T16:35:08 IST" duration-ms="79940" status="PASS">
          <reporter-output>
            <line>
              <![CDATA[Chrome launched]]>
            </line>
            <line>
              <![CDATA[Navigated to BaseUrl: https://www.qa-wci-auction.org]]>
            </line>
          </reporter-output>
        </test-method> <!-- Placing_Bids_FifthEntity_A49 -->
        <test-method signature="Closing_Bidding_Window()[pri:11, instance:prescribed_Event_Test.PrescribedEvent_A49@4dbb42b7]" started-at="2024-05-27T16:35:08 IST" name="Closing_Bidding_Window" finished-at="2024-05-27T16:36:23 IST" duration-ms="75030" status="PASS">
          <reporter-output>
            <line>
              <![CDATA[Chrome launched]]>
            </line>
            <line>
              <![CDATA[Navigated to BaseUrl: https://www.qa-wci-auction.org]]>
            </line>
          </reporter-output>
        </test-method> <!-- Closing_Bidding_Window -->
        <test-method signature="Approval_By_QuebecSponsor_For_Edit_BiddingWindow_CloseTime()[pri:12, instance:prescribed_Event_Test.PrescribedEvent_A49@4dbb42b7]" started-at="2024-05-27T16:36:24 IST" name="Approval_By_QuebecSponsor_For_Edit_BiddingWindow_CloseTime" finished-at="2024-05-27T16:37:21 IST" duration-ms="56410" status="PASS">
          <reporter-output>
            <line>
              <![CDATA[Chrome launched]]>
            </line>
            <line>
              <![CDATA[Navigated to BaseUrl: https://www.qa-wci-auction.org]]>
            </line>
          </reporter-output>
        </test-method> <!-- Approval_By_QuebecSponsor_For_Edit_BiddingWindow_CloseTime -->
        <test-method signature="Run_Algorithm_California()[pri:13, instance:prescribed_Event_Test.PrescribedEvent_A49@4dbb42b7]" started-at="2024-05-27T16:37:21 IST" name="Run_Algorithm_California" finished-at="2024-05-27T16:38:01 IST" duration-ms="39868" status="PASS">
          <reporter-output>
            <line>
              <![CDATA[Chrome launched]]>
            </line>
            <line>
              <![CDATA[Navigated to BaseUrl: https://www.qa-wci-auction.org]]>
            </line>
          </reporter-output>
        </test-method> <!-- Run_Algorithm_California -->
        <test-method signature="Run_Algorithm_Quebec()[pri:14, instance:prescribed_Event_Test.PrescribedEvent_A49@4dbb42b7]" started-at="2024-05-27T16:38:02 IST" name="Run_Algorithm_Quebec" finished-at="2024-05-27T16:39:08 IST" duration-ms="65600" status="PASS">
          <reporter-output>
            <line>
              <![CDATA[Chrome launched]]>
            </line>
            <line>
              <![CDATA[Navigated to BaseUrl: https://www.qa-wci-auction.org]]>
            </line>
          </reporter-output>
        </test-method> <!-- Run_Algorithm_Quebec -->
        <test-method signature="EventCertification_California()[pri:15, instance:prescribed_Event_Test.PrescribedEvent_A49@4dbb42b7]" started-at="2024-05-27T16:39:08 IST" name="EventCertification_California" finished-at="2024-05-27T16:39:45 IST" duration-ms="36736" status="PASS">
          <reporter-output>
            <line>
              <![CDATA[Chrome launched]]>
            </line>
            <line>
              <![CDATA[Navigated to BaseUrl: https://www.qa-wci-auction.org]]>
            </line>
          </reporter-output>
        </test-method> <!-- EventCertification_California -->
        <test-method signature="EventCertification_DualApproval_Quebec()[pri:16, instance:prescribed_Event_Test.PrescribedEvent_A49@4dbb42b7]" started-at="2024-05-27T16:39:46 IST" name="EventCertification_DualApproval_Quebec" finished-at="2024-05-27T16:40:46 IST" duration-ms="60869" status="PASS">
          <reporter-output>
            <line>
              <![CDATA[Chrome launched]]>
            </line>
            <line>
              <![CDATA[Navigated to BaseUrl: https://www.qa-wci-auction.org]]>
            </line>
          </reporter-output>
        </test-method> <!-- EventCertification_DualApproval_Quebec -->
      </class> <!-- prescribed_Event_Test.PrescribedEvent_A49 -->
    </test> <!-- Test -->
  </suite> <!-- Suite -->
</testng-results>
