<?xml version="1.0" encoding="UTF-8"?>
<!-- Generated by org.testng.reporters.JUnitReportReporter -->
<testsuite hostname="EQANIM06" failures="0" tests="71" name="testClasses.Test_ReportWashingtonReserveSale" time="6651.560" errors="1" timestamp="2024-04-16T05:16:51 IST" skipped="5">
  <testcase classname="testClasses.Test_ReportWashingtonReserveSale" name="verifyCreateReserveSaleEventFunctionalityForCalifornia" time="60.823"/>
  <system-out>
Chrome launched Navigated to BaseUrl: https://www.qa-wci-auction.org  </system-out>
  <testcase classname="testClasses.Test_ReportWashingtonReserveSale" name="secondapproval" time="37.309"/>
  <system-out>
Chrome launched Navigated to BaseUrl: https://www.qa-wci-auction.org  </system-out>
  <testcase classname="testClasses.Test_ReportWashingtonReserveSale" name="executeApi" time="52.906"/>
  <system-out>
Chrome launched Navigated to BaseUrl: https://www.qa-wci-auction.org  </system-out>
  <testcase classname="testClasses.Test_ReportWashingtonReserveSale" name="raisebidforFirstEntity" time="79.391"/>
  <system-out>
Chrome launched Navigated to BaseUrl: https://www.qa-wci-auction.org  </system-out>
  <testcase classname="testClasses.Test_ReportWashingtonReserveSale" name="raisebidforFirstEntity" time="123.151">
    <skipped/>
  </testcase> <!-- raisebidforFirstEntity -->
  <system-out>
Chrome launched Navigated to BaseUrl: https://www.qa-wci-auction.org  </system-out>
  <testcase classname="testClasses.Test_ReportWashingtonReserveSale" name="raisebidforSecondEntity" time="69.905"/>
  <system-out>
Chrome launched Navigated to BaseUrl: https://www.qa-wci-auction.org  </system-out>
  <testcase classname="testClasses.Test_ReportWashingtonReserveSale" name="raisebidforThirdEntity" time="70.686"/>
  <system-out>
Chrome launched Navigated to BaseUrl: https://www.qa-wci-auction.org  </system-out>
  <testcase classname="testClasses.Test_ReportWashingtonReserveSale" name="raisebidforFourthEntity" time="70.413"/>
  <system-out>
Chrome launched Navigated to BaseUrl: https://www.qa-wci-auction.org  </system-out>
  <testcase classname="testClasses.Test_ReportWashingtonReserveSale" name="raisebidforFifthEntity" time="71.563"/>
  <system-out>
Chrome launched Navigated to BaseUrl: https://www.qa-wci-auction.org  </system-out>
  <testcase classname="testClasses.Test_ReportWashingtonReserveSale" name="closeBiddingWindowRS" time="91.250"/>
  <system-out>
Chrome launched Navigated to BaseUrl: https://www.qa-wci-auction.org  </system-out>
  <testcase classname="testClasses.Test_ReportWashingtonReserveSale" name="closeBiddingWindowRS_approval2" time="34.013"/>
  <system-out>
Chrome launched Navigated to BaseUrl: https://www.qa-wci-auction.org  </system-out>
  <testcase classname="testClasses.Test_ReportWashingtonReserveSale" name="runAlgorithm" time="35.466"/>
  <system-out>
Chrome launched Navigated to BaseUrl: https://www.qa-wci-auction.org  </system-out>
  <testcase classname="testClasses.Test_ReportWashingtonReserveSale" name="runAlgorithm" time="26.909">
    <skipped/>
  </testcase> <!-- runAlgorithm -->
  <system-out>
Chrome launched Navigated to BaseUrl: https://www.qa-wci-auction.org  </system-out>
  <testcase classname="testClasses.Test_ReportWashingtonReserveSale" name="runAlgorithm2" time="37.138"/>
  <system-out>
Chrome launched Navigated to BaseUrl: https://www.qa-wci-auction.org  </system-out>
  <testcase classname="testClasses.Test_ReportWashingtonReserveSale" name="downloadResultReportandValidations" time="56.844"/>
  <system-out>
Chrome launched Navigated to BaseUrl: https://www.qa-wci-auction.org  </system-out>
  <testcase classname="testClasses.Test_ReportWashingtonReserveSale" name="eventCertification" time="38.997"/>
  <system-out>
Chrome launched Navigated to BaseUrl: https://www.qa-wci-auction.org  </system-out>
  <testcase classname="testClasses.Test_ReportWashingtonReserveSale" name="eventCertificationBySecondSponsor" time="44.446"/>
  <system-out>
Chrome launched Navigated to BaseUrl: https://www.qa-wci-auction.org  </system-out>
  <testcase classname="testClasses.Test_ReportWashingtonReserveSale" name="MMaccesstheBidsAuditReport" time="121.371"/>
  <system-out>
Chrome launched Navigated to BaseUrl: https://www.qa-wci-auction.org  </system-out>
  <testcase classname="testClasses.Test_ReportWashingtonReserveSale" name="MMaccesstheBidsAuditReport" time="128.388"/>
  <system-out>
Chrome launched Navigated to BaseUrl: https://www.qa-wci-auction.org  </system-out>
  <testcase classname="testClasses.Test_ReportWashingtonReserveSale" name="MMaccesstheBidsAuditReport" time="121.899"/>
  <system-out>
Chrome launched Navigated to BaseUrl: https://www.qa-wci-auction.org  </system-out>
  <testcase classname="testClasses.Test_ReportWashingtonReserveSale" name="sponsoraccesstheClientBidsAuditReport" time="156.300"/>
  <system-out>
Chrome launched Navigated to BaseUrl: https://www.qa-wci-auction.org  </system-out>
  <testcase classname="testClasses.Test_ReportWashingtonReserveSale" name="sponsoraccesstheClientBidsAuditReport" time="155.945"/>
  <system-out>
Chrome launched Navigated to BaseUrl: https://www.qa-wci-auction.org  </system-out>
  <testcase classname="testClasses.Test_ReportWashingtonReserveSale" name="sponsoraccesstheClientBidsAuditReport" time="158.832"/>
  <system-out>
Chrome launched Navigated to BaseUrl: https://www.qa-wci-auction.org  </system-out>
  <testcase classname="testClasses.Test_ReportWashingtonReserveSale" name="sponsorMMaccesstheBidsReport" time="115.721"/>
  <system-out>
Chrome launched Navigated to BaseUrl: https://www.qa-wci-auction.org  </system-out>
  <testcase classname="testClasses.Test_ReportWashingtonReserveSale" name="sponsorMMaccesstheBidsReport" time="115.783"/>
  <system-out>
Chrome launched Navigated to BaseUrl: https://www.qa-wci-auction.org  </system-out>
  <testcase classname="testClasses.Test_ReportWashingtonReserveSale" name="sponsorMMaccesstheBidsReport" time="118.539"/>
  <system-out>
Chrome launched Navigated to BaseUrl: https://www.qa-wci-auction.org  </system-out>
  <testcase classname="testClasses.Test_ReportWashingtonReserveSale" name="sponsorMMaccesstheBidsReport" time="116.344"/>
  <system-out>
Chrome launched Navigated to BaseUrl: https://www.qa-wci-auction.org  </system-out>
  <testcase classname="testClasses.Test_ReportWashingtonReserveSale" name="sponsorMMaccesstheBidsReport" time="114.085"/>
  <system-out>
Chrome launched Navigated to BaseUrl: https://www.qa-wci-auction.org  </system-out>
  <testcase classname="testClasses.Test_ReportWashingtonReserveSale" name="sponsorMMaccesstheQualifiedBiddersReport" time="75.719"/>
  <system-out>
Chrome launched Navigated to BaseUrl: https://www.qa-wci-auction.org  </system-out>
  <testcase classname="testClasses.Test_ReportWashingtonReserveSale" name="sponsorMMaccesstheQualifiedBiddersReport" time="75.272"/>
  <system-out>
Chrome launched Navigated to BaseUrl: https://www.qa-wci-auction.org  </system-out>
  <testcase classname="testClasses.Test_ReportWashingtonReserveSale" name="sponsorMMaccesstheQualifiedBiddersReport" time="75.491"/>
  <system-out>
Chrome launched Navigated to BaseUrl: https://www.qa-wci-auction.org  </system-out>
  <testcase classname="testClasses.Test_ReportWashingtonReserveSale" name="sponsorMMaccesstheQualifiedBiddersReport" time="77.347"/>
  <system-out>
Chrome launched Navigated to BaseUrl: https://www.qa-wci-auction.org  </system-out>
  <testcase classname="testClasses.Test_ReportWashingtonReserveSale" name="sponsorMMaccesstheQualifiedBiddersReport" time="76.124"/>
  <system-out>
Chrome launched Navigated to BaseUrl: https://www.qa-wci-auction.org  </system-out>
  <testcase classname="testClasses.Test_ReportWashingtonReserveSale" name="sponsorMMaccesstheQualifiedBiddersReport" time="75.801"/>
  <system-out>
Chrome launched Navigated to BaseUrl: https://www.qa-wci-auction.org  </system-out>
  <testcase classname="testClasses.Test_ReportWashingtonReserveSale" name="SponsoraccesstheFinancialSettlementReport" time="60.017"/>
  <system-out>
Chrome launched Navigated to BaseUrl: https://www.qa-wci-auction.org  </system-out>
  <testcase classname="testClasses.Test_ReportWashingtonReserveSale" name="SponsoraccesstheFinancialSettlementReport" time="55.650"/>
  <system-out>
Chrome launched Navigated to BaseUrl: https://www.qa-wci-auction.org  </system-out>
  <testcase classname="testClasses.Test_ReportWashingtonReserveSale" name="SponsoraccesstheFinancialSettlementReport" time="55.208"/>
  <system-out>
Chrome launched Navigated to BaseUrl: https://www.qa-wci-auction.org  </system-out>
  <testcase classname="testClasses.Test_ReportWashingtonReserveSale" name="SponsoraccesstheFinancialSettlementReport" time="55.640"/>
  <system-out>
Chrome launched Navigated to BaseUrl: https://www.qa-wci-auction.org  </system-out>
  <testcase classname="testClasses.Test_ReportWashingtonReserveSale" name="SponsoraccesstheFinancialSettlementReport" time="54.588"/>
  <system-out>
Chrome launched Navigated to BaseUrl: https://www.qa-wci-auction.org  </system-out>
  <testcase classname="testClasses.Test_ReportWashingtonReserveSale" name="FSAaccesstheFinancialSettlementReport" time="122.558"/>
  <system-out>
Chrome launched Navigated to BaseUrl: https://www.qa-wci-auction.org  </system-out>
  <testcase classname="testClasses.Test_ReportWashingtonReserveSale" name="FSAaccesstheFinancialSettlementReport" time="123.100"/>
  <system-out>
Chrome launched Navigated to BaseUrl: https://www.qa-wci-auction.org  </system-out>
  <testcase classname="testClasses.Test_ReportWashingtonReserveSale" name="FSAaccesstheFinancialSettlementReport" time="122.768"/>
  <system-out>
Chrome launched Navigated to BaseUrl: https://www.qa-wci-auction.org  </system-out>
  <testcase classname="testClasses.Test_ReportWashingtonReserveSale" name="FSAaccesstheFinancialSettlementReport" time="82.463">
    <error message="no such element: Unable to locate element: {&quot;method&quot;:&quot;xpath&quot;,&quot;selector&quot;:&quot;//*[@aria-label=&#039;Event Name&#039;]&quot;}
  (Session info: chrome=123.0.6312.107)
For documentation on this error, please visit: https://www.selenium.dev/documentation/webdriver/troubleshooting/errors#no-such-element-exception
Build info: version: &#039;4.18.1&#039;, revision: &#039;b1d3319b48&#039;
System info: os.name: &#039;Windows 11&#039;, os.arch: &#039;amd64&#039;, os.version: &#039;10.0&#039;, java.version: &#039;17.0.7&#039;
Driver info: org.openqa.selenium.chrome.ChromeDriver
Command: [1cf241cc226a26db5bcdb5b7f99e48ff, findElement {using=xpath, value=//*[@aria-label=&#039;Event Name&#039;]}]
Capabilities {acceptInsecureCerts: false, browserName: chrome, browserVersion: 123.0.6312.107, chrome: {chromedriverVersion: 123.0.6312.122 (31f8248cdd9..., userDataDir: C:\Users\ROHIDA~1\AppData\L...}, fedcm:accounts: true, goog:chromeOptions: {debuggerAddress: localhost:54423}, networkConnectionEnabled: false, pageLoadStrategy: normal, platformName: windows, proxy: Proxy(), se:cdp: ws://localhost:54423/devtoo..., se:cdpVersion: 123.0.6312.107, setWindowRect: true, strictFileInteractability: false, timeouts: {implicit: 0, pageLoad: 300000, script: 30000}, unhandledPromptBehavior: dismiss and notify, webauthn:extension:credBlob: true, webauthn:extension:largeBlob: true, webauthn:extension:minPinLength: true, webauthn:extension:prf: true, webauthn:virtualAuthenticators: true}
Session ID: 1cf241cc226a26db5bcdb5b7f99e48ff" type="org.openqa.selenium.NoSuchElementException">
      <![CDATA[org.openqa.selenium.NoSuchElementException: no such element: Unable to locate element: {"method":"xpath","selector":"//*[@aria-label='Event Name']"}
  (Session info: chrome=123.0.6312.107)
For documentation on this error, please visit: https://www.selenium.dev/documentation/webdriver/troubleshooting/errors#no-such-element-exception
Build info: version: '4.18.1', revision: 'b1d3319b48'
System info: os.name: 'Windows 11', os.arch: 'amd64', os.version: '10.0', java.version: '17.0.7'
Driver info: org.openqa.selenium.chrome.ChromeDriver
Command: [1cf241cc226a26db5bcdb5b7f99e48ff, findElement {using=xpath, value=//*[@aria-label='Event Name']}]
Capabilities {acceptInsecureCerts: false, browserName: chrome, browserVersion: 123.0.6312.107, chrome: {chromedriverVersion: 123.0.6312.122 (31f8248cdd9..., userDataDir: C:\Users\ROHIDA~1\AppData\L...}, fedcm:accounts: true, goog:chromeOptions: {debuggerAddress: localhost:54423}, networkConnectionEnabled: false, pageLoadStrategy: normal, platformName: windows, proxy: Proxy(), se:cdp: ws://localhost:54423/devtoo..., se:cdpVersion: 123.0.6312.107, setWindowRect: true, strictFileInteractability: false, timeouts: {implicit: 0, pageLoad: 300000, script: 30000}, unhandledPromptBehavior: dismiss and notify, webauthn:extension:credBlob: true, webauthn:extension:largeBlob: true, webauthn:extension:minPinLength: true, webauthn:extension:prf: true, webauthn:virtualAuthenticators: true}
Session ID: 1cf241cc226a26db5bcdb5b7f99e48ff
at jdk.internal.reflect.GeneratedConstructorAccessor22.newInstance(Unknown Source)
at java.base/jdk.internal.reflect.DelegatingConstructorAccessorImpl.newInstance(DelegatingConstructorAccessorImpl.java:45)
at java.base/java.lang.reflect.Constructor.newInstanceWithCaller(Constructor.java:499)
at java.base/java.lang.reflect.Constructor.newInstance(Constructor.java:480)
at org.openqa.selenium.remote.ErrorCodec.decode(ErrorCodec.java:167)
at org.openqa.selenium.remote.codec.w3c.W3CHttpResponseCodec.decode(W3CHttpResponseCodec.java:138)
at org.openqa.selenium.remote.codec.w3c.W3CHttpResponseCodec.decode(W3CHttpResponseCodec.java:50)
at org.openqa.selenium.remote.HttpCommandExecutor.execute(HttpCommandExecutor.java:190)
at org.openqa.selenium.remote.service.DriverCommandExecutor.invokeExecute(DriverCommandExecutor.java:216)
at org.openqa.selenium.remote.service.DriverCommandExecutor.execute(DriverCommandExecutor.java:174)
at org.openqa.selenium.remote.RemoteWebDriver.execute(RemoteWebDriver.java:519)
at org.openqa.selenium.remote.ElementLocation$ElementFinder$2.findElement(ElementLocation.java:165)
at org.openqa.selenium.remote.ElementLocation.findElement(ElementLocation.java:59)
at org.openqa.selenium.remote.RemoteWebDriver.findElement(RemoteWebDriver.java:356)
at org.openqa.selenium.remote.RemoteWebDriver.findElement(RemoteWebDriver.java:350)
at org.openqa.selenium.support.pagefactory.DefaultElementLocator.findElement(DefaultElementLocator.java:68)
at org.openqa.selenium.support.pagefactory.internal.LocatingElementHandler.invoke(LocatingElementHandler.java:38)
at jdk.proxy2/jdk.proxy2.$Proxy14.sendKeys(Unknown Source)
at pageObjects.Reports_POM.searchReportsByEventNameForReserveSaleWashingtonFSA(Reports_POM.java:527)
at pageObjects.POM_Reports.FSAaccesstheFinancialSettlementReportRS_WA(POM_Reports.java:6036)
at testClasses.Test_ReportWashingtonReserveSale.FSAaccesstheFinancialSettlementReport(Test_ReportWashingtonReserveSale.java:423)
at java.base/jdk.internal.reflect.NativeMethodAccessorImpl.invoke0(Native Method)
at java.base/jdk.internal.reflect.NativeMethodAccessorImpl.invoke(NativeMethodAccessorImpl.java:77)
at java.base/jdk.internal.reflect.DelegatingMethodAccessorImpl.invoke(DelegatingMethodAccessorImpl.java:43)
at java.base/java.lang.reflect.Method.invoke(Method.java:568)
at org.testng.internal.MethodInvocationHelper.invokeMethod(MethodInvocationHelper.java:132)
at org.testng.internal.TestInvoker.invokeMethod(TestInvoker.java:599)
at org.testng.internal.TestInvoker.retryFailed(TestInvoker.java:214)
at org.testng.internal.MethodRunner.runInSequence(MethodRunner.java:58)
at org.testng.internal.TestInvoker$MethodInvocationAgent.invoke(TestInvoker.java:822)
at org.testng.internal.TestInvoker.invokeTestMethods(TestInvoker.java:147)
at org.testng.internal.TestMethodWorker.invokeTestMethods(TestMethodWorker.java:146)
at org.testng.internal.TestMethodWorker.run(TestMethodWorker.java:128)
at java.base/java.util.ArrayList.forEach(ArrayList.java:1511)
at org.testng.TestRunner.privateRun(TestRunner.java:764)
at org.testng.TestRunner.run(TestRunner.java:585)
at org.testng.SuiteRunner.runTest(SuiteRunner.java:384)
at org.testng.SuiteRunner.runSequentially(SuiteRunner.java:378)
at org.testng.SuiteRunner.privateRun(SuiteRunner.java:337)
at org.testng.SuiteRunner.run(SuiteRunner.java:286)
at org.testng.SuiteRunnerWorker.runSuite(SuiteRunnerWorker.java:53)
at org.testng.SuiteRunnerWorker.run(SuiteRunnerWorker.java:96)
at org.testng.TestNG.runSuitesSequentially(TestNG.java:1218)
at org.testng.TestNG.runSuitesLocally(TestNG.java:1140)
at org.testng.TestNG.runSuites(TestNG.java:1069)
at org.testng.TestNG.run(TestNG.java:1037)
at org.testng.remote.AbstractRemoteTestNG.run(AbstractRemoteTestNG.java:115)
at org.testng.remote.RemoteTestNG.initAndRun(RemoteTestNG.java:251)
at org.testng.remote.RemoteTestNG.main(RemoteTestNG.java:77)
]]>
    </error>
  </testcase> <!-- FSAaccesstheFinancialSettlementReport -->
  <system-out>
Chrome launched Navigated to BaseUrl: https://www.qa-wci-auction.org  </system-out>
  <testcase classname="testClasses.Test_ReportWashingtonReserveSale" name="FSAaccesstheFinancialSettlementReport" time="79.737">
    <skipped/>
  </testcase> <!-- FSAaccesstheFinancialSettlementReport -->
  <system-out>
Chrome launched Navigated to BaseUrl: https://www.qa-wci-auction.org  </system-out>
  <testcase classname="testClasses.Test_ReportWashingtonReserveSale" name="FSAaccesstheFinancialSettlementReport" time="84.241">
    <skipped/>
  </testcase> <!-- FSAaccesstheFinancialSettlementReport -->
  <system-out>
Chrome launched Navigated to BaseUrl: https://www.qa-wci-auction.org  </system-out>
  <testcase classname="testClasses.Test_ReportWashingtonReserveSale" name="FSAaccesstheFinancialSettlementReport" time="124.447"/>
  <system-out>
Chrome launched Navigated to BaseUrl: https://www.qa-wci-auction.org  </system-out>
  <testcase classname="testClasses.Test_ReportWashingtonReserveSale" name="FSAaccesstheFinancialSettlementReport" time="83.041">
    <skipped/>
  </testcase> <!-- FSAaccesstheFinancialSettlementReport -->
  <system-out>
Chrome launched Navigated to BaseUrl: https://www.qa-wci-auction.org  </system-out>
  <testcase classname="testClasses.Test_ReportWashingtonReserveSale" name="SponsorMMaccesstheResultsReport" time="123.704"/>
  <system-out>
Chrome launched Navigated to BaseUrl: https://www.qa-wci-auction.org  </system-out>
  <testcase classname="testClasses.Test_ReportWashingtonReserveSale" name="SponsorMMaccesstheResultsReport" time="126.141"/>
  <system-out>
Chrome launched Navigated to BaseUrl: https://www.qa-wci-auction.org  </system-out>
  <testcase classname="testClasses.Test_ReportWashingtonReserveSale" name="SponsorMMaccesstheResultsReport" time="122.085"/>
  <system-out>
Chrome launched Navigated to BaseUrl: https://www.qa-wci-auction.org  </system-out>
  <testcase classname="testClasses.Test_ReportWashingtonReserveSale" name="SponsorMMaccesstheResultsReport" time="121.589"/>
  <system-out>
Chrome launched Navigated to BaseUrl: https://www.qa-wci-auction.org  </system-out>
  <testcase classname="testClasses.Test_ReportWashingtonReserveSale" name="SponsorMMaccesstheResultsReport" time="125.187"/>
  <system-out>
Chrome launched Navigated to BaseUrl: https://www.qa-wci-auction.org  </system-out>
  <testcase classname="testClasses.Test_ReportWashingtonReserveSale" name="SponsoraccesstheAllowanceDeliveryReport" time="57.251"/>
  <system-out>
Chrome launched Navigated to BaseUrl: https://www.qa-wci-auction.org  </system-out>
  <testcase classname="testClasses.Test_ReportWashingtonReserveSale" name="SponsoraccesstheAllowanceDeliveryReport" time="55.540"/>
  <system-out>
Chrome launched Navigated to BaseUrl: https://www.qa-wci-auction.org  </system-out>
  <testcase classname="testClasses.Test_ReportWashingtonReserveSale" name="SponsoraccesstheAllowanceDeliveryReport" time="58.636"/>
  <system-out>
Chrome launched Navigated to BaseUrl: https://www.qa-wci-auction.org  </system-out>
  <testcase classname="testClasses.Test_ReportWashingtonReserveSale" name="SponsoraccesstheAllowanceDeliveryReport" time="56.971"/>
  <system-out>
Chrome launched Navigated to BaseUrl: https://www.qa-wci-auction.org  </system-out>
  <testcase classname="testClasses.Test_ReportWashingtonReserveSale" name="SponsoraccesstheAllowanceDeliveryReport" time="55.247"/>
  <system-out>
Chrome launched Navigated to BaseUrl: https://www.qa-wci-auction.org  </system-out>
  <testcase classname="testClasses.Test_ReportWashingtonReserveSale" name="SponsoraccesstheAllowanceDeliveryReport" time="56.014"/>
  <system-out>
Chrome launched Navigated to BaseUrl: https://www.qa-wci-auction.org  </system-out>
  <testcase classname="testClasses.Test_ReportWashingtonReserveSale" name="SponsoraccesstheAllowanceDeliveryReport" time="56.893"/>
  <system-out>
Chrome launched Navigated to BaseUrl: https://www.qa-wci-auction.org  </system-out>
  <testcase classname="testClasses.Test_ReportWashingtonReserveSale" name="sponsoraccesstheClientBidsReport" time="148.312"/>
  <system-out>
Chrome launched Navigated to BaseUrl: https://www.qa-wci-auction.org  </system-out>
  <testcase classname="testClasses.Test_ReportWashingtonReserveSale" name="sponsoraccesstheClientBidsReport" time="150.055"/>
  <system-out>
Chrome launched Navigated to BaseUrl: https://www.qa-wci-auction.org  </system-out>
  <testcase classname="testClasses.Test_ReportWashingtonReserveSale" name="sponsoraccesstheClientBidsReport" time="147.293"/>
  <system-out>
Chrome launched Navigated to BaseUrl: https://www.qa-wci-auction.org  </system-out>
  <testcase classname="testClasses.Test_ReportWashingtonReserveSale" name="SponsoraccesstheFinancialStatementReport" time="191.346"/>
  <system-out>
Chrome launched Navigated to BaseUrl: https://www.qa-wci-auction.org  </system-out>
  <testcase classname="testClasses.Test_ReportWashingtonReserveSale" name="SponsoraccesstheFinancialStatementReport" time="194.080"/>
  <system-out>
Chrome launched Navigated to BaseUrl: https://www.qa-wci-auction.org  </system-out>
  <testcase classname="testClasses.Test_ReportWashingtonReserveSale" name="SponsoraccesstheFinancialStatementReport" time="192.178"/>
  <system-out>
Chrome launched Navigated to BaseUrl: https://www.qa-wci-auction.org  </system-out>
  <testcase classname="testClasses.Test_ReportWashingtonReserveSale" name="SponsoraccesstheFinancialStatementReport" time="191.428"/>
  <system-out>
Chrome launched Navigated to BaseUrl: https://www.qa-wci-auction.org  </system-out>
  <testcase classname="testClasses.Test_ReportWashingtonReserveSale" name="SponsoraccesstheFinancialStatementReport" time="193.456"/>
  <system-out>
Chrome launched Navigated to BaseUrl: https://www.qa-wci-auction.org  </system-out>
  <testcase classname="testClasses.Test_ReportWashingtonReserveSale" name="sponsoraccesstheQualifiedBiddersReport" time="77.664"/>
  <system-out>
Chrome launched Navigated to BaseUrl: https://www.qa-wci-auction.org  </system-out>
  <testcase classname="testClasses.Test_ReportWashingtonReserveSale" name="SponsoraccessPostEventOperationsReport" time="56.047"/>
  <system-out>
Chrome launched Navigated to BaseUrl: https://www.qa-wci-auction.org  </system-out>
  <testcase classname="testClasses.Test_ReportWashingtonReserveSale" name="SponsoraccesstheAllowanceDeliveryReportvalidate" time="55.338"/>
  <system-out>
Chrome launched Navigated to BaseUrl: https://www.qa-wci-auction.org  </system-out>
  <testcase classname="testClasses.Test_ReportWashingtonReserveSale" name="SponsorraccesstheAllowanceDeliveryReportvalidate" time="55.476"/>
  <system-out>
Chrome launched Navigated to BaseUrl: https://www.qa-wci-auction.org  </system-out>
</testsuite> <!-- testClasses.Test_ReportWashingtonReserveSale -->
